<?xml version="1.0" encoding="UTF-8"?>
<testsuite xmlns:xsi="http://www.w3.org/2001/XMLSchema-instance" xsi:noNamespaceSchemaLocation="https://maven.apache.org/surefire/maven-surefire-plugin/xsd/surefire-test-report-3.0.xsd" version="3.0" name="persistence.FirebaseNotesDAOTest" time="2.149" tests="2" errors="0" skipped="0" failures="0">
  <properties>
    <property name="java.specification.version" value="17"/>
    <property name="sun.jnu.encoding" value="UTF-8"/>
    <property name="java.class.path" value="/home/maverick/Scrivania/Uni/Esami da fare/ISPW/audio-transcriptor/target/test-classes:/home/maverick/Scrivania/Uni/Esami da fare/ISPW/audio-transcriptor/target/classes:/home/maverick/.m2/repository/org/openjfx/javafx-controls/20/javafx-controls-20.jar:/home/maverick/.m2/repository/org/openjfx/javafx-controls/20/javafx-controls-20-linux.jar:/home/maverick/.m2/repository/org/openjfx/javafx-graphics/20/javafx-graphics-20.jar:/home/maverick/.m2/repository/org/openjfx/javafx-graphics/20/javafx-graphics-20-linux.jar:/home/maverick/.m2/repository/org/openjfx/javafx-base/20/javafx-base-20.jar:/home/maverick/.m2/repository/org/openjfx/javafx-base/20/javafx-base-20-linux.jar:/home/maverick/.m2/repository/org/openjfx/javafx-fxml/20/javafx-fxml-20.jar:/home/maverick/.m2/repository/org/openjfx/javafx-fxml/20/javafx-fxml-20-linux.jar:/home/maverick/.m2/repository/com/alphacephei/vosk/0.3.45/vosk-0.3.45.jar:/home/maverick/.m2/repository/net/java/dev/jna/jna/5.7.0/jna-5.7.0.jar:/home/maverick/.m2/repository/javazoom/jlayer/1.0.1/jlayer-1.0.1.jar:/home/maverick/.m2/repository/com/google/code/gson/gson/2.10.1/gson-2.10.1.jar:/home/maverick/.m2/repository/org/json/json/20210307/json-20210307.jar:/home/maverick/.m2/repository/com/google/firebase/firebase-admin/9.2.0/firebase-admin-9.2.0.jar:/home/maverick/.m2/repository/com/google/api-client/google-api-client-gson/2.2.0/google-api-client-gson-2.2.0.jar:/home/maverick/.m2/repository/com/google/http-client/google-http-client/1.43.1/google-http-client-1.43.1.jar:/home/maverick/.m2/repository/com/google/j2objc/j2objc-annotations/1.3/j2objc-annotations-1.3.jar:/home/maverick/.m2/repository/io/opencensus/opencensus-api/0.31.1/opencensus-api-0.31.1.jar:/home/maverick/.m2/repository/io/opencensus/opencensus-contrib-http-util/0.31.1/opencensus-contrib-http-util-0.31.1.jar:/home/maverick/.m2/repository/com/google/api/api-common/2.12.0/api-common-2.12.0.jar:/home/maverick/.m2/repository/javax/annotation/javax.annotation-api/1.3.2/javax.annotation-api-1.3.2.jar:/home/maverick/.m2/repository/com/google/cloud/google-cloud-storage/2.22.4/google-cloud-storage-2.22.4.jar:/home/maverick/.m2/repository/com/google/guava/failureaccess/1.0.1/failureaccess-1.0.1.jar:/home/maverick/.m2/repository/com/google/guava/listenablefuture/9999.0-empty-to-avoid-conflict-with-guava/listenablefuture-9999.0-empty-to-avoid-conflict-with-guava.jar:/home/maverick/.m2/repository/com/google/http-client/google-http-client-jackson2/1.43.1/google-http-client-jackson2-1.43.1.jar:/home/maverick/.m2/repository/com/google/apis/google-api-services-storage/v1-rev20230301-2.0.0/google-api-services-storage-v1-rev20230301-2.0.0.jar:/home/maverick/.m2/repository/com/google/cloud/google-cloud-core/2.19.0/google-cloud-core-2.19.0.jar:/home/maverick/.m2/repository/com/google/cloud/google-cloud-core-http/2.19.0/google-cloud-core-http-2.19.0.jar:/home/maverick/.m2/repository/com/google/http-client/google-http-client-appengine/1.43.1/google-http-client-appengine-1.43.1.jar:/home/maverick/.m2/repository/com/google/api/gax-httpjson/0.114.0/gax-httpjson-0.114.0.jar:/home/maverick/.m2/repository/com/google/cloud/google-cloud-core-grpc/2.19.0/google-cloud-core-grpc-2.19.0.jar:/home/maverick/.m2/repository/com/google/api/gax/2.29.0/gax-2.29.0.jar:/home/maverick/.m2/repository/com/google/api/gax-grpc/2.29.0/gax-grpc-2.29.0.jar:/home/maverick/.m2/repository/io/grpc/grpc-alts/1.55.1/grpc-alts-1.55.1.jar:/home/maverick/.m2/repository/io/grpc/grpc-grpclb/1.55.1/grpc-grpclb-1.55.1.jar:/home/maverick/.m2/repository/org/conscrypt/conscrypt-openjdk-uber/2.5.2/conscrypt-openjdk-uber-2.5.2.jar:/home/maverick/.m2/repository/io/grpc/grpc-auth/1.55.1/grpc-auth-1.55.1.jar:/home/maverick/.m2/repository/io/grpc/grpc-protobuf/1.55.1/grpc-protobuf-1.55.1.jar:/home/maverick/.m2/repository/io/grpc/grpc-protobuf-lite/1.55.1/grpc-protobuf-lite-1.55.1.jar:/home/maverick/.m2/repository/io/grpc/grpc-context/1.55.1/grpc-context-1.55.1.jar:/home/maverick/.m2/repository/com/google/api/grpc/proto-google-iam-v1/1.15.0/proto-google-iam-v1-1.15.0.jar:/home/maverick/.m2/repository/com/google/protobuf/protobuf-java/3.23.2/protobuf-java-3.23.2.jar:/home/maverick/.m2/repository/com/google/protobuf/protobuf-java-util/3.23.2/protobuf-java-util-3.23.2.jar:/home/maverick/.m2/repository/com/google/api/grpc/proto-google-common-protos/2.20.0/proto-google-common-protos-2.20.0.jar:/home/maverick/.m2/repository/org/threeten/threetenbp/1.6.8/threetenbp-1.6.8.jar:/home/maverick/.m2/repository/com/google/api/grpc/proto-google-cloud-storage-v2/2.22.4-alpha/proto-google-cloud-storage-v2-2.22.4-alpha.jar:/home/maverick/.m2/repository/com/google/api/grpc/grpc-google-cloud-storage-v2/2.22.4-alpha/grpc-google-cloud-storage-v2-2.22.4-alpha.jar:/home/maverick/.m2/repository/com/google/api/grpc/gapic-google-cloud-storage-v2/2.22.4-alpha/gapic-google-cloud-storage-v2-2.22.4-alpha.jar:/home/maverick/.m2/repository/com/fasterxml/jackson/core/jackson-core/2.14.2/jackson-core-2.14.2.jar:/home/maverick/.m2/repository/io/grpc/grpc-api/1.55.1/grpc-api-1.55.1.jar:/home/maverick/.m2/repository/io/grpc/grpc-netty-shaded/1.55.1/grpc-netty-shaded-1.55.1.jar:/home/maverick/.m2/repository/io/perfmark/perfmark-api/0.26.0/perfmark-api-0.26.0.jar:/home/maverick/.m2/repository/io/grpc/grpc-core/1.55.1/grpc-core-1.55.1.jar:/home/maverick/.m2/repository/com/google/android/annotations/4.1.1.4/annotations-4.1.1.4.jar:/home/maverick/.m2/repository/org/codehaus/mojo/animal-sniffer-annotations/1.23/animal-sniffer-annotations-1.23.jar:/home/maverick/.m2/repository/io/grpc/grpc-stub/1.55.1/grpc-stub-1.55.1.jar:/home/maverick/.m2/repository/io/grpc/grpc-googleapis/1.55.1/grpc-googleapis-1.55.1.jar:/home/maverick/.m2/repository/org/checkerframework/checker-qual/3.32.0/checker-qual-3.32.0.jar:/home/maverick/.m2/repository/io/grpc/grpc-xds/1.55.1/grpc-xds-1.55.1.jar:/home/maverick/.m2/repository/io/opencensus/opencensus-proto/0.2.0/opencensus-proto-0.2.0.jar:/home/maverick/.m2/repository/io/grpc/grpc-services/1.55.1/grpc-services-1.55.1.jar:/home/maverick/.m2/repository/com/google/re2j/re2j/1.6/re2j-1.6.jar:/home/maverick/.m2/repository/io/grpc/grpc-rls/1.55.1/grpc-rls-1.55.1.jar:/home/maverick/.m2/repository/com/google/cloud/google-cloud-firestore/3.13.0/google-cloud-firestore-3.13.0.jar:/home/maverick/.m2/repository/commons-logging/commons-logging/1.2/commons-logging-1.2.jar:/home/maverick/.m2/repository/com/google/api/grpc/proto-google-cloud-firestore-v1/3.13.0/proto-google-cloud-firestore-v1-3.13.0.jar:/home/maverick/.m2/repository/com/google/cloud/proto-google-cloud-firestore-bundle-v1/3.13.0/proto-google-cloud-firestore-bundle-v1-3.13.0.jar:/home/maverick/.m2/repository/io/opencensus/opencensus-contrib-grpc-util/0.31.1/opencensus-contrib-grpc-util-0.31.1.jar:/home/maverick/.m2/repository/com/google/guava/guava/31.1-jre/guava-31.1-jre.jar:/home/maverick/.m2/repository/io/netty/netty-codec-http/4.1.94.Final/netty-codec-http-4.1.94.Final.jar:/home/maverick/.m2/repository/io/netty/netty-common/4.1.94.Final/netty-common-4.1.94.Final.jar:/home/maverick/.m2/repository/io/netty/netty-buffer/4.1.94.Final/netty-buffer-4.1.94.Final.jar:/home/maverick/.m2/repository/io/netty/netty-codec/4.1.94.Final/netty-codec-4.1.94.Final.jar:/home/maverick/.m2/repository/io/netty/netty-handler/4.1.94.Final/netty-handler-4.1.94.Final.jar:/home/maverick/.m2/repository/io/netty/netty-resolver/4.1.94.Final/netty-resolver-4.1.94.Final.jar:/home/maverick/.m2/repository/io/netty/netty-transport-native-unix-common/4.1.94.Final/netty-transport-native-unix-common-4.1.94.Final.jar:/home/maverick/.m2/repository/io/netty/netty-transport/4.1.94.Final/netty-transport-4.1.94.Final.jar:/home/maverick/.m2/repository/com/google/auth/google-auth-library-oauth2-http/1.21.0/google-auth-library-oauth2-http-1.21.0.jar:/home/maverick/.m2/repository/com/google/auto/value/auto-value-annotations/1.10.4/auto-value-annotations-1.10.4.jar:/home/maverick/.m2/repository/com/google/code/findbugs/jsr305/3.0.2/jsr305-3.0.2.jar:/home/maverick/.m2/repository/com/google/auth/google-auth-library-credentials/1.21.0/google-auth-library-credentials-1.21.0.jar:/home/maverick/.m2/repository/com/google/http-client/google-http-client-gson/1.43.3/google-http-client-gson-1.43.3.jar:/home/maverick/.m2/repository/com/google/errorprone/error_prone_annotations/2.18.0/error_prone_annotations-2.18.0.jar:/home/maverick/.m2/repository/com/google/api-client/google-api-client/2.2.0/google-api-client-2.2.0.jar:/home/maverick/.m2/repository/commons-codec/commons-codec/1.15/commons-codec-1.15.jar:/home/maverick/.m2/repository/com/google/oauth-client/google-oauth-client/1.34.1/google-oauth-client-1.34.1.jar:/home/maverick/.m2/repository/com/google/http-client/google-http-client-apache-v2/1.42.3/google-http-client-apache-v2-1.42.3.jar:/home/maverick/.m2/repository/org/apache/httpcomponents/httpcore/4.4.16/httpcore-4.4.16.jar:/home/maverick/.m2/repository/org/apache/httpcomponents/httpclient/4.5.14/httpclient-4.5.14.jar:/home/maverick/.m2/repository/org/apache/httpcomponents/client5/httpclient5/5.2.1/httpclient5-5.2.1.jar:/home/maverick/.m2/repository/org/apache/httpcomponents/core5/httpcore5-h2/5.2/httpcore5-h2-5.2.jar:/home/maverick/.m2/repository/org/apache/httpcomponents/core5/httpcore5/5.2/httpcore5-5.2.jar:/home/maverick/.m2/repository/io/github/cdimascio/dotenv-java/3.1.0/dotenv-java-3.1.0.jar:/home/maverick/.m2/repository/com/sparkjava/spark-core/2.9.3/spark-core-2.9.3.jar:/home/maverick/.m2/repository/org/eclipse/jetty/jetty-server/9.4.31.v20200723/jetty-server-9.4.31.v20200723.jar:/home/maverick/.m2/repository/javax/servlet/javax.servlet-api/3.1.0/javax.servlet-api-3.1.0.jar:/home/maverick/.m2/repository/org/eclipse/jetty/jetty-http/9.4.31.v20200723/jetty-http-9.4.31.v20200723.jar:/home/maverick/.m2/repository/org/eclipse/jetty/jetty-util/9.4.31.v20200723/jetty-util-9.4.31.v20200723.jar:/home/maverick/.m2/repository/org/eclipse/jetty/jetty-io/9.4.31.v20200723/jetty-io-9.4.31.v20200723.jar:/home/maverick/.m2/repository/org/eclipse/jetty/jetty-webapp/9.4.31.v20200723/jetty-webapp-9.4.31.v20200723.jar:/home/maverick/.m2/repository/org/eclipse/jetty/jetty-xml/9.4.31.v20200723/jetty-xml-9.4.31.v20200723.jar:/home/maverick/.m2/repository/org/eclipse/jetty/jetty-servlet/9.4.31.v20200723/jetty-servlet-9.4.31.v20200723.jar:/home/maverick/.m2/repository/org/eclipse/jetty/jetty-security/9.4.31.v20200723/jetty-security-9.4.31.v20200723.jar:/home/maverick/.m2/repository/org/eclipse/jetty/websocket/websocket-server/9.4.31.v20200723/websocket-server-9.4.31.v20200723.jar:/home/maverick/.m2/repository/org/eclipse/jetty/websocket/websocket-common/9.4.31.v20200723/websocket-common-9.4.31.v20200723.jar:/home/maverick/.m2/repository/org/eclipse/jetty/websocket/websocket-client/9.4.31.v20200723/websocket-client-9.4.31.v20200723.jar:/home/maverick/.m2/repository/org/eclipse/jetty/jetty-client/9.4.31.v20200723/jetty-client-9.4.31.v20200723.jar:/home/maverick/.m2/repository/org/eclipse/jetty/websocket/websocket-servlet/9.4.31.v20200723/websocket-servlet-9.4.31.v20200723.jar:/home/maverick/.m2/repository/org/eclipse/jetty/websocket/websocket-api/9.4.31.v20200723/websocket-api-9.4.31.v20200723.jar:/home/maverick/.m2/repository/org/slf4j/slf4j-api/2.0.9/slf4j-api-2.0.9.jar:/home/maverick/.m2/repository/ch/qos/logback/logback-classic/1.4.14/logback-classic-1.4.14.jar:/home/maverick/.m2/repository/ch/qos/logback/logback-core/1.4.14/logback-core-1.4.14.jar:/home/maverick/.m2/repository/org/kordamp/ikonli/ikonli-javafx/12.3.1/ikonli-javafx-12.3.1.jar:/home/maverick/.m2/repository/org/kordamp/ikonli/ikonli-core/12.3.1/ikonli-core-12.3.1.jar:/home/maverick/.m2/repository/org/apache/xmlgraphics/batik-all/1.14/batik-all-1.14.jar:/home/maverick/.m2/repository/org/apache/xmlgraphics/batik-anim/1.14/batik-anim-1.14.jar:/home/maverick/.m2/repository/org/apache/xmlgraphics/batik-shared-resources/1.14/batik-shared-resources-1.14.jar:/home/maverick/.m2/repository/xml-apis/xml-apis-ext/1.3.04/xml-apis-ext-1.3.04.jar:/home/maverick/.m2/repository/org/apache/xmlgraphics/batik-awt-util/1.14/batik-awt-util-1.14.jar:/home/maverick/.m2/repository/org/apache/xmlgraphics/xmlgraphics-commons/2.6/xmlgraphics-commons-2.6.jar:/home/maverick/.m2/repository/commons-io/commons-io/1.3.1/commons-io-1.3.1.jar:/home/maverick/.m2/repository/org/apache/xmlgraphics/batik-bridge/1.14/batik-bridge-1.14.jar:/home/maverick/.m2/repository/org/apache/xmlgraphics/batik-codec/1.14/batik-codec-1.14.jar:/home/maverick/.m2/repository/org/apache/xmlgraphics/batik-constants/1.14/batik-constants-1.14.jar:/home/maverick/.m2/repository/org/apache/xmlgraphics/batik-css/1.14/batik-css-1.14.jar:/home/maverick/.m2/repository/org/apache/xmlgraphics/batik-dom/1.14/batik-dom-1.14.jar:/home/maverick/.m2/repository/xalan/xalan/2.7.2/xalan-2.7.2.jar:/home/maverick/.m2/repository/xalan/serializer/2.7.2/serializer-2.7.2.jar:/home/maverick/.m2/repository/xml-apis/xml-apis/1.4.01/xml-apis-1.4.01.jar:/home/maverick/.m2/repository/org/apache/xmlgraphics/batik-ext/1.14/batik-ext-1.14.jar:/home/maverick/.m2/repository/org/apache/xmlgraphics/batik-extension/1.14/batik-extension-1.14.jar:/home/maverick/.m2/repository/org/apache/xmlgraphics/batik-gui-util/1.14/batik-gui-util-1.14.jar:/home/maverick/.m2/repository/org/apache/xmlgraphics/batik-gvt/1.14/batik-gvt-1.14.jar:/home/maverick/.m2/repository/org/apache/xmlgraphics/batik-i18n/1.14/batik-i18n-1.14.jar:/home/maverick/.m2/repository/org/apache/xmlgraphics/batik-parser/1.14/batik-parser-1.14.jar:/home/maverick/.m2/repository/org/apache/xmlgraphics/batik-rasterizer-ext/1.14/batik-rasterizer-ext-1.14.jar:/home/maverick/.m2/repository/org/apache/xmlgraphics/batik-rasterizer/1.14/batik-rasterizer-1.14.jar:/home/maverick/.m2/repository/org/apache/xmlgraphics/batik-script/1.14/batik-script-1.14.jar:/home/maverick/.m2/repository/org/apache/xmlgraphics/batik-slideshow/1.14/batik-slideshow-1.14.jar:/home/maverick/.m2/repository/org/apache/xmlgraphics/batik-squiggle-ext/1.14/batik-squiggle-ext-1.14.jar:/home/maverick/.m2/repository/org/apache/xmlgraphics/batik-squiggle/1.14/batik-squiggle-1.14.jar:/home/maverick/.m2/repository/org/apache/xmlgraphics/batik-svg-dom/1.14/batik-svg-dom-1.14.jar:/home/maverick/.m2/repository/org/apache/xmlgraphics/batik-svgbrowser/1.14/batik-svgbrowser-1.14.jar:/home/maverick/.m2/repository/org/apache/xmlgraphics/batik-svggen/1.14/batik-svggen-1.14.jar:/home/maverick/.m2/repository/org/apache/xmlgraphics/batik-svgpp/1.14/batik-svgpp-1.14.jar:/home/maverick/.m2/repository/org/apache/xmlgraphics/batik-svgrasterizer/1.14/batik-svgrasterizer-1.14.jar:/home/maverick/.m2/repository/org/apache/xmlgraphics/batik-swing/1.14/batik-swing-1.14.jar:/home/maverick/.m2/repository/org/apache/xmlgraphics/batik-transcoder/1.14/batik-transcoder-1.14.jar:/home/maverick/.m2/repository/org/apache/xmlgraphics/batik-util/1.14/batik-util-1.14.jar:/home/maverick/.m2/repository/org/apache/xmlgraphics/batik-ttf2svg/1.14/batik-ttf2svg-1.14.jar:/home/maverick/.m2/repository/org/apache/xmlgraphics/batik-xml/1.14/batik-xml-1.14.jar:/home/maverick/.m2/repository/org/openjfx/javafx-swing/20/javafx-swing-20.jar:/home/maverick/.m2/repository/org/openjfx/javafx-swing/20/javafx-swing-20-linux.jar:/home/maverick/.m2/repository/org/junit/jupiter/junit-jupiter-api/5.9.2/junit-jupiter-api-5.9.2.jar:/home/maverick/.m2/repository/org/opentest4j/opentest4j/1.2.0/opentest4j-1.2.0.jar:/home/maverick/.m2/repository/org/junit/platform/junit-platform-commons/1.9.2/junit-platform-commons-1.9.2.jar:/home/maverick/.m2/repository/org/apiguardian/apiguardian-api/1.1.2/apiguardian-api-1.1.2.jar:/home/maverick/.m2/repository/org/junit/jupiter/junit-jupiter-engine/5.9.2/junit-jupiter-engine-5.9.2.jar:/home/maverick/.m2/repository/org/junit/platform/junit-platform-engine/1.9.2/junit-platform-engine-1.9.2.jar:/home/maverick/.m2/repository/org/junit/jupiter/junit-jupiter-params/5.9.2/junit-jupiter-params-5.9.2.jar:/home/maverick/.m2/repository/org/junit/vintage/junit-vintage-engine/5.9.2/junit-vintage-engine-5.9.2.jar:/home/maverick/.m2/repository/junit/junit/4.13.2/junit-4.13.2.jar:/home/maverick/.m2/repository/org/hamcrest/hamcrest-core/1.3/hamcrest-core-1.3.jar:"/>
    <property name="java.vm.vendor" value="Arch Linux"/>
    <property name="sun.arch.data.model" value="64"/>
    <property name="java.vendor.url" value="https://openjdk.java.net/"/>
    <property name="user.timezone" value="Europe/Rome"/>
    <property name="os.name" value="Linux"/>
    <property name="java.vm.specification.version" value="17"/>
    <property name="sun.java.launcher" value="SUN_STANDARD"/>
    <property name="user.country" value="IT"/>
    <property name="sun.boot.library.path" value="/usr/lib/jvm/java-17-openjdk/lib"/>
    <property name="sun.java.command" value="/home/maverick/Scrivania/Uni/Esami da fare/ISPW/audio-transcriptor/target/surefire/surefirebooter-20250218103139276_3.jar /home/maverick/Scrivania/Uni/Esami da fare/ISPW/audio-transcriptor/target/surefire 2025-02-18T10-31-39_212-jvmRun1 surefire-20250218103139276_1tmp surefire_0-20250218103139276_2tmp"/>
    <property name="jdk.debug" value="release"/>
    <property name="surefire.test.class.path" value="/home/maverick/Scrivania/Uni/Esami da fare/ISPW/audio-transcriptor/target/test-classes:/home/maverick/Scrivania/Uni/Esami da fare/ISPW/audio-transcriptor/target/classes:/home/maverick/.m2/repository/org/openjfx/javafx-controls/20/javafx-controls-20.jar:/home/maverick/.m2/repository/org/openjfx/javafx-controls/20/javafx-controls-20-linux.jar:/home/maverick/.m2/repository/org/openjfx/javafx-graphics/20/javafx-graphics-20.jar:/home/maverick/.m2/repository/org/openjfx/javafx-graphics/20/javafx-graphics-20-linux.jar:/home/maverick/.m2/repository/org/openjfx/javafx-base/20/javafx-base-20.jar:/home/maverick/.m2/repository/org/openjfx/javafx-base/20/javafx-base-20-linux.jar:/home/maverick/.m2/repository/org/openjfx/javafx-fxml/20/javafx-fxml-20.jar:/home/maverick/.m2/repository/org/openjfx/javafx-fxml/20/javafx-fxml-20-linux.jar:/home/maverick/.m2/repository/com/alphacephei/vosk/0.3.45/vosk-0.3.45.jar:/home/maverick/.m2/repository/net/java/dev/jna/jna/5.7.0/jna-5.7.0.jar:/home/maverick/.m2/repository/javazoom/jlayer/1.0.1/jlayer-1.0.1.jar:/home/maverick/.m2/repository/com/google/code/gson/gson/2.10.1/gson-2.10.1.jar:/home/maverick/.m2/repository/org/json/json/20210307/json-20210307.jar:/home/maverick/.m2/repository/com/google/firebase/firebase-admin/9.2.0/firebase-admin-9.2.0.jar:/home/maverick/.m2/repository/com/google/api-client/google-api-client-gson/2.2.0/google-api-client-gson-2.2.0.jar:/home/maverick/.m2/repository/com/google/http-client/google-http-client/1.43.1/google-http-client-1.43.1.jar:/home/maverick/.m2/repository/com/google/j2objc/j2objc-annotations/1.3/j2objc-annotations-1.3.jar:/home/maverick/.m2/repository/io/opencensus/opencensus-api/0.31.1/opencensus-api-0.31.1.jar:/home/maverick/.m2/repository/io/opencensus/opencensus-contrib-http-util/0.31.1/opencensus-contrib-http-util-0.31.1.jar:/home/maverick/.m2/repository/com/google/api/api-common/2.12.0/api-common-2.12.0.jar:/home/maverick/.m2/repository/javax/annotation/javax.annotation-api/1.3.2/javax.annotation-api-1.3.2.jar:/home/maverick/.m2/repository/com/google/cloud/google-cloud-storage/2.22.4/google-cloud-storage-2.22.4.jar:/home/maverick/.m2/repository/com/google/guava/failureaccess/1.0.1/failureaccess-1.0.1.jar:/home/maverick/.m2/repository/com/google/guava/listenablefuture/9999.0-empty-to-avoid-conflict-with-guava/listenablefuture-9999.0-empty-to-avoid-conflict-with-guava.jar:/home/maverick/.m2/repository/com/google/http-client/google-http-client-jackson2/1.43.1/google-http-client-jackson2-1.43.1.jar:/home/maverick/.m2/repository/com/google/apis/google-api-services-storage/v1-rev20230301-2.0.0/google-api-services-storage-v1-rev20230301-2.0.0.jar:/home/maverick/.m2/repository/com/google/cloud/google-cloud-core/2.19.0/google-cloud-core-2.19.0.jar:/home/maverick/.m2/repository/com/google/cloud/google-cloud-core-http/2.19.0/google-cloud-core-http-2.19.0.jar:/home/maverick/.m2/repository/com/google/http-client/google-http-client-appengine/1.43.1/google-http-client-appengine-1.43.1.jar:/home/maverick/.m2/repository/com/google/api/gax-httpjson/0.114.0/gax-httpjson-0.114.0.jar:/home/maverick/.m2/repository/com/google/cloud/google-cloud-core-grpc/2.19.0/google-cloud-core-grpc-2.19.0.jar:/home/maverick/.m2/repository/com/google/api/gax/2.29.0/gax-2.29.0.jar:/home/maverick/.m2/repository/com/google/api/gax-grpc/2.29.0/gax-grpc-2.29.0.jar:/home/maverick/.m2/repository/io/grpc/grpc-alts/1.55.1/grpc-alts-1.55.1.jar:/home/maverick/.m2/repository/io/grpc/grpc-grpclb/1.55.1/grpc-grpclb-1.55.1.jar:/home/maverick/.m2/repository/org/conscrypt/conscrypt-openjdk-uber/2.5.2/conscrypt-openjdk-uber-2.5.2.jar:/home/maverick/.m2/repository/io/grpc/grpc-auth/1.55.1/grpc-auth-1.55.1.jar:/home/maverick/.m2/repository/io/grpc/grpc-protobuf/1.55.1/grpc-protobuf-1.55.1.jar:/home/maverick/.m2/repository/io/grpc/grpc-protobuf-lite/1.55.1/grpc-protobuf-lite-1.55.1.jar:/home/maverick/.m2/repository/io/grpc/grpc-context/1.55.1/grpc-context-1.55.1.jar:/home/maverick/.m2/repository/com/google/api/grpc/proto-google-iam-v1/1.15.0/proto-google-iam-v1-1.15.0.jar:/home/maverick/.m2/repository/com/google/protobuf/protobuf-java/3.23.2/protobuf-java-3.23.2.jar:/home/maverick/.m2/repository/com/google/protobuf/protobuf-java-util/3.23.2/protobuf-java-util-3.23.2.jar:/home/maverick/.m2/repository/com/google/api/grpc/proto-google-common-protos/2.20.0/proto-google-common-protos-2.20.0.jar:/home/maverick/.m2/repository/org/threeten/threetenbp/1.6.8/threetenbp-1.6.8.jar:/home/maverick/.m2/repository/com/google/api/grpc/proto-google-cloud-storage-v2/2.22.4-alpha/proto-google-cloud-storage-v2-2.22.4-alpha.jar:/home/maverick/.m2/repository/com/google/api/grpc/grpc-google-cloud-storage-v2/2.22.4-alpha/grpc-google-cloud-storage-v2-2.22.4-alpha.jar:/home/maverick/.m2/repository/com/google/api/grpc/gapic-google-cloud-storage-v2/2.22.4-alpha/gapic-google-cloud-storage-v2-2.22.4-alpha.jar:/home/maverick/.m2/repository/com/fasterxml/jackson/core/jackson-core/2.14.2/jackson-core-2.14.2.jar:/home/maverick/.m2/repository/io/grpc/grpc-api/1.55.1/grpc-api-1.55.1.jar:/home/maverick/.m2/repository/io/grpc/grpc-netty-shaded/1.55.1/grpc-netty-shaded-1.55.1.jar:/home/maverick/.m2/repository/io/perfmark/perfmark-api/0.26.0/perfmark-api-0.26.0.jar:/home/maverick/.m2/repository/io/grpc/grpc-core/1.55.1/grpc-core-1.55.1.jar:/home/maverick/.m2/repository/com/google/android/annotations/4.1.1.4/annotations-4.1.1.4.jar:/home/maverick/.m2/repository/org/codehaus/mojo/animal-sniffer-annotations/1.23/animal-sniffer-annotations-1.23.jar:/home/maverick/.m2/repository/io/grpc/grpc-stub/1.55.1/grpc-stub-1.55.1.jar:/home/maverick/.m2/repository/io/grpc/grpc-googleapis/1.55.1/grpc-googleapis-1.55.1.jar:/home/maverick/.m2/repository/org/checkerframework/checker-qual/3.32.0/checker-qual-3.32.0.jar:/home/maverick/.m2/repository/io/grpc/grpc-xds/1.55.1/grpc-xds-1.55.1.jar:/home/maverick/.m2/repository/io/opencensus/opencensus-proto/0.2.0/opencensus-proto-0.2.0.jar:/home/maverick/.m2/repository/io/grpc/grpc-services/1.55.1/grpc-services-1.55.1.jar:/home/maverick/.m2/repository/com/google/re2j/re2j/1.6/re2j-1.6.jar:/home/maverick/.m2/repository/io/grpc/grpc-rls/1.55.1/grpc-rls-1.55.1.jar:/home/maverick/.m2/repository/com/google/cloud/google-cloud-firestore/3.13.0/google-cloud-firestore-3.13.0.jar:/home/maverick/.m2/repository/commons-logging/commons-logging/1.2/commons-logging-1.2.jar:/home/maverick/.m2/repository/com/google/api/grpc/proto-google-cloud-firestore-v1/3.13.0/proto-google-cloud-firestore-v1-3.13.0.jar:/home/maverick/.m2/repository/com/google/cloud/proto-google-cloud-firestore-bundle-v1/3.13.0/proto-google-cloud-firestore-bundle-v1-3.13.0.jar:/home/maverick/.m2/repository/io/opencensus/opencensus-contrib-grpc-util/0.31.1/opencensus-contrib-grpc-util-0.31.1.jar:/home/maverick/.m2/repository/com/google/guava/guava/31.1-jre/guava-31.1-jre.jar:/home/maverick/.m2/repository/io/netty/netty-codec-http/4.1.94.Final/netty-codec-http-4.1.94.Final.jar:/home/maverick/.m2/repository/io/netty/netty-common/4.1.94.Final/netty-common-4.1.94.Final.jar:/home/maverick/.m2/repository/io/netty/netty-buffer/4.1.94.Final/netty-buffer-4.1.94.Final.jar:/home/maverick/.m2/repository/io/netty/netty-codec/4.1.94.Final/netty-codec-4.1.94.Final.jar:/home/maverick/.m2/repository/io/netty/netty-handler/4.1.94.Final/netty-handler-4.1.94.Final.jar:/home/maverick/.m2/repository/io/netty/netty-resolver/4.1.94.Final/netty-resolver-4.1.94.Final.jar:/home/maverick/.m2/repository/io/netty/netty-transport-native-unix-common/4.1.94.Final/netty-transport-native-unix-common-4.1.94.Final.jar:/home/maverick/.m2/repository/io/netty/netty-transport/4.1.94.Final/netty-transport-4.1.94.Final.jar:/home/maverick/.m2/repository/com/google/auth/google-auth-library-oauth2-http/1.21.0/google-auth-library-oauth2-http-1.21.0.jar:/home/maverick/.m2/repository/com/google/auto/value/auto-value-annotations/1.10.4/auto-value-annotations-1.10.4.jar:/home/maverick/.m2/repository/com/google/code/findbugs/jsr305/3.0.2/jsr305-3.0.2.jar:/home/maverick/.m2/repository/com/google/auth/google-auth-library-credentials/1.21.0/google-auth-library-credentials-1.21.0.jar:/home/maverick/.m2/repository/com/google/http-client/google-http-client-gson/1.43.3/google-http-client-gson-1.43.3.jar:/home/maverick/.m2/repository/com/google/errorprone/error_prone_annotations/2.18.0/error_prone_annotations-2.18.0.jar:/home/maverick/.m2/repository/com/google/api-client/google-api-client/2.2.0/google-api-client-2.2.0.jar:/home/maverick/.m2/repository/commons-codec/commons-codec/1.15/commons-codec-1.15.jar:/home/maverick/.m2/repository/com/google/oauth-client/google-oauth-client/1.34.1/google-oauth-client-1.34.1.jar:/home/maverick/.m2/repository/com/google/http-client/google-http-client-apache-v2/1.42.3/google-http-client-apache-v2-1.42.3.jar:/home/maverick/.m2/repository/org/apache/httpcomponents/httpcore/4.4.16/httpcore-4.4.16.jar:/home/maverick/.m2/repository/org/apache/httpcomponents/httpclient/4.5.14/httpclient-4.5.14.jar:/home/maverick/.m2/repository/org/apache/httpcomponents/client5/httpclient5/5.2.1/httpclient5-5.2.1.jar:/home/maverick/.m2/repository/org/apache/httpcomponents/core5/httpcore5-h2/5.2/httpcore5-h2-5.2.jar:/home/maverick/.m2/repository/org/apache/httpcomponents/core5/httpcore5/5.2/httpcore5-5.2.jar:/home/maverick/.m2/repository/io/github/cdimascio/dotenv-java/3.1.0/dotenv-java-3.1.0.jar:/home/maverick/.m2/repository/com/sparkjava/spark-core/2.9.3/spark-core-2.9.3.jar:/home/maverick/.m2/repository/org/eclipse/jetty/jetty-server/9.4.31.v20200723/jetty-server-9.4.31.v20200723.jar:/home/maverick/.m2/repository/javax/servlet/javax.servlet-api/3.1.0/javax.servlet-api-3.1.0.jar:/home/maverick/.m2/repository/org/eclipse/jetty/jetty-http/9.4.31.v20200723/jetty-http-9.4.31.v20200723.jar:/home/maverick/.m2/repository/org/eclipse/jetty/jetty-util/9.4.31.v20200723/jetty-util-9.4.31.v20200723.jar:/home/maverick/.m2/repository/org/eclipse/jetty/jetty-io/9.4.31.v20200723/jetty-io-9.4.31.v20200723.jar:/home/maverick/.m2/repository/org/eclipse/jetty/jetty-webapp/9.4.31.v20200723/jetty-webapp-9.4.31.v20200723.jar:/home/maverick/.m2/repository/org/eclipse/jetty/jetty-xml/9.4.31.v20200723/jetty-xml-9.4.31.v20200723.jar:/home/maverick/.m2/repository/org/eclipse/jetty/jetty-servlet/9.4.31.v20200723/jetty-servlet-9.4.31.v20200723.jar:/home/maverick/.m2/repository/org/eclipse/jetty/jetty-security/9.4.31.v20200723/jetty-security-9.4.31.v20200723.jar:/home/maverick/.m2/repository/org/eclipse/jetty/websocket/websocket-server/9.4.31.v20200723/websocket-server-9.4.31.v20200723.jar:/home/maverick/.m2/repository/org/eclipse/jetty/websocket/websocket-common/9.4.31.v20200723/websocket-common-9.4.31.v20200723.jar:/home/maverick/.m2/repository/org/eclipse/jetty/websocket/websocket-client/9.4.31.v20200723/websocket-client-9.4.31.v20200723.jar:/home/maverick/.m2/repository/org/eclipse/jetty/jetty-client/9.4.31.v20200723/jetty-client-9.4.31.v20200723.jar:/home/maverick/.m2/repository/org/eclipse/jetty/websocket/websocket-servlet/9.4.31.v20200723/websocket-servlet-9.4.31.v20200723.jar:/home/maverick/.m2/repository/org/eclipse/jetty/websocket/websocket-api/9.4.31.v20200723/websocket-api-9.4.31.v20200723.jar:/home/maverick/.m2/repository/org/slf4j/slf4j-api/2.0.9/slf4j-api-2.0.9.jar:/home/maverick/.m2/repository/ch/qos/logback/logback-classic/1.4.14/logback-classic-1.4.14.jar:/home/maverick/.m2/repository/ch/qos/logback/logback-core/1.4.14/logback-core-1.4.14.jar:/home/maverick/.m2/repository/org/kordamp/ikonli/ikonli-javafx/12.3.1/ikonli-javafx-12.3.1.jar:/home/maverick/.m2/repository/org/kordamp/ikonli/ikonli-core/12.3.1/ikonli-core-12.3.1.jar:/home/maverick/.m2/repository/org/apache/xmlgraphics/batik-all/1.14/batik-all-1.14.jar:/home/maverick/.m2/repository/org/apache/xmlgraphics/batik-anim/1.14/batik-anim-1.14.jar:/home/maverick/.m2/repository/org/apache/xmlgraphics/batik-shared-resources/1.14/batik-shared-resources-1.14.jar:/home/maverick/.m2/repository/xml-apis/xml-apis-ext/1.3.04/xml-apis-ext-1.3.04.jar:/home/maverick/.m2/repository/org/apache/xmlgraphics/batik-awt-util/1.14/batik-awt-util-1.14.jar:/home/maverick/.m2/repository/org/apache/xmlgraphics/xmlgraphics-commons/2.6/xmlgraphics-commons-2.6.jar:/home/maverick/.m2/repository/commons-io/commons-io/1.3.1/commons-io-1.3.1.jar:/home/maverick/.m2/repository/org/apache/xmlgraphics/batik-bridge/1.14/batik-bridge-1.14.jar:/home/maverick/.m2/repository/org/apache/xmlgraphics/batik-codec/1.14/batik-codec-1.14.jar:/home/maverick/.m2/repository/org/apache/xmlgraphics/batik-constants/1.14/batik-constants-1.14.jar:/home/maverick/.m2/repository/org/apache/xmlgraphics/batik-css/1.14/batik-css-1.14.jar:/home/maverick/.m2/repository/org/apache/xmlgraphics/batik-dom/1.14/batik-dom-1.14.jar:/home/maverick/.m2/repository/xalan/xalan/2.7.2/xalan-2.7.2.jar:/home/maverick/.m2/repository/xalan/serializer/2.7.2/serializer-2.7.2.jar:/home/maverick/.m2/repository/xml-apis/xml-apis/1.4.01/xml-apis-1.4.01.jar:/home/maverick/.m2/repository/org/apache/xmlgraphics/batik-ext/1.14/batik-ext-1.14.jar:/home/maverick/.m2/repository/org/apache/xmlgraphics/batik-extension/1.14/batik-extension-1.14.jar:/home/maverick/.m2/repository/org/apache/xmlgraphics/batik-gui-util/1.14/batik-gui-util-1.14.jar:/home/maverick/.m2/repository/org/apache/xmlgraphics/batik-gvt/1.14/batik-gvt-1.14.jar:/home/maverick/.m2/repository/org/apache/xmlgraphics/batik-i18n/1.14/batik-i18n-1.14.jar:/home/maverick/.m2/repository/org/apache/xmlgraphics/batik-parser/1.14/batik-parser-1.14.jar:/home/maverick/.m2/repository/org/apache/xmlgraphics/batik-rasterizer-ext/1.14/batik-rasterizer-ext-1.14.jar:/home/maverick/.m2/repository/org/apache/xmlgraphics/batik-rasterizer/1.14/batik-rasterizer-1.14.jar:/home/maverick/.m2/repository/org/apache/xmlgraphics/batik-script/1.14/batik-script-1.14.jar:/home/maverick/.m2/repository/org/apache/xmlgraphics/batik-slideshow/1.14/batik-slideshow-1.14.jar:/home/maverick/.m2/repository/org/apache/xmlgraphics/batik-squiggle-ext/1.14/batik-squiggle-ext-1.14.jar:/home/maverick/.m2/repository/org/apache/xmlgraphics/batik-squiggle/1.14/batik-squiggle-1.14.jar:/home/maverick/.m2/repository/org/apache/xmlgraphics/batik-svg-dom/1.14/batik-svg-dom-1.14.jar:/home/maverick/.m2/repository/org/apache/xmlgraphics/batik-svgbrowser/1.14/batik-svgbrowser-1.14.jar:/home/maverick/.m2/repository/org/apache/xmlgraphics/batik-svggen/1.14/batik-svggen-1.14.jar:/home/maverick/.m2/repository/org/apache/xmlgraphics/batik-svgpp/1.14/batik-svgpp-1.14.jar:/home/maverick/.m2/repository/org/apache/xmlgraphics/batik-svgrasterizer/1.14/batik-svgrasterizer-1.14.jar:/home/maverick/.m2/repository/org/apache/xmlgraphics/batik-swing/1.14/batik-swing-1.14.jar:/home/maverick/.m2/repository/org/apache/xmlgraphics/batik-transcoder/1.14/batik-transcoder-1.14.jar:/home/maverick/.m2/repository/org/apache/xmlgraphics/batik-util/1.14/batik-util-1.14.jar:/home/maverick/.m2/repository/org/apache/xmlgraphics/batik-ttf2svg/1.14/batik-ttf2svg-1.14.jar:/home/maverick/.m2/repository/org/apache/xmlgraphics/batik-xml/1.14/batik-xml-1.14.jar:/home/maverick/.m2/repository/org/openjfx/javafx-swing/20/javafx-swing-20.jar:/home/maverick/.m2/repository/org/openjfx/javafx-swing/20/javafx-swing-20-linux.jar:/home/maverick/.m2/repository/org/junit/jupiter/junit-jupiter-api/5.9.2/junit-jupiter-api-5.9.2.jar:/home/maverick/.m2/repository/org/opentest4j/opentest4j/1.2.0/opentest4j-1.2.0.jar:/home/maverick/.m2/repository/org/junit/platform/junit-platform-commons/1.9.2/junit-platform-commons-1.9.2.jar:/home/maverick/.m2/repository/org/apiguardian/apiguardian-api/1.1.2/apiguardian-api-1.1.2.jar:/home/maverick/.m2/repository/org/junit/jupiter/junit-jupiter-engine/5.9.2/junit-jupiter-engine-5.9.2.jar:/home/maverick/.m2/repository/org/junit/platform/junit-platform-engine/1.9.2/junit-platform-engine-1.9.2.jar:/home/maverick/.m2/repository/org/junit/jupiter/junit-jupiter-params/5.9.2/junit-jupiter-params-5.9.2.jar:/home/maverick/.m2/repository/org/junit/vintage/junit-vintage-engine/5.9.2/junit-vintage-engine-5.9.2.jar:/home/maverick/.m2/repository/junit/junit/4.13.2/junit-4.13.2.jar:/home/maverick/.m2/repository/org/hamcrest/hamcrest-core/1.3/hamcrest-core-1.3.jar:"/>
    <property name="sun.cpu.endian" value="little"/>
    <property name="user.home" value="/home/maverick"/>
    <property name="user.language" value="it"/>
    <property name="java.specification.vendor" value="Oracle Corporation"/>
    <property name="java.version.date" value="2024-07-16"/>
    <property name="java.home" value="/usr/lib/jvm/java-17-openjdk"/>
    <property name="file.separator" value="/"/>
    <property name="basedir" value="/home/maverick/Scrivania/Uni/Esami da fare/ISPW/audio-transcriptor"/>
    <property name="java.vm.compressedOopsMode" value="Zero based"/>
    <property name="line.separator" value="&#10;"/>
    <property name="java.vm.specification.vendor" value="Oracle Corporation"/>
    <property name="java.specification.name" value="Java Platform API Specification"/>
    <property name="surefire.real.class.path" value="/home/maverick/Scrivania/Uni/Esami da fare/ISPW/audio-transcriptor/target/surefire/surefirebooter-20250218103139276_3.jar"/>
    <property name="sun.management.compiler" value="HotSpot 64-Bit Tiered Compilers"/>
    <property name="java.runtime.version" value="17.0.12+7"/>
    <property name="user.name" value="maverick"/>
    <property name="path.separator" value=":"/>
    <property name="os.version" value="6.10.9-arch1-1"/>
    <property name="java.runtime.name" value="OpenJDK Runtime Environment"/>
    <property name="file.encoding" value="UTF-8"/>
    <property name="java.vm.name" value="OpenJDK 64-Bit Server VM"/>
    <property name="localRepository" value="/home/maverick/.m2/repository"/>
    <property name="java.vendor.url.bug" value="https://bugreport.java.com/bugreport/"/>
    <property name="java.io.tmpdir" value="/tmp"/>
    <property name="java.version" value="17.0.12"/>
    <property name="user.dir" value="/home/maverick/Scrivania/Uni/Esami da fare/ISPW/audio-transcriptor"/>
    <property name="os.arch" value="amd64"/>
    <property name="java.vm.specification.name" value="Java Virtual Machine Specification"/>
    <property name="native.encoding" value="UTF-8"/>
    <property name="java.library.path" value="/usr/java/packages/lib:/usr/lib64:/lib64:/lib:/usr/lib"/>
    <property name="java.vm.info" value="mixed mode, sharing"/>
    <property name="java.vendor" value="Arch Linux"/>
    <property name="java.vm.version" value="17.0.12+7"/>
    <property name="sun.io.unicode.encoding" value="UnicodeLittle"/>
    <property name="java.class.version" value="61.0"/>
  </properties>
  <testcase name="testSaveNote" classname="persistence.FirebaseNotesDAOTest" time="1.874">
    <system-out><![CDATA[10:31:40.554 [main] DEBUG io.grpc.netty.shaded.io.netty.util.internal.logging.InternalLoggerFactory -- Using SLF4J as the default logging framework
10:31:40.556 [main] DEBUG io.grpc.netty.shaded.io.netty.util.internal.PlatformDependent0 -- -Dio.netty.noUnsafe: false
10:31:40.556 [main] DEBUG io.grpc.netty.shaded.io.netty.util.internal.PlatformDependent0 -- Java version: 17
10:31:40.556 [main] DEBUG io.grpc.netty.shaded.io.netty.util.internal.PlatformDependent0 -- sun.misc.Unsafe.theUnsafe: available
10:31:40.557 [main] DEBUG io.grpc.netty.shaded.io.netty.util.internal.PlatformDependent0 -- sun.misc.Unsafe.copyMemory: available
10:31:40.557 [main] DEBUG io.grpc.netty.shaded.io.netty.util.internal.PlatformDependent0 -- sun.misc.Unsafe.storeFence: available
10:31:40.557 [main] DEBUG io.grpc.netty.shaded.io.netty.util.internal.PlatformDependent0 -- java.nio.Buffer.address: available
10:31:40.557 [main] DEBUG io.grpc.netty.shaded.io.netty.util.internal.PlatformDependent0 -- direct buffer constructor: unavailable: Reflective setAccessible(true) disabled
10:31:40.558 [main] DEBUG io.grpc.netty.shaded.io.netty.util.internal.PlatformDependent0 -- java.nio.Bits.unaligned: available, true
10:31:40.558 [main] DEBUG io.grpc.netty.shaded.io.netty.util.internal.PlatformDependent0 -- jdk.internal.misc.Unsafe.allocateUninitializedArray(int): unavailable: class io.grpc.netty.shaded.io.netty.util.internal.PlatformDependent0$7 cannot access class jdk.internal.misc.Unsafe (in module java.base) because module java.base does not export jdk.internal.misc to unnamed module @3e8a38e8
10:31:40.559 [main] DEBUG io.grpc.netty.shaded.io.netty.util.internal.PlatformDependent0 -- java.nio.DirectByteBuffer.<init>(long, int): unavailable
10:31:40.559 [main] DEBUG io.grpc.netty.shaded.io.netty.util.internal.PlatformDependent -- sun.misc.Unsafe: available
10:31:40.560 [main] DEBUG io.grpc.netty.shaded.io.netty.util.internal.PlatformDependent -- maxDirectMemory: 4034920448 bytes (maybe)
10:31:40.560 [main] DEBUG io.grpc.netty.shaded.io.netty.util.internal.PlatformDependent -- -Dio.netty.tmpdir: /tmp (java.io.tmpdir)
10:31:40.560 [main] DEBUG io.grpc.netty.shaded.io.netty.util.internal.PlatformDependent -- -Dio.netty.bitMode: 64 (sun.arch.data.model)
10:31:40.560 [main] DEBUG io.grpc.netty.shaded.io.netty.util.internal.PlatformDependent -- -Dio.netty.maxDirectMemory: -1 bytes
10:31:40.560 [main] DEBUG io.grpc.netty.shaded.io.netty.util.internal.PlatformDependent -- -Dio.netty.uninitializedArrayAllocationThreshold: -1
10:31:40.561 [main] DEBUG io.grpc.netty.shaded.io.netty.util.internal.CleanerJava9 -- java.nio.ByteBuffer.cleaner(): available
10:31:40.561 [main] DEBUG io.grpc.netty.shaded.io.netty.util.internal.PlatformDependent -- -Dio.netty.noPreferDirect: false
10:31:40.572 [main] DEBUG io.grpc.netty.shaded.io.netty.util.internal.NativeLibraryLoader -- -Dio.netty.native.workdir: /tmp (io.netty.tmpdir)
10:31:40.572 [main] DEBUG io.grpc.netty.shaded.io.netty.util.internal.NativeLibraryLoader -- -Dio.netty.native.deleteLibAfterLoading: true
10:31:40.572 [main] DEBUG io.grpc.netty.shaded.io.netty.util.internal.NativeLibraryLoader -- -Dio.netty.native.tryPatchShadedId: true
10:31:40.572 [main] DEBUG io.grpc.netty.shaded.io.netty.util.internal.NativeLibraryLoader -- -Dio.netty.native.detectNativeLibraryDuplicates: true
10:31:40.576 [main] DEBUG io.grpc.netty.shaded.io.netty.util.internal.NativeLibraryLoader -- Successfully loaded the library /tmp/libio_grpc_netty_shaded_netty_transport_native_epoll_x86_647959060511809683404.so
10:31:40.578 [main] DEBUG io.grpc.netty.shaded.io.netty.util.NetUtil -- -Djava.net.preferIPv4Stack: false
10:31:40.578 [main] DEBUG io.grpc.netty.shaded.io.netty.util.NetUtil -- -Djava.net.preferIPv6Addresses: false
10:31:40.579 [main] DEBUG io.grpc.netty.shaded.io.netty.util.NetUtilInitializations -- Loopback interface: lo (lo, 0:0:0:0:0:0:0:1%lo)
10:31:40.579 [main] DEBUG io.grpc.netty.shaded.io.netty.util.NetUtil -- /proc/sys/net/core/somaxconn: 4096
10:31:40.590 [main] DEBUG io.grpc.netty.shaded.io.netty.channel.MultithreadEventLoopGroup -- -Dio.netty.eventLoopThreads: 32
10:31:40.620 [main] DEBUG io.grpc.netty.shaded.io.netty.util.internal.NativeLibraryLoader -- Successfully loaded the library /tmp/libio_grpc_netty_shaded_netty_tcnative_linux_x86_6413503838710226901527.so
10:31:40.620 [main] DEBUG io.grpc.netty.shaded.io.netty.util.internal.NativeLibraryLoader -- Loaded library with name 'netty_tcnative_linux_x86_64'
10:31:40.620 [main] DEBUG io.grpc.netty.shaded.io.netty.handler.ssl.OpenSsl -- Initialize netty-tcnative using engine: 'default'
10:31:40.620 [main] DEBUG io.grpc.netty.shaded.io.netty.handler.ssl.OpenSsl -- netty-tcnative using native library: BoringSSL
10:31:40.635 [main] DEBUG io.grpc.netty.shaded.io.netty.util.ResourceLeakDetector -- -Dio.grpc.netty.shaded.io.netty.leakDetection.level: simple
10:31:40.635 [main] DEBUG io.grpc.netty.shaded.io.netty.util.ResourceLeakDetector -- -Dio.grpc.netty.shaded.io.netty.leakDetection.targetRecords: 4
10:31:40.637 [main] DEBUG io.grpc.netty.shaded.io.netty.buffer.AbstractByteBuf -- -Dio.grpc.netty.shaded.io.netty.buffer.checkAccessible: true
10:31:40.637 [main] DEBUG io.grpc.netty.shaded.io.netty.buffer.AbstractByteBuf -- -Dio.grpc.netty.shaded.io.netty.buffer.checkBounds: true
10:31:40.637 [main] DEBUG io.grpc.netty.shaded.io.netty.util.ResourceLeakDetectorFactory -- Loaded default ResourceLeakDetector: io.grpc.netty.shaded.io.netty.util.ResourceLeakDetector@29c5ee1d
10:31:40.642 [main] DEBUG io.grpc.netty.shaded.io.netty.util.internal.InternalThreadLocalMap -- -Dio.netty.threadLocalMap.stringBuilder.initialSize: 1024
10:31:40.642 [main] DEBUG io.grpc.netty.shaded.io.netty.util.internal.InternalThreadLocalMap -- -Dio.netty.threadLocalMap.stringBuilder.maxSize: 4096
10:31:40.643 [main] DEBUG io.grpc.netty.shaded.io.netty.buffer.PooledByteBufAllocator -- -Dio.netty.allocator.numHeapArenas: 32
10:31:40.643 [main] DEBUG io.grpc.netty.shaded.io.netty.buffer.PooledByteBufAllocator -- -Dio.netty.allocator.numDirectArenas: 32
10:31:40.643 [main] DEBUG io.grpc.netty.shaded.io.netty.buffer.PooledByteBufAllocator -- -Dio.netty.allocator.pageSize: 8192
10:31:40.643 [main] DEBUG io.grpc.netty.shaded.io.netty.buffer.PooledByteBufAllocator -- -Dio.netty.allocator.maxOrder: 9
10:31:40.643 [main] DEBUG io.grpc.netty.shaded.io.netty.buffer.PooledByteBufAllocator -- -Dio.netty.allocator.chunkSize: 4194304
10:31:40.643 [main] DEBUG io.grpc.netty.shaded.io.netty.buffer.PooledByteBufAllocator -- -Dio.netty.allocator.smallCacheSize: 256
10:31:40.643 [main] DEBUG io.grpc.netty.shaded.io.netty.buffer.PooledByteBufAllocator -- -Dio.netty.allocator.normalCacheSize: 64
10:31:40.644 [main] DEBUG io.grpc.netty.shaded.io.netty.buffer.PooledByteBufAllocator -- -Dio.netty.allocator.maxCachedBufferCapacity: 32768
10:31:40.644 [main] DEBUG io.grpc.netty.shaded.io.netty.buffer.PooledByteBufAllocator -- -Dio.netty.allocator.cacheTrimInterval: 8192
10:31:40.644 [main] DEBUG io.grpc.netty.shaded.io.netty.buffer.PooledByteBufAllocator -- -Dio.netty.allocator.cacheTrimIntervalMillis: 0
10:31:40.644 [main] DEBUG io.grpc.netty.shaded.io.netty.buffer.PooledByteBufAllocator -- -Dio.netty.allocator.useCacheForAllThreads: false
10:31:40.644 [main] DEBUG io.grpc.netty.shaded.io.netty.buffer.PooledByteBufAllocator -- -Dio.netty.allocator.maxCachedByteBuffersPerChunk: 1023
10:31:40.650 [main] DEBUG io.grpc.netty.shaded.io.netty.buffer.ByteBufUtil -- -Dio.netty.allocator.type: pooled
10:31:40.650 [main] DEBUG io.grpc.netty.shaded.io.netty.buffer.ByteBufUtil -- -Dio.netty.threadLocalDirectBufferSize: 0
10:31:40.650 [main] DEBUG io.grpc.netty.shaded.io.netty.buffer.ByteBufUtil -- -Dio.netty.maxThreadLocalCharBufferSize: 16384
10:31:40.651 [main] DEBUG io.grpc.netty.shaded.io.netty.util.ResourceLeakDetectorFactory -- Loaded default ResourceLeakDetector: io.grpc.netty.shaded.io.netty.util.ResourceLeakDetector@38eb2fb0
10:31:40.655 [main] DEBUG io.grpc.netty.shaded.io.netty.util.Recycler -- -Dio.netty.recycler.maxCapacityPerThread: 4096
10:31:40.655 [main] DEBUG io.grpc.netty.shaded.io.netty.util.Recycler -- -Dio.netty.recycler.ratio: 8
10:31:40.655 [main] DEBUG io.grpc.netty.shaded.io.netty.util.Recycler -- -Dio.netty.recycler.chunkSize: 32
10:31:40.655 [main] DEBUG io.grpc.netty.shaded.io.netty.util.Recycler -- -Dio.netty.recycler.blocking: false
10:31:40.658 [main] DEBUG io.grpc.netty.shaded.io.netty.util.internal.PlatformDependent -- org.jctools-core.MpscChunkedArrayQueue: available
10:31:40.664 [main] DEBUG io.grpc.netty.shaded.io.netty.handler.ssl.CipherSuiteConverter -- Cipher suite mapping: TLS_ECDHE_ECDSA_WITH_AES_128_GCM_SHA256 => ECDHE-ECDSA-AES128-GCM-SHA256
10:31:40.664 [main] DEBUG io.grpc.netty.shaded.io.netty.handler.ssl.CipherSuiteConverter -- Cipher suite mapping: SSL_ECDHE_ECDSA_WITH_AES_128_GCM_SHA256 => ECDHE-ECDSA-AES128-GCM-SHA256
10:31:40.664 [main] DEBUG io.grpc.netty.shaded.io.netty.handler.ssl.CipherSuiteConverter -- Cipher suite mapping: TLS_ECDHE_RSA_WITH_AES_128_GCM_SHA256 => ECDHE-RSA-AES128-GCM-SHA256
10:31:40.664 [main] DEBUG io.grpc.netty.shaded.io.netty.handler.ssl.CipherSuiteConverter -- Cipher suite mapping: SSL_ECDHE_RSA_WITH_AES_128_GCM_SHA256 => ECDHE-RSA-AES128-GCM-SHA256
10:31:40.664 [main] DEBUG io.grpc.netty.shaded.io.netty.handler.ssl.CipherSuiteConverter -- Cipher suite mapping: TLS_ECDHE_ECDSA_WITH_AES_256_GCM_SHA384 => ECDHE-ECDSA-AES256-GCM-SHA384
10:31:40.664 [main] DEBUG io.grpc.netty.shaded.io.netty.handler.ssl.CipherSuiteConverter -- Cipher suite mapping: SSL_ECDHE_ECDSA_WITH_AES_256_GCM_SHA384 => ECDHE-ECDSA-AES256-GCM-SHA384
10:31:40.664 [main] DEBUG io.grpc.netty.shaded.io.netty.handler.ssl.CipherSuiteConverter -- Cipher suite mapping: TLS_ECDHE_RSA_WITH_AES_256_GCM_SHA384 => ECDHE-RSA-AES256-GCM-SHA384
10:31:40.664 [main] DEBUG io.grpc.netty.shaded.io.netty.handler.ssl.CipherSuiteConverter -- Cipher suite mapping: SSL_ECDHE_RSA_WITH_AES_256_GCM_SHA384 => ECDHE-RSA-AES256-GCM-SHA384
10:31:40.664 [main] DEBUG io.grpc.netty.shaded.io.netty.handler.ssl.CipherSuiteConverter -- Cipher suite mapping: TLS_ECDHE_ECDSA_WITH_CHACHA20_POLY1305_SHA256 => ECDHE-ECDSA-CHACHA20-POLY1305
10:31:40.665 [main] DEBUG io.grpc.netty.shaded.io.netty.handler.ssl.CipherSuiteConverter -- Cipher suite mapping: SSL_ECDHE_ECDSA_WITH_CHACHA20_POLY1305_SHA256 => ECDHE-ECDSA-CHACHA20-POLY1305
10:31:40.665 [main] DEBUG io.grpc.netty.shaded.io.netty.handler.ssl.CipherSuiteConverter -- Cipher suite mapping: TLS_ECDHE_RSA_WITH_CHACHA20_POLY1305_SHA256 => ECDHE-RSA-CHACHA20-POLY1305
10:31:40.665 [main] DEBUG io.grpc.netty.shaded.io.netty.handler.ssl.CipherSuiteConverter -- Cipher suite mapping: SSL_ECDHE_RSA_WITH_CHACHA20_POLY1305_SHA256 => ECDHE-RSA-CHACHA20-POLY1305
10:31:40.665 [main] DEBUG io.grpc.netty.shaded.io.netty.handler.ssl.CipherSuiteConverter -- Cipher suite mapping: TLS_ECDHE_PSK_WITH_CHACHA20_POLY1305_SHA256 => ECDHE-PSK-CHACHA20-POLY1305
10:31:40.665 [main] DEBUG io.grpc.netty.shaded.io.netty.handler.ssl.CipherSuiteConverter -- Cipher suite mapping: SSL_ECDHE_PSK_WITH_CHACHA20_POLY1305_SHA256 => ECDHE-PSK-CHACHA20-POLY1305
10:31:40.665 [main] DEBUG io.grpc.netty.shaded.io.netty.handler.ssl.CipherSuiteConverter -- Cipher suite mapping: TLS_ECDHE_ECDSA_WITH_AES_128_CBC_SHA => ECDHE-ECDSA-AES128-SHA
10:31:40.665 [main] DEBUG io.grpc.netty.shaded.io.netty.handler.ssl.CipherSuiteConverter -- Cipher suite mapping: SSL_ECDHE_ECDSA_WITH_AES_128_CBC_SHA => ECDHE-ECDSA-AES128-SHA
10:31:40.665 [main] DEBUG io.grpc.netty.shaded.io.netty.handler.ssl.CipherSuiteConverter -- Cipher suite mapping: TLS_ECDHE_RSA_WITH_AES_128_CBC_SHA => ECDHE-RSA-AES128-SHA
10:31:40.665 [main] DEBUG io.grpc.netty.shaded.io.netty.handler.ssl.CipherSuiteConverter -- Cipher suite mapping: SSL_ECDHE_RSA_WITH_AES_128_CBC_SHA => ECDHE-RSA-AES128-SHA
10:31:40.665 [main] DEBUG io.grpc.netty.shaded.io.netty.handler.ssl.CipherSuiteConverter -- Cipher suite mapping: TLS_ECDHE_PSK_WITH_AES_128_CBC_SHA => ECDHE-PSK-AES128-CBC-SHA
10:31:40.665 [main] DEBUG io.grpc.netty.shaded.io.netty.handler.ssl.CipherSuiteConverter -- Cipher suite mapping: SSL_ECDHE_PSK_WITH_AES_128_CBC_SHA => ECDHE-PSK-AES128-CBC-SHA
10:31:40.665 [main] DEBUG io.grpc.netty.shaded.io.netty.handler.ssl.CipherSuiteConverter -- Cipher suite mapping: TLS_ECDHE_ECDSA_WITH_AES_256_CBC_SHA => ECDHE-ECDSA-AES256-SHA
10:31:40.665 [main] DEBUG io.grpc.netty.shaded.io.netty.handler.ssl.CipherSuiteConverter -- Cipher suite mapping: SSL_ECDHE_ECDSA_WITH_AES_256_CBC_SHA => ECDHE-ECDSA-AES256-SHA
10:31:40.665 [main] DEBUG io.grpc.netty.shaded.io.netty.handler.ssl.CipherSuiteConverter -- Cipher suite mapping: TLS_ECDHE_RSA_WITH_AES_256_CBC_SHA => ECDHE-RSA-AES256-SHA
10:31:40.665 [main] DEBUG io.grpc.netty.shaded.io.netty.handler.ssl.CipherSuiteConverter -- Cipher suite mapping: SSL_ECDHE_RSA_WITH_AES_256_CBC_SHA => ECDHE-RSA-AES256-SHA
10:31:40.665 [main] DEBUG io.grpc.netty.shaded.io.netty.handler.ssl.CipherSuiteConverter -- Cipher suite mapping: TLS_ECDHE_PSK_WITH_AES_256_CBC_SHA => ECDHE-PSK-AES256-CBC-SHA
10:31:40.665 [main] DEBUG io.grpc.netty.shaded.io.netty.handler.ssl.CipherSuiteConverter -- Cipher suite mapping: SSL_ECDHE_PSK_WITH_AES_256_CBC_SHA => ECDHE-PSK-AES256-CBC-SHA
10:31:40.665 [main] DEBUG io.grpc.netty.shaded.io.netty.handler.ssl.CipherSuiteConverter -- Cipher suite mapping: TLS_RSA_WITH_AES_128_GCM_SHA256 => AES128-GCM-SHA256
10:31:40.665 [main] DEBUG io.grpc.netty.shaded.io.netty.handler.ssl.CipherSuiteConverter -- Cipher suite mapping: SSL_RSA_WITH_AES_128_GCM_SHA256 => AES128-GCM-SHA256
10:31:40.665 [main] DEBUG io.grpc.netty.shaded.io.netty.handler.ssl.CipherSuiteConverter -- Cipher suite mapping: TLS_RSA_WITH_AES_256_GCM_SHA384 => AES256-GCM-SHA384
10:31:40.665 [main] DEBUG io.grpc.netty.shaded.io.netty.handler.ssl.CipherSuiteConverter -- Cipher suite mapping: SSL_RSA_WITH_AES_256_GCM_SHA384 => AES256-GCM-SHA384
10:31:40.665 [main] DEBUG io.grpc.netty.shaded.io.netty.handler.ssl.CipherSuiteConverter -- Cipher suite mapping: TLS_RSA_WITH_AES_128_CBC_SHA => AES128-SHA
10:31:40.665 [main] DEBUG io.grpc.netty.shaded.io.netty.handler.ssl.CipherSuiteConverter -- Cipher suite mapping: SSL_RSA_WITH_AES_128_CBC_SHA => AES128-SHA
10:31:40.665 [main] DEBUG io.grpc.netty.shaded.io.netty.handler.ssl.CipherSuiteConverter -- Cipher suite mapping: TLS_PSK_WITH_AES_128_CBC_SHA => PSK-AES128-CBC-SHA
10:31:40.665 [main] DEBUG io.grpc.netty.shaded.io.netty.handler.ssl.CipherSuiteConverter -- Cipher suite mapping: SSL_PSK_WITH_AES_128_CBC_SHA => PSK-AES128-CBC-SHA
10:31:40.665 [main] DEBUG io.grpc.netty.shaded.io.netty.handler.ssl.CipherSuiteConverter -- Cipher suite mapping: TLS_RSA_WITH_AES_256_CBC_SHA => AES256-SHA
10:31:40.665 [main] DEBUG io.grpc.netty.shaded.io.netty.handler.ssl.CipherSuiteConverter -- Cipher suite mapping: SSL_RSA_WITH_AES_256_CBC_SHA => AES256-SHA
10:31:40.665 [main] DEBUG io.grpc.netty.shaded.io.netty.handler.ssl.CipherSuiteConverter -- Cipher suite mapping: TLS_PSK_WITH_AES_256_CBC_SHA => PSK-AES256-CBC-SHA
10:31:40.666 [main] DEBUG io.grpc.netty.shaded.io.netty.handler.ssl.CipherSuiteConverter -- Cipher suite mapping: SSL_PSK_WITH_AES_256_CBC_SHA => PSK-AES256-CBC-SHA
10:31:40.666 [main] DEBUG io.grpc.netty.shaded.io.netty.handler.ssl.CipherSuiteConverter -- Cipher suite mapping: TLS_RSA_WITH_3DES_EDE_CBC_SHA => DES-CBC3-SHA
10:31:40.666 [main] DEBUG io.grpc.netty.shaded.io.netty.handler.ssl.CipherSuiteConverter -- Cipher suite mapping: SSL_RSA_WITH_3DES_EDE_CBC_SHA => DES-CBC3-SHA
10:31:40.666 [main] DEBUG io.grpc.netty.shaded.io.netty.handler.ssl.OpenSsl -- Supported protocols (OpenSSL): [SSLv2Hello, TLSv1, TLSv1.1, TLSv1.2, TLSv1.3] 
10:31:40.666 [main] DEBUG io.grpc.netty.shaded.io.netty.handler.ssl.OpenSsl -- Default cipher suites (OpenSSL): [TLS_ECDHE_ECDSA_WITH_AES_256_GCM_SHA384, TLS_ECDHE_ECDSA_WITH_AES_128_GCM_SHA256, TLS_ECDHE_RSA_WITH_AES_128_GCM_SHA256, TLS_ECDHE_RSA_WITH_AES_256_GCM_SHA384, TLS_ECDHE_RSA_WITH_AES_128_CBC_SHA, TLS_ECDHE_RSA_WITH_AES_256_CBC_SHA, TLS_RSA_WITH_AES_128_GCM_SHA256, TLS_RSA_WITH_AES_128_CBC_SHA, TLS_RSA_WITH_AES_256_CBC_SHA, TLS_AES_128_GCM_SHA256, TLS_AES_256_GCM_SHA384, TLS_AES_128_GCM_SHA256, TLS_AES_256_GCM_SHA384, TLS_AES_128_GCM_SHA256, TLS_AES_256_GCM_SHA384, TLS_CHACHA20_POLY1305_SHA256]
10:31:41.000 [grpc-default-executor-0] DEBUG io.grpc.netty.shaded.io.netty.channel.DefaultChannelId -- -Dio.netty.processId: 41611 (auto-detected)
10:31:41.001 [grpc-default-executor-0] DEBUG io.grpc.netty.shaded.io.netty.channel.DefaultChannelId -- -Dio.netty.machineId: 10:6f:d9:ff:fe:d1:3f:91 (auto-detected)
10:31:41.047 [grpc-default-worker-ELG-1-4] DEBUG io.grpc.netty.shaded.io.netty.util.ResourceLeakDetectorFactory -- Loaded default ResourceLeakDetector: io.grpc.netty.shaded.io.netty.util.ResourceLeakDetector@5d07c53e
10:31:41.119 [grpc-default-worker-ELG-1-4] DEBUG io.grpc.netty.shaded.io.netty.handler.ssl.SslHandler -- [id: 0x6ff9e3ad, L:/192.168.178.109:43878 - R:firestore.googleapis.com/216.58.204.138:443] HANDSHAKEN: protocol:TLSv1.3 cipher suite:TLS_AES_128_GCM_SHA256
10:31:41.122 [grpc-default-worker-ELG-1-4] DEBUG io.grpc.netty.shaded.io.grpc.netty.NettyClientHandler -- [id: 0x6ff9e3ad, L:/192.168.178.109:43878 - R:firestore.googleapis.com/216.58.204.138:443] OUTBOUND SETTINGS: ack=false settings={ENABLE_PUSH=0, MAX_CONCURRENT_STREAMS=0, INITIAL_WINDOW_SIZE=1048576, MAX_HEADER_LIST_SIZE=8192}
10:31:41.123 [grpc-default-worker-ELG-1-4] DEBUG io.grpc.netty.shaded.io.grpc.netty.NettyClientHandler -- [id: 0x6ff9e3ad, L:/192.168.178.109:43878 - R:firestore.googleapis.com/216.58.204.138:443] OUTBOUND WINDOW_UPDATE: streamId=0 windowSizeIncrement=983041
10:31:41.151 [grpc-default-worker-ELG-1-4] DEBUG io.grpc.netty.shaded.io.grpc.netty.NettyClientHandler -- [id: 0x6ff9e3ad, L:/192.168.178.109:43878 - R:firestore.googleapis.com/216.58.204.138:443] INBOUND SETTINGS: ack=false settings={MAX_CONCURRENT_STREAMS=100, INITIAL_WINDOW_SIZE=1048576, MAX_HEADER_LIST_SIZE=65536}
10:31:41.152 [grpc-default-worker-ELG-1-4] DEBUG io.grpc.netty.shaded.io.grpc.netty.NettyClientHandler -- [id: 0x6ff9e3ad, L:/192.168.178.109:43878 - R:firestore.googleapis.com/216.58.204.138:443] OUTBOUND SETTINGS: ack=true
10:31:41.156 [grpc-default-worker-ELG-1-4] DEBUG io.grpc.netty.shaded.io.grpc.netty.NettyClientHandler -- [id: 0x6ff9e3ad, L:/192.168.178.109:43878 - R:firestore.googleapis.com/216.58.204.138:443] INBOUND WINDOW_UPDATE: streamId=0 windowSizeIncrement=983041
10:31:41.156 [grpc-default-worker-ELG-1-4] DEBUG io.grpc.netty.shaded.io.grpc.netty.NettyClientHandler -- [id: 0x6ff9e3ad, L:/192.168.178.109:43878 - R:firestore.googleapis.com/216.58.204.138:443] INBOUND SETTINGS: ack=true
10:31:41.401 [grpc-default-worker-ELG-1-4] DEBUG io.grpc.netty.shaded.io.grpc.netty.NettyClientHandler -- [id: 0x6ff9e3ad, L:/192.168.178.109:43878 - R:firestore.googleapis.com/216.58.204.138:443] OUTBOUND HEADERS: streamId=3 headers=GrpcHttp2OutboundHeaders[:authority: firestore.googleapis.com:443, :path: /google.firestore.v1.Firestore/Commit, :method: POST, :scheme: https, content-type: application/grpc, te: trailers, user-agent: grpc-java-netty/1.55.1, x-goog-api-client: gl-java/17.0.12 gccl/3.13.0 gapic/3.13.0 gax/2.29.0 grpc/1.55.1, google-cloud-resource-prefix: projects/audio-transcriptor-24e9e/databases/(default), x-goog-request-params: database=projects%2Faudio-transcriptor-24e9e%2Fdatabases%2F%28default%29, grpc-accept-encoding: gzip, authorization: Bearer ya29.c.c0ASRK0GYP2bJOPkbSy0cfOrD8bB2lAYh079W9bmu0PPLE8KcxVNSycopQ1unZUsX9WeLBPJ9kdhca-ZlA0REM0WCV17MIOvp4wyXcpipy3Q2L4roMECHUI1S3kUrZWn5MBzlRnfIOLnn_g4jYng6HVdtGCks2yxXcUGH9J3DOZQydgwzWJY6_v7iY4nyNHsIt2R_b2KDU0PVgzXq1DPU1K6rte4vz2JjqG6BvyEg5-JCLAnYQwso0bPRDtuTQ05BFBP-VOnKw-KogInegQBBBc3TvK8Of6NG4kCidBd9Vob8KJAATlU26HWkhp6weoA72OP8JsnBAyBaxDyEx6A4nbXzXGuMh-8W_TVfzE8F8yq7y1vsKKdi6gW6n3bFLRCRG1uv5zwE399DzwOZsgkW-svQiZcOviU0xg86pQn5OdVy2IevMlBrr1vVI5pxOic21_tX8Uu--1bVtnQqB_ccweIUypOJzV9ag4R72jkcYUvFwoU4y1Zlc7fjYOgV7Vtq9qfIjQ_QzVYqnfy68MFBF4aw_u8wwvj3t_noe6Xpoxq8jopOW665w7sjlmoSpv06vSQmtjM9nMztkJJ22-YY87q7281J0wgUcXl1xV5YIVkg9QgYW-gZdm92IO25oh7ru35lv9OJ6a0fQRbmohxVsn_gX2y58rjXrZU_2X9tw_z3c74bgeUSIwIOsd9BmZj5hU3MnZqbez3VfYv3BsdSsOxWJ2IpJnfRYRFuqdZMa-5_F1onQ05m57tFza6mQnnygQ87RWrf-Umd_rm97riww0t7ikcSatzoh7eXZOjFY5tOimmb3x0gnrZSzjVYdeBjaYfM84dcnb4mlX8xXhBldeo0i6VuSFsXrhRgW4wb-vmnYVqaIxtiJBtJUw9QfQn9r335yR2ipVJeIlQ1_Yk9Jgx2iMvtFJJi7j-ei_OZxJcXtwIcz0F_b_zs60SYVsrUQax4Sc9Ys56jZi_hpwonuUFjqgrg37Bi0e-qUyvybhgyy44UlYvMqXx8, grpc-timeout: 49427263u] streamDependency=0 weight=16 exclusive=false padding=0 endStream=false
10:31:41.405 [grpc-default-worker-ELG-1-4] DEBUG io.grpc.netty.shaded.io.grpc.netty.NettyClientHandler -- [id: 0x6ff9e3ad, L:/192.168.178.109:43878 - R:firestore.googleapis.com/216.58.204.138:443] OUTBOUND DATA: streamId=3 padding=0 endStream=true length=316 bytes=00000001370a3570726f6a656374732f617564696f2d7472616e7363726970746f722d32346539652f6461746162617365732f2864656661756c742912fd010a...
10:31:42.345 [grpc-default-worker-ELG-1-4] DEBUG io.grpc.netty.shaded.io.grpc.netty.NettyClientHandler -- [id: 0x6ff9e3ad, L:/192.168.178.109:43878 - R:firestore.googleapis.com/216.58.204.138:443] INBOUND HEADERS: streamId=3 headers=GrpcHttp2ResponseHeaders[:status: 200, content-disposition: attachment, content-type: application/grpc, x-debug-tracking-id: 829499684368078662;o=1, date: Tue, 18 Feb 2025 09:31:42 GMT, alt-svc: h3=":443"; ma=2592000,h3-29=":443"; ma=2592000] padding=0 endStream=false
10:31:42.347 [grpc-default-worker-ELG-1-4] DEBUG io.grpc.netty.shaded.io.grpc.netty.NettyClientHandler -- [id: 0x6ff9e3ad, L:/192.168.178.109:43878 - R:firestore.googleapis.com/216.58.204.138:443] INBOUND DATA: streamId=3 padding=0 endStream=false length=33 bytes=000000001c0a0d0a0b08fea6d1bd0610889ecc3b120b08fea6d1bd0610889ecc3b
10:31:42.347 [grpc-default-worker-ELG-1-4] DEBUG io.grpc.netty.shaded.io.grpc.netty.NettyClientHandler -- [id: 0x6ff9e3ad, L:/192.168.178.109:43878 - R:firestore.googleapis.com/216.58.204.138:443] OUTBOUND PING: ack=false bytes=1234
10:31:42.349 [grpc-default-worker-ELG-1-4] DEBUG io.grpc.netty.shaded.io.grpc.netty.NettyClientHandler -- [id: 0x6ff9e3ad, L:/192.168.178.109:43878 - R:firestore.googleapis.com/216.58.204.138:443] INBOUND HEADERS: streamId=3 headers=GrpcHttp2ResponseHeaders[grpc-status: 0, content-disposition: attachment, x-debug-tracking-id: 829499684368078662;o=1] padding=0 endStream=true
10:31:42.351 [grpc-default-worker-ELG-1-4] DEBUG io.grpc.netty.shaded.io.grpc.netty.NettyClientHandler -- [id: 0x6ff9e3ad, L:/192.168.178.109:43878 - R:firestore.googleapis.com/216.58.204.138:443] INBOUND PING: ack=false bytes=403
10:31:42.351 [grpc-default-worker-ELG-1-4] DEBUG io.grpc.netty.shaded.io.grpc.netty.NettyClientHandler -- [id: 0x6ff9e3ad, L:/192.168.178.109:43878 - R:firestore.googleapis.com/216.58.204.138:443] OUTBOUND PING: ack=true bytes=403
]]></system-out>
  </testcase>
  <testcase name="testRetrieveNotes" classname="persistence.FirebaseNotesDAOTest" time="0.274">
    <system-out><![CDATA[10:31:42.376 [grpc-default-worker-ELG-1-4] DEBUG io.grpc.netty.shaded.io.grpc.netty.NettyClientHandler -- [id: 0x6ff9e3ad, L:/192.168.178.109:43878 - R:firestore.googleapis.com/216.58.204.138:443] OUTBOUND HEADERS: streamId=5 headers=GrpcHttp2OutboundHeaders[:authority: firestore.googleapis.com:443, :path: /google.firestore.v1.Firestore/RunQuery, :method: POST, :scheme: https, content-type: application/grpc, te: trailers, user-agent: grpc-java-netty/1.55.1, x-goog-api-client: gl-java/17.0.12 gccl/3.13.0 gapic/3.13.0 gax/2.29.0 grpc/1.55.1, google-cloud-resource-prefix: projects/audio-transcriptor-24e9e/databases/(default), x-goog-request-params: parent=projects%2Faudio-transcriptor-24e9e%2Fdatabases%2F%28default%29%2Fdocuments, grpc-accept-encoding: gzip, authorization: Bearer ya29.c.c0ASRK0GYP2bJOPkbSy0cfOrD8bB2lAYh079W9bmu0PPLE8KcxVNSycopQ1unZUsX9WeLBPJ9kdhca-ZlA0REM0WCV17MIOvp4wyXcpipy3Q2L4roMECHUI1S3kUrZWn5MBzlRnfIOLnn_g4jYng6HVdtGCks2yxXcUGH9J3DOZQydgwzWJY6_v7iY4nyNHsIt2R_b2KDU0PVgzXq1DPU1K6rte4vz2JjqG6BvyEg5-JCLAnYQwso0bPRDtuTQ05BFBP-VOnKw-KogInegQBBBc3TvK8Of6NG4kCidBd9Vob8KJAATlU26HWkhp6weoA72OP8JsnBAyBaxDyEx6A4nbXzXGuMh-8W_TVfzE8F8yq7y1vsKKdi6gW6n3bFLRCRG1uv5zwE399DzwOZsgkW-svQiZcOviU0xg86pQn5OdVy2IevMlBrr1vVI5pxOic21_tX8Uu--1bVtnQqB_ccweIUypOJzV9ag4R72jkcYUvFwoU4y1Zlc7fjYOgV7Vtq9qfIjQ_QzVYqnfy68MFBF4aw_u8wwvj3t_noe6Xpoxq8jopOW665w7sjlmoSpv06vSQmtjM9nMztkJJ22-YY87q7281J0wgUcXl1xV5YIVkg9QgYW-gZdm92IO25oh7ru35lv9OJ6a0fQRbmohxVsn_gX2y58rjXrZU_2X9tw_z3c74bgeUSIwIOsd9BmZj5hU3MnZqbez3VfYv3BsdSsOxWJ2IpJnfRYRFuqdZMa-5_F1onQ05m57tFza6mQnnygQ87RWrf-Umd_rm97riww0t7ikcSatzoh7eXZOjFY5tOimmb3x0gnrZSzjVYdeBjaYfM84dcnb4mlX8xXhBldeo0i6VuSFsXrhRgW4wb-vmnYVqaIxtiJBtJUw9QfQn9r335yR2ipVJeIlQ1_Yk9Jgx2iMvtFJJi7j-ei_OZxJcXtwIcz0F_b_zs60SYVsrUQax4Sc9Ys56jZi_hpwonuUFjqgrg37Bi0e-qUyvybhgyy44UlYvMqXx8, grpc-timeout: 49999063u] streamDependency=0 weight=16 exclusive=false padding=0 endStream=false
10:31:42.377 [grpc-default-worker-ELG-1-4] DEBUG io.grpc.netty.shaded.io.grpc.netty.NettyClientHandler -- [id: 0x6ff9e3ad, L:/192.168.178.109:43878 - R:firestore.googleapis.com/216.58.204.138:443] OUTBOUND DATA: streamId=5 padding=0 endStream=true length=81 bytes=000000004c0a3f70726f6a656374732f617564696f2d7472616e7363726970746f722d32346539652f6461746162617365732f2864656661756c74292f646f63...
10:31:42.377 [grpc-default-worker-ELG-1-4] DEBUG io.grpc.netty.shaded.io.grpc.netty.NettyClientHandler -- [id: 0x6ff9e3ad, L:/192.168.178.109:43878 - R:firestore.googleapis.com/216.58.204.138:443] INBOUND PING: ack=true bytes=1234
10:31:42.608 [grpc-default-worker-ELG-1-4] DEBUG io.grpc.netty.shaded.io.grpc.netty.NettyClientHandler -- [id: 0x6ff9e3ad, L:/192.168.178.109:43878 - R:firestore.googleapis.com/216.58.204.138:443] INBOUND HEADERS: streamId=5 headers=GrpcHttp2ResponseHeaders[:status: 200, content-disposition: attachment, content-type: application/grpc, x-debug-tracking-id: 11390447920501757760;o=1, date: Tue, 18 Feb 2025 09:31:42 GMT, alt-svc: h3=":443"; ma=2592000,h3-29=":443"; ma=2592000] padding=0 endStream=false
10:31:42.609 [grpc-default-worker-ELG-1-4] DEBUG io.grpc.netty.shaded.io.grpc.netty.NettyClientHandler -- [id: 0x6ff9e3ad, L:/192.168.178.109:43878 - R:firestore.googleapis.com/216.58.204.138:443] INBOUND DATA: streamId=5 padding=0 endStream=false length=555 bytes=00000002260a95040a6a70726f6a656374732f617564696f2d7472616e7363726970746f722d32346539652f6461746162617365732f2864656661756c74292f...
10:31:42.609 [grpc-default-worker-ELG-1-4] DEBUG io.grpc.netty.shaded.io.grpc.netty.NettyClientHandler -- [id: 0x6ff9e3ad, L:/192.168.178.109:43878 - R:firestore.googleapis.com/216.58.204.138:443] INBOUND DATA: streamId=5 padding=0 endStream=false length=300 bytes=00000001270a96020a6a70726f6a656374732f617564696f2d7472616e7363726970746f722d32346539652f6461746162617365732f2864656661756c74292f...
10:31:42.609 [grpc-default-worker-ELG-1-4] DEBUG io.grpc.netty.shaded.io.grpc.netty.NettyClientHandler -- [id: 0x6ff9e3ad, L:/192.168.178.109:43878 - R:firestore.googleapis.com/216.58.204.138:443] INBOUND DATA: streamId=5 padding=0 endStream=false length=300 bytes=00000001270a96020a6a70726f6a656374732f617564696f2d7472616e7363726970746f722d32346539652f6461746162617365732f2864656661756c74292f...
10:31:42.610 [grpc-default-worker-ELG-1-4] DEBUG io.grpc.netty.shaded.io.grpc.netty.NettyClientHandler -- [id: 0x6ff9e3ad, L:/192.168.178.109:43878 - R:firestore.googleapis.com/216.58.204.138:443] INBOUND DATA: streamId=5 padding=0 endStream=false length=489 bytes=00000001e40ad3030a5470726f6a656374732f617564696f2d7472616e7363726970746f722d32346539652f6461746162617365732f2864656661756c74292f...
10:31:42.611 [grpc-default-worker-ELG-1-4] DEBUG io.grpc.netty.shaded.io.grpc.netty.NettyClientHandler -- [id: 0x6ff9e3ad, L:/192.168.178.109:43878 - R:firestore.googleapis.com/216.58.204.138:443] INBOUND DATA: streamId=5 padding=0 endStream=false length=497 bytes=00000001ec0adb030a5470726f6a656374732f617564696f2d7472616e7363726970746f722d32346539652f6461746162617365732f2864656661756c74292f...
10:31:42.611 [grpc-default-worker-ELG-1-4] DEBUG io.grpc.netty.shaded.io.grpc.netty.NettyClientHandler -- [id: 0x6ff9e3ad, L:/192.168.178.109:43878 - R:firestore.googleapis.com/216.58.204.138:443] INBOUND DATA: streamId=5 padding=0 endStream=false length=513 bytes=00000001fc0aeb030a5470726f6a656374732f617564696f2d7472616e7363726970746f722d32346539652f6461746162617365732f2864656661756c74292f...
10:31:42.612 [grpc-default-worker-ELG-1-4] DEBUG io.grpc.netty.shaded.io.grpc.netty.NettyClientHandler -- [id: 0x6ff9e3ad, L:/192.168.178.109:43878 - R:firestore.googleapis.com/216.58.204.138:443] INBOUND DATA: streamId=5 padding=0 endStream=false length=501 bytes=00000001f00adf030a5470726f6a656374732f617564696f2d7472616e7363726970746f722d32346539652f6461746162617365732f2864656661756c74292f...
10:31:42.613 [grpc-default-worker-ELG-1-4] DEBUG io.grpc.netty.shaded.io.grpc.netty.NettyClientHandler -- [id: 0x6ff9e3ad, L:/192.168.178.109:43878 - R:firestore.googleapis.com/216.58.204.138:443] INBOUND DATA: streamId=5 padding=0 endStream=false length=638 bytes=00000002790ae8040a5370726f6a656374732f617564696f2d7472616e7363726970746f722d32346539652f6461746162617365732f2864656661756c74292f...
10:31:42.617 [grpc-default-worker-ELG-1-4] DEBUG io.grpc.netty.shaded.io.grpc.netty.NettyClientHandler -- [id: 0x6ff9e3ad, L:/192.168.178.109:43878 - R:firestore.googleapis.com/216.58.204.138:443] INBOUND DATA: streamId=5 padding=0 endStream=false length=300 bytes=00000001270a96020a6a70726f6a656374732f617564696f2d7472616e7363726970746f722d32346539652f6461746162617365732f2864656661756c74292f...
10:31:42.618 [grpc-default-worker-ELG-1-4] DEBUG io.grpc.netty.shaded.io.grpc.netty.NettyClientHandler -- [id: 0x6ff9e3ad, L:/192.168.178.109:43878 - R:firestore.googleapis.com/216.58.204.138:443] INBOUND DATA: streamId=5 padding=0 endStream=false length=1762 bytes=00000001140a83020a6a70726f6a656374732f617564696f2d7472616e7363726970746f722d32346539652f6461746162617365732f2864656661756c74292f...
10:31:42.625 [grpc-default-worker-ELG-1-4] DEBUG io.grpc.netty.shaded.io.grpc.netty.NettyClientHandler -- [id: 0x6ff9e3ad, L:/192.168.178.109:43878 - R:firestore.googleapis.com/216.58.204.138:443] INBOUND DATA: streamId=5 padding=0 endStream=false length=557 bytes=00000002280a97040a6a70726f6a656374732f617564696f2d7472616e7363726970746f722d32346539652f6461746162617365732f2864656661756c74292f...
10:31:42.627 [grpc-default-worker-ELG-1-4] DEBUG io.grpc.netty.shaded.io.grpc.netty.NettyClientHandler -- [id: 0x6ff9e3ad, L:/192.168.178.109:43878 - R:firestore.googleapis.com/216.58.204.138:443] INBOUND DATA: streamId=5 padding=0 endStream=false length=1672 bytes=00000001250a94020a6a70726f6a656374732f617564696f2d7472616e7363726970746f722d32346539652f6461746162617365732f2864656661756c74292f...
10:31:42.634 [grpc-default-worker-ELG-1-4] DEBUG io.grpc.netty.shaded.io.grpc.netty.NettyClientHandler -- [id: 0x6ff9e3ad, L:/192.168.178.109:43878 - R:firestore.googleapis.com/216.58.204.138:443] INBOUND DATA: streamId=5 padding=0 endStream=false length=300 bytes=00000001270a96020a6a70726f6a656374732f617564696f2d7472616e7363726970746f722d32346539652f6461746162617365732f2864656661756c74292f...
10:31:42.635 [grpc-default-worker-ELG-1-4] DEBUG io.grpc.netty.shaded.io.grpc.netty.NettyClientHandler -- [id: 0x6ff9e3ad, L:/192.168.178.109:43878 - R:firestore.googleapis.com/216.58.204.138:443] INBOUND DATA: streamId=5 padding=0 endStream=false length=1152 bytes=00000001250a94020a6a70726f6a656374732f617564696f2d7472616e7363726970746f722d32346539652f6461746162617365732f2864656661756c74292f...
10:31:42.635 [grpc-default-worker-ELG-1-4] DEBUG io.grpc.netty.shaded.io.grpc.netty.NettyClientHandler -- [id: 0x6ff9e3ad, L:/192.168.178.109:43878 - R:firestore.googleapis.com/216.58.204.138:443] INBOUND HEADERS: streamId=5 headers=GrpcHttp2ResponseHeaders[grpc-status: 0, content-disposition: attachment, x-debug-tracking-id: 11390447920501757760;o=1] padding=0 endStream=true
10:31:42.635 [grpc-default-worker-ELG-1-4] DEBUG io.grpc.netty.shaded.io.grpc.netty.NettyClientHandler -- [id: 0x6ff9e3ad, L:/192.168.178.109:43878 - R:firestore.googleapis.com/216.58.204.138:443] INBOUND PING: ack=false bytes=405
10:31:42.635 [grpc-default-worker-ELG-1-4] DEBUG io.grpc.netty.shaded.io.grpc.netty.NettyClientHandler -- [id: 0x6ff9e3ad, L:/192.168.178.109:43878 - R:firestore.googleapis.com/216.58.204.138:443] OUTBOUND PING: ack=true bytes=405
]]></system-out>
  </testcase>
</testsuite>