<?xml version="1.0" encoding="UTF-8"?>
<testsuite xmlns:xsi="http://www.w3.org/2001/XMLSchema-instance" xsi:noNamespaceSchemaLocation="https://maven.apache.org/surefire/maven-surefire-plugin/xsd/surefire-test-report-3.0.xsd" version="3.0" name="persistence.FileSystemNotesDAOTest" time="0.747" tests="2" errors="0" skipped="0" failures="0">
  <properties>
    <property name="java.specification.version" value="17"/>
    <property name="sun.jnu.encoding" value="UTF-8"/>
    <property name="java.class.path" value="/home/maverick/Scrivania/Uni/Esami da fare/ISPW/audio-transcriptor/target/test-classes:/home/maverick/Scrivania/Uni/Esami da fare/ISPW/audio-transcriptor/target/classes:/home/maverick/.m2/repository/org/openjfx/javafx-controls/20/javafx-controls-20.jar:/home/maverick/.m2/repository/org/openjfx/javafx-controls/20/javafx-controls-20-linux.jar:/home/maverick/.m2/repository/org/openjfx/javafx-graphics/20/javafx-graphics-20.jar:/home/maverick/.m2/repository/org/openjfx/javafx-graphics/20/javafx-graphics-20-linux.jar:/home/maverick/.m2/repository/org/openjfx/javafx-base/20/javafx-base-20.jar:/home/maverick/.m2/repository/org/openjfx/javafx-base/20/javafx-base-20-linux.jar:/home/maverick/.m2/repository/org/openjfx/javafx-fxml/20/javafx-fxml-20.jar:/home/maverick/.m2/repository/org/openjfx/javafx-fxml/20/javafx-fxml-20-linux.jar:/home/maverick/.m2/repository/com/alphacephei/vosk/0.3.45/vosk-0.3.45.jar:/home/maverick/.m2/repository/net/java/dev/jna/jna/5.7.0/jna-5.7.0.jar:/home/maverick/.m2/repository/javazoom/jlayer/1.0.1/jlayer-1.0.1.jar:/home/maverick/.m2/repository/com/google/code/gson/gson/2.10.1/gson-2.10.1.jar:/home/maverick/.m2/repository/org/json/json/20210307/json-20210307.jar:/home/maverick/.m2/repository/com/google/firebase/firebase-admin/9.2.0/firebase-admin-9.2.0.jar:/home/maverick/.m2/repository/com/google/api-client/google-api-client-gson/2.2.0/google-api-client-gson-2.2.0.jar:/home/maverick/.m2/repository/com/google/http-client/google-http-client/1.43.1/google-http-client-1.43.1.jar:/home/maverick/.m2/repository/com/google/j2objc/j2objc-annotations/1.3/j2objc-annotations-1.3.jar:/home/maverick/.m2/repository/io/opencensus/opencensus-api/0.31.1/opencensus-api-0.31.1.jar:/home/maverick/.m2/repository/io/opencensus/opencensus-contrib-http-util/0.31.1/opencensus-contrib-http-util-0.31.1.jar:/home/maverick/.m2/repository/com/google/api/api-common/2.12.0/api-common-2.12.0.jar:/home/maverick/.m2/repository/javax/annotation/javax.annotation-api/1.3.2/javax.annotation-api-1.3.2.jar:/home/maverick/.m2/repository/com/google/cloud/google-cloud-storage/2.22.4/google-cloud-storage-2.22.4.jar:/home/maverick/.m2/repository/com/google/guava/failureaccess/1.0.1/failureaccess-1.0.1.jar:/home/maverick/.m2/repository/com/google/guava/listenablefuture/9999.0-empty-to-avoid-conflict-with-guava/listenablefuture-9999.0-empty-to-avoid-conflict-with-guava.jar:/home/maverick/.m2/repository/com/google/http-client/google-http-client-jackson2/1.43.1/google-http-client-jackson2-1.43.1.jar:/home/maverick/.m2/repository/com/google/apis/google-api-services-storage/v1-rev20230301-2.0.0/google-api-services-storage-v1-rev20230301-2.0.0.jar:/home/maverick/.m2/repository/com/google/cloud/google-cloud-core/2.19.0/google-cloud-core-2.19.0.jar:/home/maverick/.m2/repository/com/google/cloud/google-cloud-core-http/2.19.0/google-cloud-core-http-2.19.0.jar:/home/maverick/.m2/repository/com/google/http-client/google-http-client-appengine/1.43.1/google-http-client-appengine-1.43.1.jar:/home/maverick/.m2/repository/com/google/api/gax-httpjson/0.114.0/gax-httpjson-0.114.0.jar:/home/maverick/.m2/repository/com/google/cloud/google-cloud-core-grpc/2.19.0/google-cloud-core-grpc-2.19.0.jar:/home/maverick/.m2/repository/com/google/api/gax/2.29.0/gax-2.29.0.jar:/home/maverick/.m2/repository/com/google/api/gax-grpc/2.29.0/gax-grpc-2.29.0.jar:/home/maverick/.m2/repository/io/grpc/grpc-alts/1.55.1/grpc-alts-1.55.1.jar:/home/maverick/.m2/repository/io/grpc/grpc-grpclb/1.55.1/grpc-grpclb-1.55.1.jar:/home/maverick/.m2/repository/org/conscrypt/conscrypt-openjdk-uber/2.5.2/conscrypt-openjdk-uber-2.5.2.jar:/home/maverick/.m2/repository/io/grpc/grpc-auth/1.55.1/grpc-auth-1.55.1.jar:/home/maverick/.m2/repository/io/grpc/grpc-protobuf/1.55.1/grpc-protobuf-1.55.1.jar:/home/maverick/.m2/repository/io/grpc/grpc-protobuf-lite/1.55.1/grpc-protobuf-lite-1.55.1.jar:/home/maverick/.m2/repository/io/grpc/grpc-context/1.55.1/grpc-context-1.55.1.jar:/home/maverick/.m2/repository/com/google/api/grpc/proto-google-iam-v1/1.15.0/proto-google-iam-v1-1.15.0.jar:/home/maverick/.m2/repository/com/google/protobuf/protobuf-java/3.23.2/protobuf-java-3.23.2.jar:/home/maverick/.m2/repository/com/google/protobuf/protobuf-java-util/3.23.2/protobuf-java-util-3.23.2.jar:/home/maverick/.m2/repository/com/google/api/grpc/proto-google-common-protos/2.20.0/proto-google-common-protos-2.20.0.jar:/home/maverick/.m2/repository/org/threeten/threetenbp/1.6.8/threetenbp-1.6.8.jar:/home/maverick/.m2/repository/com/google/api/grpc/proto-google-cloud-storage-v2/2.22.4-alpha/proto-google-cloud-storage-v2-2.22.4-alpha.jar:/home/maverick/.m2/repository/com/google/api/grpc/grpc-google-cloud-storage-v2/2.22.4-alpha/grpc-google-cloud-storage-v2-2.22.4-alpha.jar:/home/maverick/.m2/repository/com/google/api/grpc/gapic-google-cloud-storage-v2/2.22.4-alpha/gapic-google-cloud-storage-v2-2.22.4-alpha.jar:/home/maverick/.m2/repository/com/fasterxml/jackson/core/jackson-core/2.14.2/jackson-core-2.14.2.jar:/home/maverick/.m2/repository/io/grpc/grpc-api/1.55.1/grpc-api-1.55.1.jar:/home/maverick/.m2/repository/io/grpc/grpc-netty-shaded/1.55.1/grpc-netty-shaded-1.55.1.jar:/home/maverick/.m2/repository/io/perfmark/perfmark-api/0.26.0/perfmark-api-0.26.0.jar:/home/maverick/.m2/repository/io/grpc/grpc-core/1.55.1/grpc-core-1.55.1.jar:/home/maverick/.m2/repository/com/google/android/annotations/4.1.1.4/annotations-4.1.1.4.jar:/home/maverick/.m2/repository/org/codehaus/mojo/animal-sniffer-annotations/1.23/animal-sniffer-annotations-1.23.jar:/home/maverick/.m2/repository/io/grpc/grpc-stub/1.55.1/grpc-stub-1.55.1.jar:/home/maverick/.m2/repository/io/grpc/grpc-googleapis/1.55.1/grpc-googleapis-1.55.1.jar:/home/maverick/.m2/repository/org/checkerframework/checker-qual/3.32.0/checker-qual-3.32.0.jar:/home/maverick/.m2/repository/io/grpc/grpc-xds/1.55.1/grpc-xds-1.55.1.jar:/home/maverick/.m2/repository/io/opencensus/opencensus-proto/0.2.0/opencensus-proto-0.2.0.jar:/home/maverick/.m2/repository/io/grpc/grpc-services/1.55.1/grpc-services-1.55.1.jar:/home/maverick/.m2/repository/com/google/re2j/re2j/1.6/re2j-1.6.jar:/home/maverick/.m2/repository/io/grpc/grpc-rls/1.55.1/grpc-rls-1.55.1.jar:/home/maverick/.m2/repository/com/google/cloud/google-cloud-firestore/3.13.0/google-cloud-firestore-3.13.0.jar:/home/maverick/.m2/repository/commons-logging/commons-logging/1.2/commons-logging-1.2.jar:/home/maverick/.m2/repository/com/google/api/grpc/proto-google-cloud-firestore-v1/3.13.0/proto-google-cloud-firestore-v1-3.13.0.jar:/home/maverick/.m2/repository/com/google/cloud/proto-google-cloud-firestore-bundle-v1/3.13.0/proto-google-cloud-firestore-bundle-v1-3.13.0.jar:/home/maverick/.m2/repository/io/opencensus/opencensus-contrib-grpc-util/0.31.1/opencensus-contrib-grpc-util-0.31.1.jar:/home/maverick/.m2/repository/com/google/guava/guava/31.1-jre/guava-31.1-jre.jar:/home/maverick/.m2/repository/io/netty/netty-codec-http/4.1.94.Final/netty-codec-http-4.1.94.Final.jar:/home/maverick/.m2/repository/io/netty/netty-common/4.1.94.Final/netty-common-4.1.94.Final.jar:/home/maverick/.m2/repository/io/netty/netty-buffer/4.1.94.Final/netty-buffer-4.1.94.Final.jar:/home/maverick/.m2/repository/io/netty/netty-codec/4.1.94.Final/netty-codec-4.1.94.Final.jar:/home/maverick/.m2/repository/io/netty/netty-handler/4.1.94.Final/netty-handler-4.1.94.Final.jar:/home/maverick/.m2/repository/io/netty/netty-resolver/4.1.94.Final/netty-resolver-4.1.94.Final.jar:/home/maverick/.m2/repository/io/netty/netty-transport-native-unix-common/4.1.94.Final/netty-transport-native-unix-common-4.1.94.Final.jar:/home/maverick/.m2/repository/io/netty/netty-transport/4.1.94.Final/netty-transport-4.1.94.Final.jar:/home/maverick/.m2/repository/com/google/auth/google-auth-library-oauth2-http/1.21.0/google-auth-library-oauth2-http-1.21.0.jar:/home/maverick/.m2/repository/com/google/auto/value/auto-value-annotations/1.10.4/auto-value-annotations-1.10.4.jar:/home/maverick/.m2/repository/com/google/code/findbugs/jsr305/3.0.2/jsr305-3.0.2.jar:/home/maverick/.m2/repository/com/google/auth/google-auth-library-credentials/1.21.0/google-auth-library-credentials-1.21.0.jar:/home/maverick/.m2/repository/com/google/http-client/google-http-client-gson/1.43.3/google-http-client-gson-1.43.3.jar:/home/maverick/.m2/repository/com/google/errorprone/error_prone_annotations/2.18.0/error_prone_annotations-2.18.0.jar:/home/maverick/.m2/repository/com/google/api-client/google-api-client/2.2.0/google-api-client-2.2.0.jar:/home/maverick/.m2/repository/commons-codec/commons-codec/1.15/commons-codec-1.15.jar:/home/maverick/.m2/repository/com/google/oauth-client/google-oauth-client/1.34.1/google-oauth-client-1.34.1.jar:/home/maverick/.m2/repository/com/google/http-client/google-http-client-apache-v2/1.42.3/google-http-client-apache-v2-1.42.3.jar:/home/maverick/.m2/repository/org/apache/httpcomponents/httpcore/4.4.16/httpcore-4.4.16.jar:/home/maverick/.m2/repository/org/apache/httpcomponents/httpclient/4.5.14/httpclient-4.5.14.jar:/home/maverick/.m2/repository/org/apache/httpcomponents/client5/httpclient5/5.2.1/httpclient5-5.2.1.jar:/home/maverick/.m2/repository/org/apache/httpcomponents/core5/httpcore5-h2/5.2/httpcore5-h2-5.2.jar:/home/maverick/.m2/repository/org/apache/httpcomponents/core5/httpcore5/5.2/httpcore5-5.2.jar:/home/maverick/.m2/repository/io/github/cdimascio/dotenv-java/3.1.0/dotenv-java-3.1.0.jar:/home/maverick/.m2/repository/com/sparkjava/spark-core/2.9.3/spark-core-2.9.3.jar:/home/maverick/.m2/repository/org/eclipse/jetty/jetty-server/9.4.31.v20200723/jetty-server-9.4.31.v20200723.jar:/home/maverick/.m2/repository/javax/servlet/javax.servlet-api/3.1.0/javax.servlet-api-3.1.0.jar:/home/maverick/.m2/repository/org/eclipse/jetty/jetty-http/9.4.31.v20200723/jetty-http-9.4.31.v20200723.jar:/home/maverick/.m2/repository/org/eclipse/jetty/jetty-util/9.4.31.v20200723/jetty-util-9.4.31.v20200723.jar:/home/maverick/.m2/repository/org/eclipse/jetty/jetty-io/9.4.31.v20200723/jetty-io-9.4.31.v20200723.jar:/home/maverick/.m2/repository/org/eclipse/jetty/jetty-webapp/9.4.31.v20200723/jetty-webapp-9.4.31.v20200723.jar:/home/maverick/.m2/repository/org/eclipse/jetty/jetty-xml/9.4.31.v20200723/jetty-xml-9.4.31.v20200723.jar:/home/maverick/.m2/repository/org/eclipse/jetty/jetty-servlet/9.4.31.v20200723/jetty-servlet-9.4.31.v20200723.jar:/home/maverick/.m2/repository/org/eclipse/jetty/jetty-security/9.4.31.v20200723/jetty-security-9.4.31.v20200723.jar:/home/maverick/.m2/repository/org/eclipse/jetty/websocket/websocket-server/9.4.31.v20200723/websocket-server-9.4.31.v20200723.jar:/home/maverick/.m2/repository/org/eclipse/jetty/websocket/websocket-common/9.4.31.v20200723/websocket-common-9.4.31.v20200723.jar:/home/maverick/.m2/repository/org/eclipse/jetty/websocket/websocket-client/9.4.31.v20200723/websocket-client-9.4.31.v20200723.jar:/home/maverick/.m2/repository/org/eclipse/jetty/jetty-client/9.4.31.v20200723/jetty-client-9.4.31.v20200723.jar:/home/maverick/.m2/repository/org/eclipse/jetty/websocket/websocket-servlet/9.4.31.v20200723/websocket-servlet-9.4.31.v20200723.jar:/home/maverick/.m2/repository/org/eclipse/jetty/websocket/websocket-api/9.4.31.v20200723/websocket-api-9.4.31.v20200723.jar:/home/maverick/.m2/repository/org/slf4j/slf4j-api/2.0.9/slf4j-api-2.0.9.jar:/home/maverick/.m2/repository/ch/qos/logback/logback-classic/1.4.14/logback-classic-1.4.14.jar:/home/maverick/.m2/repository/ch/qos/logback/logback-core/1.4.14/logback-core-1.4.14.jar:/home/maverick/.m2/repository/org/kordamp/ikonli/ikonli-javafx/12.3.1/ikonli-javafx-12.3.1.jar:/home/maverick/.m2/repository/org/kordamp/ikonli/ikonli-core/12.3.1/ikonli-core-12.3.1.jar:/home/maverick/.m2/repository/org/apache/xmlgraphics/batik-all/1.14/batik-all-1.14.jar:/home/maverick/.m2/repository/org/apache/xmlgraphics/batik-anim/1.14/batik-anim-1.14.jar:/home/maverick/.m2/repository/org/apache/xmlgraphics/batik-shared-resources/1.14/batik-shared-resources-1.14.jar:/home/maverick/.m2/repository/xml-apis/xml-apis-ext/1.3.04/xml-apis-ext-1.3.04.jar:/home/maverick/.m2/repository/org/apache/xmlgraphics/batik-awt-util/1.14/batik-awt-util-1.14.jar:/home/maverick/.m2/repository/org/apache/xmlgraphics/xmlgraphics-commons/2.6/xmlgraphics-commons-2.6.jar:/home/maverick/.m2/repository/commons-io/commons-io/1.3.1/commons-io-1.3.1.jar:/home/maverick/.m2/repository/org/apache/xmlgraphics/batik-bridge/1.14/batik-bridge-1.14.jar:/home/maverick/.m2/repository/org/apache/xmlgraphics/batik-codec/1.14/batik-codec-1.14.jar:/home/maverick/.m2/repository/org/apache/xmlgraphics/batik-constants/1.14/batik-constants-1.14.jar:/home/maverick/.m2/repository/org/apache/xmlgraphics/batik-css/1.14/batik-css-1.14.jar:/home/maverick/.m2/repository/org/apache/xmlgraphics/batik-dom/1.14/batik-dom-1.14.jar:/home/maverick/.m2/repository/xalan/xalan/2.7.2/xalan-2.7.2.jar:/home/maverick/.m2/repository/xalan/serializer/2.7.2/serializer-2.7.2.jar:/home/maverick/.m2/repository/xml-apis/xml-apis/1.4.01/xml-apis-1.4.01.jar:/home/maverick/.m2/repository/org/apache/xmlgraphics/batik-ext/1.14/batik-ext-1.14.jar:/home/maverick/.m2/repository/org/apache/xmlgraphics/batik-extension/1.14/batik-extension-1.14.jar:/home/maverick/.m2/repository/org/apache/xmlgraphics/batik-gui-util/1.14/batik-gui-util-1.14.jar:/home/maverick/.m2/repository/org/apache/xmlgraphics/batik-gvt/1.14/batik-gvt-1.14.jar:/home/maverick/.m2/repository/org/apache/xmlgraphics/batik-i18n/1.14/batik-i18n-1.14.jar:/home/maverick/.m2/repository/org/apache/xmlgraphics/batik-parser/1.14/batik-parser-1.14.jar:/home/maverick/.m2/repository/org/apache/xmlgraphics/batik-rasterizer-ext/1.14/batik-rasterizer-ext-1.14.jar:/home/maverick/.m2/repository/org/apache/xmlgraphics/batik-rasterizer/1.14/batik-rasterizer-1.14.jar:/home/maverick/.m2/repository/org/apache/xmlgraphics/batik-script/1.14/batik-script-1.14.jar:/home/maverick/.m2/repository/org/apache/xmlgraphics/batik-slideshow/1.14/batik-slideshow-1.14.jar:/home/maverick/.m2/repository/org/apache/xmlgraphics/batik-squiggle-ext/1.14/batik-squiggle-ext-1.14.jar:/home/maverick/.m2/repository/org/apache/xmlgraphics/batik-squiggle/1.14/batik-squiggle-1.14.jar:/home/maverick/.m2/repository/org/apache/xmlgraphics/batik-svg-dom/1.14/batik-svg-dom-1.14.jar:/home/maverick/.m2/repository/org/apache/xmlgraphics/batik-svgbrowser/1.14/batik-svgbrowser-1.14.jar:/home/maverick/.m2/repository/org/apache/xmlgraphics/batik-svggen/1.14/batik-svggen-1.14.jar:/home/maverick/.m2/repository/org/apache/xmlgraphics/batik-svgpp/1.14/batik-svgpp-1.14.jar:/home/maverick/.m2/repository/org/apache/xmlgraphics/batik-svgrasterizer/1.14/batik-svgrasterizer-1.14.jar:/home/maverick/.m2/repository/org/apache/xmlgraphics/batik-swing/1.14/batik-swing-1.14.jar:/home/maverick/.m2/repository/org/apache/xmlgraphics/batik-transcoder/1.14/batik-transcoder-1.14.jar:/home/maverick/.m2/repository/org/apache/xmlgraphics/batik-util/1.14/batik-util-1.14.jar:/home/maverick/.m2/repository/org/apache/xmlgraphics/batik-ttf2svg/1.14/batik-ttf2svg-1.14.jar:/home/maverick/.m2/repository/org/apache/xmlgraphics/batik-xml/1.14/batik-xml-1.14.jar:/home/maverick/.m2/repository/org/openjfx/javafx-swing/20/javafx-swing-20.jar:/home/maverick/.m2/repository/org/openjfx/javafx-swing/20/javafx-swing-20-linux.jar:/home/maverick/.m2/repository/org/junit/jupiter/junit-jupiter-api/5.9.2/junit-jupiter-api-5.9.2.jar:/home/maverick/.m2/repository/org/opentest4j/opentest4j/1.2.0/opentest4j-1.2.0.jar:/home/maverick/.m2/repository/org/junit/platform/junit-platform-commons/1.9.2/junit-platform-commons-1.9.2.jar:/home/maverick/.m2/repository/org/apiguardian/apiguardian-api/1.1.2/apiguardian-api-1.1.2.jar:/home/maverick/.m2/repository/org/junit/jupiter/junit-jupiter-engine/5.9.2/junit-jupiter-engine-5.9.2.jar:/home/maverick/.m2/repository/org/junit/platform/junit-platform-engine/1.9.2/junit-platform-engine-1.9.2.jar:/home/maverick/.m2/repository/org/junit/jupiter/junit-jupiter-params/5.9.2/junit-jupiter-params-5.9.2.jar:/home/maverick/.m2/repository/org/junit/vintage/junit-vintage-engine/5.9.2/junit-vintage-engine-5.9.2.jar:/home/maverick/.m2/repository/junit/junit/4.13.2/junit-4.13.2.jar:/home/maverick/.m2/repository/org/hamcrest/hamcrest-core/1.3/hamcrest-core-1.3.jar:"/>
    <property name="java.vm.vendor" value="Arch Linux"/>
    <property name="sun.arch.data.model" value="64"/>
    <property name="java.vendor.url" value="https://openjdk.java.net/"/>
    <property name="user.timezone" value="Europe/Rome"/>
    <property name="os.name" value="Linux"/>
    <property name="java.vm.specification.version" value="17"/>
    <property name="sun.java.launcher" value="SUN_STANDARD"/>
    <property name="user.country" value="IT"/>
    <property name="sun.boot.library.path" value="/usr/lib/jvm/java-17-openjdk/lib"/>
    <property name="sun.java.command" value="/home/maverick/Scrivania/Uni/Esami da fare/ISPW/audio-transcriptor/target/surefire/surefirebooter-20250219191219358_3.jar /home/maverick/Scrivania/Uni/Esami da fare/ISPW/audio-transcriptor/target/surefire 2025-02-19T19-12-19_279-jvmRun1 surefire-20250219191219358_1tmp surefire_0-20250219191219358_2tmp"/>
    <property name="jdk.debug" value="release"/>
    <property name="surefire.test.class.path" value="/home/maverick/Scrivania/Uni/Esami da fare/ISPW/audio-transcriptor/target/test-classes:/home/maverick/Scrivania/Uni/Esami da fare/ISPW/audio-transcriptor/target/classes:/home/maverick/.m2/repository/org/openjfx/javafx-controls/20/javafx-controls-20.jar:/home/maverick/.m2/repository/org/openjfx/javafx-controls/20/javafx-controls-20-linux.jar:/home/maverick/.m2/repository/org/openjfx/javafx-graphics/20/javafx-graphics-20.jar:/home/maverick/.m2/repository/org/openjfx/javafx-graphics/20/javafx-graphics-20-linux.jar:/home/maverick/.m2/repository/org/openjfx/javafx-base/20/javafx-base-20.jar:/home/maverick/.m2/repository/org/openjfx/javafx-base/20/javafx-base-20-linux.jar:/home/maverick/.m2/repository/org/openjfx/javafx-fxml/20/javafx-fxml-20.jar:/home/maverick/.m2/repository/org/openjfx/javafx-fxml/20/javafx-fxml-20-linux.jar:/home/maverick/.m2/repository/com/alphacephei/vosk/0.3.45/vosk-0.3.45.jar:/home/maverick/.m2/repository/net/java/dev/jna/jna/5.7.0/jna-5.7.0.jar:/home/maverick/.m2/repository/javazoom/jlayer/1.0.1/jlayer-1.0.1.jar:/home/maverick/.m2/repository/com/google/code/gson/gson/2.10.1/gson-2.10.1.jar:/home/maverick/.m2/repository/org/json/json/20210307/json-20210307.jar:/home/maverick/.m2/repository/com/google/firebase/firebase-admin/9.2.0/firebase-admin-9.2.0.jar:/home/maverick/.m2/repository/com/google/api-client/google-api-client-gson/2.2.0/google-api-client-gson-2.2.0.jar:/home/maverick/.m2/repository/com/google/http-client/google-http-client/1.43.1/google-http-client-1.43.1.jar:/home/maverick/.m2/repository/com/google/j2objc/j2objc-annotations/1.3/j2objc-annotations-1.3.jar:/home/maverick/.m2/repository/io/opencensus/opencensus-api/0.31.1/opencensus-api-0.31.1.jar:/home/maverick/.m2/repository/io/opencensus/opencensus-contrib-http-util/0.31.1/opencensus-contrib-http-util-0.31.1.jar:/home/maverick/.m2/repository/com/google/api/api-common/2.12.0/api-common-2.12.0.jar:/home/maverick/.m2/repository/javax/annotation/javax.annotation-api/1.3.2/javax.annotation-api-1.3.2.jar:/home/maverick/.m2/repository/com/google/cloud/google-cloud-storage/2.22.4/google-cloud-storage-2.22.4.jar:/home/maverick/.m2/repository/com/google/guava/failureaccess/1.0.1/failureaccess-1.0.1.jar:/home/maverick/.m2/repository/com/google/guava/listenablefuture/9999.0-empty-to-avoid-conflict-with-guava/listenablefuture-9999.0-empty-to-avoid-conflict-with-guava.jar:/home/maverick/.m2/repository/com/google/http-client/google-http-client-jackson2/1.43.1/google-http-client-jackson2-1.43.1.jar:/home/maverick/.m2/repository/com/google/apis/google-api-services-storage/v1-rev20230301-2.0.0/google-api-services-storage-v1-rev20230301-2.0.0.jar:/home/maverick/.m2/repository/com/google/cloud/google-cloud-core/2.19.0/google-cloud-core-2.19.0.jar:/home/maverick/.m2/repository/com/google/cloud/google-cloud-core-http/2.19.0/google-cloud-core-http-2.19.0.jar:/home/maverick/.m2/repository/com/google/http-client/google-http-client-appengine/1.43.1/google-http-client-appengine-1.43.1.jar:/home/maverick/.m2/repository/com/google/api/gax-httpjson/0.114.0/gax-httpjson-0.114.0.jar:/home/maverick/.m2/repository/com/google/cloud/google-cloud-core-grpc/2.19.0/google-cloud-core-grpc-2.19.0.jar:/home/maverick/.m2/repository/com/google/api/gax/2.29.0/gax-2.29.0.jar:/home/maverick/.m2/repository/com/google/api/gax-grpc/2.29.0/gax-grpc-2.29.0.jar:/home/maverick/.m2/repository/io/grpc/grpc-alts/1.55.1/grpc-alts-1.55.1.jar:/home/maverick/.m2/repository/io/grpc/grpc-grpclb/1.55.1/grpc-grpclb-1.55.1.jar:/home/maverick/.m2/repository/org/conscrypt/conscrypt-openjdk-uber/2.5.2/conscrypt-openjdk-uber-2.5.2.jar:/home/maverick/.m2/repository/io/grpc/grpc-auth/1.55.1/grpc-auth-1.55.1.jar:/home/maverick/.m2/repository/io/grpc/grpc-protobuf/1.55.1/grpc-protobuf-1.55.1.jar:/home/maverick/.m2/repository/io/grpc/grpc-protobuf-lite/1.55.1/grpc-protobuf-lite-1.55.1.jar:/home/maverick/.m2/repository/io/grpc/grpc-context/1.55.1/grpc-context-1.55.1.jar:/home/maverick/.m2/repository/com/google/api/grpc/proto-google-iam-v1/1.15.0/proto-google-iam-v1-1.15.0.jar:/home/maverick/.m2/repository/com/google/protobuf/protobuf-java/3.23.2/protobuf-java-3.23.2.jar:/home/maverick/.m2/repository/com/google/protobuf/protobuf-java-util/3.23.2/protobuf-java-util-3.23.2.jar:/home/maverick/.m2/repository/com/google/api/grpc/proto-google-common-protos/2.20.0/proto-google-common-protos-2.20.0.jar:/home/maverick/.m2/repository/org/threeten/threetenbp/1.6.8/threetenbp-1.6.8.jar:/home/maverick/.m2/repository/com/google/api/grpc/proto-google-cloud-storage-v2/2.22.4-alpha/proto-google-cloud-storage-v2-2.22.4-alpha.jar:/home/maverick/.m2/repository/com/google/api/grpc/grpc-google-cloud-storage-v2/2.22.4-alpha/grpc-google-cloud-storage-v2-2.22.4-alpha.jar:/home/maverick/.m2/repository/com/google/api/grpc/gapic-google-cloud-storage-v2/2.22.4-alpha/gapic-google-cloud-storage-v2-2.22.4-alpha.jar:/home/maverick/.m2/repository/com/fasterxml/jackson/core/jackson-core/2.14.2/jackson-core-2.14.2.jar:/home/maverick/.m2/repository/io/grpc/grpc-api/1.55.1/grpc-api-1.55.1.jar:/home/maverick/.m2/repository/io/grpc/grpc-netty-shaded/1.55.1/grpc-netty-shaded-1.55.1.jar:/home/maverick/.m2/repository/io/perfmark/perfmark-api/0.26.0/perfmark-api-0.26.0.jar:/home/maverick/.m2/repository/io/grpc/grpc-core/1.55.1/grpc-core-1.55.1.jar:/home/maverick/.m2/repository/com/google/android/annotations/4.1.1.4/annotations-4.1.1.4.jar:/home/maverick/.m2/repository/org/codehaus/mojo/animal-sniffer-annotations/1.23/animal-sniffer-annotations-1.23.jar:/home/maverick/.m2/repository/io/grpc/grpc-stub/1.55.1/grpc-stub-1.55.1.jar:/home/maverick/.m2/repository/io/grpc/grpc-googleapis/1.55.1/grpc-googleapis-1.55.1.jar:/home/maverick/.m2/repository/org/checkerframework/checker-qual/3.32.0/checker-qual-3.32.0.jar:/home/maverick/.m2/repository/io/grpc/grpc-xds/1.55.1/grpc-xds-1.55.1.jar:/home/maverick/.m2/repository/io/opencensus/opencensus-proto/0.2.0/opencensus-proto-0.2.0.jar:/home/maverick/.m2/repository/io/grpc/grpc-services/1.55.1/grpc-services-1.55.1.jar:/home/maverick/.m2/repository/com/google/re2j/re2j/1.6/re2j-1.6.jar:/home/maverick/.m2/repository/io/grpc/grpc-rls/1.55.1/grpc-rls-1.55.1.jar:/home/maverick/.m2/repository/com/google/cloud/google-cloud-firestore/3.13.0/google-cloud-firestore-3.13.0.jar:/home/maverick/.m2/repository/commons-logging/commons-logging/1.2/commons-logging-1.2.jar:/home/maverick/.m2/repository/com/google/api/grpc/proto-google-cloud-firestore-v1/3.13.0/proto-google-cloud-firestore-v1-3.13.0.jar:/home/maverick/.m2/repository/com/google/cloud/proto-google-cloud-firestore-bundle-v1/3.13.0/proto-google-cloud-firestore-bundle-v1-3.13.0.jar:/home/maverick/.m2/repository/io/opencensus/opencensus-contrib-grpc-util/0.31.1/opencensus-contrib-grpc-util-0.31.1.jar:/home/maverick/.m2/repository/com/google/guava/guava/31.1-jre/guava-31.1-jre.jar:/home/maverick/.m2/repository/io/netty/netty-codec-http/4.1.94.Final/netty-codec-http-4.1.94.Final.jar:/home/maverick/.m2/repository/io/netty/netty-common/4.1.94.Final/netty-common-4.1.94.Final.jar:/home/maverick/.m2/repository/io/netty/netty-buffer/4.1.94.Final/netty-buffer-4.1.94.Final.jar:/home/maverick/.m2/repository/io/netty/netty-codec/4.1.94.Final/netty-codec-4.1.94.Final.jar:/home/maverick/.m2/repository/io/netty/netty-handler/4.1.94.Final/netty-handler-4.1.94.Final.jar:/home/maverick/.m2/repository/io/netty/netty-resolver/4.1.94.Final/netty-resolver-4.1.94.Final.jar:/home/maverick/.m2/repository/io/netty/netty-transport-native-unix-common/4.1.94.Final/netty-transport-native-unix-common-4.1.94.Final.jar:/home/maverick/.m2/repository/io/netty/netty-transport/4.1.94.Final/netty-transport-4.1.94.Final.jar:/home/maverick/.m2/repository/com/google/auth/google-auth-library-oauth2-http/1.21.0/google-auth-library-oauth2-http-1.21.0.jar:/home/maverick/.m2/repository/com/google/auto/value/auto-value-annotations/1.10.4/auto-value-annotations-1.10.4.jar:/home/maverick/.m2/repository/com/google/code/findbugs/jsr305/3.0.2/jsr305-3.0.2.jar:/home/maverick/.m2/repository/com/google/auth/google-auth-library-credentials/1.21.0/google-auth-library-credentials-1.21.0.jar:/home/maverick/.m2/repository/com/google/http-client/google-http-client-gson/1.43.3/google-http-client-gson-1.43.3.jar:/home/maverick/.m2/repository/com/google/errorprone/error_prone_annotations/2.18.0/error_prone_annotations-2.18.0.jar:/home/maverick/.m2/repository/com/google/api-client/google-api-client/2.2.0/google-api-client-2.2.0.jar:/home/maverick/.m2/repository/commons-codec/commons-codec/1.15/commons-codec-1.15.jar:/home/maverick/.m2/repository/com/google/oauth-client/google-oauth-client/1.34.1/google-oauth-client-1.34.1.jar:/home/maverick/.m2/repository/com/google/http-client/google-http-client-apache-v2/1.42.3/google-http-client-apache-v2-1.42.3.jar:/home/maverick/.m2/repository/org/apache/httpcomponents/httpcore/4.4.16/httpcore-4.4.16.jar:/home/maverick/.m2/repository/org/apache/httpcomponents/httpclient/4.5.14/httpclient-4.5.14.jar:/home/maverick/.m2/repository/org/apache/httpcomponents/client5/httpclient5/5.2.1/httpclient5-5.2.1.jar:/home/maverick/.m2/repository/org/apache/httpcomponents/core5/httpcore5-h2/5.2/httpcore5-h2-5.2.jar:/home/maverick/.m2/repository/org/apache/httpcomponents/core5/httpcore5/5.2/httpcore5-5.2.jar:/home/maverick/.m2/repository/io/github/cdimascio/dotenv-java/3.1.0/dotenv-java-3.1.0.jar:/home/maverick/.m2/repository/com/sparkjava/spark-core/2.9.3/spark-core-2.9.3.jar:/home/maverick/.m2/repository/org/eclipse/jetty/jetty-server/9.4.31.v20200723/jetty-server-9.4.31.v20200723.jar:/home/maverick/.m2/repository/javax/servlet/javax.servlet-api/3.1.0/javax.servlet-api-3.1.0.jar:/home/maverick/.m2/repository/org/eclipse/jetty/jetty-http/9.4.31.v20200723/jetty-http-9.4.31.v20200723.jar:/home/maverick/.m2/repository/org/eclipse/jetty/jetty-util/9.4.31.v20200723/jetty-util-9.4.31.v20200723.jar:/home/maverick/.m2/repository/org/eclipse/jetty/jetty-io/9.4.31.v20200723/jetty-io-9.4.31.v20200723.jar:/home/maverick/.m2/repository/org/eclipse/jetty/jetty-webapp/9.4.31.v20200723/jetty-webapp-9.4.31.v20200723.jar:/home/maverick/.m2/repository/org/eclipse/jetty/jetty-xml/9.4.31.v20200723/jetty-xml-9.4.31.v20200723.jar:/home/maverick/.m2/repository/org/eclipse/jetty/jetty-servlet/9.4.31.v20200723/jetty-servlet-9.4.31.v20200723.jar:/home/maverick/.m2/repository/org/eclipse/jetty/jetty-security/9.4.31.v20200723/jetty-security-9.4.31.v20200723.jar:/home/maverick/.m2/repository/org/eclipse/jetty/websocket/websocket-server/9.4.31.v20200723/websocket-server-9.4.31.v20200723.jar:/home/maverick/.m2/repository/org/eclipse/jetty/websocket/websocket-common/9.4.31.v20200723/websocket-common-9.4.31.v20200723.jar:/home/maverick/.m2/repository/org/eclipse/jetty/websocket/websocket-client/9.4.31.v20200723/websocket-client-9.4.31.v20200723.jar:/home/maverick/.m2/repository/org/eclipse/jetty/jetty-client/9.4.31.v20200723/jetty-client-9.4.31.v20200723.jar:/home/maverick/.m2/repository/org/eclipse/jetty/websocket/websocket-servlet/9.4.31.v20200723/websocket-servlet-9.4.31.v20200723.jar:/home/maverick/.m2/repository/org/eclipse/jetty/websocket/websocket-api/9.4.31.v20200723/websocket-api-9.4.31.v20200723.jar:/home/maverick/.m2/repository/org/slf4j/slf4j-api/2.0.9/slf4j-api-2.0.9.jar:/home/maverick/.m2/repository/ch/qos/logback/logback-classic/1.4.14/logback-classic-1.4.14.jar:/home/maverick/.m2/repository/ch/qos/logback/logback-core/1.4.14/logback-core-1.4.14.jar:/home/maverick/.m2/repository/org/kordamp/ikonli/ikonli-javafx/12.3.1/ikonli-javafx-12.3.1.jar:/home/maverick/.m2/repository/org/kordamp/ikonli/ikonli-core/12.3.1/ikonli-core-12.3.1.jar:/home/maverick/.m2/repository/org/apache/xmlgraphics/batik-all/1.14/batik-all-1.14.jar:/home/maverick/.m2/repository/org/apache/xmlgraphics/batik-anim/1.14/batik-anim-1.14.jar:/home/maverick/.m2/repository/org/apache/xmlgraphics/batik-shared-resources/1.14/batik-shared-resources-1.14.jar:/home/maverick/.m2/repository/xml-apis/xml-apis-ext/1.3.04/xml-apis-ext-1.3.04.jar:/home/maverick/.m2/repository/org/apache/xmlgraphics/batik-awt-util/1.14/batik-awt-util-1.14.jar:/home/maverick/.m2/repository/org/apache/xmlgraphics/xmlgraphics-commons/2.6/xmlgraphics-commons-2.6.jar:/home/maverick/.m2/repository/commons-io/commons-io/1.3.1/commons-io-1.3.1.jar:/home/maverick/.m2/repository/org/apache/xmlgraphics/batik-bridge/1.14/batik-bridge-1.14.jar:/home/maverick/.m2/repository/org/apache/xmlgraphics/batik-codec/1.14/batik-codec-1.14.jar:/home/maverick/.m2/repository/org/apache/xmlgraphics/batik-constants/1.14/batik-constants-1.14.jar:/home/maverick/.m2/repository/org/apache/xmlgraphics/batik-css/1.14/batik-css-1.14.jar:/home/maverick/.m2/repository/org/apache/xmlgraphics/batik-dom/1.14/batik-dom-1.14.jar:/home/maverick/.m2/repository/xalan/xalan/2.7.2/xalan-2.7.2.jar:/home/maverick/.m2/repository/xalan/serializer/2.7.2/serializer-2.7.2.jar:/home/maverick/.m2/repository/xml-apis/xml-apis/1.4.01/xml-apis-1.4.01.jar:/home/maverick/.m2/repository/org/apache/xmlgraphics/batik-ext/1.14/batik-ext-1.14.jar:/home/maverick/.m2/repository/org/apache/xmlgraphics/batik-extension/1.14/batik-extension-1.14.jar:/home/maverick/.m2/repository/org/apache/xmlgraphics/batik-gui-util/1.14/batik-gui-util-1.14.jar:/home/maverick/.m2/repository/org/apache/xmlgraphics/batik-gvt/1.14/batik-gvt-1.14.jar:/home/maverick/.m2/repository/org/apache/xmlgraphics/batik-i18n/1.14/batik-i18n-1.14.jar:/home/maverick/.m2/repository/org/apache/xmlgraphics/batik-parser/1.14/batik-parser-1.14.jar:/home/maverick/.m2/repository/org/apache/xmlgraphics/batik-rasterizer-ext/1.14/batik-rasterizer-ext-1.14.jar:/home/maverick/.m2/repository/org/apache/xmlgraphics/batik-rasterizer/1.14/batik-rasterizer-1.14.jar:/home/maverick/.m2/repository/org/apache/xmlgraphics/batik-script/1.14/batik-script-1.14.jar:/home/maverick/.m2/repository/org/apache/xmlgraphics/batik-slideshow/1.14/batik-slideshow-1.14.jar:/home/maverick/.m2/repository/org/apache/xmlgraphics/batik-squiggle-ext/1.14/batik-squiggle-ext-1.14.jar:/home/maverick/.m2/repository/org/apache/xmlgraphics/batik-squiggle/1.14/batik-squiggle-1.14.jar:/home/maverick/.m2/repository/org/apache/xmlgraphics/batik-svg-dom/1.14/batik-svg-dom-1.14.jar:/home/maverick/.m2/repository/org/apache/xmlgraphics/batik-svgbrowser/1.14/batik-svgbrowser-1.14.jar:/home/maverick/.m2/repository/org/apache/xmlgraphics/batik-svggen/1.14/batik-svggen-1.14.jar:/home/maverick/.m2/repository/org/apache/xmlgraphics/batik-svgpp/1.14/batik-svgpp-1.14.jar:/home/maverick/.m2/repository/org/apache/xmlgraphics/batik-svgrasterizer/1.14/batik-svgrasterizer-1.14.jar:/home/maverick/.m2/repository/org/apache/xmlgraphics/batik-swing/1.14/batik-swing-1.14.jar:/home/maverick/.m2/repository/org/apache/xmlgraphics/batik-transcoder/1.14/batik-transcoder-1.14.jar:/home/maverick/.m2/repository/org/apache/xmlgraphics/batik-util/1.14/batik-util-1.14.jar:/home/maverick/.m2/repository/org/apache/xmlgraphics/batik-ttf2svg/1.14/batik-ttf2svg-1.14.jar:/home/maverick/.m2/repository/org/apache/xmlgraphics/batik-xml/1.14/batik-xml-1.14.jar:/home/maverick/.m2/repository/org/openjfx/javafx-swing/20/javafx-swing-20.jar:/home/maverick/.m2/repository/org/openjfx/javafx-swing/20/javafx-swing-20-linux.jar:/home/maverick/.m2/repository/org/junit/jupiter/junit-jupiter-api/5.9.2/junit-jupiter-api-5.9.2.jar:/home/maverick/.m2/repository/org/opentest4j/opentest4j/1.2.0/opentest4j-1.2.0.jar:/home/maverick/.m2/repository/org/junit/platform/junit-platform-commons/1.9.2/junit-platform-commons-1.9.2.jar:/home/maverick/.m2/repository/org/apiguardian/apiguardian-api/1.1.2/apiguardian-api-1.1.2.jar:/home/maverick/.m2/repository/org/junit/jupiter/junit-jupiter-engine/5.9.2/junit-jupiter-engine-5.9.2.jar:/home/maverick/.m2/repository/org/junit/platform/junit-platform-engine/1.9.2/junit-platform-engine-1.9.2.jar:/home/maverick/.m2/repository/org/junit/jupiter/junit-jupiter-params/5.9.2/junit-jupiter-params-5.9.2.jar:/home/maverick/.m2/repository/org/junit/vintage/junit-vintage-engine/5.9.2/junit-vintage-engine-5.9.2.jar:/home/maverick/.m2/repository/junit/junit/4.13.2/junit-4.13.2.jar:/home/maverick/.m2/repository/org/hamcrest/hamcrest-core/1.3/hamcrest-core-1.3.jar:"/>
    <property name="sun.cpu.endian" value="little"/>
    <property name="user.home" value="/home/maverick"/>
    <property name="user.language" value="it"/>
    <property name="java.specification.vendor" value="Oracle Corporation"/>
    <property name="java.version.date" value="2025-01-21"/>
    <property name="java.home" value="/usr/lib/jvm/java-17-openjdk"/>
    <property name="file.separator" value="/"/>
    <property name="basedir" value="/home/maverick/Scrivania/Uni/Esami da fare/ISPW/audio-transcriptor"/>
    <property name="java.vm.compressedOopsMode" value="Zero based"/>
    <property name="line.separator" value="&#10;"/>
    <property name="java.vm.specification.vendor" value="Oracle Corporation"/>
    <property name="java.specification.name" value="Java Platform API Specification"/>
    <property name="surefire.real.class.path" value="/home/maverick/Scrivania/Uni/Esami da fare/ISPW/audio-transcriptor/target/surefire/surefirebooter-20250219191219358_3.jar"/>
    <property name="sun.management.compiler" value="HotSpot 64-Bit Tiered Compilers"/>
    <property name="java.runtime.version" value="17.0.14+7"/>
    <property name="user.name" value="maverick"/>
    <property name="path.separator" value=":"/>
    <property name="os.version" value="6.13.3-arch1-1"/>
    <property name="java.runtime.name" value="OpenJDK Runtime Environment"/>
    <property name="file.encoding" value="UTF-8"/>
    <property name="java.vm.name" value="OpenJDK 64-Bit Server VM"/>
    <property name="localRepository" value="/home/maverick/.m2/repository"/>
    <property name="java.vendor.url.bug" value="https://bugreport.java.com/bugreport/"/>
    <property name="java.io.tmpdir" value="/tmp"/>
    <property name="java.version" value="17.0.14"/>
    <property name="user.dir" value="/home/maverick/Scrivania/Uni/Esami da fare/ISPW/audio-transcriptor"/>
    <property name="os.arch" value="amd64"/>
    <property name="java.vm.specification.name" value="Java Virtual Machine Specification"/>
    <property name="native.encoding" value="UTF-8"/>
    <property name="java.library.path" value="/usr/java/packages/lib:/usr/lib64:/lib64:/lib:/usr/lib"/>
    <property name="java.vm.info" value="mixed mode, sharing"/>
    <property name="java.vendor" value="Arch Linux"/>
    <property name="java.vm.version" value="17.0.14+7"/>
    <property name="java.specification.maintenance.version" value="1"/>
    <property name="sun.io.unicode.encoding" value="UnicodeLittle"/>
    <property name="java.class.version" value="61.0"/>
  </properties>
  <testcase name="testSaveNote" classname="persistence.FileSystemNotesDAOTest" time="0.725">
    <system-out><![CDATA[19:12:19.934 [main] INFO control.AuthController -- User attempting to log in with email: test@example.com
19:12:20.073 [main] DEBUG org.apache.hc.client5.http.impl.classic.InternalHttpClient -- ex-0000000001 preparing request execution
19:12:20.079 [main] DEBUG org.apache.hc.client5.http.impl.classic.ProtocolExec -- ex-0000000001 target auth state: UNCHALLENGED
19:12:20.080 [main] DEBUG org.apache.hc.client5.http.impl.classic.ProtocolExec -- ex-0000000001 proxy auth state: UNCHALLENGED
19:12:20.080 [main] DEBUG org.apache.hc.client5.http.impl.classic.ConnectExec -- ex-0000000001 acquiring connection with route {s}->https://identitytoolkit.googleapis.com:443
19:12:20.081 [main] DEBUG org.apache.hc.client5.http.impl.classic.InternalHttpClient -- ex-0000000001 acquiring endpoint (3 MINUTES)
19:12:20.083 [main] DEBUG org.apache.hc.client5.http.impl.io.PoolingHttpClientConnectionManager -- ex-0000000001 endpoint lease request (3 MINUTES) [route: {s}->https://identitytoolkit.googleapis.com:443][total available: 0; route allocated: 0 of 5; total allocated: 0 of 25]
19:12:20.086 [main] DEBUG org.apache.hc.client5.http.impl.io.PoolingHttpClientConnectionManager -- ex-0000000001 endpoint leased [route: {s}->https://identitytoolkit.googleapis.com:443][total available: 0; route allocated: 1 of 5; total allocated: 1 of 25]
19:12:20.092 [main] DEBUG org.apache.hc.client5.http.impl.io.PoolingHttpClientConnectionManager -- ex-0000000001 acquired ep-0000000001
19:12:20.092 [main] DEBUG org.apache.hc.client5.http.impl.classic.InternalHttpClient -- ex-0000000001 acquired endpoint ep-0000000001
19:12:20.092 [main] DEBUG org.apache.hc.client5.http.impl.classic.ConnectExec -- ex-0000000001 opening connection {s}->https://identitytoolkit.googleapis.com:443
19:12:20.093 [main] DEBUG org.apache.hc.client5.http.impl.classic.InternalHttpClient -- ep-0000000001 connecting endpoint (null)
19:12:20.094 [main] DEBUG org.apache.hc.client5.http.impl.io.PoolingHttpClientConnectionManager -- ep-0000000001 connecting endpoint to https://identitytoolkit.googleapis.com:443 (3 MINUTES)
19:12:20.094 [main] DEBUG org.apache.hc.client5.http.impl.io.DefaultHttpClientConnectionOperator -- identitytoolkit.googleapis.com resolving remote address
19:12:20.107 [main] DEBUG org.apache.hc.client5.http.impl.io.DefaultHttpClientConnectionOperator -- identitytoolkit.googleapis.com resolved to [identitytoolkit.googleapis.com/142.251.209.42, identitytoolkit.googleapis.com/216.58.209.42, identitytoolkit.googleapis.com/216.58.204.138, identitytoolkit.googleapis.com/216.58.204.234, identitytoolkit.googleapis.com/216.58.205.42, identitytoolkit.googleapis.com/142.250.180.138, identitytoolkit.googleapis.com/142.250.180.170, identitytoolkit.googleapis.com/142.251.209.10, identitytoolkit.googleapis.com/2a00:1450:4002:414:0:0:0:200a, identitytoolkit.googleapis.com/2a00:1450:4002:415:0:0:0:200a, identitytoolkit.googleapis.com/2a00:1450:4002:416:0:0:0:200a, identitytoolkit.googleapis.com/2a00:1450:4002:402:0:0:0:200a]
19:12:20.113 [main] DEBUG org.apache.hc.client5.http.impl.io.DefaultHttpClientConnectionOperator -- identitytoolkit.googleapis.com:443 connecting null->identitytoolkit.googleapis.com/142.251.209.42:443 (3 MINUTES)
19:12:20.114 [main] DEBUG org.apache.hc.client5.http.ssl.SSLConnectionSocketFactory -- Connecting socket to identitytoolkit.googleapis.com/142.251.209.42:443 with timeout 3 MINUTES
19:12:20.172 [main] DEBUG org.apache.hc.client5.http.ssl.SSLConnectionSocketFactory -- Enabled protocols: [TLSv1.3, TLSv1.2]
19:12:20.172 [main] DEBUG org.apache.hc.client5.http.ssl.SSLConnectionSocketFactory -- Enabled cipher suites: [TLS_AES_256_GCM_SHA384, TLS_AES_128_GCM_SHA256, TLS_CHACHA20_POLY1305_SHA256, TLS_ECDHE_ECDSA_WITH_AES_256_GCM_SHA384, TLS_ECDHE_ECDSA_WITH_AES_128_GCM_SHA256, TLS_ECDHE_ECDSA_WITH_CHACHA20_POLY1305_SHA256, TLS_ECDHE_RSA_WITH_AES_256_GCM_SHA384, TLS_ECDHE_RSA_WITH_CHACHA20_POLY1305_SHA256, TLS_ECDHE_RSA_WITH_AES_128_GCM_SHA256, TLS_DHE_RSA_WITH_AES_256_GCM_SHA384, TLS_DHE_RSA_WITH_CHACHA20_POLY1305_SHA256, TLS_DHE_DSS_WITH_AES_256_GCM_SHA384, TLS_DHE_RSA_WITH_AES_128_GCM_SHA256, TLS_DHE_DSS_WITH_AES_128_GCM_SHA256, TLS_ECDHE_ECDSA_WITH_AES_256_CBC_SHA384, TLS_ECDHE_RSA_WITH_AES_256_CBC_SHA384, TLS_ECDHE_ECDSA_WITH_AES_128_CBC_SHA256, TLS_ECDHE_RSA_WITH_AES_128_CBC_SHA256, TLS_DHE_RSA_WITH_AES_256_CBC_SHA256, TLS_DHE_DSS_WITH_AES_256_CBC_SHA256, TLS_DHE_RSA_WITH_AES_128_CBC_SHA256, TLS_DHE_DSS_WITH_AES_128_CBC_SHA256, TLS_ECDHE_ECDSA_WITH_AES_256_CBC_SHA, TLS_ECDHE_RSA_WITH_AES_256_CBC_SHA, TLS_ECDHE_ECDSA_WITH_AES_128_CBC_SHA, TLS_ECDHE_RSA_WITH_AES_128_CBC_SHA, TLS_DHE_RSA_WITH_AES_256_CBC_SHA, TLS_DHE_DSS_WITH_AES_256_CBC_SHA, TLS_DHE_RSA_WITH_AES_128_CBC_SHA, TLS_DHE_DSS_WITH_AES_128_CBC_SHA, TLS_RSA_WITH_AES_256_GCM_SHA384, TLS_RSA_WITH_AES_128_GCM_SHA256, TLS_RSA_WITH_AES_256_CBC_SHA256, TLS_RSA_WITH_AES_128_CBC_SHA256, TLS_RSA_WITH_AES_256_CBC_SHA, TLS_RSA_WITH_AES_128_CBC_SHA, TLS_EMPTY_RENEGOTIATION_INFO_SCSV]
19:12:20.172 [main] DEBUG org.apache.hc.client5.http.ssl.SSLConnectionSocketFactory -- Starting handshake (null)
19:12:20.296 [main] DEBUG org.apache.hc.client5.http.ssl.SSLConnectionSocketFactory -- Secure session established
19:12:20.296 [main] DEBUG org.apache.hc.client5.http.ssl.SSLConnectionSocketFactory --  negotiated protocol: TLSv1.3
19:12:20.296 [main] DEBUG org.apache.hc.client5.http.ssl.SSLConnectionSocketFactory --  negotiated cipher suite: TLS_AES_256_GCM_SHA384
19:12:20.296 [main] DEBUG org.apache.hc.client5.http.ssl.SSLConnectionSocketFactory --  peer principal: CN=upload.video.google.com
19:12:20.297 [main] DEBUG org.apache.hc.client5.http.ssl.SSLConnectionSocketFactory --  peer alternative names: [upload.video.google.com, *.clients.google.com, *.docs.google.com, *.drive.google.com, *.gdata.youtube.com, *.googleapis.com, *.photos.google.com, *.youtube-3rd-party.com, upload.google.com, *.upload.google.com, upload.youtube.com, *.upload.youtube.com, uploads.stage.gdata.youtube.com, bg-call-donation.goog, bg-call-donation-alpha.goog, bg-call-donation-canary.goog, bg-call-donation-dev.goog]
19:12:20.297 [main] DEBUG org.apache.hc.client5.http.ssl.SSLConnectionSocketFactory --  issuer principal: CN=WR2, O=Google Trust Services, C=US
19:12:20.298 [main] DEBUG org.apache.hc.client5.http.impl.io.DefaultManagedHttpClientConnection -- http-outgoing-0 set socket timeout to 3 MINUTES
19:12:20.298 [main] DEBUG org.apache.hc.client5.http.impl.io.DefaultHttpClientConnectionOperator -- identitytoolkit.googleapis.com:443 connected null->identitytoolkit.googleapis.com/142.251.209.42:443 as http-outgoing-0
19:12:20.298 [main] DEBUG org.apache.hc.client5.http.impl.io.PoolingHttpClientConnectionManager -- ep-0000000001 connected http-outgoing-0
19:12:20.299 [main] DEBUG org.apache.hc.client5.http.impl.classic.InternalHttpClient -- ep-0000000001 endpoint connected
19:12:20.299 [main] DEBUG org.apache.hc.client5.http.impl.classic.MainClientExec -- ex-0000000001 executing POST /v1/accounts:signInWithPassword?key=AIzaSyBCEOyK7Nd9zdBGPB0uSZEklKAAiWOrJfs HTTP/1.1
19:12:20.299 [main] DEBUG org.apache.hc.client5.http.protocol.RequestAddCookies -- ex-0000000001 Cookie spec selected: strict
19:12:20.302 [main] DEBUG org.apache.hc.client5.http.impl.classic.InternalHttpClient -- ep-0000000001 start execution ex-0000000001
19:12:20.303 [main] DEBUG org.apache.hc.client5.http.impl.io.PoolingHttpClientConnectionManager -- ep-0000000001 executing exchange ex-0000000001 over http-outgoing-0
19:12:20.303 [main] DEBUG org.apache.hc.client5.http.headers -- http-outgoing-0 >> POST /v1/accounts:signInWithPassword?key=AIzaSyBCEOyK7Nd9zdBGPB0uSZEklKAAiWOrJfs HTTP/1.1
19:12:20.303 [main] DEBUG org.apache.hc.client5.http.headers -- http-outgoing-0 >> Content-Type: application/json
19:12:20.303 [main] DEBUG org.apache.hc.client5.http.headers -- http-outgoing-0 >> Accept-Encoding: gzip, x-gzip, deflate
19:12:20.303 [main] DEBUG org.apache.hc.client5.http.headers -- http-outgoing-0 >> Content-Length: 73
19:12:20.303 [main] DEBUG org.apache.hc.client5.http.headers -- http-outgoing-0 >> Host: identitytoolkit.googleapis.com
19:12:20.303 [main] DEBUG org.apache.hc.client5.http.headers -- http-outgoing-0 >> Connection: keep-alive
19:12:20.303 [main] DEBUG org.apache.hc.client5.http.headers -- http-outgoing-0 >> User-Agent: Apache-HttpClient/5.2.1 (Java/17.0.14)
19:12:20.304 [main] DEBUG org.apache.hc.client5.http.wire -- http-outgoing-0 >> "POST /v1/accounts:signInWithPassword?key=AIzaSyBCEOyK7Nd9zdBGPB0uSZEklKAAiWOrJfs HTTP/1.1[\r][\n]"
19:12:20.304 [main] DEBUG org.apache.hc.client5.http.wire -- http-outgoing-0 >> "Content-Type: application/json[\r][\n]"
19:12:20.304 [main] DEBUG org.apache.hc.client5.http.wire -- http-outgoing-0 >> "Accept-Encoding: gzip, x-gzip, deflate[\r][\n]"
19:12:20.304 [main] DEBUG org.apache.hc.client5.http.wire -- http-outgoing-0 >> "Content-Length: 73[\r][\n]"
19:12:20.304 [main] DEBUG org.apache.hc.client5.http.wire -- http-outgoing-0 >> "Host: identitytoolkit.googleapis.com[\r][\n]"
19:12:20.304 [main] DEBUG org.apache.hc.client5.http.wire -- http-outgoing-0 >> "Connection: keep-alive[\r][\n]"
19:12:20.304 [main] DEBUG org.apache.hc.client5.http.wire -- http-outgoing-0 >> "User-Agent: Apache-HttpClient/5.2.1 (Java/17.0.14)[\r][\n]"
19:12:20.304 [main] DEBUG org.apache.hc.client5.http.wire -- http-outgoing-0 >> "[\r][\n]"
19:12:20.304 [main] DEBUG org.apache.hc.client5.http.wire -- http-outgoing-0 >> "{"password":"123456","email":"test@example.com","returnSecureToken":true}"
19:12:20.501 [main] DEBUG org.apache.hc.client5.http.wire -- http-outgoing-0 << "HTTP/1.1 200 OK[\r][\n]"
19:12:20.501 [main] DEBUG org.apache.hc.client5.http.wire -- http-outgoing-0 << "Cache-Control: no-cache, no-store, max-age=0, must-revalidate[\r][\n]"
19:12:20.501 [main] DEBUG org.apache.hc.client5.http.wire -- http-outgoing-0 << "Expires: Mon, 01 Jan 1990 00:00:00 GMT[\r][\n]"
19:12:20.501 [main] DEBUG org.apache.hc.client5.http.wire -- http-outgoing-0 << "Pragma: no-cache[\r][\n]"
19:12:20.501 [main] DEBUG org.apache.hc.client5.http.wire -- http-outgoing-0 << "Date: Wed, 19 Feb 2025 18:12:20 GMT[\r][\n]"
19:12:20.501 [main] DEBUG org.apache.hc.client5.http.wire -- http-outgoing-0 << "Content-Type: application/json; charset=UTF-8[\r][\n]"
19:12:20.501 [main] DEBUG org.apache.hc.client5.http.wire -- http-outgoing-0 << "Vary: Origin[\r][\n]"
19:12:20.501 [main] DEBUG org.apache.hc.client5.http.wire -- http-outgoing-0 << "Vary: X-Origin[\r][\n]"
19:12:20.502 [main] DEBUG org.apache.hc.client5.http.wire -- http-outgoing-0 << "Vary: Referer[\r][\n]"
19:12:20.502 [main] DEBUG org.apache.hc.client5.http.wire -- http-outgoing-0 << "Content-Encoding: gzip[\r][\n]"
19:12:20.502 [main] DEBUG org.apache.hc.client5.http.wire -- http-outgoing-0 << "Server: ESF[\r][\n]"
19:12:20.502 [main] DEBUG org.apache.hc.client5.http.wire -- http-outgoing-0 << "X-XSS-Protection: 0[\r][\n]"
19:12:20.502 [main] DEBUG org.apache.hc.client5.http.wire -- http-outgoing-0 << "X-Frame-Options: SAMEORIGIN[\r][\n]"
19:12:20.502 [main] DEBUG org.apache.hc.client5.http.wire -- http-outgoing-0 << "X-Content-Type-Options: nosniff[\r][\n]"
19:12:20.502 [main] DEBUG org.apache.hc.client5.http.wire -- http-outgoing-0 << "Alt-Svc: h3=":443"; ma=2592000,h3-29=":443"; ma=2592000[\r][\n]"
19:12:20.502 [main] DEBUG org.apache.hc.client5.http.wire -- http-outgoing-0 << "Transfer-Encoding: chunked[\r][\n]"
19:12:20.502 [main] DEBUG org.apache.hc.client5.http.wire -- http-outgoing-0 << "[\r][\n]"
19:12:20.502 [main] DEBUG org.apache.hc.client5.http.wire -- http-outgoing-0 << "00000001[\r][\n]"
19:12:20.502 [main] DEBUG org.apache.hc.client5.http.wire -- http-outgoing-0 << "[0x1f][\r][\n]"
19:12:20.502 [main] DEBUG org.apache.hc.client5.http.wire -- http-outgoing-0 << "00000001[\r][\n]"
19:12:20.502 [main] DEBUG org.apache.hc.client5.http.wire -- http-outgoing-0 << "[0xffffff8b][\r][\n]"
19:12:20.502 [main] DEBUG org.apache.hc.client5.http.wire -- http-outgoing-0 << "00000001[\r][\n]"
19:12:20.502 [main] DEBUG org.apache.hc.client5.http.wire -- http-outgoing-0 << "[0x8][\r][\n]"
19:12:20.502 [main] DEBUG org.apache.hc.client5.http.wire -- http-outgoing-0 << "00000001[\r][\n]"
19:12:20.502 [main] DEBUG org.apache.hc.client5.http.wire -- http-outgoing-0 << "[0x0][\r][\n]"
19:12:20.502 [main] DEBUG org.apache.hc.client5.http.wire -- http-outgoing-0 << "00000001[\r][\n]"
19:12:20.503 [main] DEBUG org.apache.hc.client5.http.wire -- http-outgoing-0 << "[0x0][\r][\n]"
19:12:20.503 [main] DEBUG org.apache.hc.client5.http.wire -- http-outgoing-0 << "00000001[\r][\n]"
19:12:20.503 [main] DEBUG org.apache.hc.client5.http.wire -- http-outgoing-0 << "[0x0][\r][\n]"
19:12:20.503 [main] DEBUG org.apache.hc.client5.http.wire -- http-outgoing-0 << "00000001[\r][\n]"
19:12:20.503 [main] DEBUG org.apache.hc.client5.http.wire -- http-outgoing-0 << "[0x0][\r][\n]"
19:12:20.503 [main] DEBUG org.apache.hc.client5.http.wire -- http-outgoing-0 << "00000001[\r][\n]"
19:12:20.503 [main] DEBUG org.apache.hc.client5.http.wire -- http-outgoing-0 << "[0x0][\r][\n]"
19:12:20.503 [main] DEBUG org.apache.hc.client5.http.wire -- http-outgoing-0 << "001[\r][\n]"
19:12:20.503 [main] DEBUG org.apache.hc.client5.http.wire -- http-outgoing-0 << "[0x2][\r][\n]"
19:12:20.503 [main] DEBUG org.apache.hc.client5.http.wire -- http-outgoing-0 << "424[\r][\n]"
19:12:20.503 [main] DEBUG org.apache.hc.client5.http.wire -- http-outgoing-0 << "[0xffffffff][0xffffff8d][0xffffff94][0xffffffc9][0xffffffb2][0xffffffa3]6[0x14][0xffffff86][0xfffffff7][0xfffffffd][0x14]]7[0xffffffdb][0xffffffb8][0xffffff8b][0xffffffc1][0xffffffd8]&[0xffffffab]`f0[0xffffffc2][0xffffffc6][0xffffff98]isK a[0xffffffc4]`0`0[0xffffffa4][0xfffffff2][0xffffffee][0xffffff81][0xffffffbe][0xffffff9d][0xffffffac][0xffffffb3]S[0xfffffffd][0xfffffffa][0xffffffcf][0xfffffff4][0x1d][0xffffffc4]_[0xffffffdf][0xffffffbe][0x7f][0xffffffff]([0xffffffc8][0x3]}[0xfffffffc][0xfffffff1][0xfffffffd][0xffffff83] [0xfffffffc][0xffffffe8]I?[0xfffffff5]u][0x16][0xffffffa4][0xffffffff][0xffffffcd][0xffffffc3]-I[0xffffffa7]3[0xffffffec][0xffffffba][0xffffffb1]n[0xffffff91][0xffffff83][0xffffffbb][0xffffffa6]~t[0xfffffff8][0xffffffe3][0xfffffff7]5[0xffffffa6][0xffffffac][0x13]X[0xffffffea]?[0xffffffc3][0xffffffc6][0xfffffffe][0xffffffdd][0xffffffa8]F\[0x8]G[0xffffffa8][0x1c][0x14][0xffffff9d][0x12][0xffffffed]IpF%[0xfffffff0][0xffffffdd][0xffffff81][0xfffffffe]2[0xffffffe3][\n]"
19:12:20.503 [main] DEBUG org.apache.hc.client5.http.wire -- http-outgoing-0 << "[0xffffff92]r[0xffffffb5][0xfffffff6][0xffffffb8][0xffffffeb][0xffffffff][0xffffffc4]oX5%[0xfffffffe][0xffffff91][0xffffffd4][0xffffffd5][0xffffffd7]5"]S[0xffffffc2][0x9][0xffffffc0][\n]"
19:12:20.503 [main] DEBUG org.apache.hc.client5.http.wire -- http-outgoing-0 << "[0xffffffaf][0xffffffa6]/[0xffffff91] [0xffffffb7].[0xfffffff0]c[0x15][0xfffffff0]dd[0xffffffb1][0xffffff9a][0x10][0xffffff9b][0x18][0xffffffd7][0xffffffdb][0xffffffac][0xffffffd3][0xffffff80][0xffffffe8][0xffffff9d]^[0xfffffff5]M$[0xffffffea];=?[0xffffffe6]ae[0xffffff90]H[0xffffffd2][0x19][0xffffff90][0xffffff83],dn[[0xffffffdb][0xffffffbd]mCW[0xffffffc9]l7[0xffffffdc]FU[0xffffff94][0x3][0xffffffe9][0xfffffff2][0x6][0xffffff8b]nI[0xfffffff2][0x14]V^[0x15]V7r[0x12][\r][\n]"
19:12:20.503 [main] DEBUG org.apache.hc.client5.http.wire -- http-outgoing-0 << "[0x7][0xffffffc2][0xffffff9a][0xffffffd3][0xfffffff4][0xffffffe8][0xb]I/?[0xffffff96]2M[0xffffffc2]Z[0xffffffab]T#[0xffffffcd][0x19][0xffffff93][0xffffffb9][0x1e]N,(C[0xffffffd6][0xffffff9b][0xffffffa2][0xffffffc0][0x19] [0xffffffe3][0xffffffbd]N[0x15][0x1a]b[0x6]u[0xffffffd1][0xffffff95][0xffffffcb]c[0xffffff86][0x1a][0xffffffc2][0xffffffc0]+[0xffffffa0][0x7f][0xffffffe8][0xffffff91][0xffffffb6][0xffffffb4][0xfffffff8][0x0]yR[0xffffff95]#R[0xfffffff9][0xffffffe9][0xffffffe4][0xffffffea]T[0xffffffe4][0xffffff96][0xffffffa5]NF[0xffffffb2]z[0xfffffff4][0xffffffbc]&[0xffffffff][0xffffffd3]KA[0xffffff85][0xffffffa7][0xffffffa0]O[0xffffff97]K[0xffffffcc][0x1b][0xffffffcc][0x16]g[0xffffffbb][0xfffffff7]-[0xffffff98]/[0xffffffe3][0xffffffd2]2[0xffffff9d]0[0xffffffde][0x14]0[0xffffffe5][0xffffffcf]|[0xffffff88]u[0xffffffb6][0xffffff89][0xffffff8c][0xffffffcc][0xffffffb0][0xffffffea][0xffffff8f][0xffffff97]JQm92,[0x19][0xffffff9c][0xfffffff1]M[0xffffffb9]"*[\n]"
19:12:20.503 [main] DEBUG org.apache.hc.client5.http.wire -- http-outgoing-0 << "=[0xffffffda]a[0xffffffac][0xffffffeb][0xffffff82][0xffffffea][0x1][0xffffffe8][0xffffff90],[0xffffffa8][0x1e][0xffffff88][0xffffffc2][0xffffffda]Q[0xffffffbb]VF{[0xffffffb9][0x19][0xffffff99][0xffffff93]g[0xffffffea][0xffffffd5]=J.[[0x1e]o[0xf][0xffffffa4][0xfffffffa][\n]"
19:12:20.504 [main] DEBUG org.apache.hc.client5.http.wire -- http-outgoing-0 << "[0xffffffba][0xffffffa1]\^[0xffffffd1]4ap!v.[0xffffffb3][0xffffffd6]\p[0xffffffb6]tg[0xffffff81]$,[0xffffffc8][0xffffffbd]m[0xffffffb2] [0xffffffb7][0xffffffdc]d[0xffffffb6][0xffffffdd][0xffffff82][0xffffffb3]r[0xffffff8b][0xffffffb2][0xffffffc4][0xffffff91]D>[0xffffff9d]A[0x7f]\[0xffffffb9]QQ[0x0][0xffffffa8][0xffffff8b][0xffffffea]mC[0xffffff9f][0x1e]c[0xfffffff5][0xfffffff6][\n]"
19:12:20.504 [main] DEBUG org.apache.hc.client5.http.wire -- http-outgoing-0 << "[0x19][0xffffffbe]_[0xffffffe7][0xfffffffa][0xfffffff2][0xffffffbc]STy[0x13][0xfffffff4][0xffffffa3]&[0xfffffff2][0xffffff97][0xfffffffc]U[0xffffff94][0xffffffc5][0x1a]([0xffffff97]z[0x15][0xc][0xffffff8c]2[0xffffffac][0xffffff94]9[0xffffffba][0xffffffea][0xffffffbb]u[0xf][0xffffff91][0xffffffea][0xffffffbd][0xffffff90]Z.[0x1c][0xffffffbc]Y[0xffffffcf][0xffffff9b][0xfffffffd]R[0xffffffbb][0xf][0xfffffffd][0xffffffb2][[0xffffffce][0xffffffb1][0xfffffffe]p[0xffffffca][0xffffff84]u[0xffffff84]([0xffffffc8][0xffffffb2]88[0xfffffffe][0xffffffbb][0xb][0x12][0x4][0xffffffd4]:k[0x13]1\[\n]"
19:12:20.504 [main] DEBUG org.apache.hc.client5.http.wire -- http-outgoing-0 << "}.M4c@UYD[0xffffff81][0xffffffbe][0xfffffff6]6[0xffffff86][0x1][0xffffff98][0x11][0xffffffc3]O[0xffffff91]h[0xfffffff0][0xffffffcb][0xffffffba][0xffffffa5]P([0xffffff92][0xffffffe8]z[0xffffff9a]=zc[0xffffff82][0xffffffe8][0xfffffffc][0x16][0xffffffcd]2`[0xffffffef][0xffffff9c][0xffffffc1]I:[0xffffffcd]m[0xffffff85][0xffffffea]f[0xffffffbd]q[0xffffffb1][0xffffffe1][0x1]&[0xffffffdb]a[0xffffffd8]z{s[0xffffff82]5'[0xffffffc5][0xfffffffe]F[0xffffffa6][0xffffffa0]W[0xffffffe7]@[0xffffffa8]TC[0xffffffdb][0xffffffba][0xffffffad]L[0xffffff8a][0xffffff97],[0xffffffa4][0xffffff9a][0x1c][0xffffff95][0xfffffffe][0xffffffdd][0xffffffda]KD[0xffffffc8][0xfffffff6][0xffffff98]RP=u[0xffffffd7][0xffffffbb]t(Dx0[0xffffff81][0x1c]`OF[0x12][0xfffffff0][0xffffffb2]VjC[0xfffffff3][0xffffff88][0xfffffff4]X[0xfffffff5][0xffffffb2][0xffffffe1][0x19][0xffffffdf][0xffffffab][0xfffffffe][0xffffffe4][0xffffffdd][0x19][0xffffff96][0xffffff95]e1[0x14][0xffffffec][0xffffffd2][0xffffffdb][0xffffffcf][0xfffffff4]55Ew[0x13]M[0xfffffff5]KE[0xffffffa6]viH([0xffffffb2][0x6][0x3][0xffffffdd]`[0xffffffb7]y[0xffffffab][0x2]M[0xfffffff0][0xffffffa1]i[0xffffffca][0xffffffa0][0xfffffffd]T[0xfffffff5][0xffffff9c]p[0xffffffa2]`[0xfffffff0][0xffffffc3][0xffffff81][0xffffffea][0xffffff9f]h[0xffffffbf][0xffffff87][0xffffffc0]p[0xffffff9c]C[0xffffffc4]5[0xffffffc6][0xffffff85][0xffffffe5][[0x6][0xfffffff6][0xffffff95][0x18]<[0xffffffe8]0ko[0xffffff88][0xffffffe5][0xffffffe2][0xffffffb6][0xffffff84]^<J6V[0x1a]~jO9[0xffffffe4]3_[0xffffffdb]1[0xffffffe9][0xfffffff9][0x13][0xffffffa6][0xffffff9c]>[0xffffffe0]=][0xffffff8a][0xfffffff7][0xffffff88]z[0xffffffba]Gl)[0xffffff82][0x9][0xffffff95]3[0xffffff94][0xfffffff4]$"
19:12:20.505 [main] DEBUG org.apache.hc.client5.http.headers -- http-outgoing-0 << HTTP/1.1 200 OK
19:12:20.505 [main] DEBUG org.apache.hc.client5.http.headers -- http-outgoing-0 << Cache-Control: no-cache, no-store, max-age=0, must-revalidate
19:12:20.505 [main] DEBUG org.apache.hc.client5.http.headers -- http-outgoing-0 << Expires: Mon, 01 Jan 1990 00:00:00 GMT
19:12:20.505 [main] DEBUG org.apache.hc.client5.http.headers -- http-outgoing-0 << Pragma: no-cache
19:12:20.505 [main] DEBUG org.apache.hc.client5.http.headers -- http-outgoing-0 << Date: Wed, 19 Feb 2025 18:12:20 GMT
19:12:20.505 [main] DEBUG org.apache.hc.client5.http.headers -- http-outgoing-0 << Content-Type: application/json; charset=UTF-8
19:12:20.505 [main] DEBUG org.apache.hc.client5.http.headers -- http-outgoing-0 << Vary: Origin
19:12:20.505 [main] DEBUG org.apache.hc.client5.http.headers -- http-outgoing-0 << Vary: X-Origin
19:12:20.505 [main] DEBUG org.apache.hc.client5.http.headers -- http-outgoing-0 << Vary: Referer
19:12:20.505 [main] DEBUG org.apache.hc.client5.http.headers -- http-outgoing-0 << Content-Encoding: gzip
19:12:20.505 [main] DEBUG org.apache.hc.client5.http.headers -- http-outgoing-0 << Server: ESF
19:12:20.505 [main] DEBUG org.apache.hc.client5.http.headers -- http-outgoing-0 << X-XSS-Protection: 0
19:12:20.505 [main] DEBUG org.apache.hc.client5.http.headers -- http-outgoing-0 << X-Frame-Options: SAMEORIGIN
19:12:20.505 [main] DEBUG org.apache.hc.client5.http.headers -- http-outgoing-0 << X-Content-Type-Options: nosniff
19:12:20.505 [main] DEBUG org.apache.hc.client5.http.headers -- http-outgoing-0 << Alt-Svc: h3=":443"; ma=2592000,h3-29=":443"; ma=2592000
19:12:20.505 [main] DEBUG org.apache.hc.client5.http.headers -- http-outgoing-0 << Transfer-Encoding: chunked
19:12:20.507 [main] DEBUG org.apache.hc.client5.http.impl.classic.MainClientExec -- ex-0000000001 connection can be kept alive for 3 MINUTES
19:12:20.509 [main] DEBUG org.apache.hc.client5.http.wire -- http-outgoing-0 << "[0xffffffad][0xffffffe6][0xffffffe4][0xfffffff9]y[0xffffffa2][0x1d][0xffffff8d]:[0x6][0x16][0xffffffba]Q;[0xffffff81][0x9][0xffffffa7]\[0xffffff95][0x1a][0xffffffed]`[0xffffffef][0xffffffeb][0xfffffff0][0xffffffe5][0xffffff8d][0xffffffea][0xffffffa3]c[0xfffffff6][0xfffffff5]s[0xffffff92][0xffffffdb][0xfffffff1][0xffffffeb][0xfffffff1][0xffffffb6][0xfffffff8]N[0xffffffba][0x1e][0xffffffb7]x[0xfffffffd]A[0xfffffff4][0xffffffed][0xb][0xffffffff]R[0xffffffd3][0x16]w[0xffffffd9][0x7f][0xffffffef]Z[0xffffffb0][0xffffffd2][0xffffffcd]p[0x1c]]:[0xfffffff9][0x4];[0xffffffa1]A[0xfffffff0][0x1c][0x9][0xffffffd5]2[0xffffff92]6lk[0xffffffd2]x[0xffffffa7][0xffffffaa]p[0x15]9[0xffffffdd]-[0xffffffdf][0xfffffff3]mc)[0xffffffa8][0xffffffe3][0xffffffc2]S5[0xffffffe2][\r][0xffffffb5][0xffffff8b]o[0xffffffad][0xc][0x6]J[0xffffffa5][0xffffffbc][0xffffffe3]^[0xffffffcb]Em<[0xfffffffb][0xffffff9a][0xffffffd9][0xfffffffb]`[0xffffffbc][0x7][0xffffff83]$[0xffffff80][0xffffffae][0xffffffd4][\n]"
19:12:20.509 [main] DEBUG org.apache.hc.client5.http.wire -- http-outgoing-0 << "[0xfffffffe]X+[0x5][0x6][0xffffffa6]s<$;[0xffffffb3]OL[0xf][0xfffffff3][0xffffff9f][0xffffffde][0xffffffac][0xffffffb4]~[0x1b]<@[0xffffffbc][0x9][0xffffffed][0xffffff99][0x7f]m]S)[0xffffffd8]y[0xffffffe4][0xffffff89][0x4][0x18]r:5jZ[0x7]d[0xffffffd3][0xffffffce]V[0xffffff8c]f[0xb][0xffffff8d][0xfffffff8][0xffffffe4][0xffffffb1][0xffffffe4]e[0x1c][0xffffffde][0xfffffffa][0xffffffdc][0x16]m[0xffffffec]fEl)[0xffffff84]t[0xffffffef]s[0xffffff92]:*~?[0xffffffed]{[0x13][0xffffffbc]C[0x1][0xfffffff1]L[0xffffffe4]+[0xffffffa2]Q[0xffffffb2]6[0xffffffcc][0xffffffa6][0xffffffa2][0xffffffde][0x13][0xffffffe7][0xffffffb3][0x15][0xffffffac]*[0xfffffff3][0xffffff95][0xffffffeb]$[0x5][0xc][0xfffffff5][0xffffff84]%k[0xffffffba][0xffffffd4][0x5][0xffffffb7][0xffffffb3][0xfffffff7][0xb][0x11]~7d[0xffffffa1][0xffffffa1][0xffffffff]$[0xffffffc1][0xffffffee]([0xffffffea][0xffffffe3][0xffffffdb][0xffffffdf][0xffffffdf][0xfffffffe][0x1][0xfffffff8][0xffffffb5]s[0xffffff95][0xffffff8f][0x5][0x0][0x0][\r][\n]"
19:12:20.509 [main] INFO control.AuthController -- Firebase request successful: https://identitytoolkit.googleapis.com/v1/accounts:signInWithPassword?key=AIzaSyBCEOyK7Nd9zdBGPB0uSZEklKAAiWOrJfs
19:12:20.510 [main] DEBUG org.apache.hc.client5.http.wire -- http-outgoing-0 << "0[\r][\n]"
19:12:20.510 [main] DEBUG org.apache.hc.client5.http.wire -- http-outgoing-0 << "[\r][\n]"
19:12:20.510 [main] DEBUG org.apache.hc.client5.http.impl.classic.InternalHttpClient -- ep-0000000001 releasing valid endpoint
19:12:20.510 [main] DEBUG org.apache.hc.client5.http.impl.io.PoolingHttpClientConnectionManager -- ep-0000000001 releasing endpoint
19:12:20.510 [main] DEBUG org.apache.hc.client5.http.impl.io.PoolingHttpClientConnectionManager -- ep-0000000001 connection http-outgoing-0 can be kept alive for 3 MINUTES
19:12:20.510 [main] DEBUG org.apache.hc.client5.http.impl.io.PoolingHttpClientConnectionManager -- ep-0000000001 connection released [route: {s}->https://identitytoolkit.googleapis.com:443][total available: 1; route allocated: 1 of 5; total allocated: 1 of 25]
19:12:20.511 [main] DEBUG org.apache.hc.client5.http.impl.io.PoolingHttpClientConnectionManager -- Shutdown connection pool GRACEFUL
19:12:20.511 [main] DEBUG org.apache.hc.client5.http.impl.io.DefaultManagedHttpClientConnection -- http-outgoing-0 close connection GRACEFUL
19:12:20.512 [main] DEBUG org.apache.hc.client5.http.impl.io.PoolingHttpClientConnectionManager -- Connection pool shut down
19:12:20.512 [main] INFO control.AuthController -- User logged in successfully: test@example.com
19:12:20.517 [main] INFO persistence.FileSystemNotesDAO -- Nota salvata in formato crittografato: /home/maverick/Scrivania/Uni/Esami da fare/ISPW/audio-transcriptor/notes/12abdcad-b07d-44f3-bcf7-7674252a9c08_wtxpGJbkABaF8FI0COyARwFXWTv1_Nota_Test.txt
19:12:20.517 [main] WARN persistence.FileSystemNotesDAO -- File ignorato: fe614228-47b5-491b-b862-49e4299ada97_yf2ovg7KpJOLJoRgz4v4OiZb4Mj2_New_Note.txt
19:12:20.518 [main] INFO persistence.FileSystemNotesDAO -- Nota caricata: Nota Test
19:12:20.518 [main] WARN persistence.FileSystemNotesDAO -- File ignorato: fbd9a871-fa3a-4f49-b3b1-b8dd974ab4d8_testUser_Nota_Test.txt
19:12:20.518 [main] WARN persistence.FileSystemNotesDAO -- File ignorato: 8f7a0034-3c7f-4988-8146-0339327014cd_yf2ovg7KpJOLJoRgz4v4OiZb4Mj2_5g2345.txt
19:12:20.519 [main] INFO persistence.FileSystemNotesDAO -- Nota caricata: Nota Test
19:12:20.519 [main] WARN persistence.FileSystemNotesDAO -- File ignorato: 041a4742-ed56-4cba-8355-01f98feb363a_yf2ovg7KpJOLJoRgz4v4OiZb4Mj2_g5425ote.txt
19:12:20.519 [main] INFO persistence.FileSystemNotesDAO -- Nota caricata: Nota Test
19:12:20.519 [main] INFO persistence.FileSystemNotesDAO -- Nota caricata: Nota Test
19:12:20.519 [main] INFO persistence.FileSystemNotesDAO -- Nota caricata: Nota Test
19:12:20.519 [main] WARN persistence.FileSystemNotesDAO -- File ignorato: 1119df21-4931-4911-8114-604d521f1d28_testUser_Nota_Test.txt
19:12:20.519 [main] INFO persistence.FileSystemNotesDAO -- Nota caricata: Nota Test
19:12:20.520 [main] INFO persistence.FileSystemNotesDAO -- Nota caricata: Nota Test
19:12:20.520 [main] INFO persistence.FileSystemNotesDAO -- Nota caricata: Nota Test
19:12:20.520 [main] INFO persistence.FileSystemNotesDAO -- Nota caricata: Nota Test
19:12:20.520 [main] INFO persistence.FileSystemNotesDAO -- Nota caricata: Nota Test
19:12:20.520 [main] INFO persistence.FileSystemNotesDAO -- Nota caricata: Nota Test
19:12:20.520 [main] INFO persistence.FileSystemNotesDAO -- Nota caricata: Nota Test
19:12:20.520 [main] INFO persistence.FileSystemNotesDAO -- Caricate 12 note per l'utente: wtxpGJbkABaF8FI0COyARwFXWTv1
]]></system-out>
  </testcase>
  <testcase name="testDeleteNote" classname="persistence.FileSystemNotesDAOTest" time="0.003">
    <system-out><![CDATA[Verificando esistenza file prima della cancellazione: false
Tentativo di eliminazione: false
Verificando esistenza file dopo la cancellazione: false
]]></system-out>
  </testcase>
</testsuite>