<?xml version="1.0" encoding="UTF-8"?>
<testsuite xmlns:xsi="http://www.w3.org/2001/XMLSchema-instance" xsi:noNamespaceSchemaLocation="https://maven.apache.org/surefire/maven-surefire-plugin/xsd/surefire-test-report-3.0.xsd" version="3.0" name="persistence.FileSystemNotesDAOTest" time="0.761" tests="2" errors="0" skipped="0" failures="0">
  <properties>
    <property name="java.specification.version" value="17"/>
    <property name="sun.jnu.encoding" value="UTF-8"/>
    <property name="java.class.path" value="/home/maverick/Scrivania/Uni/Esami da fare/ISPW/audio-transcriptor/target/test-classes:/home/maverick/Scrivania/Uni/Esami da fare/ISPW/audio-transcriptor/target/classes:/home/maverick/.m2/repository/org/openjfx/javafx-controls/20/javafx-controls-20.jar:/home/maverick/.m2/repository/org/openjfx/javafx-controls/20/javafx-controls-20-linux.jar:/home/maverick/.m2/repository/org/openjfx/javafx-graphics/20/javafx-graphics-20.jar:/home/maverick/.m2/repository/org/openjfx/javafx-graphics/20/javafx-graphics-20-linux.jar:/home/maverick/.m2/repository/org/openjfx/javafx-base/20/javafx-base-20.jar:/home/maverick/.m2/repository/org/openjfx/javafx-base/20/javafx-base-20-linux.jar:/home/maverick/.m2/repository/org/openjfx/javafx-fxml/20/javafx-fxml-20.jar:/home/maverick/.m2/repository/org/openjfx/javafx-fxml/20/javafx-fxml-20-linux.jar:/home/maverick/.m2/repository/com/alphacephei/vosk/0.3.45/vosk-0.3.45.jar:/home/maverick/.m2/repository/net/java/dev/jna/jna/5.7.0/jna-5.7.0.jar:/home/maverick/.m2/repository/javazoom/jlayer/1.0.1/jlayer-1.0.1.jar:/home/maverick/.m2/repository/com/google/code/gson/gson/2.10.1/gson-2.10.1.jar:/home/maverick/.m2/repository/org/json/json/20210307/json-20210307.jar:/home/maverick/.m2/repository/com/google/firebase/firebase-admin/9.2.0/firebase-admin-9.2.0.jar:/home/maverick/.m2/repository/com/google/api-client/google-api-client-gson/2.2.0/google-api-client-gson-2.2.0.jar:/home/maverick/.m2/repository/com/google/http-client/google-http-client/1.43.1/google-http-client-1.43.1.jar:/home/maverick/.m2/repository/com/google/j2objc/j2objc-annotations/1.3/j2objc-annotations-1.3.jar:/home/maverick/.m2/repository/io/opencensus/opencensus-api/0.31.1/opencensus-api-0.31.1.jar:/home/maverick/.m2/repository/io/opencensus/opencensus-contrib-http-util/0.31.1/opencensus-contrib-http-util-0.31.1.jar:/home/maverick/.m2/repository/com/google/api/api-common/2.12.0/api-common-2.12.0.jar:/home/maverick/.m2/repository/javax/annotation/javax.annotation-api/1.3.2/javax.annotation-api-1.3.2.jar:/home/maverick/.m2/repository/com/google/cloud/google-cloud-storage/2.22.4/google-cloud-storage-2.22.4.jar:/home/maverick/.m2/repository/com/google/guava/failureaccess/1.0.1/failureaccess-1.0.1.jar:/home/maverick/.m2/repository/com/google/guava/listenablefuture/9999.0-empty-to-avoid-conflict-with-guava/listenablefuture-9999.0-empty-to-avoid-conflict-with-guava.jar:/home/maverick/.m2/repository/com/google/http-client/google-http-client-jackson2/1.43.1/google-http-client-jackson2-1.43.1.jar:/home/maverick/.m2/repository/com/google/apis/google-api-services-storage/v1-rev20230301-2.0.0/google-api-services-storage-v1-rev20230301-2.0.0.jar:/home/maverick/.m2/repository/com/google/cloud/google-cloud-core/2.19.0/google-cloud-core-2.19.0.jar:/home/maverick/.m2/repository/com/google/cloud/google-cloud-core-http/2.19.0/google-cloud-core-http-2.19.0.jar:/home/maverick/.m2/repository/com/google/http-client/google-http-client-appengine/1.43.1/google-http-client-appengine-1.43.1.jar:/home/maverick/.m2/repository/com/google/api/gax-httpjson/0.114.0/gax-httpjson-0.114.0.jar:/home/maverick/.m2/repository/com/google/cloud/google-cloud-core-grpc/2.19.0/google-cloud-core-grpc-2.19.0.jar:/home/maverick/.m2/repository/com/google/api/gax/2.29.0/gax-2.29.0.jar:/home/maverick/.m2/repository/com/google/api/gax-grpc/2.29.0/gax-grpc-2.29.0.jar:/home/maverick/.m2/repository/io/grpc/grpc-alts/1.55.1/grpc-alts-1.55.1.jar:/home/maverick/.m2/repository/io/grpc/grpc-grpclb/1.55.1/grpc-grpclb-1.55.1.jar:/home/maverick/.m2/repository/org/conscrypt/conscrypt-openjdk-uber/2.5.2/conscrypt-openjdk-uber-2.5.2.jar:/home/maverick/.m2/repository/io/grpc/grpc-auth/1.55.1/grpc-auth-1.55.1.jar:/home/maverick/.m2/repository/io/grpc/grpc-protobuf/1.55.1/grpc-protobuf-1.55.1.jar:/home/maverick/.m2/repository/io/grpc/grpc-protobuf-lite/1.55.1/grpc-protobuf-lite-1.55.1.jar:/home/maverick/.m2/repository/io/grpc/grpc-context/1.55.1/grpc-context-1.55.1.jar:/home/maverick/.m2/repository/com/google/api/grpc/proto-google-iam-v1/1.15.0/proto-google-iam-v1-1.15.0.jar:/home/maverick/.m2/repository/com/google/protobuf/protobuf-java/3.23.2/protobuf-java-3.23.2.jar:/home/maverick/.m2/repository/com/google/protobuf/protobuf-java-util/3.23.2/protobuf-java-util-3.23.2.jar:/home/maverick/.m2/repository/com/google/api/grpc/proto-google-common-protos/2.20.0/proto-google-common-protos-2.20.0.jar:/home/maverick/.m2/repository/org/threeten/threetenbp/1.6.8/threetenbp-1.6.8.jar:/home/maverick/.m2/repository/com/google/api/grpc/proto-google-cloud-storage-v2/2.22.4-alpha/proto-google-cloud-storage-v2-2.22.4-alpha.jar:/home/maverick/.m2/repository/com/google/api/grpc/grpc-google-cloud-storage-v2/2.22.4-alpha/grpc-google-cloud-storage-v2-2.22.4-alpha.jar:/home/maverick/.m2/repository/com/google/api/grpc/gapic-google-cloud-storage-v2/2.22.4-alpha/gapic-google-cloud-storage-v2-2.22.4-alpha.jar:/home/maverick/.m2/repository/com/fasterxml/jackson/core/jackson-core/2.14.2/jackson-core-2.14.2.jar:/home/maverick/.m2/repository/io/grpc/grpc-api/1.55.1/grpc-api-1.55.1.jar:/home/maverick/.m2/repository/io/grpc/grpc-netty-shaded/1.55.1/grpc-netty-shaded-1.55.1.jar:/home/maverick/.m2/repository/io/perfmark/perfmark-api/0.26.0/perfmark-api-0.26.0.jar:/home/maverick/.m2/repository/io/grpc/grpc-core/1.55.1/grpc-core-1.55.1.jar:/home/maverick/.m2/repository/com/google/android/annotations/4.1.1.4/annotations-4.1.1.4.jar:/home/maverick/.m2/repository/org/codehaus/mojo/animal-sniffer-annotations/1.23/animal-sniffer-annotations-1.23.jar:/home/maverick/.m2/repository/io/grpc/grpc-stub/1.55.1/grpc-stub-1.55.1.jar:/home/maverick/.m2/repository/io/grpc/grpc-googleapis/1.55.1/grpc-googleapis-1.55.1.jar:/home/maverick/.m2/repository/org/checkerframework/checker-qual/3.32.0/checker-qual-3.32.0.jar:/home/maverick/.m2/repository/io/grpc/grpc-xds/1.55.1/grpc-xds-1.55.1.jar:/home/maverick/.m2/repository/io/opencensus/opencensus-proto/0.2.0/opencensus-proto-0.2.0.jar:/home/maverick/.m2/repository/io/grpc/grpc-services/1.55.1/grpc-services-1.55.1.jar:/home/maverick/.m2/repository/com/google/re2j/re2j/1.6/re2j-1.6.jar:/home/maverick/.m2/repository/io/grpc/grpc-rls/1.55.1/grpc-rls-1.55.1.jar:/home/maverick/.m2/repository/com/google/cloud/google-cloud-firestore/3.13.0/google-cloud-firestore-3.13.0.jar:/home/maverick/.m2/repository/commons-logging/commons-logging/1.2/commons-logging-1.2.jar:/home/maverick/.m2/repository/com/google/api/grpc/proto-google-cloud-firestore-v1/3.13.0/proto-google-cloud-firestore-v1-3.13.0.jar:/home/maverick/.m2/repository/com/google/cloud/proto-google-cloud-firestore-bundle-v1/3.13.0/proto-google-cloud-firestore-bundle-v1-3.13.0.jar:/home/maverick/.m2/repository/io/opencensus/opencensus-contrib-grpc-util/0.31.1/opencensus-contrib-grpc-util-0.31.1.jar:/home/maverick/.m2/repository/com/google/guava/guava/31.1-jre/guava-31.1-jre.jar:/home/maverick/.m2/repository/io/netty/netty-codec-http/4.1.94.Final/netty-codec-http-4.1.94.Final.jar:/home/maverick/.m2/repository/io/netty/netty-common/4.1.94.Final/netty-common-4.1.94.Final.jar:/home/maverick/.m2/repository/io/netty/netty-buffer/4.1.94.Final/netty-buffer-4.1.94.Final.jar:/home/maverick/.m2/repository/io/netty/netty-codec/4.1.94.Final/netty-codec-4.1.94.Final.jar:/home/maverick/.m2/repository/io/netty/netty-handler/4.1.94.Final/netty-handler-4.1.94.Final.jar:/home/maverick/.m2/repository/io/netty/netty-resolver/4.1.94.Final/netty-resolver-4.1.94.Final.jar:/home/maverick/.m2/repository/io/netty/netty-transport-native-unix-common/4.1.94.Final/netty-transport-native-unix-common-4.1.94.Final.jar:/home/maverick/.m2/repository/io/netty/netty-transport/4.1.94.Final/netty-transport-4.1.94.Final.jar:/home/maverick/.m2/repository/com/google/auth/google-auth-library-oauth2-http/1.21.0/google-auth-library-oauth2-http-1.21.0.jar:/home/maverick/.m2/repository/com/google/auto/value/auto-value-annotations/1.10.4/auto-value-annotations-1.10.4.jar:/home/maverick/.m2/repository/com/google/code/findbugs/jsr305/3.0.2/jsr305-3.0.2.jar:/home/maverick/.m2/repository/com/google/auth/google-auth-library-credentials/1.21.0/google-auth-library-credentials-1.21.0.jar:/home/maverick/.m2/repository/com/google/http-client/google-http-client-gson/1.43.3/google-http-client-gson-1.43.3.jar:/home/maverick/.m2/repository/com/google/errorprone/error_prone_annotations/2.18.0/error_prone_annotations-2.18.0.jar:/home/maverick/.m2/repository/com/google/api-client/google-api-client/2.2.0/google-api-client-2.2.0.jar:/home/maverick/.m2/repository/commons-codec/commons-codec/1.15/commons-codec-1.15.jar:/home/maverick/.m2/repository/com/google/oauth-client/google-oauth-client/1.34.1/google-oauth-client-1.34.1.jar:/home/maverick/.m2/repository/com/google/http-client/google-http-client-apache-v2/1.42.3/google-http-client-apache-v2-1.42.3.jar:/home/maverick/.m2/repository/org/apache/httpcomponents/httpcore/4.4.16/httpcore-4.4.16.jar:/home/maverick/.m2/repository/org/apache/httpcomponents/httpclient/4.5.14/httpclient-4.5.14.jar:/home/maverick/.m2/repository/org/apache/httpcomponents/client5/httpclient5/5.2.1/httpclient5-5.2.1.jar:/home/maverick/.m2/repository/org/apache/httpcomponents/core5/httpcore5-h2/5.2/httpcore5-h2-5.2.jar:/home/maverick/.m2/repository/org/apache/httpcomponents/core5/httpcore5/5.2/httpcore5-5.2.jar:/home/maverick/.m2/repository/io/github/cdimascio/dotenv-java/3.1.0/dotenv-java-3.1.0.jar:/home/maverick/.m2/repository/com/sparkjava/spark-core/2.9.3/spark-core-2.9.3.jar:/home/maverick/.m2/repository/org/eclipse/jetty/jetty-server/9.4.31.v20200723/jetty-server-9.4.31.v20200723.jar:/home/maverick/.m2/repository/javax/servlet/javax.servlet-api/3.1.0/javax.servlet-api-3.1.0.jar:/home/maverick/.m2/repository/org/eclipse/jetty/jetty-http/9.4.31.v20200723/jetty-http-9.4.31.v20200723.jar:/home/maverick/.m2/repository/org/eclipse/jetty/jetty-util/9.4.31.v20200723/jetty-util-9.4.31.v20200723.jar:/home/maverick/.m2/repository/org/eclipse/jetty/jetty-io/9.4.31.v20200723/jetty-io-9.4.31.v20200723.jar:/home/maverick/.m2/repository/org/eclipse/jetty/jetty-webapp/9.4.31.v20200723/jetty-webapp-9.4.31.v20200723.jar:/home/maverick/.m2/repository/org/eclipse/jetty/jetty-xml/9.4.31.v20200723/jetty-xml-9.4.31.v20200723.jar:/home/maverick/.m2/repository/org/eclipse/jetty/jetty-servlet/9.4.31.v20200723/jetty-servlet-9.4.31.v20200723.jar:/home/maverick/.m2/repository/org/eclipse/jetty/jetty-security/9.4.31.v20200723/jetty-security-9.4.31.v20200723.jar:/home/maverick/.m2/repository/org/eclipse/jetty/websocket/websocket-server/9.4.31.v20200723/websocket-server-9.4.31.v20200723.jar:/home/maverick/.m2/repository/org/eclipse/jetty/websocket/websocket-common/9.4.31.v20200723/websocket-common-9.4.31.v20200723.jar:/home/maverick/.m2/repository/org/eclipse/jetty/websocket/websocket-client/9.4.31.v20200723/websocket-client-9.4.31.v20200723.jar:/home/maverick/.m2/repository/org/eclipse/jetty/jetty-client/9.4.31.v20200723/jetty-client-9.4.31.v20200723.jar:/home/maverick/.m2/repository/org/eclipse/jetty/websocket/websocket-servlet/9.4.31.v20200723/websocket-servlet-9.4.31.v20200723.jar:/home/maverick/.m2/repository/org/eclipse/jetty/websocket/websocket-api/9.4.31.v20200723/websocket-api-9.4.31.v20200723.jar:/home/maverick/.m2/repository/org/slf4j/slf4j-api/2.0.9/slf4j-api-2.0.9.jar:/home/maverick/.m2/repository/ch/qos/logback/logback-classic/1.4.14/logback-classic-1.4.14.jar:/home/maverick/.m2/repository/ch/qos/logback/logback-core/1.4.14/logback-core-1.4.14.jar:/home/maverick/.m2/repository/org/kordamp/ikonli/ikonli-javafx/12.3.1/ikonli-javafx-12.3.1.jar:/home/maverick/.m2/repository/org/kordamp/ikonli/ikonli-core/12.3.1/ikonli-core-12.3.1.jar:/home/maverick/.m2/repository/org/apache/xmlgraphics/batik-all/1.14/batik-all-1.14.jar:/home/maverick/.m2/repository/org/apache/xmlgraphics/batik-anim/1.14/batik-anim-1.14.jar:/home/maverick/.m2/repository/org/apache/xmlgraphics/batik-shared-resources/1.14/batik-shared-resources-1.14.jar:/home/maverick/.m2/repository/xml-apis/xml-apis-ext/1.3.04/xml-apis-ext-1.3.04.jar:/home/maverick/.m2/repository/org/apache/xmlgraphics/batik-awt-util/1.14/batik-awt-util-1.14.jar:/home/maverick/.m2/repository/org/apache/xmlgraphics/xmlgraphics-commons/2.6/xmlgraphics-commons-2.6.jar:/home/maverick/.m2/repository/commons-io/commons-io/1.3.1/commons-io-1.3.1.jar:/home/maverick/.m2/repository/org/apache/xmlgraphics/batik-bridge/1.14/batik-bridge-1.14.jar:/home/maverick/.m2/repository/org/apache/xmlgraphics/batik-codec/1.14/batik-codec-1.14.jar:/home/maverick/.m2/repository/org/apache/xmlgraphics/batik-constants/1.14/batik-constants-1.14.jar:/home/maverick/.m2/repository/org/apache/xmlgraphics/batik-css/1.14/batik-css-1.14.jar:/home/maverick/.m2/repository/org/apache/xmlgraphics/batik-dom/1.14/batik-dom-1.14.jar:/home/maverick/.m2/repository/xalan/xalan/2.7.2/xalan-2.7.2.jar:/home/maverick/.m2/repository/xalan/serializer/2.7.2/serializer-2.7.2.jar:/home/maverick/.m2/repository/xml-apis/xml-apis/1.4.01/xml-apis-1.4.01.jar:/home/maverick/.m2/repository/org/apache/xmlgraphics/batik-ext/1.14/batik-ext-1.14.jar:/home/maverick/.m2/repository/org/apache/xmlgraphics/batik-extension/1.14/batik-extension-1.14.jar:/home/maverick/.m2/repository/org/apache/xmlgraphics/batik-gui-util/1.14/batik-gui-util-1.14.jar:/home/maverick/.m2/repository/org/apache/xmlgraphics/batik-gvt/1.14/batik-gvt-1.14.jar:/home/maverick/.m2/repository/org/apache/xmlgraphics/batik-i18n/1.14/batik-i18n-1.14.jar:/home/maverick/.m2/repository/org/apache/xmlgraphics/batik-parser/1.14/batik-parser-1.14.jar:/home/maverick/.m2/repository/org/apache/xmlgraphics/batik-rasterizer-ext/1.14/batik-rasterizer-ext-1.14.jar:/home/maverick/.m2/repository/org/apache/xmlgraphics/batik-rasterizer/1.14/batik-rasterizer-1.14.jar:/home/maverick/.m2/repository/org/apache/xmlgraphics/batik-script/1.14/batik-script-1.14.jar:/home/maverick/.m2/repository/org/apache/xmlgraphics/batik-slideshow/1.14/batik-slideshow-1.14.jar:/home/maverick/.m2/repository/org/apache/xmlgraphics/batik-squiggle-ext/1.14/batik-squiggle-ext-1.14.jar:/home/maverick/.m2/repository/org/apache/xmlgraphics/batik-squiggle/1.14/batik-squiggle-1.14.jar:/home/maverick/.m2/repository/org/apache/xmlgraphics/batik-svg-dom/1.14/batik-svg-dom-1.14.jar:/home/maverick/.m2/repository/org/apache/xmlgraphics/batik-svgbrowser/1.14/batik-svgbrowser-1.14.jar:/home/maverick/.m2/repository/org/apache/xmlgraphics/batik-svggen/1.14/batik-svggen-1.14.jar:/home/maverick/.m2/repository/org/apache/xmlgraphics/batik-svgpp/1.14/batik-svgpp-1.14.jar:/home/maverick/.m2/repository/org/apache/xmlgraphics/batik-svgrasterizer/1.14/batik-svgrasterizer-1.14.jar:/home/maverick/.m2/repository/org/apache/xmlgraphics/batik-swing/1.14/batik-swing-1.14.jar:/home/maverick/.m2/repository/org/apache/xmlgraphics/batik-transcoder/1.14/batik-transcoder-1.14.jar:/home/maverick/.m2/repository/org/apache/xmlgraphics/batik-util/1.14/batik-util-1.14.jar:/home/maverick/.m2/repository/org/apache/xmlgraphics/batik-ttf2svg/1.14/batik-ttf2svg-1.14.jar:/home/maverick/.m2/repository/org/apache/xmlgraphics/batik-xml/1.14/batik-xml-1.14.jar:/home/maverick/.m2/repository/org/openjfx/javafx-swing/20/javafx-swing-20.jar:/home/maverick/.m2/repository/org/openjfx/javafx-swing/20/javafx-swing-20-linux.jar:/home/maverick/.m2/repository/org/junit/jupiter/junit-jupiter-api/5.9.2/junit-jupiter-api-5.9.2.jar:/home/maverick/.m2/repository/org/opentest4j/opentest4j/1.2.0/opentest4j-1.2.0.jar:/home/maverick/.m2/repository/org/junit/platform/junit-platform-commons/1.9.2/junit-platform-commons-1.9.2.jar:/home/maverick/.m2/repository/org/apiguardian/apiguardian-api/1.1.2/apiguardian-api-1.1.2.jar:/home/maverick/.m2/repository/org/junit/jupiter/junit-jupiter-engine/5.9.2/junit-jupiter-engine-5.9.2.jar:/home/maverick/.m2/repository/org/junit/platform/junit-platform-engine/1.9.2/junit-platform-engine-1.9.2.jar:/home/maverick/.m2/repository/org/junit/jupiter/junit-jupiter-params/5.9.2/junit-jupiter-params-5.9.2.jar:/home/maverick/.m2/repository/org/junit/vintage/junit-vintage-engine/5.9.2/junit-vintage-engine-5.9.2.jar:/home/maverick/.m2/repository/junit/junit/4.13.2/junit-4.13.2.jar:/home/maverick/.m2/repository/org/hamcrest/hamcrest-core/1.3/hamcrest-core-1.3.jar:"/>
    <property name="java.vm.vendor" value="Arch Linux"/>
    <property name="sun.arch.data.model" value="64"/>
    <property name="java.vendor.url" value="https://openjdk.java.net/"/>
    <property name="user.timezone" value="Europe/Rome"/>
    <property name="os.name" value="Linux"/>
    <property name="java.vm.specification.version" value="17"/>
    <property name="sun.java.launcher" value="SUN_STANDARD"/>
    <property name="user.country" value="IT"/>
    <property name="sun.boot.library.path" value="/usr/lib/jvm/java-17-openjdk/lib"/>
    <property name="sun.java.command" value="/home/maverick/Scrivania/Uni/Esami da fare/ISPW/audio-transcriptor/target/surefire/surefirebooter-20250218103139276_3.jar /home/maverick/Scrivania/Uni/Esami da fare/ISPW/audio-transcriptor/target/surefire 2025-02-18T10-31-39_212-jvmRun1 surefire-20250218103139276_1tmp surefire_0-20250218103139276_2tmp"/>
    <property name="jdk.debug" value="release"/>
    <property name="surefire.test.class.path" value="/home/maverick/Scrivania/Uni/Esami da fare/ISPW/audio-transcriptor/target/test-classes:/home/maverick/Scrivania/Uni/Esami da fare/ISPW/audio-transcriptor/target/classes:/home/maverick/.m2/repository/org/openjfx/javafx-controls/20/javafx-controls-20.jar:/home/maverick/.m2/repository/org/openjfx/javafx-controls/20/javafx-controls-20-linux.jar:/home/maverick/.m2/repository/org/openjfx/javafx-graphics/20/javafx-graphics-20.jar:/home/maverick/.m2/repository/org/openjfx/javafx-graphics/20/javafx-graphics-20-linux.jar:/home/maverick/.m2/repository/org/openjfx/javafx-base/20/javafx-base-20.jar:/home/maverick/.m2/repository/org/openjfx/javafx-base/20/javafx-base-20-linux.jar:/home/maverick/.m2/repository/org/openjfx/javafx-fxml/20/javafx-fxml-20.jar:/home/maverick/.m2/repository/org/openjfx/javafx-fxml/20/javafx-fxml-20-linux.jar:/home/maverick/.m2/repository/com/alphacephei/vosk/0.3.45/vosk-0.3.45.jar:/home/maverick/.m2/repository/net/java/dev/jna/jna/5.7.0/jna-5.7.0.jar:/home/maverick/.m2/repository/javazoom/jlayer/1.0.1/jlayer-1.0.1.jar:/home/maverick/.m2/repository/com/google/code/gson/gson/2.10.1/gson-2.10.1.jar:/home/maverick/.m2/repository/org/json/json/20210307/json-20210307.jar:/home/maverick/.m2/repository/com/google/firebase/firebase-admin/9.2.0/firebase-admin-9.2.0.jar:/home/maverick/.m2/repository/com/google/api-client/google-api-client-gson/2.2.0/google-api-client-gson-2.2.0.jar:/home/maverick/.m2/repository/com/google/http-client/google-http-client/1.43.1/google-http-client-1.43.1.jar:/home/maverick/.m2/repository/com/google/j2objc/j2objc-annotations/1.3/j2objc-annotations-1.3.jar:/home/maverick/.m2/repository/io/opencensus/opencensus-api/0.31.1/opencensus-api-0.31.1.jar:/home/maverick/.m2/repository/io/opencensus/opencensus-contrib-http-util/0.31.1/opencensus-contrib-http-util-0.31.1.jar:/home/maverick/.m2/repository/com/google/api/api-common/2.12.0/api-common-2.12.0.jar:/home/maverick/.m2/repository/javax/annotation/javax.annotation-api/1.3.2/javax.annotation-api-1.3.2.jar:/home/maverick/.m2/repository/com/google/cloud/google-cloud-storage/2.22.4/google-cloud-storage-2.22.4.jar:/home/maverick/.m2/repository/com/google/guava/failureaccess/1.0.1/failureaccess-1.0.1.jar:/home/maverick/.m2/repository/com/google/guava/listenablefuture/9999.0-empty-to-avoid-conflict-with-guava/listenablefuture-9999.0-empty-to-avoid-conflict-with-guava.jar:/home/maverick/.m2/repository/com/google/http-client/google-http-client-jackson2/1.43.1/google-http-client-jackson2-1.43.1.jar:/home/maverick/.m2/repository/com/google/apis/google-api-services-storage/v1-rev20230301-2.0.0/google-api-services-storage-v1-rev20230301-2.0.0.jar:/home/maverick/.m2/repository/com/google/cloud/google-cloud-core/2.19.0/google-cloud-core-2.19.0.jar:/home/maverick/.m2/repository/com/google/cloud/google-cloud-core-http/2.19.0/google-cloud-core-http-2.19.0.jar:/home/maverick/.m2/repository/com/google/http-client/google-http-client-appengine/1.43.1/google-http-client-appengine-1.43.1.jar:/home/maverick/.m2/repository/com/google/api/gax-httpjson/0.114.0/gax-httpjson-0.114.0.jar:/home/maverick/.m2/repository/com/google/cloud/google-cloud-core-grpc/2.19.0/google-cloud-core-grpc-2.19.0.jar:/home/maverick/.m2/repository/com/google/api/gax/2.29.0/gax-2.29.0.jar:/home/maverick/.m2/repository/com/google/api/gax-grpc/2.29.0/gax-grpc-2.29.0.jar:/home/maverick/.m2/repository/io/grpc/grpc-alts/1.55.1/grpc-alts-1.55.1.jar:/home/maverick/.m2/repository/io/grpc/grpc-grpclb/1.55.1/grpc-grpclb-1.55.1.jar:/home/maverick/.m2/repository/org/conscrypt/conscrypt-openjdk-uber/2.5.2/conscrypt-openjdk-uber-2.5.2.jar:/home/maverick/.m2/repository/io/grpc/grpc-auth/1.55.1/grpc-auth-1.55.1.jar:/home/maverick/.m2/repository/io/grpc/grpc-protobuf/1.55.1/grpc-protobuf-1.55.1.jar:/home/maverick/.m2/repository/io/grpc/grpc-protobuf-lite/1.55.1/grpc-protobuf-lite-1.55.1.jar:/home/maverick/.m2/repository/io/grpc/grpc-context/1.55.1/grpc-context-1.55.1.jar:/home/maverick/.m2/repository/com/google/api/grpc/proto-google-iam-v1/1.15.0/proto-google-iam-v1-1.15.0.jar:/home/maverick/.m2/repository/com/google/protobuf/protobuf-java/3.23.2/protobuf-java-3.23.2.jar:/home/maverick/.m2/repository/com/google/protobuf/protobuf-java-util/3.23.2/protobuf-java-util-3.23.2.jar:/home/maverick/.m2/repository/com/google/api/grpc/proto-google-common-protos/2.20.0/proto-google-common-protos-2.20.0.jar:/home/maverick/.m2/repository/org/threeten/threetenbp/1.6.8/threetenbp-1.6.8.jar:/home/maverick/.m2/repository/com/google/api/grpc/proto-google-cloud-storage-v2/2.22.4-alpha/proto-google-cloud-storage-v2-2.22.4-alpha.jar:/home/maverick/.m2/repository/com/google/api/grpc/grpc-google-cloud-storage-v2/2.22.4-alpha/grpc-google-cloud-storage-v2-2.22.4-alpha.jar:/home/maverick/.m2/repository/com/google/api/grpc/gapic-google-cloud-storage-v2/2.22.4-alpha/gapic-google-cloud-storage-v2-2.22.4-alpha.jar:/home/maverick/.m2/repository/com/fasterxml/jackson/core/jackson-core/2.14.2/jackson-core-2.14.2.jar:/home/maverick/.m2/repository/io/grpc/grpc-api/1.55.1/grpc-api-1.55.1.jar:/home/maverick/.m2/repository/io/grpc/grpc-netty-shaded/1.55.1/grpc-netty-shaded-1.55.1.jar:/home/maverick/.m2/repository/io/perfmark/perfmark-api/0.26.0/perfmark-api-0.26.0.jar:/home/maverick/.m2/repository/io/grpc/grpc-core/1.55.1/grpc-core-1.55.1.jar:/home/maverick/.m2/repository/com/google/android/annotations/4.1.1.4/annotations-4.1.1.4.jar:/home/maverick/.m2/repository/org/codehaus/mojo/animal-sniffer-annotations/1.23/animal-sniffer-annotations-1.23.jar:/home/maverick/.m2/repository/io/grpc/grpc-stub/1.55.1/grpc-stub-1.55.1.jar:/home/maverick/.m2/repository/io/grpc/grpc-googleapis/1.55.1/grpc-googleapis-1.55.1.jar:/home/maverick/.m2/repository/org/checkerframework/checker-qual/3.32.0/checker-qual-3.32.0.jar:/home/maverick/.m2/repository/io/grpc/grpc-xds/1.55.1/grpc-xds-1.55.1.jar:/home/maverick/.m2/repository/io/opencensus/opencensus-proto/0.2.0/opencensus-proto-0.2.0.jar:/home/maverick/.m2/repository/io/grpc/grpc-services/1.55.1/grpc-services-1.55.1.jar:/home/maverick/.m2/repository/com/google/re2j/re2j/1.6/re2j-1.6.jar:/home/maverick/.m2/repository/io/grpc/grpc-rls/1.55.1/grpc-rls-1.55.1.jar:/home/maverick/.m2/repository/com/google/cloud/google-cloud-firestore/3.13.0/google-cloud-firestore-3.13.0.jar:/home/maverick/.m2/repository/commons-logging/commons-logging/1.2/commons-logging-1.2.jar:/home/maverick/.m2/repository/com/google/api/grpc/proto-google-cloud-firestore-v1/3.13.0/proto-google-cloud-firestore-v1-3.13.0.jar:/home/maverick/.m2/repository/com/google/cloud/proto-google-cloud-firestore-bundle-v1/3.13.0/proto-google-cloud-firestore-bundle-v1-3.13.0.jar:/home/maverick/.m2/repository/io/opencensus/opencensus-contrib-grpc-util/0.31.1/opencensus-contrib-grpc-util-0.31.1.jar:/home/maverick/.m2/repository/com/google/guava/guava/31.1-jre/guava-31.1-jre.jar:/home/maverick/.m2/repository/io/netty/netty-codec-http/4.1.94.Final/netty-codec-http-4.1.94.Final.jar:/home/maverick/.m2/repository/io/netty/netty-common/4.1.94.Final/netty-common-4.1.94.Final.jar:/home/maverick/.m2/repository/io/netty/netty-buffer/4.1.94.Final/netty-buffer-4.1.94.Final.jar:/home/maverick/.m2/repository/io/netty/netty-codec/4.1.94.Final/netty-codec-4.1.94.Final.jar:/home/maverick/.m2/repository/io/netty/netty-handler/4.1.94.Final/netty-handler-4.1.94.Final.jar:/home/maverick/.m2/repository/io/netty/netty-resolver/4.1.94.Final/netty-resolver-4.1.94.Final.jar:/home/maverick/.m2/repository/io/netty/netty-transport-native-unix-common/4.1.94.Final/netty-transport-native-unix-common-4.1.94.Final.jar:/home/maverick/.m2/repository/io/netty/netty-transport/4.1.94.Final/netty-transport-4.1.94.Final.jar:/home/maverick/.m2/repository/com/google/auth/google-auth-library-oauth2-http/1.21.0/google-auth-library-oauth2-http-1.21.0.jar:/home/maverick/.m2/repository/com/google/auto/value/auto-value-annotations/1.10.4/auto-value-annotations-1.10.4.jar:/home/maverick/.m2/repository/com/google/code/findbugs/jsr305/3.0.2/jsr305-3.0.2.jar:/home/maverick/.m2/repository/com/google/auth/google-auth-library-credentials/1.21.0/google-auth-library-credentials-1.21.0.jar:/home/maverick/.m2/repository/com/google/http-client/google-http-client-gson/1.43.3/google-http-client-gson-1.43.3.jar:/home/maverick/.m2/repository/com/google/errorprone/error_prone_annotations/2.18.0/error_prone_annotations-2.18.0.jar:/home/maverick/.m2/repository/com/google/api-client/google-api-client/2.2.0/google-api-client-2.2.0.jar:/home/maverick/.m2/repository/commons-codec/commons-codec/1.15/commons-codec-1.15.jar:/home/maverick/.m2/repository/com/google/oauth-client/google-oauth-client/1.34.1/google-oauth-client-1.34.1.jar:/home/maverick/.m2/repository/com/google/http-client/google-http-client-apache-v2/1.42.3/google-http-client-apache-v2-1.42.3.jar:/home/maverick/.m2/repository/org/apache/httpcomponents/httpcore/4.4.16/httpcore-4.4.16.jar:/home/maverick/.m2/repository/org/apache/httpcomponents/httpclient/4.5.14/httpclient-4.5.14.jar:/home/maverick/.m2/repository/org/apache/httpcomponents/client5/httpclient5/5.2.1/httpclient5-5.2.1.jar:/home/maverick/.m2/repository/org/apache/httpcomponents/core5/httpcore5-h2/5.2/httpcore5-h2-5.2.jar:/home/maverick/.m2/repository/org/apache/httpcomponents/core5/httpcore5/5.2/httpcore5-5.2.jar:/home/maverick/.m2/repository/io/github/cdimascio/dotenv-java/3.1.0/dotenv-java-3.1.0.jar:/home/maverick/.m2/repository/com/sparkjava/spark-core/2.9.3/spark-core-2.9.3.jar:/home/maverick/.m2/repository/org/eclipse/jetty/jetty-server/9.4.31.v20200723/jetty-server-9.4.31.v20200723.jar:/home/maverick/.m2/repository/javax/servlet/javax.servlet-api/3.1.0/javax.servlet-api-3.1.0.jar:/home/maverick/.m2/repository/org/eclipse/jetty/jetty-http/9.4.31.v20200723/jetty-http-9.4.31.v20200723.jar:/home/maverick/.m2/repository/org/eclipse/jetty/jetty-util/9.4.31.v20200723/jetty-util-9.4.31.v20200723.jar:/home/maverick/.m2/repository/org/eclipse/jetty/jetty-io/9.4.31.v20200723/jetty-io-9.4.31.v20200723.jar:/home/maverick/.m2/repository/org/eclipse/jetty/jetty-webapp/9.4.31.v20200723/jetty-webapp-9.4.31.v20200723.jar:/home/maverick/.m2/repository/org/eclipse/jetty/jetty-xml/9.4.31.v20200723/jetty-xml-9.4.31.v20200723.jar:/home/maverick/.m2/repository/org/eclipse/jetty/jetty-servlet/9.4.31.v20200723/jetty-servlet-9.4.31.v20200723.jar:/home/maverick/.m2/repository/org/eclipse/jetty/jetty-security/9.4.31.v20200723/jetty-security-9.4.31.v20200723.jar:/home/maverick/.m2/repository/org/eclipse/jetty/websocket/websocket-server/9.4.31.v20200723/websocket-server-9.4.31.v20200723.jar:/home/maverick/.m2/repository/org/eclipse/jetty/websocket/websocket-common/9.4.31.v20200723/websocket-common-9.4.31.v20200723.jar:/home/maverick/.m2/repository/org/eclipse/jetty/websocket/websocket-client/9.4.31.v20200723/websocket-client-9.4.31.v20200723.jar:/home/maverick/.m2/repository/org/eclipse/jetty/jetty-client/9.4.31.v20200723/jetty-client-9.4.31.v20200723.jar:/home/maverick/.m2/repository/org/eclipse/jetty/websocket/websocket-servlet/9.4.31.v20200723/websocket-servlet-9.4.31.v20200723.jar:/home/maverick/.m2/repository/org/eclipse/jetty/websocket/websocket-api/9.4.31.v20200723/websocket-api-9.4.31.v20200723.jar:/home/maverick/.m2/repository/org/slf4j/slf4j-api/2.0.9/slf4j-api-2.0.9.jar:/home/maverick/.m2/repository/ch/qos/logback/logback-classic/1.4.14/logback-classic-1.4.14.jar:/home/maverick/.m2/repository/ch/qos/logback/logback-core/1.4.14/logback-core-1.4.14.jar:/home/maverick/.m2/repository/org/kordamp/ikonli/ikonli-javafx/12.3.1/ikonli-javafx-12.3.1.jar:/home/maverick/.m2/repository/org/kordamp/ikonli/ikonli-core/12.3.1/ikonli-core-12.3.1.jar:/home/maverick/.m2/repository/org/apache/xmlgraphics/batik-all/1.14/batik-all-1.14.jar:/home/maverick/.m2/repository/org/apache/xmlgraphics/batik-anim/1.14/batik-anim-1.14.jar:/home/maverick/.m2/repository/org/apache/xmlgraphics/batik-shared-resources/1.14/batik-shared-resources-1.14.jar:/home/maverick/.m2/repository/xml-apis/xml-apis-ext/1.3.04/xml-apis-ext-1.3.04.jar:/home/maverick/.m2/repository/org/apache/xmlgraphics/batik-awt-util/1.14/batik-awt-util-1.14.jar:/home/maverick/.m2/repository/org/apache/xmlgraphics/xmlgraphics-commons/2.6/xmlgraphics-commons-2.6.jar:/home/maverick/.m2/repository/commons-io/commons-io/1.3.1/commons-io-1.3.1.jar:/home/maverick/.m2/repository/org/apache/xmlgraphics/batik-bridge/1.14/batik-bridge-1.14.jar:/home/maverick/.m2/repository/org/apache/xmlgraphics/batik-codec/1.14/batik-codec-1.14.jar:/home/maverick/.m2/repository/org/apache/xmlgraphics/batik-constants/1.14/batik-constants-1.14.jar:/home/maverick/.m2/repository/org/apache/xmlgraphics/batik-css/1.14/batik-css-1.14.jar:/home/maverick/.m2/repository/org/apache/xmlgraphics/batik-dom/1.14/batik-dom-1.14.jar:/home/maverick/.m2/repository/xalan/xalan/2.7.2/xalan-2.7.2.jar:/home/maverick/.m2/repository/xalan/serializer/2.7.2/serializer-2.7.2.jar:/home/maverick/.m2/repository/xml-apis/xml-apis/1.4.01/xml-apis-1.4.01.jar:/home/maverick/.m2/repository/org/apache/xmlgraphics/batik-ext/1.14/batik-ext-1.14.jar:/home/maverick/.m2/repository/org/apache/xmlgraphics/batik-extension/1.14/batik-extension-1.14.jar:/home/maverick/.m2/repository/org/apache/xmlgraphics/batik-gui-util/1.14/batik-gui-util-1.14.jar:/home/maverick/.m2/repository/org/apache/xmlgraphics/batik-gvt/1.14/batik-gvt-1.14.jar:/home/maverick/.m2/repository/org/apache/xmlgraphics/batik-i18n/1.14/batik-i18n-1.14.jar:/home/maverick/.m2/repository/org/apache/xmlgraphics/batik-parser/1.14/batik-parser-1.14.jar:/home/maverick/.m2/repository/org/apache/xmlgraphics/batik-rasterizer-ext/1.14/batik-rasterizer-ext-1.14.jar:/home/maverick/.m2/repository/org/apache/xmlgraphics/batik-rasterizer/1.14/batik-rasterizer-1.14.jar:/home/maverick/.m2/repository/org/apache/xmlgraphics/batik-script/1.14/batik-script-1.14.jar:/home/maverick/.m2/repository/org/apache/xmlgraphics/batik-slideshow/1.14/batik-slideshow-1.14.jar:/home/maverick/.m2/repository/org/apache/xmlgraphics/batik-squiggle-ext/1.14/batik-squiggle-ext-1.14.jar:/home/maverick/.m2/repository/org/apache/xmlgraphics/batik-squiggle/1.14/batik-squiggle-1.14.jar:/home/maverick/.m2/repository/org/apache/xmlgraphics/batik-svg-dom/1.14/batik-svg-dom-1.14.jar:/home/maverick/.m2/repository/org/apache/xmlgraphics/batik-svgbrowser/1.14/batik-svgbrowser-1.14.jar:/home/maverick/.m2/repository/org/apache/xmlgraphics/batik-svggen/1.14/batik-svggen-1.14.jar:/home/maverick/.m2/repository/org/apache/xmlgraphics/batik-svgpp/1.14/batik-svgpp-1.14.jar:/home/maverick/.m2/repository/org/apache/xmlgraphics/batik-svgrasterizer/1.14/batik-svgrasterizer-1.14.jar:/home/maverick/.m2/repository/org/apache/xmlgraphics/batik-swing/1.14/batik-swing-1.14.jar:/home/maverick/.m2/repository/org/apache/xmlgraphics/batik-transcoder/1.14/batik-transcoder-1.14.jar:/home/maverick/.m2/repository/org/apache/xmlgraphics/batik-util/1.14/batik-util-1.14.jar:/home/maverick/.m2/repository/org/apache/xmlgraphics/batik-ttf2svg/1.14/batik-ttf2svg-1.14.jar:/home/maverick/.m2/repository/org/apache/xmlgraphics/batik-xml/1.14/batik-xml-1.14.jar:/home/maverick/.m2/repository/org/openjfx/javafx-swing/20/javafx-swing-20.jar:/home/maverick/.m2/repository/org/openjfx/javafx-swing/20/javafx-swing-20-linux.jar:/home/maverick/.m2/repository/org/junit/jupiter/junit-jupiter-api/5.9.2/junit-jupiter-api-5.9.2.jar:/home/maverick/.m2/repository/org/opentest4j/opentest4j/1.2.0/opentest4j-1.2.0.jar:/home/maverick/.m2/repository/org/junit/platform/junit-platform-commons/1.9.2/junit-platform-commons-1.9.2.jar:/home/maverick/.m2/repository/org/apiguardian/apiguardian-api/1.1.2/apiguardian-api-1.1.2.jar:/home/maverick/.m2/repository/org/junit/jupiter/junit-jupiter-engine/5.9.2/junit-jupiter-engine-5.9.2.jar:/home/maverick/.m2/repository/org/junit/platform/junit-platform-engine/1.9.2/junit-platform-engine-1.9.2.jar:/home/maverick/.m2/repository/org/junit/jupiter/junit-jupiter-params/5.9.2/junit-jupiter-params-5.9.2.jar:/home/maverick/.m2/repository/org/junit/vintage/junit-vintage-engine/5.9.2/junit-vintage-engine-5.9.2.jar:/home/maverick/.m2/repository/junit/junit/4.13.2/junit-4.13.2.jar:/home/maverick/.m2/repository/org/hamcrest/hamcrest-core/1.3/hamcrest-core-1.3.jar:"/>
    <property name="sun.cpu.endian" value="little"/>
    <property name="user.home" value="/home/maverick"/>
    <property name="user.language" value="it"/>
    <property name="java.specification.vendor" value="Oracle Corporation"/>
    <property name="java.version.date" value="2024-07-16"/>
    <property name="java.home" value="/usr/lib/jvm/java-17-openjdk"/>
    <property name="file.separator" value="/"/>
    <property name="basedir" value="/home/maverick/Scrivania/Uni/Esami da fare/ISPW/audio-transcriptor"/>
    <property name="java.vm.compressedOopsMode" value="Zero based"/>
    <property name="line.separator" value="&#10;"/>
    <property name="java.vm.specification.vendor" value="Oracle Corporation"/>
    <property name="java.specification.name" value="Java Platform API Specification"/>
    <property name="surefire.real.class.path" value="/home/maverick/Scrivania/Uni/Esami da fare/ISPW/audio-transcriptor/target/surefire/surefirebooter-20250218103139276_3.jar"/>
    <property name="sun.management.compiler" value="HotSpot 64-Bit Tiered Compilers"/>
    <property name="java.runtime.version" value="17.0.12+7"/>
    <property name="user.name" value="maverick"/>
    <property name="path.separator" value=":"/>
    <property name="os.version" value="6.10.9-arch1-1"/>
    <property name="java.runtime.name" value="OpenJDK Runtime Environment"/>
    <property name="file.encoding" value="UTF-8"/>
    <property name="java.vm.name" value="OpenJDK 64-Bit Server VM"/>
    <property name="localRepository" value="/home/maverick/.m2/repository"/>
    <property name="java.vendor.url.bug" value="https://bugreport.java.com/bugreport/"/>
    <property name="java.io.tmpdir" value="/tmp"/>
    <property name="java.version" value="17.0.12"/>
    <property name="user.dir" value="/home/maverick/Scrivania/Uni/Esami da fare/ISPW/audio-transcriptor"/>
    <property name="os.arch" value="amd64"/>
    <property name="java.vm.specification.name" value="Java Virtual Machine Specification"/>
    <property name="native.encoding" value="UTF-8"/>
    <property name="java.library.path" value="/usr/java/packages/lib:/usr/lib64:/lib64:/lib:/usr/lib"/>
    <property name="java.vm.info" value="mixed mode, sharing"/>
    <property name="java.vendor" value="Arch Linux"/>
    <property name="java.vm.version" value="17.0.12+7"/>
    <property name="sun.io.unicode.encoding" value="UnicodeLittle"/>
    <property name="java.class.version" value="61.0"/>
  </properties>
  <testcase name="testSaveNote" classname="persistence.FileSystemNotesDAOTest" time="0.743">
    <system-out><![CDATA[10:31:39.871 [main] INFO control.AuthController -- User attempting to log in with email: test@example.com
10:31:40.004 [main] DEBUG org.apache.hc.client5.http.impl.classic.InternalHttpClient -- ex-0000000001 preparing request execution
10:31:40.009 [main] DEBUG org.apache.hc.client5.http.impl.classic.ProtocolExec -- ex-0000000001 target auth state: UNCHALLENGED
10:31:40.009 [main] DEBUG org.apache.hc.client5.http.impl.classic.ProtocolExec -- ex-0000000001 proxy auth state: UNCHALLENGED
10:31:40.009 [main] DEBUG org.apache.hc.client5.http.impl.classic.ConnectExec -- ex-0000000001 acquiring connection with route {s}->https://identitytoolkit.googleapis.com:443
10:31:40.010 [main] DEBUG org.apache.hc.client5.http.impl.classic.InternalHttpClient -- ex-0000000001 acquiring endpoint (3 MINUTES)
10:31:40.012 [main] DEBUG org.apache.hc.client5.http.impl.io.PoolingHttpClientConnectionManager -- ex-0000000001 endpoint lease request (3 MINUTES) [route: {s}->https://identitytoolkit.googleapis.com:443][total available: 0; route allocated: 0 of 5; total allocated: 0 of 25]
10:31:40.015 [main] DEBUG org.apache.hc.client5.http.impl.io.PoolingHttpClientConnectionManager -- ex-0000000001 endpoint leased [route: {s}->https://identitytoolkit.googleapis.com:443][total available: 0; route allocated: 1 of 5; total allocated: 1 of 25]
10:31:40.020 [main] DEBUG org.apache.hc.client5.http.impl.io.PoolingHttpClientConnectionManager -- ex-0000000001 acquired ep-0000000001
10:31:40.021 [main] DEBUG org.apache.hc.client5.http.impl.classic.InternalHttpClient -- ex-0000000001 acquired endpoint ep-0000000001
10:31:40.021 [main] DEBUG org.apache.hc.client5.http.impl.classic.ConnectExec -- ex-0000000001 opening connection {s}->https://identitytoolkit.googleapis.com:443
10:31:40.021 [main] DEBUG org.apache.hc.client5.http.impl.classic.InternalHttpClient -- ep-0000000001 connecting endpoint (null)
10:31:40.022 [main] DEBUG org.apache.hc.client5.http.impl.io.PoolingHttpClientConnectionManager -- ep-0000000001 connecting endpoint to https://identitytoolkit.googleapis.com:443 (3 MINUTES)
10:31:40.022 [main] DEBUG org.apache.hc.client5.http.impl.io.DefaultHttpClientConnectionOperator -- identitytoolkit.googleapis.com resolving remote address
10:31:40.040 [main] DEBUG org.apache.hc.client5.http.impl.io.DefaultHttpClientConnectionOperator -- identitytoolkit.googleapis.com resolved to [identitytoolkit.googleapis.com/142.251.209.10, identitytoolkit.googleapis.com/142.251.209.42, identitytoolkit.googleapis.com/216.58.209.42, identitytoolkit.googleapis.com/216.58.204.138, identitytoolkit.googleapis.com/216.58.204.234, identitytoolkit.googleapis.com/216.58.205.42, identitytoolkit.googleapis.com/142.250.180.138, identitytoolkit.googleapis.com/142.250.180.170, identitytoolkit.googleapis.com/2a00:1450:4002:414:0:0:0:200a, identitytoolkit.googleapis.com/2a00:1450:4002:415:0:0:0:200a, identitytoolkit.googleapis.com/2a00:1450:4002:416:0:0:0:200a, identitytoolkit.googleapis.com/2a00:1450:4002:402:0:0:0:200a]
10:31:40.045 [main] DEBUG org.apache.hc.client5.http.impl.io.DefaultHttpClientConnectionOperator -- identitytoolkit.googleapis.com:443 connecting null->identitytoolkit.googleapis.com/142.251.209.10:443 (3 MINUTES)
10:31:40.045 [main] DEBUG org.apache.hc.client5.http.ssl.SSLConnectionSocketFactory -- Connecting socket to identitytoolkit.googleapis.com/142.251.209.10:443 with timeout 3 MINUTES
10:31:40.110 [main] DEBUG org.apache.hc.client5.http.ssl.SSLConnectionSocketFactory -- Enabled protocols: [TLSv1.3, TLSv1.2]
10:31:40.111 [main] DEBUG org.apache.hc.client5.http.ssl.SSLConnectionSocketFactory -- Enabled cipher suites: [TLS_AES_256_GCM_SHA384, TLS_AES_128_GCM_SHA256, TLS_CHACHA20_POLY1305_SHA256, TLS_ECDHE_ECDSA_WITH_AES_256_GCM_SHA384, TLS_ECDHE_ECDSA_WITH_AES_128_GCM_SHA256, TLS_ECDHE_ECDSA_WITH_CHACHA20_POLY1305_SHA256, TLS_ECDHE_RSA_WITH_AES_256_GCM_SHA384, TLS_ECDHE_RSA_WITH_CHACHA20_POLY1305_SHA256, TLS_ECDHE_RSA_WITH_AES_128_GCM_SHA256, TLS_DHE_RSA_WITH_AES_256_GCM_SHA384, TLS_DHE_RSA_WITH_CHACHA20_POLY1305_SHA256, TLS_DHE_DSS_WITH_AES_256_GCM_SHA384, TLS_DHE_RSA_WITH_AES_128_GCM_SHA256, TLS_DHE_DSS_WITH_AES_128_GCM_SHA256, TLS_ECDHE_ECDSA_WITH_AES_256_CBC_SHA384, TLS_ECDHE_RSA_WITH_AES_256_CBC_SHA384, TLS_ECDHE_ECDSA_WITH_AES_128_CBC_SHA256, TLS_ECDHE_RSA_WITH_AES_128_CBC_SHA256, TLS_DHE_RSA_WITH_AES_256_CBC_SHA256, TLS_DHE_DSS_WITH_AES_256_CBC_SHA256, TLS_DHE_RSA_WITH_AES_128_CBC_SHA256, TLS_DHE_DSS_WITH_AES_128_CBC_SHA256, TLS_ECDH_ECDSA_WITH_AES_256_GCM_SHA384, TLS_ECDH_RSA_WITH_AES_256_GCM_SHA384, TLS_ECDH_ECDSA_WITH_AES_128_GCM_SHA256, TLS_ECDH_RSA_WITH_AES_128_GCM_SHA256, TLS_ECDH_ECDSA_WITH_AES_256_CBC_SHA384, TLS_ECDH_RSA_WITH_AES_256_CBC_SHA384, TLS_ECDH_ECDSA_WITH_AES_128_CBC_SHA256, TLS_ECDH_RSA_WITH_AES_128_CBC_SHA256, TLS_ECDHE_ECDSA_WITH_AES_256_CBC_SHA, TLS_ECDHE_RSA_WITH_AES_256_CBC_SHA, TLS_ECDHE_ECDSA_WITH_AES_128_CBC_SHA, TLS_ECDHE_RSA_WITH_AES_128_CBC_SHA, TLS_DHE_RSA_WITH_AES_256_CBC_SHA, TLS_DHE_DSS_WITH_AES_256_CBC_SHA, TLS_DHE_RSA_WITH_AES_128_CBC_SHA, TLS_DHE_DSS_WITH_AES_128_CBC_SHA, TLS_ECDH_ECDSA_WITH_AES_256_CBC_SHA, TLS_ECDH_RSA_WITH_AES_256_CBC_SHA, TLS_ECDH_ECDSA_WITH_AES_128_CBC_SHA, TLS_ECDH_RSA_WITH_AES_128_CBC_SHA, TLS_RSA_WITH_AES_256_GCM_SHA384, TLS_RSA_WITH_AES_128_GCM_SHA256, TLS_RSA_WITH_AES_256_CBC_SHA256, TLS_RSA_WITH_AES_128_CBC_SHA256, TLS_RSA_WITH_AES_256_CBC_SHA, TLS_RSA_WITH_AES_128_CBC_SHA, TLS_EMPTY_RENEGOTIATION_INFO_SCSV]
10:31:40.111 [main] DEBUG org.apache.hc.client5.http.ssl.SSLConnectionSocketFactory -- Starting handshake (null)
10:31:40.240 [main] DEBUG org.apache.hc.client5.http.ssl.SSLConnectionSocketFactory -- Secure session established
10:31:40.240 [main] DEBUG org.apache.hc.client5.http.ssl.SSLConnectionSocketFactory --  negotiated protocol: TLSv1.3
10:31:40.240 [main] DEBUG org.apache.hc.client5.http.ssl.SSLConnectionSocketFactory --  negotiated cipher suite: TLS_AES_256_GCM_SHA384
10:31:40.241 [main] DEBUG org.apache.hc.client5.http.ssl.SSLConnectionSocketFactory --  peer principal: CN=upload.video.google.com
10:31:40.241 [main] DEBUG org.apache.hc.client5.http.ssl.SSLConnectionSocketFactory --  peer alternative names: [upload.video.google.com, *.clients.google.com, *.docs.google.com, *.drive.google.com, *.gdata.youtube.com, *.googleapis.com, *.photos.google.com, *.youtube-3rd-party.com, upload.google.com, *.upload.google.com, upload.youtube.com, *.upload.youtube.com, uploads.stage.gdata.youtube.com, bg-call-donation.goog, bg-call-donation-alpha.goog, bg-call-donation-canary.goog, bg-call-donation-dev.goog]
10:31:40.241 [main] DEBUG org.apache.hc.client5.http.ssl.SSLConnectionSocketFactory --  issuer principal: CN=WR2, O=Google Trust Services, C=US
10:31:40.242 [main] DEBUG org.apache.hc.client5.http.impl.io.DefaultManagedHttpClientConnection -- http-outgoing-0 set socket timeout to 3 MINUTES
10:31:40.242 [main] DEBUG org.apache.hc.client5.http.impl.io.DefaultHttpClientConnectionOperator -- identitytoolkit.googleapis.com:443 connected null->identitytoolkit.googleapis.com/142.251.209.10:443 as http-outgoing-0
10:31:40.242 [main] DEBUG org.apache.hc.client5.http.impl.io.PoolingHttpClientConnectionManager -- ep-0000000001 connected http-outgoing-0
10:31:40.242 [main] DEBUG org.apache.hc.client5.http.impl.classic.InternalHttpClient -- ep-0000000001 endpoint connected
10:31:40.243 [main] DEBUG org.apache.hc.client5.http.impl.classic.MainClientExec -- ex-0000000001 executing POST /v1/accounts:signInWithPassword?key=AIzaSyBCEOyK7Nd9zdBGPB0uSZEklKAAiWOrJfs HTTP/1.1
10:31:40.243 [main] DEBUG org.apache.hc.client5.http.protocol.RequestAddCookies -- ex-0000000001 Cookie spec selected: strict
10:31:40.246 [main] DEBUG org.apache.hc.client5.http.impl.classic.InternalHttpClient -- ep-0000000001 start execution ex-0000000001
10:31:40.246 [main] DEBUG org.apache.hc.client5.http.impl.io.PoolingHttpClientConnectionManager -- ep-0000000001 executing exchange ex-0000000001 over http-outgoing-0
10:31:40.246 [main] DEBUG org.apache.hc.client5.http.headers -- http-outgoing-0 >> POST /v1/accounts:signInWithPassword?key=AIzaSyBCEOyK7Nd9zdBGPB0uSZEklKAAiWOrJfs HTTP/1.1
10:31:40.246 [main] DEBUG org.apache.hc.client5.http.headers -- http-outgoing-0 >> Content-Type: application/json
10:31:40.246 [main] DEBUG org.apache.hc.client5.http.headers -- http-outgoing-0 >> Accept-Encoding: gzip, x-gzip, deflate
10:31:40.246 [main] DEBUG org.apache.hc.client5.http.headers -- http-outgoing-0 >> Content-Length: 73
10:31:40.246 [main] DEBUG org.apache.hc.client5.http.headers -- http-outgoing-0 >> Host: identitytoolkit.googleapis.com
10:31:40.246 [main] DEBUG org.apache.hc.client5.http.headers -- http-outgoing-0 >> Connection: keep-alive
10:31:40.247 [main] DEBUG org.apache.hc.client5.http.headers -- http-outgoing-0 >> User-Agent: Apache-HttpClient/5.2.1 (Java/17.0.12)
10:31:40.247 [main] DEBUG org.apache.hc.client5.http.wire -- http-outgoing-0 >> "POST /v1/accounts:signInWithPassword?key=AIzaSyBCEOyK7Nd9zdBGPB0uSZEklKAAiWOrJfs HTTP/1.1[\r][\n]"
10:31:40.247 [main] DEBUG org.apache.hc.client5.http.wire -- http-outgoing-0 >> "Content-Type: application/json[\r][\n]"
10:31:40.247 [main] DEBUG org.apache.hc.client5.http.wire -- http-outgoing-0 >> "Accept-Encoding: gzip, x-gzip, deflate[\r][\n]"
10:31:40.247 [main] DEBUG org.apache.hc.client5.http.wire -- http-outgoing-0 >> "Content-Length: 73[\r][\n]"
10:31:40.247 [main] DEBUG org.apache.hc.client5.http.wire -- http-outgoing-0 >> "Host: identitytoolkit.googleapis.com[\r][\n]"
10:31:40.247 [main] DEBUG org.apache.hc.client5.http.wire -- http-outgoing-0 >> "Connection: keep-alive[\r][\n]"
10:31:40.247 [main] DEBUG org.apache.hc.client5.http.wire -- http-outgoing-0 >> "User-Agent: Apache-HttpClient/5.2.1 (Java/17.0.12)[\r][\n]"
10:31:40.247 [main] DEBUG org.apache.hc.client5.http.wire -- http-outgoing-0 >> "[\r][\n]"
10:31:40.247 [main] DEBUG org.apache.hc.client5.http.wire -- http-outgoing-0 >> "{"password":"123456","email":"test@example.com","returnSecureToken":true}"
10:31:40.453 [main] DEBUG org.apache.hc.client5.http.wire -- http-outgoing-0 << "HTTP/1.1 200 OK[\r][\n]"
10:31:40.454 [main] DEBUG org.apache.hc.client5.http.wire -- http-outgoing-0 << "Date: Tue, 18 Feb 2025 09:31:40 GMT[\r][\n]"
10:31:40.454 [main] DEBUG org.apache.hc.client5.http.wire -- http-outgoing-0 << "Expires: Mon, 01 Jan 1990 00:00:00 GMT[\r][\n]"
10:31:40.454 [main] DEBUG org.apache.hc.client5.http.wire -- http-outgoing-0 << "Cache-Control: no-cache, no-store, max-age=0, must-revalidate[\r][\n]"
10:31:40.454 [main] DEBUG org.apache.hc.client5.http.wire -- http-outgoing-0 << "Pragma: no-cache[\r][\n]"
10:31:40.454 [main] DEBUG org.apache.hc.client5.http.wire -- http-outgoing-0 << "Content-Type: application/json; charset=UTF-8[\r][\n]"
10:31:40.454 [main] DEBUG org.apache.hc.client5.http.wire -- http-outgoing-0 << "Vary: Origin[\r][\n]"
10:31:40.454 [main] DEBUG org.apache.hc.client5.http.wire -- http-outgoing-0 << "Vary: X-Origin[\r][\n]"
10:31:40.454 [main] DEBUG org.apache.hc.client5.http.wire -- http-outgoing-0 << "Vary: Referer[\r][\n]"
10:31:40.454 [main] DEBUG org.apache.hc.client5.http.wire -- http-outgoing-0 << "Content-Encoding: gzip[\r][\n]"
10:31:40.454 [main] DEBUG org.apache.hc.client5.http.wire -- http-outgoing-0 << "Server: ESF[\r][\n]"
10:31:40.454 [main] DEBUG org.apache.hc.client5.http.wire -- http-outgoing-0 << "X-XSS-Protection: 0[\r][\n]"
10:31:40.454 [main] DEBUG org.apache.hc.client5.http.wire -- http-outgoing-0 << "X-Frame-Options: SAMEORIGIN[\r][\n]"
10:31:40.455 [main] DEBUG org.apache.hc.client5.http.wire -- http-outgoing-0 << "X-Content-Type-Options: nosniff[\r][\n]"
10:31:40.455 [main] DEBUG org.apache.hc.client5.http.wire -- http-outgoing-0 << "Alt-Svc: h3=":443"; ma=2592000,h3-29=":443"; ma=2592000[\r][\n]"
10:31:40.455 [main] DEBUG org.apache.hc.client5.http.wire -- http-outgoing-0 << "Transfer-Encoding: chunked[\r][\n]"
10:31:40.455 [main] DEBUG org.apache.hc.client5.http.wire -- http-outgoing-0 << "[\r][\n]"
10:31:40.455 [main] DEBUG org.apache.hc.client5.http.wire -- http-outgoing-0 << "00000001[\r][\n]"
10:31:40.455 [main] DEBUG org.apache.hc.client5.http.wire -- http-outgoing-0 << "[0x1f][\r][\n]"
10:31:40.455 [main] DEBUG org.apache.hc.client5.http.wire -- http-outgoing-0 << "00000001[\r][\n]"
10:31:40.455 [main] DEBUG org.apache.hc.client5.http.wire -- http-outgoing-0 << "[0xffffff8b][\r][\n]"
10:31:40.455 [main] DEBUG org.apache.hc.client5.http.wire -- http-outgoing-0 << "00000001[\r][\n]"
10:31:40.455 [main] DEBUG org.apache.hc.client5.http.wire -- http-outgoing-0 << "[0x8][\r][\n]"
10:31:40.455 [main] DEBUG org.apache.hc.client5.http.wire -- http-outgoing-0 << "00000001[\r][\n]"
10:31:40.455 [main] DEBUG org.apache.hc.client5.http.wire -- http-outgoing-0 << "[0x0][\r][\n]"
10:31:40.455 [main] DEBUG org.apache.hc.client5.http.wire -- http-outgoing-0 << "00000001[\r][\n]"
10:31:40.455 [main] DEBUG org.apache.hc.client5.http.wire -- http-outgoing-0 << "[0x0][\r][\n]"
10:31:40.455 [main] DEBUG org.apache.hc.client5.http.wire -- http-outgoing-0 << "00000001[\r][\n]"
10:31:40.455 [main] DEBUG org.apache.hc.client5.http.wire -- http-outgoing-0 << "[0x0][\r][\n]"
10:31:40.455 [main] DEBUG org.apache.hc.client5.http.wire -- http-outgoing-0 << "00000001[\r][\n]"
10:31:40.456 [main] DEBUG org.apache.hc.client5.http.wire -- http-outgoing-0 << "[0x0][\r][\n]"
10:31:40.456 [main] DEBUG org.apache.hc.client5.http.wire -- http-outgoing-0 << "00000001[\r][\n]"
10:31:40.456 [main] DEBUG org.apache.hc.client5.http.wire -- http-outgoing-0 << "[0x0][\r][\n]"
10:31:40.456 [main] DEBUG org.apache.hc.client5.http.wire -- http-outgoing-0 << "00000001[\r][\n]"
10:31:40.456 [main] DEBUG org.apache.hc.client5.http.wire -- http-outgoing-0 << "[0x2][\r][\n]"
10:31:40.456 [main] DEBUG org.apache.hc.client5.http.wire -- http-outgoing-0 << "00000001[\r][\n]"
10:31:40.456 [main] DEBUG org.apache.hc.client5.http.wire -- http-outgoing-0 << "[0xffffffff][\r][\n]"
10:31:40.456 [main] DEBUG org.apache.hc.client5.http.wire -- http-outgoing-0 << "00000001[\r][\n]"
10:31:40.456 [main] DEBUG org.apache.hc.client5.http.wire -- http-outgoing-0 << "[0xffffff8d][\r][\n]"
10:31:40.456 [main] DEBUG org.apache.hc.client5.http.wire -- http-outgoing-0 << "00000001[\r][\n]"
10:31:40.456 [main] DEBUG org.apache.hc.client5.http.wire -- http-outgoing-0 << "[0xffffff94][\r][\n]"
10:31:40.456 [main] DEBUG org.apache.hc.client5.http.wire -- http-outgoing-0 << "00000001[\r][\n]"
10:31:40.456 [main] DEBUG org.apache.hc.client5.http.wire -- http-outgoing-0 << "[0xffffffc9][\r][\n]"
10:31:40.456 [main] DEBUG org.apache.hc.client5.http.wire -- http-outgoing-0 << "00000001[\r][\n]"
10:31:40.456 [main] DEBUG org.apache.hc.client5.http.wire -- http-outgoing-0 << "[0xffffff92][\r][\n]"
10:31:40.456 [main] DEBUG org.apache.hc.client5.http.wire -- http-outgoing-0 << "00000001[\r][\n]"
10:31:40.456 [main] DEBUG org.apache.hc.client5.http.wire -- http-outgoing-0 << "[0xffffffab][\r][\n]"
10:31:40.456 [main] DEBUG org.apache.hc.client5.http.wire -- http-outgoing-0 << "00000001[\r][\n]"
10:31:40.457 [main] DEBUG org.apache.hc.client5.http.wire -- http-outgoing-0 << "6[\r][\n]"
10:31:40.457 [main] DEBUG org.apache.hc.client5.http.wire -- http-outgoing-0 << "00000001[\r][\n]"
10:31:40.457 [main] DEBUG org.apache.hc.client5.http.wire -- http-outgoing-0 << "[0x14][\r][\n]"
10:31:40.457 [main] DEBUG org.apache.hc.client5.http.wire -- http-outgoing-0 << "00000001[\r][\n]"
10:31:40.457 [main] DEBUG org.apache.hc.client5.http.wire -- http-outgoing-0 << "[0xffffff86][\r][\n]"
10:31:40.457 [main] DEBUG org.apache.hc.client5.http.wire -- http-outgoing-0 << "0001[\r][\n]"
10:31:40.457 [main] DEBUG org.apache.hc.client5.http.wire -- http-outgoing-0 << "[0xfffffff7][\r][\n]"
10:31:40.457 [main] DEBUG org.apache.hc.client5.http.wire -- http-outgoing-0 << "41b[\r][\n]"
10:31:40.457 [main] DEBUG org.apache.hc.client5.http.wire -- http-outgoing-0 << "[0xfffffff7])[0xffffffba]:[0xffffffdb][0xfffffff8][0x16][0xffffff93][0xffffffa7][0xffffffac]b[0xffffffcc]`0[0xffffff83][0xffffffc1][0xffffffcc][0x1b][0x17] [0xc][0xffffffc2][0x8]0[0xffffff88]1[0xffffff95]w[0xf]t[0xffffffdf]d[0xffffff9d][0xffffff9d][0xffffffea][0xffffffd7][0x7f][0x6]}[0xffffffa7][0xffffff8e][0xfffffffe][0xfffffffa][0xfffffff1][0xfffffff1][0xfffffff1][0xfffffff9][0xffffff82]%[0xfffffff8][0xfffffffc][0xffffffe3][0xffffffe3][0x13][0xffffff82][0xffffffa4][0xffffffc4][0x10]O[0xffffffb8][0xffffffaa][0xffffff8a][0x17][0xffffffc4][0xffffffbf]9I[0x3][0xffffff9f][0xffffffd3]-l[0xffffffdb][0xffffffa1]j[0xffffff80][0xffffff99][0xffffffb4]uU[0xffffffb6][0xffffffc9][0xffffffe7][0xffffffef]kLQ[0xffffffc5]a!}[0xffffff85][\r]x[0xffffffac]E9z[0xffffff9d][0xffffffd8]P8[0x8][0x12]q[0xffffffd6][0xffffffa7][0xffffff93]9[0x8][0xffffff9e]k[0xfffffff5][0xffffffe4][0xffffffb7]9A!,V+NZ[0xfffffffc]g2[0xffffff86][0xffffffa8].[0xffffff92][0xffffff9f]q[0xffffff85][0xffffffbe][0xffffffaf][0x1]l[0xffffffeb]"[0xffffff9c][0xffffffb4][0x10]%[0xffffffab][0xffffffe9][[0xffffff84][0xffffffc0][0xffffffaa]^I[0xffffffb9][\n]"
10:31:40.457 [main] DEBUG org.apache.hc.client5.http.wire -- http-outgoing-0 << "[0xffffffc9]$g[0xffffff91][0x18]C[0x1d][0xffffffca]w{[0xffffff96]H[\r]J[0xffffffad][0xffffff84]p[0x1d][0xffffff9c][0xffffffa5][0xffffff9d][0xffffff94][0xffffffb3][0xffffffb9][0xffffff8f]d[0x18]p[0x12][0xffffffa5][0xffffffe5]Z[0xffffffe6]S6[0xffffffa3][6[0xffffffe3][B[0xffffffa6][>[0x13][0xffffffa0] [0xffffffd7]8c[0xffffffd4][0x16]][0xffffffe5][0xfffffff8][0xffffffc9]G[0xe][0xfffffff2][0xffffff91][\r][0xffffff95][0xffffffb3]L$[0xffffffde]i[0xffffffcd]yuH[0x3]>[0xffffff8d][0xffffff9f]K[0xffffff99]:[0xffffffa6][0xffffffd5]U[0xffffffaa][0xffffffc0][0xffffffc5][0x1c][0xffffffe2][0xffffffb9][0xffffffea][0x15]Z+|[0xffffffda][0xffffff99][0x2][0xffffffcf][0xffffffec]C[0xffffffca][0xffffffe9][0x14][0x4][0xfffffffa][0xffffff88][0x2]mp[0xffffffdf][0xffffffe6][0x11]E[0xfffffff4][0xffffffbe][0xffffffe7][0xffffffbc]B[0xfffffff7][0xffffff80][0xffffffc1]ei[0xffffffb1][0xffffffd4][0xfffffff2][0x18][0x15][0x3][0x10][0xffffff8f][0xffffff93]bID`[0x15][0xffffff85][0x4][0x7][0xffffffb8]z[0xffffffa4][0xffffffbc][0xffffff82][0xffffffff][0xffffffd3]K[0xffffff84][0xffffffc2][0xffffff91][0x8]][0xffffffb2]XbFmV[0xffffffb7]:[0x17][0xffffff8f][0xffffffaa]u[0x1a][0xffffff96][0xffffff96][0xffffffc9][0xffffff98]r&[0xffffff8f]*[0xffffffbe][0xfffffff2][0x1][0xffffffda]db[0x1e]\}[0xffffff84]Y[0x3][0x9][0xffffffa2][0xffffffce][0x7][0xffffffb2][0xffffffca]k[0xffffffb7][0xffffffc4][0x16][0xffffffee][0xffffff80][0x8]|[0xffffff87]4)[0xfffffff5][0xffffffbe][0xffffffa0]*5[0xffffffd2][0xffffff87][0xb][0xffffffaa][0x12][0x10][0xffffffc9][0xffffff85][0xffffffbd][0xffffffdc][0xffffff91][0xffffffdc][0x18][0xffffffb6][0xffffff9c][0xffffff99]y&[0xffffffde]-[0xffffff96][0xffffffb3][0xffffffe8][0xffffff82][0xffffffb5]K [0xffffffba][0x2][0xffffffb0]A[0xffffffce][0xffffffaf]hj[0xffffffdf]3[0xffffffa0][0xffffff9e][0xfffffff3][0xffffffb4]:[0xffffffbf][0x18]m[0xffffffe6]G[0xffffff95];-[0xffffffc8][0x1d]&^[0xffffff90][0xffffffab]V<[0xffffffeb]VJk\<[0xffffffa8][0xffffffe7][0x1][0x6].[0xffffff99][0xffffff85][0xffffffee][0xffffffb0]r#[0x2]O#[0xc][0xffffffd1]a|[0xffffff97][0x1c]"[0xffffffd1][0xffffffee]|[0xffffffea][0xffffff88][0xffffffd7]w}{[0xffffffc6]'@[0xffffffce][0x14][0xffffffba]A[0x1d][0xffffffb8]K~[0x14]d[0xffffffd1]E+[0xffffff96]z([0xfffffff4][0xffffffe4][0xffffffc2]G[0xffffffc2][0x1c][0xffffffdc][0xffffffa5][0xffffffdd]:[0xffffff87]@t: [0x16][0xb][0x7]g[0xffffff96][0xfffffff2]z[0xffffffbf][0xffffffd4][0xffffffc6][0xffffffbe][[0xffffffb4][0xffffffcb]9[0xffffff92]J[0xffffffb3][0xffffff88]i[0xfffffff3][0x14]xY[0x16]y[0xffffffec][0xffffffbf][0xffffffb3][0xffffff80][0xffffff9e]G[0xffffffac]o[0xffffffad][0x3]j[0xfffffffb][0xc][0xffffffdd][0xffffffed]3[0xffffffbe][0xffffffc8]=@[0xffffffc5]+[0xfffffff0][0xffffffa4][0xffffffb5][0xffffffb7][0xffffffc1][0xfffffff7][0xffffffb4][0x19]P[0xffffffc7])8[0xffffffcb][0xffffffc7]e[0xffffffdc]o[0xfffffffa][0xffffffcc]m[0xffffff88][0xffffff9a]e[0x1f]@[0xffffffad][0xffffffe8];#[0xffffffb7]a[0xffffffe3][0xfffffff1][0x11][0x1f]0[0xffffffdb][0xffffffe6]JM[0xffffffa4]M[0xffffffbc][0xffffffad]#i*R[0xffffff97]^[0xffffff8e][0xffffffcf][0xfffffff0][0x6][0xfffffff3][0xffffff8d][0xffffff85]=[0xfffffffa][0xffffffa6]g}[0xffffffb9][0xffffffcb][0xf][0xffffffac]rpE[0xffffffd5][0xffffffe3][0x4][0x1d][0xb][0xffffffc5][0xfffffff3]N[0xfffffff1][0xffffffaf][0xffffffe1][0xffffffc4][\n]"
10:31:40.457 [main] DEBUG org.apache.hc.client5.http.wire -- http-outgoing-0 << "[0xffffff9d]'[0x1c][0xffffff98][0xffffffcb][0x16]u[0xffffffbb]@[0xffffffbf][0xffffffdd][0xffffffa3][0x6][0xffffff90][\n]"
10:31:40.458 [main] DEBUG org.apache.hc.client5.http.wire -- http-outgoing-0 << "V[0xffffffd4][0xffffffc2]S[0xffffff9a][0xffffffb3]4[0xfffffffa]i[0xffffff8b][\r][0x17][0x17][0x9][0xffffffcb][0x1][0xffffffbf][0x13][0xffffffea]9Qs[0xfffffff6][0xffffffa6]"
10:31:40.459 [main] DEBUG org.apache.hc.client5.http.headers -- http-outgoing-0 << HTTP/1.1 200 OK
10:31:40.459 [main] DEBUG org.apache.hc.client5.http.headers -- http-outgoing-0 << Date: Tue, 18 Feb 2025 09:31:40 GMT
10:31:40.459 [main] DEBUG org.apache.hc.client5.http.headers -- http-outgoing-0 << Expires: Mon, 01 Jan 1990 00:00:00 GMT
10:31:40.459 [main] DEBUG org.apache.hc.client5.http.headers -- http-outgoing-0 << Cache-Control: no-cache, no-store, max-age=0, must-revalidate
10:31:40.459 [main] DEBUG org.apache.hc.client5.http.headers -- http-outgoing-0 << Pragma: no-cache
10:31:40.459 [main] DEBUG org.apache.hc.client5.http.headers -- http-outgoing-0 << Content-Type: application/json; charset=UTF-8
10:31:40.459 [main] DEBUG org.apache.hc.client5.http.headers -- http-outgoing-0 << Vary: Origin
10:31:40.459 [main] DEBUG org.apache.hc.client5.http.headers -- http-outgoing-0 << Vary: X-Origin
10:31:40.459 [main] DEBUG org.apache.hc.client5.http.headers -- http-outgoing-0 << Vary: Referer
10:31:40.459 [main] DEBUG org.apache.hc.client5.http.headers -- http-outgoing-0 << Content-Encoding: gzip
10:31:40.459 [main] DEBUG org.apache.hc.client5.http.headers -- http-outgoing-0 << Server: ESF
10:31:40.459 [main] DEBUG org.apache.hc.client5.http.headers -- http-outgoing-0 << X-XSS-Protection: 0
10:31:40.459 [main] DEBUG org.apache.hc.client5.http.headers -- http-outgoing-0 << X-Frame-Options: SAMEORIGIN
10:31:40.459 [main] DEBUG org.apache.hc.client5.http.headers -- http-outgoing-0 << X-Content-Type-Options: nosniff
10:31:40.459 [main] DEBUG org.apache.hc.client5.http.headers -- http-outgoing-0 << Alt-Svc: h3=":443"; ma=2592000,h3-29=":443"; ma=2592000
10:31:40.459 [main] DEBUG org.apache.hc.client5.http.headers -- http-outgoing-0 << Transfer-Encoding: chunked
10:31:40.461 [main] DEBUG org.apache.hc.client5.http.impl.classic.MainClientExec -- ex-0000000001 connection can be kept alive for 3 MINUTES
10:31:40.463 [main] DEBUG org.apache.hc.client5.http.wire -- http-outgoing-0 << "[0xffffffea][0xffffffa9][0xffffffa8][0xffffffc5]9[0xffffffb3]{%[0xffffffba][0xe][0xffffffad][0x7][0xffffffad][0xffffffdd]Je/t[0xffffff97]v[0xfffffff7][0xe]pj[0xffffffa7][0xffffffef][0xffffffc3][0xffffffd2]J[0xffffffce]t][0xffffffb1]/[0xffffffb3][0xffffff9d][0xffffff81][0xffffffa9][0xffffffed][0xffffff99]Qd[0xffffffbd];[0x11]B[0xffffff8c][0xffffffcc][0xffffffcb][0xffffffa0][0x1c][0xffffff85]r;[0xffffffcf][0xffffffdd][0x8]'v[0xffffff8a][0xffffff98][0xffffffe0]z[0x19][0xffffffdb]d[0xffffff88][0xffffffb7][0xffffff86][0xffffffa9][0x1a]&[0x1b][\r]}[0xffffffa8][0xffffffc3][0xfffffffa][0xffffffa2][0xffffff87]#Yz*[0xffffffae][0xffffffcf][0xffffffec][0xffffff80][0xffffff95][0xfffffff3]cS[0xffffffca]i[0xffffffa3]d[0xffffff86]g[0x3][0xffffffb2]m[0xffffffe5][0xffffffc1]r[0xffffffd2][0xffffff8a][0xffffffe6][0x14][0xffffffe9]z[0xffffffb8]][0xffffffe7]=)[0x2] [0xf][0xffffff89]Z [0xffffffd2][0xffffff83]*[0xffffffcb]WU[0xffffffd5]Rb[0xffffffdd]Qd3[0xffffffc5][0xffffffde][0xffffffde]R[0xffffffa4]}[0xffffffad][0x8][0x9][0xffffffa8][0xffffffa4]lk[0xffffffc9][0xffffffbd]tm[\r]j[0xffffffe0][0xfffffff2]8[0xfffffffd]^[0xffffffde]&Ia[0xffffff8b][0xffffff93]&Y?[0x8][0xffffffdc]t[0xffffffc9]/[0xfffffff5][0xffffffd9]$m[0xfffffff6][0xffffffdf]^[0xffffff9f][0xffffffd4][0xffffffe7][0xffffffa6]g[0xffffffa7][0xfffffff3][0xffffffeb][0xffffffee][0xffffffef]%b[0x7]k[0xffffffa3]J39[0xffffffbf][0xfffffffb][0xffffffa6][0xffffffea]FS;_B&[0xffffff8c][0x6]};R[0xffffff9a][0xffffffa2]R8[0xffffffee]qj[0xffffffbc][0xffffff94][0xffffffd0][0x1][0xffffffb8][0xffffffe5]9n7[0xffffffab]b[0xffffffef][0xffffffbc][0x1]k7[0xffffff96]j[0xffffffee][0xffffffe6]q[0xffffff98][0xffffffde]WB[0xffffffa0][0xffffffbc][0xffffffbc][0xffffffaa][0xffffffee][0xffffffa5]t[0xffffffca]6[0xffffffef]c[0xffffff91][0xffffff89]J[0xffffffff]2[0xffffff82]&}X[0xffffffe7][0x16][0xfffffff5][0xffffffcb]N7UP[0xffffff8c]o[0xffffff8f][0xffffffe3][0xffffffb4][0xffffffcd]&P[0x15][0xffffff96][0x1d][0xffffffd9]i[0xffffffdf] =[0xffffffcf][0x18][0x1d]g(J[0xfffffff7]4[0xffffff89]S\[0xb]7[0xffffffc8]td[0xffffffc1][0xb][0xffffffd8][0xffffffdb][0x12]q[0x2]c[0xffffffce][0xffffff9c][0x1e];[0xffffff9b][0xffffffac][0xffffffa5]xSA&[0xffffffd1][0xffffff9c][0xffffff9e][0xffffffb7][0xfffffff6][0xffffffb1][0xfffffffc]|[0xffffffe7][0xf]c[0xffffffde][0xffffffc0][0xffffffa4]U[0xf][0x1b]]~[0xfffffff0][0xffffffdb][0xffffffa9]}L[0x4][0xffffffd9][0xffffffe9]c[0xffffffa6]5[0xffffffe8]\[0xffffff93][0xffffffa7][0x18]u[0xffffffda]P[0xffffff8b][0xffffffc7]C[0xffffff9d]q[0xffffff81]n[0xfffffffc][0xfffffffa][0x13][0xffffffc7][0x1a].4[0xffffffa4]/[0x12][0xfffffff4][0xffffff8e] >[0x7f][0xfffffffc][0xfffffffd][0xffffffe3][0x1f]>([0xffffffef]{[0xffffff8f][0x5][0x0][0x0][\r][\n]"
10:31:40.463 [main] INFO control.AuthController -- Firebase request successful: https://identitytoolkit.googleapis.com/v1/accounts:signInWithPassword?key=AIzaSyBCEOyK7Nd9zdBGPB0uSZEklKAAiWOrJfs
10:31:40.464 [main] DEBUG org.apache.hc.client5.http.wire -- http-outgoing-0 << "0[\r][\n]"
10:31:40.464 [main] DEBUG org.apache.hc.client5.http.wire -- http-outgoing-0 << "[\r][\n]"
10:31:40.464 [main] DEBUG org.apache.hc.client5.http.impl.classic.InternalHttpClient -- ep-0000000001 releasing valid endpoint
10:31:40.464 [main] DEBUG org.apache.hc.client5.http.impl.io.PoolingHttpClientConnectionManager -- ep-0000000001 releasing endpoint
10:31:40.464 [main] DEBUG org.apache.hc.client5.http.impl.io.PoolingHttpClientConnectionManager -- ep-0000000001 connection http-outgoing-0 can be kept alive for 3 MINUTES
10:31:40.465 [main] DEBUG org.apache.hc.client5.http.impl.io.PoolingHttpClientConnectionManager -- ep-0000000001 connection released [route: {s}->https://identitytoolkit.googleapis.com:443][total available: 1; route allocated: 1 of 5; total allocated: 1 of 25]
10:31:40.466 [main] DEBUG org.apache.hc.client5.http.impl.io.PoolingHttpClientConnectionManager -- Shutdown connection pool GRACEFUL
10:31:40.466 [main] DEBUG org.apache.hc.client5.http.impl.io.DefaultManagedHttpClientConnection -- http-outgoing-0 close connection GRACEFUL
10:31:40.467 [main] DEBUG org.apache.hc.client5.http.impl.io.PoolingHttpClientConnectionManager -- Connection pool shut down
10:31:40.467 [main] INFO control.AuthController -- User logged in successfully: test@example.com
10:31:40.473 [main] INFO persistence.FileSystemNotesDAO -- Nota salvata in formato crittografato: /home/maverick/Scrivania/Uni/Esami da fare/ISPW/audio-transcriptor/notes/57e1004b-6d42-4c90-8203-cb8481ea8f29_wtxpGJbkABaF8FI0COyARwFXWTv1_Nota_Test.txt
10:31:40.473 [main] WARN persistence.FileSystemNotesDAO -- File ignorato: fe614228-47b5-491b-b862-49e4299ada97_yf2ovg7KpJOLJoRgz4v4OiZb4Mj2_New_Note.txt
10:31:40.474 [main] WARN persistence.FileSystemNotesDAO -- File ignorato: cdedb3e2-a7cc-4f1a-9cef-3b2d333e8be9_yf2ovg7KpJOLJoRgz4v4OiZb4Mj2_Prova.txt
10:31:40.474 [main] WARN persistence.FileSystemNotesDAO -- File ignorato: fbd9a871-fa3a-4f49-b3b1-b8dd974ab4d8_testUser_Nota_Test.txt
10:31:40.474 [main] WARN persistence.FileSystemNotesDAO -- File ignorato: 8f7a0034-3c7f-4988-8146-0339327014cd_yf2ovg7KpJOLJoRgz4v4OiZb4Mj2_5g2345.txt
10:31:40.474 [main] INFO persistence.FileSystemNotesDAO -- Nota caricata: Nota Test
10:31:40.474 [main] WARN persistence.FileSystemNotesDAO -- File ignorato: 041a4742-ed56-4cba-8355-01f98feb363a_yf2ovg7KpJOLJoRgz4v4OiZb4Mj2_g5425ote.txt
10:31:40.475 [main] INFO persistence.FileSystemNotesDAO -- Nota caricata: Nota Test
10:31:40.475 [main] INFO persistence.FileSystemNotesDAO -- Nota caricata: Nota Test
10:31:40.475 [main] WARN persistence.FileSystemNotesDAO -- File ignorato: 1119df21-4931-4911-8114-604d521f1d28_testUser_Nota_Test.txt
10:31:40.475 [main] INFO persistence.FileSystemNotesDAO -- Nota caricata: Nota Test
10:31:40.475 [main] INFO persistence.FileSystemNotesDAO -- Nota caricata: Nota Test
10:31:40.475 [main] INFO persistence.FileSystemNotesDAO -- Nota caricata: Nota Test
10:31:40.476 [main] INFO persistence.FileSystemNotesDAO -- Nota caricata: Nota Test
10:31:40.476 [main] INFO persistence.FileSystemNotesDAO -- Nota caricata: Nota Test
10:31:40.476 [main] INFO persistence.FileSystemNotesDAO -- Caricate 8 note per l'utente: wtxpGJbkABaF8FI0COyARwFXWTv1
]]></system-out>
  </testcase>
  <testcase name="testDeleteNote" classname="persistence.FileSystemNotesDAOTest" time="0.003">
    <system-out><![CDATA[Verificando esistenza file prima della cancellazione: false
Tentativo di eliminazione: false
Verificando esistenza file dopo la cancellazione: false
]]></system-out>
  </testcase>
</testsuite>