<?xml version="1.0" encoding="UTF-8"?>
<testsuite xmlns:xsi="http://www.w3.org/2001/XMLSchema-instance" xsi:noNamespaceSchemaLocation="https://maven.apache.org/surefire/maven-surefire-plugin/xsd/surefire-test-report-3.0.xsd" version="3.0" name="persistence.FileSystemNotesDAOTest" time="0.89" tests="2" errors="0" skipped="0" failures="0">
  <properties>
    <property name="java.specification.version" value="21"/>
    <property name="sun.jnu.encoding" value="UTF-8"/>
    <property name="java.class.path" value="/home/maverick/Scrivania/Uni/ISPW/audio-transcriptor/target/test-classes:/home/maverick/Scrivania/Uni/ISPW/audio-transcriptor/target/classes:/home/maverick/.m2/repository/org/openjfx/javafx-controls/20/javafx-controls-20.jar:/home/maverick/.m2/repository/org/openjfx/javafx-controls/20/javafx-controls-20-linux.jar:/home/maverick/.m2/repository/org/openjfx/javafx-graphics/20/javafx-graphics-20.jar:/home/maverick/.m2/repository/org/openjfx/javafx-graphics/20/javafx-graphics-20-linux.jar:/home/maverick/.m2/repository/org/openjfx/javafx-base/20/javafx-base-20.jar:/home/maverick/.m2/repository/org/openjfx/javafx-base/20/javafx-base-20-linux.jar:/home/maverick/.m2/repository/org/openjfx/javafx-fxml/20/javafx-fxml-20.jar:/home/maverick/.m2/repository/org/openjfx/javafx-fxml/20/javafx-fxml-20-linux.jar:/home/maverick/.m2/repository/com/alphacephei/vosk/0.3.45/vosk-0.3.45.jar:/home/maverick/.m2/repository/net/java/dev/jna/jna/5.7.0/jna-5.7.0.jar:/home/maverick/.m2/repository/javazoom/jlayer/1.0.1/jlayer-1.0.1.jar:/home/maverick/.m2/repository/com/google/code/gson/gson/2.10.1/gson-2.10.1.jar:/home/maverick/.m2/repository/org/json/json/20210307/json-20210307.jar:/home/maverick/.m2/repository/com/google/firebase/firebase-admin/9.2.0/firebase-admin-9.2.0.jar:/home/maverick/.m2/repository/com/google/api-client/google-api-client-gson/2.2.0/google-api-client-gson-2.2.0.jar:/home/maverick/.m2/repository/com/google/http-client/google-http-client/1.43.1/google-http-client-1.43.1.jar:/home/maverick/.m2/repository/com/google/j2objc/j2objc-annotations/1.3/j2objc-annotations-1.3.jar:/home/maverick/.m2/repository/io/opencensus/opencensus-api/0.31.1/opencensus-api-0.31.1.jar:/home/maverick/.m2/repository/io/opencensus/opencensus-contrib-http-util/0.31.1/opencensus-contrib-http-util-0.31.1.jar:/home/maverick/.m2/repository/com/google/api/api-common/2.12.0/api-common-2.12.0.jar:/home/maverick/.m2/repository/javax/annotation/javax.annotation-api/1.3.2/javax.annotation-api-1.3.2.jar:/home/maverick/.m2/repository/com/google/cloud/google-cloud-storage/2.22.4/google-cloud-storage-2.22.4.jar:/home/maverick/.m2/repository/com/google/guava/failureaccess/1.0.1/failureaccess-1.0.1.jar:/home/maverick/.m2/repository/com/google/guava/listenablefuture/9999.0-empty-to-avoid-conflict-with-guava/listenablefuture-9999.0-empty-to-avoid-conflict-with-guava.jar:/home/maverick/.m2/repository/com/google/http-client/google-http-client-jackson2/1.43.1/google-http-client-jackson2-1.43.1.jar:/home/maverick/.m2/repository/com/google/apis/google-api-services-storage/v1-rev20230301-2.0.0/google-api-services-storage-v1-rev20230301-2.0.0.jar:/home/maverick/.m2/repository/com/google/cloud/google-cloud-core/2.19.0/google-cloud-core-2.19.0.jar:/home/maverick/.m2/repository/com/google/cloud/google-cloud-core-http/2.19.0/google-cloud-core-http-2.19.0.jar:/home/maverick/.m2/repository/com/google/http-client/google-http-client-appengine/1.43.1/google-http-client-appengine-1.43.1.jar:/home/maverick/.m2/repository/com/google/api/gax-httpjson/0.114.0/gax-httpjson-0.114.0.jar:/home/maverick/.m2/repository/com/google/cloud/google-cloud-core-grpc/2.19.0/google-cloud-core-grpc-2.19.0.jar:/home/maverick/.m2/repository/com/google/api/gax/2.29.0/gax-2.29.0.jar:/home/maverick/.m2/repository/com/google/api/gax-grpc/2.29.0/gax-grpc-2.29.0.jar:/home/maverick/.m2/repository/io/grpc/grpc-alts/1.55.1/grpc-alts-1.55.1.jar:/home/maverick/.m2/repository/io/grpc/grpc-grpclb/1.55.1/grpc-grpclb-1.55.1.jar:/home/maverick/.m2/repository/org/conscrypt/conscrypt-openjdk-uber/2.5.2/conscrypt-openjdk-uber-2.5.2.jar:/home/maverick/.m2/repository/io/grpc/grpc-auth/1.55.1/grpc-auth-1.55.1.jar:/home/maverick/.m2/repository/io/grpc/grpc-protobuf/1.55.1/grpc-protobuf-1.55.1.jar:/home/maverick/.m2/repository/io/grpc/grpc-protobuf-lite/1.55.1/grpc-protobuf-lite-1.55.1.jar:/home/maverick/.m2/repository/io/grpc/grpc-context/1.55.1/grpc-context-1.55.1.jar:/home/maverick/.m2/repository/com/google/api/grpc/proto-google-iam-v1/1.15.0/proto-google-iam-v1-1.15.0.jar:/home/maverick/.m2/repository/com/google/protobuf/protobuf-java/3.23.2/protobuf-java-3.23.2.jar:/home/maverick/.m2/repository/com/google/protobuf/protobuf-java-util/3.23.2/protobuf-java-util-3.23.2.jar:/home/maverick/.m2/repository/com/google/api/grpc/proto-google-common-protos/2.20.0/proto-google-common-protos-2.20.0.jar:/home/maverick/.m2/repository/org/threeten/threetenbp/1.6.8/threetenbp-1.6.8.jar:/home/maverick/.m2/repository/com/google/api/grpc/proto-google-cloud-storage-v2/2.22.4-alpha/proto-google-cloud-storage-v2-2.22.4-alpha.jar:/home/maverick/.m2/repository/com/google/api/grpc/grpc-google-cloud-storage-v2/2.22.4-alpha/grpc-google-cloud-storage-v2-2.22.4-alpha.jar:/home/maverick/.m2/repository/com/google/api/grpc/gapic-google-cloud-storage-v2/2.22.4-alpha/gapic-google-cloud-storage-v2-2.22.4-alpha.jar:/home/maverick/.m2/repository/com/fasterxml/jackson/core/jackson-core/2.14.2/jackson-core-2.14.2.jar:/home/maverick/.m2/repository/io/grpc/grpc-api/1.55.1/grpc-api-1.55.1.jar:/home/maverick/.m2/repository/io/grpc/grpc-netty-shaded/1.55.1/grpc-netty-shaded-1.55.1.jar:/home/maverick/.m2/repository/io/perfmark/perfmark-api/0.26.0/perfmark-api-0.26.0.jar:/home/maverick/.m2/repository/io/grpc/grpc-core/1.55.1/grpc-core-1.55.1.jar:/home/maverick/.m2/repository/com/google/android/annotations/4.1.1.4/annotations-4.1.1.4.jar:/home/maverick/.m2/repository/org/codehaus/mojo/animal-sniffer-annotations/1.23/animal-sniffer-annotations-1.23.jar:/home/maverick/.m2/repository/io/grpc/grpc-stub/1.55.1/grpc-stub-1.55.1.jar:/home/maverick/.m2/repository/io/grpc/grpc-googleapis/1.55.1/grpc-googleapis-1.55.1.jar:/home/maverick/.m2/repository/org/checkerframework/checker-qual/3.32.0/checker-qual-3.32.0.jar:/home/maverick/.m2/repository/io/grpc/grpc-xds/1.55.1/grpc-xds-1.55.1.jar:/home/maverick/.m2/repository/io/opencensus/opencensus-proto/0.2.0/opencensus-proto-0.2.0.jar:/home/maverick/.m2/repository/io/grpc/grpc-services/1.55.1/grpc-services-1.55.1.jar:/home/maverick/.m2/repository/com/google/re2j/re2j/1.6/re2j-1.6.jar:/home/maverick/.m2/repository/io/grpc/grpc-rls/1.55.1/grpc-rls-1.55.1.jar:/home/maverick/.m2/repository/com/google/cloud/google-cloud-firestore/3.13.0/google-cloud-firestore-3.13.0.jar:/home/maverick/.m2/repository/commons-logging/commons-logging/1.2/commons-logging-1.2.jar:/home/maverick/.m2/repository/com/google/api/grpc/proto-google-cloud-firestore-v1/3.13.0/proto-google-cloud-firestore-v1-3.13.0.jar:/home/maverick/.m2/repository/com/google/cloud/proto-google-cloud-firestore-bundle-v1/3.13.0/proto-google-cloud-firestore-bundle-v1-3.13.0.jar:/home/maverick/.m2/repository/io/opencensus/opencensus-contrib-grpc-util/0.31.1/opencensus-contrib-grpc-util-0.31.1.jar:/home/maverick/.m2/repository/com/google/guava/guava/31.1-jre/guava-31.1-jre.jar:/home/maverick/.m2/repository/io/netty/netty-codec-http/4.1.94.Final/netty-codec-http-4.1.94.Final.jar:/home/maverick/.m2/repository/io/netty/netty-common/4.1.94.Final/netty-common-4.1.94.Final.jar:/home/maverick/.m2/repository/io/netty/netty-buffer/4.1.94.Final/netty-buffer-4.1.94.Final.jar:/home/maverick/.m2/repository/io/netty/netty-codec/4.1.94.Final/netty-codec-4.1.94.Final.jar:/home/maverick/.m2/repository/io/netty/netty-handler/4.1.94.Final/netty-handler-4.1.94.Final.jar:/home/maverick/.m2/repository/io/netty/netty-resolver/4.1.94.Final/netty-resolver-4.1.94.Final.jar:/home/maverick/.m2/repository/io/netty/netty-transport-native-unix-common/4.1.94.Final/netty-transport-native-unix-common-4.1.94.Final.jar:/home/maverick/.m2/repository/io/netty/netty-transport/4.1.94.Final/netty-transport-4.1.94.Final.jar:/home/maverick/.m2/repository/com/google/auth/google-auth-library-oauth2-http/1.21.0/google-auth-library-oauth2-http-1.21.0.jar:/home/maverick/.m2/repository/com/google/auto/value/auto-value-annotations/1.10.4/auto-value-annotations-1.10.4.jar:/home/maverick/.m2/repository/com/google/code/findbugs/jsr305/3.0.2/jsr305-3.0.2.jar:/home/maverick/.m2/repository/com/google/auth/google-auth-library-credentials/1.21.0/google-auth-library-credentials-1.21.0.jar:/home/maverick/.m2/repository/com/google/http-client/google-http-client-gson/1.43.3/google-http-client-gson-1.43.3.jar:/home/maverick/.m2/repository/com/google/errorprone/error_prone_annotations/2.18.0/error_prone_annotations-2.18.0.jar:/home/maverick/.m2/repository/com/google/api-client/google-api-client/2.2.0/google-api-client-2.2.0.jar:/home/maverick/.m2/repository/commons-codec/commons-codec/1.15/commons-codec-1.15.jar:/home/maverick/.m2/repository/com/google/oauth-client/google-oauth-client/1.34.1/google-oauth-client-1.34.1.jar:/home/maverick/.m2/repository/com/google/http-client/google-http-client-apache-v2/1.42.3/google-http-client-apache-v2-1.42.3.jar:/home/maverick/.m2/repository/org/apache/httpcomponents/httpcore/4.4.16/httpcore-4.4.16.jar:/home/maverick/.m2/repository/org/apache/httpcomponents/httpclient/4.5.14/httpclient-4.5.14.jar:/home/maverick/.m2/repository/org/apache/httpcomponents/client5/httpclient5/5.2.1/httpclient5-5.2.1.jar:/home/maverick/.m2/repository/org/apache/httpcomponents/core5/httpcore5-h2/5.2/httpcore5-h2-5.2.jar:/home/maverick/.m2/repository/org/apache/httpcomponents/core5/httpcore5/5.2/httpcore5-5.2.jar:/home/maverick/.m2/repository/io/github/cdimascio/dotenv-java/3.1.0/dotenv-java-3.1.0.jar:/home/maverick/.m2/repository/com/sparkjava/spark-core/2.9.3/spark-core-2.9.3.jar:/home/maverick/.m2/repository/org/eclipse/jetty/jetty-server/9.4.31.v20200723/jetty-server-9.4.31.v20200723.jar:/home/maverick/.m2/repository/javax/servlet/javax.servlet-api/3.1.0/javax.servlet-api-3.1.0.jar:/home/maverick/.m2/repository/org/eclipse/jetty/jetty-http/9.4.31.v20200723/jetty-http-9.4.31.v20200723.jar:/home/maverick/.m2/repository/org/eclipse/jetty/jetty-util/9.4.31.v20200723/jetty-util-9.4.31.v20200723.jar:/home/maverick/.m2/repository/org/eclipse/jetty/jetty-io/9.4.31.v20200723/jetty-io-9.4.31.v20200723.jar:/home/maverick/.m2/repository/org/eclipse/jetty/jetty-webapp/9.4.31.v20200723/jetty-webapp-9.4.31.v20200723.jar:/home/maverick/.m2/repository/org/eclipse/jetty/jetty-xml/9.4.31.v20200723/jetty-xml-9.4.31.v20200723.jar:/home/maverick/.m2/repository/org/eclipse/jetty/jetty-servlet/9.4.31.v20200723/jetty-servlet-9.4.31.v20200723.jar:/home/maverick/.m2/repository/org/eclipse/jetty/jetty-security/9.4.31.v20200723/jetty-security-9.4.31.v20200723.jar:/home/maverick/.m2/repository/org/eclipse/jetty/websocket/websocket-server/9.4.31.v20200723/websocket-server-9.4.31.v20200723.jar:/home/maverick/.m2/repository/org/eclipse/jetty/websocket/websocket-common/9.4.31.v20200723/websocket-common-9.4.31.v20200723.jar:/home/maverick/.m2/repository/org/eclipse/jetty/websocket/websocket-client/9.4.31.v20200723/websocket-client-9.4.31.v20200723.jar:/home/maverick/.m2/repository/org/eclipse/jetty/jetty-client/9.4.31.v20200723/jetty-client-9.4.31.v20200723.jar:/home/maverick/.m2/repository/org/eclipse/jetty/websocket/websocket-servlet/9.4.31.v20200723/websocket-servlet-9.4.31.v20200723.jar:/home/maverick/.m2/repository/org/eclipse/jetty/websocket/websocket-api/9.4.31.v20200723/websocket-api-9.4.31.v20200723.jar:/home/maverick/.m2/repository/org/slf4j/slf4j-api/2.0.9/slf4j-api-2.0.9.jar:/home/maverick/.m2/repository/ch/qos/logback/logback-classic/1.4.14/logback-classic-1.4.14.jar:/home/maverick/.m2/repository/ch/qos/logback/logback-core/1.4.14/logback-core-1.4.14.jar:/home/maverick/.m2/repository/org/kordamp/ikonli/ikonli-javafx/12.3.1/ikonli-javafx-12.3.1.jar:/home/maverick/.m2/repository/org/kordamp/ikonli/ikonli-core/12.3.1/ikonli-core-12.3.1.jar:/home/maverick/.m2/repository/org/apache/xmlgraphics/batik-all/1.14/batik-all-1.14.jar:/home/maverick/.m2/repository/org/apache/xmlgraphics/batik-anim/1.14/batik-anim-1.14.jar:/home/maverick/.m2/repository/org/apache/xmlgraphics/batik-shared-resources/1.14/batik-shared-resources-1.14.jar:/home/maverick/.m2/repository/xml-apis/xml-apis-ext/1.3.04/xml-apis-ext-1.3.04.jar:/home/maverick/.m2/repository/org/apache/xmlgraphics/batik-awt-util/1.14/batik-awt-util-1.14.jar:/home/maverick/.m2/repository/org/apache/xmlgraphics/xmlgraphics-commons/2.6/xmlgraphics-commons-2.6.jar:/home/maverick/.m2/repository/commons-io/commons-io/1.3.1/commons-io-1.3.1.jar:/home/maverick/.m2/repository/org/apache/xmlgraphics/batik-bridge/1.14/batik-bridge-1.14.jar:/home/maverick/.m2/repository/org/apache/xmlgraphics/batik-codec/1.14/batik-codec-1.14.jar:/home/maverick/.m2/repository/org/apache/xmlgraphics/batik-constants/1.14/batik-constants-1.14.jar:/home/maverick/.m2/repository/org/apache/xmlgraphics/batik-css/1.14/batik-css-1.14.jar:/home/maverick/.m2/repository/org/apache/xmlgraphics/batik-dom/1.14/batik-dom-1.14.jar:/home/maverick/.m2/repository/xalan/xalan/2.7.2/xalan-2.7.2.jar:/home/maverick/.m2/repository/xalan/serializer/2.7.2/serializer-2.7.2.jar:/home/maverick/.m2/repository/xml-apis/xml-apis/1.4.01/xml-apis-1.4.01.jar:/home/maverick/.m2/repository/org/apache/xmlgraphics/batik-ext/1.14/batik-ext-1.14.jar:/home/maverick/.m2/repository/org/apache/xmlgraphics/batik-extension/1.14/batik-extension-1.14.jar:/home/maverick/.m2/repository/org/apache/xmlgraphics/batik-gui-util/1.14/batik-gui-util-1.14.jar:/home/maverick/.m2/repository/org/apache/xmlgraphics/batik-gvt/1.14/batik-gvt-1.14.jar:/home/maverick/.m2/repository/org/apache/xmlgraphics/batik-i18n/1.14/batik-i18n-1.14.jar:/home/maverick/.m2/repository/org/apache/xmlgraphics/batik-parser/1.14/batik-parser-1.14.jar:/home/maverick/.m2/repository/org/apache/xmlgraphics/batik-rasterizer-ext/1.14/batik-rasterizer-ext-1.14.jar:/home/maverick/.m2/repository/org/apache/xmlgraphics/batik-rasterizer/1.14/batik-rasterizer-1.14.jar:/home/maverick/.m2/repository/org/apache/xmlgraphics/batik-script/1.14/batik-script-1.14.jar:/home/maverick/.m2/repository/org/apache/xmlgraphics/batik-slideshow/1.14/batik-slideshow-1.14.jar:/home/maverick/.m2/repository/org/apache/xmlgraphics/batik-squiggle-ext/1.14/batik-squiggle-ext-1.14.jar:/home/maverick/.m2/repository/org/apache/xmlgraphics/batik-squiggle/1.14/batik-squiggle-1.14.jar:/home/maverick/.m2/repository/org/apache/xmlgraphics/batik-svg-dom/1.14/batik-svg-dom-1.14.jar:/home/maverick/.m2/repository/org/apache/xmlgraphics/batik-svgbrowser/1.14/batik-svgbrowser-1.14.jar:/home/maverick/.m2/repository/org/apache/xmlgraphics/batik-svggen/1.14/batik-svggen-1.14.jar:/home/maverick/.m2/repository/org/apache/xmlgraphics/batik-svgpp/1.14/batik-svgpp-1.14.jar:/home/maverick/.m2/repository/org/apache/xmlgraphics/batik-svgrasterizer/1.14/batik-svgrasterizer-1.14.jar:/home/maverick/.m2/repository/org/apache/xmlgraphics/batik-swing/1.14/batik-swing-1.14.jar:/home/maverick/.m2/repository/org/apache/xmlgraphics/batik-transcoder/1.14/batik-transcoder-1.14.jar:/home/maverick/.m2/repository/org/apache/xmlgraphics/batik-util/1.14/batik-util-1.14.jar:/home/maverick/.m2/repository/org/apache/xmlgraphics/batik-ttf2svg/1.14/batik-ttf2svg-1.14.jar:/home/maverick/.m2/repository/org/apache/xmlgraphics/batik-xml/1.14/batik-xml-1.14.jar:/home/maverick/.m2/repository/org/openjfx/javafx-swing/20/javafx-swing-20.jar:/home/maverick/.m2/repository/org/openjfx/javafx-swing/20/javafx-swing-20-linux.jar:/home/maverick/.m2/repository/org/junit/jupiter/junit-jupiter-api/5.9.2/junit-jupiter-api-5.9.2.jar:/home/maverick/.m2/repository/org/opentest4j/opentest4j/1.2.0/opentest4j-1.2.0.jar:/home/maverick/.m2/repository/org/junit/platform/junit-platform-commons/1.9.2/junit-platform-commons-1.9.2.jar:/home/maverick/.m2/repository/org/apiguardian/apiguardian-api/1.1.2/apiguardian-api-1.1.2.jar:/home/maverick/.m2/repository/org/junit/jupiter/junit-jupiter-engine/5.9.2/junit-jupiter-engine-5.9.2.jar:/home/maverick/.m2/repository/org/junit/platform/junit-platform-engine/1.9.2/junit-platform-engine-1.9.2.jar:/home/maverick/.m2/repository/org/junit/jupiter/junit-jupiter-params/5.9.2/junit-jupiter-params-5.9.2.jar:/home/maverick/.m2/repository/org/junit/vintage/junit-vintage-engine/5.9.2/junit-vintage-engine-5.9.2.jar:/home/maverick/.m2/repository/junit/junit/4.13.2/junit-4.13.2.jar:/home/maverick/.m2/repository/org/hamcrest/hamcrest-core/1.3/hamcrest-core-1.3.jar:/home/maverick/.m2/repository/org/apache/commons/commons-lang3/3.12.0/commons-lang3-3.12.0.jar:/home/maverick/.m2/repository/org/mariadb/jdbc/mariadb-java-client/3.2.0/mariadb-java-client-3.2.0.jar:/home/maverick/.m2/repository/com/github/waffle/waffle-jna/3.2.0/waffle-jna-3.2.0.jar:/home/maverick/.m2/repository/net/java/dev/jna/jna-platform/5.12.1/jna-platform-5.12.1.jar:/home/maverick/.m2/repository/org/slf4j/jcl-over-slf4j/1.7.36/jcl-over-slf4j-1.7.36.jar:/home/maverick/.m2/repository/com/github/ben-manes/caffeine/caffeine/2.9.3/caffeine-2.9.3.jar:"/>
    <property name="java.vm.vendor" value="Arch Linux"/>
    <property name="sun.arch.data.model" value="64"/>
    <property name="java.vendor.url" value="https://openjdk.org/"/>
    <property name="user.timezone" value="Europe/Rome"/>
    <property name="os.name" value="Linux"/>
    <property name="java.vm.specification.version" value="21"/>
    <property name="sun.java.launcher" value="SUN_STANDARD"/>
    <property name="user.country" value="IT"/>
    <property name="sun.boot.library.path" value="/usr/lib/jvm/java-21-openjdk/lib"/>
    <property name="sun.java.command" value="/home/maverick/Scrivania/Uni/ISPW/audio-transcriptor/target/surefire/surefirebooter-20250224130315833_3.jar /home/maverick/Scrivania/Uni/ISPW/audio-transcriptor/target/surefire 2025-02-24T13-03-15_767-jvmRun1 surefire-20250224130315833_1tmp surefire_0-20250224130315833_2tmp"/>
    <property name="jdk.debug" value="release"/>
    <property name="surefire.test.class.path" value="/home/maverick/Scrivania/Uni/ISPW/audio-transcriptor/target/test-classes:/home/maverick/Scrivania/Uni/ISPW/audio-transcriptor/target/classes:/home/maverick/.m2/repository/org/openjfx/javafx-controls/20/javafx-controls-20.jar:/home/maverick/.m2/repository/org/openjfx/javafx-controls/20/javafx-controls-20-linux.jar:/home/maverick/.m2/repository/org/openjfx/javafx-graphics/20/javafx-graphics-20.jar:/home/maverick/.m2/repository/org/openjfx/javafx-graphics/20/javafx-graphics-20-linux.jar:/home/maverick/.m2/repository/org/openjfx/javafx-base/20/javafx-base-20.jar:/home/maverick/.m2/repository/org/openjfx/javafx-base/20/javafx-base-20-linux.jar:/home/maverick/.m2/repository/org/openjfx/javafx-fxml/20/javafx-fxml-20.jar:/home/maverick/.m2/repository/org/openjfx/javafx-fxml/20/javafx-fxml-20-linux.jar:/home/maverick/.m2/repository/com/alphacephei/vosk/0.3.45/vosk-0.3.45.jar:/home/maverick/.m2/repository/net/java/dev/jna/jna/5.7.0/jna-5.7.0.jar:/home/maverick/.m2/repository/javazoom/jlayer/1.0.1/jlayer-1.0.1.jar:/home/maverick/.m2/repository/com/google/code/gson/gson/2.10.1/gson-2.10.1.jar:/home/maverick/.m2/repository/org/json/json/20210307/json-20210307.jar:/home/maverick/.m2/repository/com/google/firebase/firebase-admin/9.2.0/firebase-admin-9.2.0.jar:/home/maverick/.m2/repository/com/google/api-client/google-api-client-gson/2.2.0/google-api-client-gson-2.2.0.jar:/home/maverick/.m2/repository/com/google/http-client/google-http-client/1.43.1/google-http-client-1.43.1.jar:/home/maverick/.m2/repository/com/google/j2objc/j2objc-annotations/1.3/j2objc-annotations-1.3.jar:/home/maverick/.m2/repository/io/opencensus/opencensus-api/0.31.1/opencensus-api-0.31.1.jar:/home/maverick/.m2/repository/io/opencensus/opencensus-contrib-http-util/0.31.1/opencensus-contrib-http-util-0.31.1.jar:/home/maverick/.m2/repository/com/google/api/api-common/2.12.0/api-common-2.12.0.jar:/home/maverick/.m2/repository/javax/annotation/javax.annotation-api/1.3.2/javax.annotation-api-1.3.2.jar:/home/maverick/.m2/repository/com/google/cloud/google-cloud-storage/2.22.4/google-cloud-storage-2.22.4.jar:/home/maverick/.m2/repository/com/google/guava/failureaccess/1.0.1/failureaccess-1.0.1.jar:/home/maverick/.m2/repository/com/google/guava/listenablefuture/9999.0-empty-to-avoid-conflict-with-guava/listenablefuture-9999.0-empty-to-avoid-conflict-with-guava.jar:/home/maverick/.m2/repository/com/google/http-client/google-http-client-jackson2/1.43.1/google-http-client-jackson2-1.43.1.jar:/home/maverick/.m2/repository/com/google/apis/google-api-services-storage/v1-rev20230301-2.0.0/google-api-services-storage-v1-rev20230301-2.0.0.jar:/home/maverick/.m2/repository/com/google/cloud/google-cloud-core/2.19.0/google-cloud-core-2.19.0.jar:/home/maverick/.m2/repository/com/google/cloud/google-cloud-core-http/2.19.0/google-cloud-core-http-2.19.0.jar:/home/maverick/.m2/repository/com/google/http-client/google-http-client-appengine/1.43.1/google-http-client-appengine-1.43.1.jar:/home/maverick/.m2/repository/com/google/api/gax-httpjson/0.114.0/gax-httpjson-0.114.0.jar:/home/maverick/.m2/repository/com/google/cloud/google-cloud-core-grpc/2.19.0/google-cloud-core-grpc-2.19.0.jar:/home/maverick/.m2/repository/com/google/api/gax/2.29.0/gax-2.29.0.jar:/home/maverick/.m2/repository/com/google/api/gax-grpc/2.29.0/gax-grpc-2.29.0.jar:/home/maverick/.m2/repository/io/grpc/grpc-alts/1.55.1/grpc-alts-1.55.1.jar:/home/maverick/.m2/repository/io/grpc/grpc-grpclb/1.55.1/grpc-grpclb-1.55.1.jar:/home/maverick/.m2/repository/org/conscrypt/conscrypt-openjdk-uber/2.5.2/conscrypt-openjdk-uber-2.5.2.jar:/home/maverick/.m2/repository/io/grpc/grpc-auth/1.55.1/grpc-auth-1.55.1.jar:/home/maverick/.m2/repository/io/grpc/grpc-protobuf/1.55.1/grpc-protobuf-1.55.1.jar:/home/maverick/.m2/repository/io/grpc/grpc-protobuf-lite/1.55.1/grpc-protobuf-lite-1.55.1.jar:/home/maverick/.m2/repository/io/grpc/grpc-context/1.55.1/grpc-context-1.55.1.jar:/home/maverick/.m2/repository/com/google/api/grpc/proto-google-iam-v1/1.15.0/proto-google-iam-v1-1.15.0.jar:/home/maverick/.m2/repository/com/google/protobuf/protobuf-java/3.23.2/protobuf-java-3.23.2.jar:/home/maverick/.m2/repository/com/google/protobuf/protobuf-java-util/3.23.2/protobuf-java-util-3.23.2.jar:/home/maverick/.m2/repository/com/google/api/grpc/proto-google-common-protos/2.20.0/proto-google-common-protos-2.20.0.jar:/home/maverick/.m2/repository/org/threeten/threetenbp/1.6.8/threetenbp-1.6.8.jar:/home/maverick/.m2/repository/com/google/api/grpc/proto-google-cloud-storage-v2/2.22.4-alpha/proto-google-cloud-storage-v2-2.22.4-alpha.jar:/home/maverick/.m2/repository/com/google/api/grpc/grpc-google-cloud-storage-v2/2.22.4-alpha/grpc-google-cloud-storage-v2-2.22.4-alpha.jar:/home/maverick/.m2/repository/com/google/api/grpc/gapic-google-cloud-storage-v2/2.22.4-alpha/gapic-google-cloud-storage-v2-2.22.4-alpha.jar:/home/maverick/.m2/repository/com/fasterxml/jackson/core/jackson-core/2.14.2/jackson-core-2.14.2.jar:/home/maverick/.m2/repository/io/grpc/grpc-api/1.55.1/grpc-api-1.55.1.jar:/home/maverick/.m2/repository/io/grpc/grpc-netty-shaded/1.55.1/grpc-netty-shaded-1.55.1.jar:/home/maverick/.m2/repository/io/perfmark/perfmark-api/0.26.0/perfmark-api-0.26.0.jar:/home/maverick/.m2/repository/io/grpc/grpc-core/1.55.1/grpc-core-1.55.1.jar:/home/maverick/.m2/repository/com/google/android/annotations/4.1.1.4/annotations-4.1.1.4.jar:/home/maverick/.m2/repository/org/codehaus/mojo/animal-sniffer-annotations/1.23/animal-sniffer-annotations-1.23.jar:/home/maverick/.m2/repository/io/grpc/grpc-stub/1.55.1/grpc-stub-1.55.1.jar:/home/maverick/.m2/repository/io/grpc/grpc-googleapis/1.55.1/grpc-googleapis-1.55.1.jar:/home/maverick/.m2/repository/org/checkerframework/checker-qual/3.32.0/checker-qual-3.32.0.jar:/home/maverick/.m2/repository/io/grpc/grpc-xds/1.55.1/grpc-xds-1.55.1.jar:/home/maverick/.m2/repository/io/opencensus/opencensus-proto/0.2.0/opencensus-proto-0.2.0.jar:/home/maverick/.m2/repository/io/grpc/grpc-services/1.55.1/grpc-services-1.55.1.jar:/home/maverick/.m2/repository/com/google/re2j/re2j/1.6/re2j-1.6.jar:/home/maverick/.m2/repository/io/grpc/grpc-rls/1.55.1/grpc-rls-1.55.1.jar:/home/maverick/.m2/repository/com/google/cloud/google-cloud-firestore/3.13.0/google-cloud-firestore-3.13.0.jar:/home/maverick/.m2/repository/commons-logging/commons-logging/1.2/commons-logging-1.2.jar:/home/maverick/.m2/repository/com/google/api/grpc/proto-google-cloud-firestore-v1/3.13.0/proto-google-cloud-firestore-v1-3.13.0.jar:/home/maverick/.m2/repository/com/google/cloud/proto-google-cloud-firestore-bundle-v1/3.13.0/proto-google-cloud-firestore-bundle-v1-3.13.0.jar:/home/maverick/.m2/repository/io/opencensus/opencensus-contrib-grpc-util/0.31.1/opencensus-contrib-grpc-util-0.31.1.jar:/home/maverick/.m2/repository/com/google/guava/guava/31.1-jre/guava-31.1-jre.jar:/home/maverick/.m2/repository/io/netty/netty-codec-http/4.1.94.Final/netty-codec-http-4.1.94.Final.jar:/home/maverick/.m2/repository/io/netty/netty-common/4.1.94.Final/netty-common-4.1.94.Final.jar:/home/maverick/.m2/repository/io/netty/netty-buffer/4.1.94.Final/netty-buffer-4.1.94.Final.jar:/home/maverick/.m2/repository/io/netty/netty-codec/4.1.94.Final/netty-codec-4.1.94.Final.jar:/home/maverick/.m2/repository/io/netty/netty-handler/4.1.94.Final/netty-handler-4.1.94.Final.jar:/home/maverick/.m2/repository/io/netty/netty-resolver/4.1.94.Final/netty-resolver-4.1.94.Final.jar:/home/maverick/.m2/repository/io/netty/netty-transport-native-unix-common/4.1.94.Final/netty-transport-native-unix-common-4.1.94.Final.jar:/home/maverick/.m2/repository/io/netty/netty-transport/4.1.94.Final/netty-transport-4.1.94.Final.jar:/home/maverick/.m2/repository/com/google/auth/google-auth-library-oauth2-http/1.21.0/google-auth-library-oauth2-http-1.21.0.jar:/home/maverick/.m2/repository/com/google/auto/value/auto-value-annotations/1.10.4/auto-value-annotations-1.10.4.jar:/home/maverick/.m2/repository/com/google/code/findbugs/jsr305/3.0.2/jsr305-3.0.2.jar:/home/maverick/.m2/repository/com/google/auth/google-auth-library-credentials/1.21.0/google-auth-library-credentials-1.21.0.jar:/home/maverick/.m2/repository/com/google/http-client/google-http-client-gson/1.43.3/google-http-client-gson-1.43.3.jar:/home/maverick/.m2/repository/com/google/errorprone/error_prone_annotations/2.18.0/error_prone_annotations-2.18.0.jar:/home/maverick/.m2/repository/com/google/api-client/google-api-client/2.2.0/google-api-client-2.2.0.jar:/home/maverick/.m2/repository/commons-codec/commons-codec/1.15/commons-codec-1.15.jar:/home/maverick/.m2/repository/com/google/oauth-client/google-oauth-client/1.34.1/google-oauth-client-1.34.1.jar:/home/maverick/.m2/repository/com/google/http-client/google-http-client-apache-v2/1.42.3/google-http-client-apache-v2-1.42.3.jar:/home/maverick/.m2/repository/org/apache/httpcomponents/httpcore/4.4.16/httpcore-4.4.16.jar:/home/maverick/.m2/repository/org/apache/httpcomponents/httpclient/4.5.14/httpclient-4.5.14.jar:/home/maverick/.m2/repository/org/apache/httpcomponents/client5/httpclient5/5.2.1/httpclient5-5.2.1.jar:/home/maverick/.m2/repository/org/apache/httpcomponents/core5/httpcore5-h2/5.2/httpcore5-h2-5.2.jar:/home/maverick/.m2/repository/org/apache/httpcomponents/core5/httpcore5/5.2/httpcore5-5.2.jar:/home/maverick/.m2/repository/io/github/cdimascio/dotenv-java/3.1.0/dotenv-java-3.1.0.jar:/home/maverick/.m2/repository/com/sparkjava/spark-core/2.9.3/spark-core-2.9.3.jar:/home/maverick/.m2/repository/org/eclipse/jetty/jetty-server/9.4.31.v20200723/jetty-server-9.4.31.v20200723.jar:/home/maverick/.m2/repository/javax/servlet/javax.servlet-api/3.1.0/javax.servlet-api-3.1.0.jar:/home/maverick/.m2/repository/org/eclipse/jetty/jetty-http/9.4.31.v20200723/jetty-http-9.4.31.v20200723.jar:/home/maverick/.m2/repository/org/eclipse/jetty/jetty-util/9.4.31.v20200723/jetty-util-9.4.31.v20200723.jar:/home/maverick/.m2/repository/org/eclipse/jetty/jetty-io/9.4.31.v20200723/jetty-io-9.4.31.v20200723.jar:/home/maverick/.m2/repository/org/eclipse/jetty/jetty-webapp/9.4.31.v20200723/jetty-webapp-9.4.31.v20200723.jar:/home/maverick/.m2/repository/org/eclipse/jetty/jetty-xml/9.4.31.v20200723/jetty-xml-9.4.31.v20200723.jar:/home/maverick/.m2/repository/org/eclipse/jetty/jetty-servlet/9.4.31.v20200723/jetty-servlet-9.4.31.v20200723.jar:/home/maverick/.m2/repository/org/eclipse/jetty/jetty-security/9.4.31.v20200723/jetty-security-9.4.31.v20200723.jar:/home/maverick/.m2/repository/org/eclipse/jetty/websocket/websocket-server/9.4.31.v20200723/websocket-server-9.4.31.v20200723.jar:/home/maverick/.m2/repository/org/eclipse/jetty/websocket/websocket-common/9.4.31.v20200723/websocket-common-9.4.31.v20200723.jar:/home/maverick/.m2/repository/org/eclipse/jetty/websocket/websocket-client/9.4.31.v20200723/websocket-client-9.4.31.v20200723.jar:/home/maverick/.m2/repository/org/eclipse/jetty/jetty-client/9.4.31.v20200723/jetty-client-9.4.31.v20200723.jar:/home/maverick/.m2/repository/org/eclipse/jetty/websocket/websocket-servlet/9.4.31.v20200723/websocket-servlet-9.4.31.v20200723.jar:/home/maverick/.m2/repository/org/eclipse/jetty/websocket/websocket-api/9.4.31.v20200723/websocket-api-9.4.31.v20200723.jar:/home/maverick/.m2/repository/org/slf4j/slf4j-api/2.0.9/slf4j-api-2.0.9.jar:/home/maverick/.m2/repository/ch/qos/logback/logback-classic/1.4.14/logback-classic-1.4.14.jar:/home/maverick/.m2/repository/ch/qos/logback/logback-core/1.4.14/logback-core-1.4.14.jar:/home/maverick/.m2/repository/org/kordamp/ikonli/ikonli-javafx/12.3.1/ikonli-javafx-12.3.1.jar:/home/maverick/.m2/repository/org/kordamp/ikonli/ikonli-core/12.3.1/ikonli-core-12.3.1.jar:/home/maverick/.m2/repository/org/apache/xmlgraphics/batik-all/1.14/batik-all-1.14.jar:/home/maverick/.m2/repository/org/apache/xmlgraphics/batik-anim/1.14/batik-anim-1.14.jar:/home/maverick/.m2/repository/org/apache/xmlgraphics/batik-shared-resources/1.14/batik-shared-resources-1.14.jar:/home/maverick/.m2/repository/xml-apis/xml-apis-ext/1.3.04/xml-apis-ext-1.3.04.jar:/home/maverick/.m2/repository/org/apache/xmlgraphics/batik-awt-util/1.14/batik-awt-util-1.14.jar:/home/maverick/.m2/repository/org/apache/xmlgraphics/xmlgraphics-commons/2.6/xmlgraphics-commons-2.6.jar:/home/maverick/.m2/repository/commons-io/commons-io/1.3.1/commons-io-1.3.1.jar:/home/maverick/.m2/repository/org/apache/xmlgraphics/batik-bridge/1.14/batik-bridge-1.14.jar:/home/maverick/.m2/repository/org/apache/xmlgraphics/batik-codec/1.14/batik-codec-1.14.jar:/home/maverick/.m2/repository/org/apache/xmlgraphics/batik-constants/1.14/batik-constants-1.14.jar:/home/maverick/.m2/repository/org/apache/xmlgraphics/batik-css/1.14/batik-css-1.14.jar:/home/maverick/.m2/repository/org/apache/xmlgraphics/batik-dom/1.14/batik-dom-1.14.jar:/home/maverick/.m2/repository/xalan/xalan/2.7.2/xalan-2.7.2.jar:/home/maverick/.m2/repository/xalan/serializer/2.7.2/serializer-2.7.2.jar:/home/maverick/.m2/repository/xml-apis/xml-apis/1.4.01/xml-apis-1.4.01.jar:/home/maverick/.m2/repository/org/apache/xmlgraphics/batik-ext/1.14/batik-ext-1.14.jar:/home/maverick/.m2/repository/org/apache/xmlgraphics/batik-extension/1.14/batik-extension-1.14.jar:/home/maverick/.m2/repository/org/apache/xmlgraphics/batik-gui-util/1.14/batik-gui-util-1.14.jar:/home/maverick/.m2/repository/org/apache/xmlgraphics/batik-gvt/1.14/batik-gvt-1.14.jar:/home/maverick/.m2/repository/org/apache/xmlgraphics/batik-i18n/1.14/batik-i18n-1.14.jar:/home/maverick/.m2/repository/org/apache/xmlgraphics/batik-parser/1.14/batik-parser-1.14.jar:/home/maverick/.m2/repository/org/apache/xmlgraphics/batik-rasterizer-ext/1.14/batik-rasterizer-ext-1.14.jar:/home/maverick/.m2/repository/org/apache/xmlgraphics/batik-rasterizer/1.14/batik-rasterizer-1.14.jar:/home/maverick/.m2/repository/org/apache/xmlgraphics/batik-script/1.14/batik-script-1.14.jar:/home/maverick/.m2/repository/org/apache/xmlgraphics/batik-slideshow/1.14/batik-slideshow-1.14.jar:/home/maverick/.m2/repository/org/apache/xmlgraphics/batik-squiggle-ext/1.14/batik-squiggle-ext-1.14.jar:/home/maverick/.m2/repository/org/apache/xmlgraphics/batik-squiggle/1.14/batik-squiggle-1.14.jar:/home/maverick/.m2/repository/org/apache/xmlgraphics/batik-svg-dom/1.14/batik-svg-dom-1.14.jar:/home/maverick/.m2/repository/org/apache/xmlgraphics/batik-svgbrowser/1.14/batik-svgbrowser-1.14.jar:/home/maverick/.m2/repository/org/apache/xmlgraphics/batik-svggen/1.14/batik-svggen-1.14.jar:/home/maverick/.m2/repository/org/apache/xmlgraphics/batik-svgpp/1.14/batik-svgpp-1.14.jar:/home/maverick/.m2/repository/org/apache/xmlgraphics/batik-svgrasterizer/1.14/batik-svgrasterizer-1.14.jar:/home/maverick/.m2/repository/org/apache/xmlgraphics/batik-swing/1.14/batik-swing-1.14.jar:/home/maverick/.m2/repository/org/apache/xmlgraphics/batik-transcoder/1.14/batik-transcoder-1.14.jar:/home/maverick/.m2/repository/org/apache/xmlgraphics/batik-util/1.14/batik-util-1.14.jar:/home/maverick/.m2/repository/org/apache/xmlgraphics/batik-ttf2svg/1.14/batik-ttf2svg-1.14.jar:/home/maverick/.m2/repository/org/apache/xmlgraphics/batik-xml/1.14/batik-xml-1.14.jar:/home/maverick/.m2/repository/org/openjfx/javafx-swing/20/javafx-swing-20.jar:/home/maverick/.m2/repository/org/openjfx/javafx-swing/20/javafx-swing-20-linux.jar:/home/maverick/.m2/repository/org/junit/jupiter/junit-jupiter-api/5.9.2/junit-jupiter-api-5.9.2.jar:/home/maverick/.m2/repository/org/opentest4j/opentest4j/1.2.0/opentest4j-1.2.0.jar:/home/maverick/.m2/repository/org/junit/platform/junit-platform-commons/1.9.2/junit-platform-commons-1.9.2.jar:/home/maverick/.m2/repository/org/apiguardian/apiguardian-api/1.1.2/apiguardian-api-1.1.2.jar:/home/maverick/.m2/repository/org/junit/jupiter/junit-jupiter-engine/5.9.2/junit-jupiter-engine-5.9.2.jar:/home/maverick/.m2/repository/org/junit/platform/junit-platform-engine/1.9.2/junit-platform-engine-1.9.2.jar:/home/maverick/.m2/repository/org/junit/jupiter/junit-jupiter-params/5.9.2/junit-jupiter-params-5.9.2.jar:/home/maverick/.m2/repository/org/junit/vintage/junit-vintage-engine/5.9.2/junit-vintage-engine-5.9.2.jar:/home/maverick/.m2/repository/junit/junit/4.13.2/junit-4.13.2.jar:/home/maverick/.m2/repository/org/hamcrest/hamcrest-core/1.3/hamcrest-core-1.3.jar:/home/maverick/.m2/repository/org/apache/commons/commons-lang3/3.12.0/commons-lang3-3.12.0.jar:/home/maverick/.m2/repository/org/mariadb/jdbc/mariadb-java-client/3.2.0/mariadb-java-client-3.2.0.jar:/home/maverick/.m2/repository/com/github/waffle/waffle-jna/3.2.0/waffle-jna-3.2.0.jar:/home/maverick/.m2/repository/net/java/dev/jna/jna-platform/5.12.1/jna-platform-5.12.1.jar:/home/maverick/.m2/repository/org/slf4j/jcl-over-slf4j/1.7.36/jcl-over-slf4j-1.7.36.jar:/home/maverick/.m2/repository/com/github/ben-manes/caffeine/caffeine/2.9.3/caffeine-2.9.3.jar:"/>
    <property name="sun.cpu.endian" value="little"/>
    <property name="user.home" value="/home/maverick"/>
    <property name="user.language" value="it"/>
    <property name="java.specification.vendor" value="Oracle Corporation"/>
    <property name="java.version.date" value="2025-01-21"/>
    <property name="java.home" value="/usr/lib/jvm/java-21-openjdk"/>
    <property name="file.separator" value="/"/>
    <property name="basedir" value="/home/maverick/Scrivania/Uni/ISPW/audio-transcriptor"/>
    <property name="java.vm.compressedOopsMode" value="32-bit"/>
    <property name="line.separator" value="&#10;"/>
    <property name="java.specification.name" value="Java Platform API Specification"/>
    <property name="java.vm.specification.vendor" value="Oracle Corporation"/>
    <property name="surefire.real.class.path" value="/home/maverick/Scrivania/Uni/ISPW/audio-transcriptor/target/surefire/surefirebooter-20250224130315833_3.jar"/>
    <property name="sun.management.compiler" value="HotSpot 64-Bit Tiered Compilers"/>
    <property name="java.runtime.version" value="21.0.6+7"/>
    <property name="user.name" value="maverick"/>
    <property name="stdout.encoding" value="UTF-8"/>
    <property name="path.separator" value=":"/>
    <property name="os.version" value="6.13.3-arch1-1"/>
    <property name="java.runtime.name" value="OpenJDK Runtime Environment"/>
    <property name="file.encoding" value="UTF-8"/>
    <property name="java.vm.name" value="OpenJDK 64-Bit Server VM"/>
    <property name="localRepository" value="/home/maverick/.m2/repository"/>
    <property name="java.vendor.url.bug" value="https://bugreport.java.com/bugreport/"/>
    <property name="java.io.tmpdir" value="/tmp"/>
    <property name="java.version" value="21.0.6"/>
    <property name="user.dir" value="/home/maverick/Scrivania/Uni/ISPW/audio-transcriptor"/>
    <property name="os.arch" value="amd64"/>
    <property name="java.vm.specification.name" value="Java Virtual Machine Specification"/>
    <property name="native.encoding" value="UTF-8"/>
    <property name="java.library.path" value="/usr/java/packages/lib:/usr/lib64:/lib64:/lib:/usr/lib"/>
    <property name="java.vm.info" value="mixed mode, sharing"/>
    <property name="stderr.encoding" value="UTF-8"/>
    <property name="java.vendor" value="Arch Linux"/>
    <property name="java.vm.version" value="21.0.6+7"/>
    <property name="sun.io.unicode.encoding" value="UnicodeLittle"/>
    <property name="java.class.version" value="65.0"/>
  </properties>
  <testcase name="testSaveNote" classname="persistence.FileSystemNotesDAOTest" time="0.882">
    <system-out><![CDATA[13:03:16.766 [main] INFO control.AuthController -- User attempting to log in with email: test@example.com
13:03:16.918 [main] DEBUG org.apache.hc.client5.http.impl.classic.InternalHttpClient -- ex-0000000001 preparing request execution
13:03:16.923 [main] DEBUG org.apache.hc.client5.http.impl.classic.ProtocolExec -- ex-0000000001 target auth state: UNCHALLENGED
13:03:16.923 [main] DEBUG org.apache.hc.client5.http.impl.classic.ProtocolExec -- ex-0000000001 proxy auth state: UNCHALLENGED
13:03:16.923 [main] DEBUG org.apache.hc.client5.http.impl.classic.ConnectExec -- ex-0000000001 acquiring connection with route {s}->https://identitytoolkit.googleapis.com:443
13:03:16.924 [main] DEBUG org.apache.hc.client5.http.impl.classic.InternalHttpClient -- ex-0000000001 acquiring endpoint (3 MINUTES)
13:03:16.927 [main] DEBUG org.apache.hc.client5.http.impl.io.PoolingHttpClientConnectionManager -- ex-0000000001 endpoint lease request (3 MINUTES) [route: {s}->https://identitytoolkit.googleapis.com:443][total available: 0; route allocated: 0 of 5; total allocated: 0 of 25]
13:03:16.928 [main] DEBUG org.apache.hc.client5.http.impl.io.PoolingHttpClientConnectionManager -- ex-0000000001 endpoint leased [route: {s}->https://identitytoolkit.googleapis.com:443][total available: 0; route allocated: 1 of 5; total allocated: 1 of 25]
13:03:16.934 [main] DEBUG org.apache.hc.client5.http.impl.io.PoolingHttpClientConnectionManager -- ex-0000000001 acquired ep-0000000001
13:03:16.935 [main] DEBUG org.apache.hc.client5.http.impl.classic.InternalHttpClient -- ex-0000000001 acquired endpoint ep-0000000001
13:03:16.935 [main] DEBUG org.apache.hc.client5.http.impl.classic.ConnectExec -- ex-0000000001 opening connection {s}->https://identitytoolkit.googleapis.com:443
13:03:16.935 [main] DEBUG org.apache.hc.client5.http.impl.classic.InternalHttpClient -- ep-0000000001 connecting endpoint (null)
13:03:16.936 [main] DEBUG org.apache.hc.client5.http.impl.io.PoolingHttpClientConnectionManager -- ep-0000000001 connecting endpoint to https://identitytoolkit.googleapis.com:443 (3 MINUTES)
13:03:16.936 [main] DEBUG org.apache.hc.client5.http.impl.io.DefaultHttpClientConnectionOperator -- identitytoolkit.googleapis.com resolving remote address
13:03:16.984 [main] DEBUG org.apache.hc.client5.http.impl.io.DefaultHttpClientConnectionOperator -- identitytoolkit.googleapis.com resolved to [identitytoolkit.googleapis.com/216.58.205.42, identitytoolkit.googleapis.com/142.250.180.138, identitytoolkit.googleapis.com/142.250.180.170, identitytoolkit.googleapis.com/142.251.209.10, identitytoolkit.googleapis.com/142.251.209.42, identitytoolkit.googleapis.com/216.58.209.42, identitytoolkit.googleapis.com/216.58.204.138, identitytoolkit.googleapis.com/216.58.204.234, identitytoolkit.googleapis.com/2a00:1450:4002:402:0:0:0:200a, identitytoolkit.googleapis.com/2a00:1450:4002:414:0:0:0:200a, identitytoolkit.googleapis.com/2a00:1450:4002:415:0:0:0:200a, identitytoolkit.googleapis.com/2a00:1450:4002:416:0:0:0:200a]
13:03:16.986 [main] DEBUG org.apache.hc.client5.http.impl.io.DefaultHttpClientConnectionOperator -- identitytoolkit.googleapis.com:443 connecting null->identitytoolkit.googleapis.com/216.58.205.42:443 (3 MINUTES)
13:03:16.986 [main] DEBUG org.apache.hc.client5.http.ssl.SSLConnectionSocketFactory -- Connecting socket to identitytoolkit.googleapis.com/216.58.205.42:443 with timeout 3 MINUTES
13:03:17.039 [main] DEBUG org.apache.hc.client5.http.ssl.SSLConnectionSocketFactory -- Enabled protocols: [TLSv1.3, TLSv1.2]
13:03:17.039 [main] DEBUG org.apache.hc.client5.http.ssl.SSLConnectionSocketFactory -- Enabled cipher suites: [TLS_AES_256_GCM_SHA384, TLS_AES_128_GCM_SHA256, TLS_CHACHA20_POLY1305_SHA256, TLS_ECDHE_ECDSA_WITH_AES_256_GCM_SHA384, TLS_ECDHE_ECDSA_WITH_AES_128_GCM_SHA256, TLS_ECDHE_ECDSA_WITH_CHACHA20_POLY1305_SHA256, TLS_ECDHE_RSA_WITH_AES_256_GCM_SHA384, TLS_ECDHE_RSA_WITH_CHACHA20_POLY1305_SHA256, TLS_ECDHE_RSA_WITH_AES_128_GCM_SHA256, TLS_DHE_RSA_WITH_AES_256_GCM_SHA384, TLS_DHE_RSA_WITH_CHACHA20_POLY1305_SHA256, TLS_DHE_DSS_WITH_AES_256_GCM_SHA384, TLS_DHE_RSA_WITH_AES_128_GCM_SHA256, TLS_DHE_DSS_WITH_AES_128_GCM_SHA256, TLS_ECDHE_ECDSA_WITH_AES_256_CBC_SHA384, TLS_ECDHE_RSA_WITH_AES_256_CBC_SHA384, TLS_ECDHE_ECDSA_WITH_AES_128_CBC_SHA256, TLS_ECDHE_RSA_WITH_AES_128_CBC_SHA256, TLS_DHE_RSA_WITH_AES_256_CBC_SHA256, TLS_DHE_DSS_WITH_AES_256_CBC_SHA256, TLS_DHE_RSA_WITH_AES_128_CBC_SHA256, TLS_DHE_DSS_WITH_AES_128_CBC_SHA256, TLS_ECDHE_ECDSA_WITH_AES_256_CBC_SHA, TLS_ECDHE_RSA_WITH_AES_256_CBC_SHA, TLS_ECDHE_ECDSA_WITH_AES_128_CBC_SHA, TLS_ECDHE_RSA_WITH_AES_128_CBC_SHA, TLS_DHE_RSA_WITH_AES_256_CBC_SHA, TLS_DHE_DSS_WITH_AES_256_CBC_SHA, TLS_DHE_RSA_WITH_AES_128_CBC_SHA, TLS_DHE_DSS_WITH_AES_128_CBC_SHA, TLS_RSA_WITH_AES_256_GCM_SHA384, TLS_RSA_WITH_AES_128_GCM_SHA256, TLS_RSA_WITH_AES_256_CBC_SHA256, TLS_RSA_WITH_AES_128_CBC_SHA256, TLS_RSA_WITH_AES_256_CBC_SHA, TLS_RSA_WITH_AES_128_CBC_SHA, TLS_EMPTY_RENEGOTIATION_INFO_SCSV]
13:03:17.039 [main] DEBUG org.apache.hc.client5.http.ssl.SSLConnectionSocketFactory -- Starting handshake (null)
13:03:17.188 [main] DEBUG org.apache.hc.client5.http.ssl.SSLConnectionSocketFactory -- Secure session established
13:03:17.188 [main] DEBUG org.apache.hc.client5.http.ssl.SSLConnectionSocketFactory --  negotiated protocol: TLSv1.3
13:03:17.188 [main] DEBUG org.apache.hc.client5.http.ssl.SSLConnectionSocketFactory --  negotiated cipher suite: TLS_AES_256_GCM_SHA384
13:03:17.188 [main] DEBUG org.apache.hc.client5.http.ssl.SSLConnectionSocketFactory --  peer principal: CN=upload.video.google.com
13:03:17.188 [main] DEBUG org.apache.hc.client5.http.ssl.SSLConnectionSocketFactory --  peer alternative names: [upload.video.google.com, *.clients.google.com, *.docs.google.com, *.drive.google.com, *.gdata.youtube.com, *.googleapis.com, *.photos.google.com, *.youtube-3rd-party.com, upload.google.com, *.upload.google.com, upload.youtube.com, *.upload.youtube.com, uploads.stage.gdata.youtube.com, bg-call-donation.goog, bg-call-donation-alpha.goog, bg-call-donation-canary.goog, bg-call-donation-dev.goog]
13:03:17.189 [main] DEBUG org.apache.hc.client5.http.ssl.SSLConnectionSocketFactory --  issuer principal: CN=WR2, O=Google Trust Services, C=US
13:03:17.190 [main] DEBUG org.apache.hc.client5.http.impl.io.DefaultManagedHttpClientConnection -- http-outgoing-0 set socket timeout to 3 MINUTES
13:03:17.190 [main] DEBUG org.apache.hc.client5.http.impl.io.DefaultHttpClientConnectionOperator -- identitytoolkit.googleapis.com:443 connected null->identitytoolkit.googleapis.com/216.58.205.42:443 as http-outgoing-0
13:03:17.190 [main] DEBUG org.apache.hc.client5.http.impl.io.PoolingHttpClientConnectionManager -- ep-0000000001 connected http-outgoing-0
13:03:17.190 [main] DEBUG org.apache.hc.client5.http.impl.classic.InternalHttpClient -- ep-0000000001 endpoint connected
13:03:17.191 [main] DEBUG org.apache.hc.client5.http.impl.classic.MainClientExec -- ex-0000000001 executing POST /v1/accounts:signInWithPassword?key=AIzaSyBCEOyK7Nd9zdBGPB0uSZEklKAAiWOrJfs HTTP/1.1
13:03:17.191 [main] DEBUG org.apache.hc.client5.http.protocol.RequestAddCookies -- ex-0000000001 Cookie spec selected: strict
13:03:17.194 [main] DEBUG org.apache.hc.client5.http.impl.classic.InternalHttpClient -- ep-0000000001 start execution ex-0000000001
13:03:17.194 [main] DEBUG org.apache.hc.client5.http.impl.io.PoolingHttpClientConnectionManager -- ep-0000000001 executing exchange ex-0000000001 over http-outgoing-0
13:03:17.195 [main] DEBUG org.apache.hc.client5.http.headers -- http-outgoing-0 >> POST /v1/accounts:signInWithPassword?key=AIzaSyBCEOyK7Nd9zdBGPB0uSZEklKAAiWOrJfs HTTP/1.1
13:03:17.195 [main] DEBUG org.apache.hc.client5.http.headers -- http-outgoing-0 >> Content-Type: application/json
13:03:17.195 [main] DEBUG org.apache.hc.client5.http.headers -- http-outgoing-0 >> Accept-Encoding: gzip, x-gzip, deflate
13:03:17.195 [main] DEBUG org.apache.hc.client5.http.headers -- http-outgoing-0 >> Content-Length: 73
13:03:17.195 [main] DEBUG org.apache.hc.client5.http.headers -- http-outgoing-0 >> Host: identitytoolkit.googleapis.com
13:03:17.195 [main] DEBUG org.apache.hc.client5.http.headers -- http-outgoing-0 >> Connection: keep-alive
13:03:17.195 [main] DEBUG org.apache.hc.client5.http.headers -- http-outgoing-0 >> User-Agent: Apache-HttpClient/5.2.1 (Java/21.0.6)
13:03:17.195 [main] DEBUG org.apache.hc.client5.http.wire -- http-outgoing-0 >> "POST /v1/accounts:signInWithPassword?key=AIzaSyBCEOyK7Nd9zdBGPB0uSZEklKAAiWOrJfs HTTP/1.1[\r][\n]"
13:03:17.195 [main] DEBUG org.apache.hc.client5.http.wire -- http-outgoing-0 >> "Content-Type: application/json[\r][\n]"
13:03:17.196 [main] DEBUG org.apache.hc.client5.http.wire -- http-outgoing-0 >> "Accept-Encoding: gzip, x-gzip, deflate[\r][\n]"
13:03:17.196 [main] DEBUG org.apache.hc.client5.http.wire -- http-outgoing-0 >> "Content-Length: 73[\r][\n]"
13:03:17.196 [main] DEBUG org.apache.hc.client5.http.wire -- http-outgoing-0 >> "Host: identitytoolkit.googleapis.com[\r][\n]"
13:03:17.196 [main] DEBUG org.apache.hc.client5.http.wire -- http-outgoing-0 >> "Connection: keep-alive[\r][\n]"
13:03:17.196 [main] DEBUG org.apache.hc.client5.http.wire -- http-outgoing-0 >> "User-Agent: Apache-HttpClient/5.2.1 (Java/21.0.6)[\r][\n]"
13:03:17.196 [main] DEBUG org.apache.hc.client5.http.wire -- http-outgoing-0 >> "[\r][\n]"
13:03:17.196 [main] DEBUG org.apache.hc.client5.http.wire -- http-outgoing-0 >> "{"password":"123456","email":"test@example.com","returnSecureToken":true}"
13:03:17.497 [main] DEBUG org.apache.hc.client5.http.wire -- http-outgoing-0 << "HTTP/1.1 200 OK[\r][\n]"
13:03:17.498 [main] DEBUG org.apache.hc.client5.http.wire -- http-outgoing-0 << "Date: Mon, 24 Feb 2025 12:03:17 GMT[\r][\n]"
13:03:17.498 [main] DEBUG org.apache.hc.client5.http.wire -- http-outgoing-0 << "Pragma: no-cache[\r][\n]"
13:03:17.498 [main] DEBUG org.apache.hc.client5.http.wire -- http-outgoing-0 << "Cache-Control: no-cache, no-store, max-age=0, must-revalidate[\r][\n]"
13:03:17.498 [main] DEBUG org.apache.hc.client5.http.wire -- http-outgoing-0 << "Expires: Mon, 01 Jan 1990 00:00:00 GMT[\r][\n]"
13:03:17.498 [main] DEBUG org.apache.hc.client5.http.wire -- http-outgoing-0 << "Content-Type: application/json; charset=UTF-8[\r][\n]"
13:03:17.498 [main] DEBUG org.apache.hc.client5.http.wire -- http-outgoing-0 << "Vary: Origin[\r][\n]"
13:03:17.499 [main] DEBUG org.apache.hc.client5.http.wire -- http-outgoing-0 << "Vary: X-Origin[\r][\n]"
13:03:17.499 [main] DEBUG org.apache.hc.client5.http.wire -- http-outgoing-0 << "Vary: Referer[\r][\n]"
13:03:17.499 [main] DEBUG org.apache.hc.client5.http.wire -- http-outgoing-0 << "Content-Encoding: gzip[\r][\n]"
13:03:17.499 [main] DEBUG org.apache.hc.client5.http.wire -- http-outgoing-0 << "Server: ESF[\r][\n]"
13:03:17.500 [main] DEBUG org.apache.hc.client5.http.wire -- http-outgoing-0 << "X-XSS-Protection: 0[\r][\n]"
13:03:17.500 [main] DEBUG org.apache.hc.client5.http.wire -- http-outgoing-0 << "X-Frame-Options: SAMEORIGIN[\r][\n]"
13:03:17.500 [main] DEBUG org.apache.hc.client5.http.wire -- http-outgoing-0 << "X-Content-Type-Options: nosniff[\r][\n]"
13:03:17.500 [main] DEBUG org.apache.hc.client5.http.wire -- http-outgoing-0 << "Alt-Svc: h3=":443"; ma=2592000,h3-29=":443"; ma=2592000[\r][\n]"
13:03:17.501 [main] DEBUG org.apache.hc.client5.http.wire -- http-outgoing-0 << "Transfer-Encoding: chunked[\r][\n]"
13:03:17.501 [main] DEBUG org.apache.hc.client5.http.wire -- http-outgoing-0 << "[\r][\n]"
13:03:17.501 [main] DEBUG org.apache.hc.client5.http.wire -- http-outgoing-0 << "00000001[\r][\n]"
13:03:17.502 [main] DEBUG org.apache.hc.client5.http.wire -- http-outgoing-0 << "[0x1f][\r][\n]"
13:03:17.502 [main] DEBUG org.apache.hc.client5.http.wire -- http-outgoing-0 << "00000001[\r][\n]"
13:03:17.502 [main] DEBUG org.apache.hc.client5.http.wire -- http-outgoing-0 << "[0xffffff8b][\r][\n]"
13:03:17.502 [main] DEBUG org.apache.hc.client5.http.wire -- http-outgoing-0 << "00000001[\r][\n]"
13:03:17.502 [main] DEBUG org.apache.hc.client5.http.wire -- http-outgoing-0 << "[0x8][\r][\n]"
13:03:17.503 [main] DEBUG org.apache.hc.client5.http.wire -- http-outgoing-0 << "00000001[\r][\n]"
13:03:17.503 [main] DEBUG org.apache.hc.client5.http.wire -- http-outgoing-0 << "[0x0][\r][\n]"
13:03:17.503 [main] DEBUG org.apache.hc.client5.http.wire -- http-outgoing-0 << "00000001[\r][\n]"
13:03:17.503 [main] DEBUG org.apache.hc.client5.http.wire -- http-outgoing-0 << "[0x0][\r][\n]"
13:03:17.503 [main] DEBUG org.apache.hc.client5.http.wire -- http-outgoing-0 << "00000001[\r][\n]"
13:03:17.503 [main] DEBUG org.apache.hc.client5.http.wire -- http-outgoing-0 << "[0x0][\r][\n]"
13:03:17.503 [main] DEBUG org.apache.hc.client5.http.wire -- http-outgoing-0 << "00000001[\r][\n]"
13:03:17.504 [main] DEBUG org.apache.hc.client5.http.wire -- http-outgoing-0 << "[0x0][\r][\n]"
13:03:17.504 [main] DEBUG org.apache.hc.client5.http.wire -- http-outgoing-0 << "00000001[\r][\n]"
13:03:17.504 [main] DEBUG org.apache.hc.client5.http.wire -- http-outgoing-0 << "[0x0][\r][\n]"
13:03:17.504 [main] DEBUG org.apache.hc.client5.http.wire -- http-outgoing-0 << "00000001[\r][\n]"
13:03:17.504 [main] DEBUG org.apache.hc.client5.http.wire -- http-outgoing-0 << "[0x2][\r][\n]"
13:03:17.505 [main] DEBUG org.apache.hc.client5.http.wire -- http-outgoing-0 << "00000001[\r][\n]"
13:03:17.505 [main] DEBUG org.apache.hc.client5.http.wire -- http-outgoing-0 << "[0xffffffff][\r][\n]"
13:03:17.505 [main] DEBUG org.apache.hc.client5.http.wire -- http-outgoing-0 << "00000001[\r][\n]"
13:03:17.505 [main] DEBUG org.apache.hc.client5.http.wire -- http-outgoing-0 << "[0xffffff8d][\r][\n]"
13:03:17.505 [main] DEBUG org.apache.hc.client5.http.wire -- http-outgoing-0 << "01[\r][\n]"
13:03:17.506 [main] DEBUG org.apache.hc.client5.http.wire -- http-outgoing-0 << "[0xffffff94][\r][\n]"
13:03:17.506 [main] DEBUG org.apache.hc.client5.http.wire -- http-outgoing-0 << "423[\r][\n]"
13:03:17.507 [main] DEBUG org.apache.hc.client5.http.wire -- http-outgoing-0 << "[0xffffffc9][0xffffffb2][0xffffffa3]6[0x14][0xffffff86][0xfffffff7][0xfffffffd][0x14]]7[0xffffffdb][0xffffffb8][0xffffff8b][0xffffffd1]CV[0x1][0x3]6[0xffffff98][0xffffffc1][0xc][0x6][0xffffffc1][0xffffffe6][0x16] a[0x4]b0[0xffffff83]1[0xffffffa4][0xfffffff2][0xffffffee][0xffffffc1]};Yg[0xffffffa7][0xfffffffa][0xfffffff5][0xffffff9f][0xffffffe9];%[0xfffffffd][0xfffffff5][0xffffffed][0xfffffffb][0xfffffff7][0xffffff8f][0x12][0xffffffd7][0xfffffff0][0xffffffe3][0xffffff8f][0xffffffef][0x1f][0x18][0xffffffa2]z[0xffffffc0][0xffffffc3]<4[\r])[0xfffffff1][0xfffffff0][0xffffff9b][0xffffff8f]:[0xffffff9c][0xffffffcd][0xffffffd7][0xffffffb8][0xffffffef][0xffffffa7][0xffffffa6][0xffffff83][0xe][0xffffffea][0xffffffdb][0xffffffa6][0xffffffee][0xffffffd1][0xffffffc7][0xffffffef][0xffffffef][0x18][0xffffffd2][0xffffffa4]1Q[0x7f][0xffffff86]M[0xffffffc3][0xffffffab]=iI)[0xffffff88][0xffffffb1][0xffffffb2]WT[0xffffffea]h[0xffffffcd][0xffffff82]3) [0xfffffff0][0xffffff9e][0xfffffff4][0xffffff97][0x19]U1&o[0xffffffeb][0xffffff80][0xfffffffa][0xffffffe1]O[0xfffffff4][0xffffff8a][0xffffffab][0xffffff96][0xffffffa0][0x1f]iS}]C[0xffffffdc][0xffffffb7]$[0xffffff9e][0xffffffcd][0xffffffb8]Bo[0xffffffd3][0xffffff97][0xffffff88][0xffffffa1][0xffffffd7][0xffffff94][0xffffffa8]~[0xb]h[0xffffffd6][0xfffffff2][0xffffffe4][0xffffff94]b[0xb]k[0xffffffee]mQi[0x13][0xffffffab][0xffffffbd]Z[\r]mtT[0xffffffb7]j![0x16]a[0xffffffa5][0xffffffe1]HR[0x19][0xffffffb3]0[0xfffffff3][0xffffff90][0xffffffb9]q[0xffffff96]w[0xffffffe3]BO[0xffffffc9]-/[0xffffffe4][0xffffffa2]**L[0xffffffc9]~[0xffffff99][0xffffffab]nH[0xfffffff2][0x1c]V~[0x15]V7[0xffffffac][0x1f]5[\n]"
13:03:17.508 [main] DEBUG org.apache.hc.client5.http.wire -- http-outgoing-0 << "[0x1][0xffffffe1][0xffffff9d][0xfffffff3][0xffffffe2][0xffffffd3]6[0xffffffce][0xffffffec][0x1f]k[0xffffff99]6e[0xffffff8d][0xffffffb7][0xffffffd4][0xffffffc0][0xffffffb3]3[0xffffffa5]K[0xfffffff3][0xffffffd4]Y[0xffffff93][0xffffff84][0xffffffac]?G[0xffffffc0]y[0xffffffc6][0xffffff8c]?[0xffffffea][0x15]|&[0xc][0xffffffec]#[0xffffff97]/[0x12][0xffffff86]z[0xffffff86][0xffffffc0]/[0xffffffe3]`?[0xffffffc0][0xfffffff3][0xffffffda]bm[0x16]iE&x:[0xffffffcc][0xffffffba][0xffffffa7]R[0xffffff91]G[0xffffff88][0xffffff8a]'[0xfffffffc][0xfffffff6][0xffffffa8]E[0xffffff83][0xffffffff][0xffffffa7][0xffffff97][0xffffff8a][0xffffff95][0x3][0x15][0x7]4Yc^[0xffffffe6]bO[0xffffffc6]Rr[0xffffffa6]W[0xffffffb2]k[0xffffffcb]t[0xffffffca][0xfffffff8]3`[0xffffffc8][0xffffffcf]|[0xffffff90]u[0xffffffb8]T[0xffffff86][0xffffff97][0xffffffb0][0x1a]D[0xffffffbb]RN[0xffffff96][0x1c]i[0xffffff86]l^[0xffffffd1]Mq![0x15][0xffffff85]>[0xffffffed]0[0xffffff86][0xffffffbb][0xffffffa2][0xffffffaa]M:[0xffffffc4]+[0xffffffaa][0x1a]R[0xffffffe8],[0xffffff9e][0xffffffdd]J[0xffffffeb][0xffffffec][0xffffff9b][0xffffff96];E~r=Q[0xfffffff2]X"[0xffffffde]jx[\n]"
13:03:17.508 [main] DEBUG org.apache.hc.client5.http.wire -- http-outgoing-0 << "[0x14]x[0xffffff83][0xffffff85][0xfffffffc]F[0xffffffd3][0xffffff86][0xffffffc0][0xffffffc6]V![0xffffffb3][0xffffffa6]$,[0xffffff96]w[0xffffffa7]-/][0xffffff91][0xfffffffb]\[0xffffffba]"7[0xffffffbc][0xffffff94]2[0xffffffa4][0xffffffb5][0xffffffaf]B[0xffffffe6][0xffffffcd]y[0xffffffc2]Q@[0xffffffe7]q0[0xffffffbd][0xffffffb9]Q[0x11]0)[0xfffffffb][0xffffffe4]sa@O[0xffffffc9][0xffffffe9]6[0xffffff86][0xffffffcc]ax[0xffffffcf][0xfffffff5][0xffffffe5]ye[0xffffffb0][0xfffffff2][0xffffffe7]8[0xffffff88][0xffffffda](X[0xfffffff3]WQ[0xffffff9e][0xffffff9c]M[0xffffffb2][0xffffffd6][0xffffffab]b[0xffffffa0][0xffffff91][0xffffffb0]R[0xffffff96][0xffffffc8]U[0xffffffb7][0xffffffef]=D'[0x7f][0xffffff84]'[0xffffffb2]r[0xfffffff0][0x17][0xffffffb5]hwk[0xffffffed]![0xc]H[0xffffffbf][0xffffff9e][0x13][0xffffffb5]vH[0xffffffca]:B[0x4][0xfffffff2]<[0x1][0xffffffe2][0xffffffbf][0xffffffbb][0xffffffc0][0x0]P[0xffffffef]Y[0xffffffdb][0xffffff88][0xffffffe1][0xffffffb3]8[0xffffffe0][0xffffffb3][0xfffffff4][0xffffffac]=aE[0xffffffca][0x8][0xffffffa8][0xffffffef][0xffffffde][0xffffffa6][0x10][0xffffff98][0xb]d[0xe]st[0xffffffd4][0xe][0xffffffeb][0xffffffba][0xffffffc9]X[0xffffffd9]e[0xffffffd0]n[0xffffffd4][0xffffffe1][0xffffff9a][0xffffff84][0xffffffc5][0x16][0x1f]x[0xffffffad]5u[0x12]J[0xffffffee]1[0xffffff8f]t[0xffffffd0]-K[0xffffffe7][0xffffffb8][0xffffffd2]ri[0xffffffb6][0xffffff92][0xffffffc1]x[0x1a][0xfffffffb]|)[0x16][0xffffffed]v[0xffffffa6]YPW3:[0xffffff8e][0x1d][0xfffffff0]H}[0xffffff88]2[0x8][0x1e][0xffffff9a][_[0xffffff9b][0xffffff94][0xfffffff9]\"
13:03:17.515 [main] DEBUG org.apache.hc.client5.http.headers -- http-outgoing-0 << HTTP/1.1 200 OK
13:03:17.515 [main] DEBUG org.apache.hc.client5.http.headers -- http-outgoing-0 << Date: Mon, 24 Feb 2025 12:03:17 GMT
13:03:17.516 [main] DEBUG org.apache.hc.client5.http.headers -- http-outgoing-0 << Pragma: no-cache
13:03:17.516 [main] DEBUG org.apache.hc.client5.http.headers -- http-outgoing-0 << Cache-Control: no-cache, no-store, max-age=0, must-revalidate
13:03:17.516 [main] DEBUG org.apache.hc.client5.http.headers -- http-outgoing-0 << Expires: Mon, 01 Jan 1990 00:00:00 GMT
13:03:17.516 [main] DEBUG org.apache.hc.client5.http.headers -- http-outgoing-0 << Content-Type: application/json; charset=UTF-8
13:03:17.517 [main] DEBUG org.apache.hc.client5.http.headers -- http-outgoing-0 << Vary: Origin
13:03:17.517 [main] DEBUG org.apache.hc.client5.http.headers -- http-outgoing-0 << Vary: X-Origin
13:03:17.517 [main] DEBUG org.apache.hc.client5.http.headers -- http-outgoing-0 << Vary: Referer
13:03:17.517 [main] DEBUG org.apache.hc.client5.http.headers -- http-outgoing-0 << Content-Encoding: gzip
13:03:17.517 [main] DEBUG org.apache.hc.client5.http.headers -- http-outgoing-0 << Server: ESF
13:03:17.517 [main] DEBUG org.apache.hc.client5.http.headers -- http-outgoing-0 << X-XSS-Protection: 0
13:03:17.518 [main] DEBUG org.apache.hc.client5.http.headers -- http-outgoing-0 << X-Frame-Options: SAMEORIGIN
13:03:17.518 [main] DEBUG org.apache.hc.client5.http.headers -- http-outgoing-0 << X-Content-Type-Options: nosniff
13:03:17.518 [main] DEBUG org.apache.hc.client5.http.headers -- http-outgoing-0 << Alt-Svc: h3=":443"; ma=2592000,h3-29=":443"; ma=2592000
13:03:17.518 [main] DEBUG org.apache.hc.client5.http.headers -- http-outgoing-0 << Transfer-Encoding: chunked
13:03:17.527 [main] DEBUG org.apache.hc.client5.http.impl.classic.MainClientExec -- ex-0000000001 connection can be kept alive for 3 MINUTES
13:03:17.545 [main] DEBUG org.apache.hc.client5.http.wire -- http-outgoing-0 << "[0xffffffc4][0xffffff8d][0xffffffc6][0xffffffa7]{[0xffffffae]j[0xffffffb3][0xffffffed][0xfffffff0]<w[0xffffff85][0xffffffb9][0xffffff8c][0xfffffffc]9[0xffffffb4][0x2]OR\ZkYMI[0xfffffff1][0xffffff94]:[0xffffffc3][0xffffff99][0xffffffb9][0xffffffd9]:[0xffffffe8][0xffffffad][0x3][0xfffffff7] [0xffffff8e][0xffffffd1][0xfffffff8]Gzi[0xfffffffb]#g[0xffffffa9][0xffffffd9][0xffffffeb]"h[0xffffffa5]<[0xffffffbd]v[0xffffff9a][0xffffffe4][0xffffff86]g[0xffffff9f][0xffffffce][0x4][0xffffffa8][0xffffffd9][0xffffffdc][0xfffffffe]s[0xffffffe3][0xffffffc4] [0xfffffff5][0xffffffd5][0xffffffda];[0xffffffdf][0xffffffb2]+[0xffffffd3][0xffffffaa][0xffffffdb]tw[0x12]y[0xffffffc9][0xf][0xffffffa9][0x13][[0xffffffc6].[0xffffff95]P[0xffffffa3][0xffffffe1]8hs<$[0xffffffb0]mB[0xfffffff4][0x18]|[0xffffffa3]#[0xffffff9f][0xffffff93][0xffffffb5][0xffffffb0][0xffffffd0][0x9][0xffffff9a][0xffffff97][0xffffffea][0xfffffff9][0x19][0xffffffad][0xffffffdf]Gy[0xffffffcb][0xffffffdf]w[0xffffffc2][0x18]>[0x10][0xffffffb0]L[0xffffffb9][0xf][0xffffffe6][0xffffff83]K[0xfffffff5]H4/Wc [0xffffff92][0xffffffa2][0xffffffa0]s[\r][0xffffffd4][0xffffffe4][0xffffffd5][0xffffffcb][\r]{[0x1d][0xffffffa9]Sc[0xffffffca][0xffffff86]S[0xffffffb8]VK[0xffffff8d]"d[0xffffffa8][0xffffffcb]Q[0x19][0xffffffa7][0xffffffe5][0xffffff88][0xffffffc0][0xfffffffe])*[0xffffffa0]~[0xffffffd1]n^[0xfffffffa]]$2N5,q[0xffffffad][0xffffff8f][0xffffffc2][0xffffffd7][0xffffffe3][0xffffffed][0xffffffd0][0x1d][0xfffffff7][0x3][0xffffffea][0xffffffd0][0xfffffffb][0xffffff83][0x18][0xffffffba][0x11][0xfffffffd]R[0xffffffb3][0xe][0xfffffff5][0xfffffff9][0x7f][0xffffffef]Z0[0xffffffb2][0xffffffcd]S[0xffffff9c][0xffffff99]+[0xffffffb3]c[0xffffffb2]'([0xffffff84][0xffffffd6]u[0xfffffff5][0xffffffbb][0xffffffce][0xffffffab][0xffffffda][0xe][0xffffffb8][0xffffffbd][0xffffffa0][0xffffffdd]7.[0xffffffaf]"[0xffffffd0]'[0xffffffc0][0x14][0xffffffaa][0xffffffc2][0xfffffff8][0x1c][0xffffffa8][0xffffffd4][0xffffff92][0xfffffff7][0x13][0xffffffa3][0xffffff80]so[0x7]R[0x12][0xffffffba]Y[0xffffffed][0x1c][0xffffffc9]t[0xffffffa7]g[0xffffffbb]y[0xffffffb8][0xffffffbc]v7[0x16][0xffffffa1][0xffffff92]:5[0xffffffd6][0xffffffc3]r[0xffffffde][0xffffffe7][0xfffffff4]n[0xfffffff2]%[0xffffffc8]~[0xffffffaa][0xffffffba][0xffffffb0][0xffffffe9][0xffffffee]b#K[0xffffffc5]EN[0xffffffe6][0xfffffffd][0x12]z[0xffffff8d][0xffffffdc][0x11]g[0xffffffca][0xffffffa8][0xfffffffd][0xffffffd3][0xffffffd2]%[0xffffffec][0xffffffcc][0xffffffa4][0xffffff8a]8[0xffffffde][0xffffffe0]kH[0xffffff86][0x5]_[0xffffffca][0x16][0xffffff9d]s-[0xffffffb0][0xffffffd3]k[0xffffffe6][0xffffffda]1[0xffffffbf][0xffffffd5]/*n[0x1f][0xffffff93][0xffffffd8][0xffffffaa]-[0xffffffd6][0xffffffa3]q[0xffffffbf][0xffffffe3][0xffffff83][0x1b][0xffffffeb]<[0xffffffba]G[0xffffffe9]u-[0xfffffff7]t[0xfffffffd][0xffffffd0][0xffffffe4][0xffffff88][0xffffffe6]Gnl[0x1];=[0xfffffff4][0xf][0xffffffd6]=$[0xffffffce]"U[0xfffffff9][0xfffffffd][0xffffffc8]e[0xfffffffb][0xffffffbb][0xffffff87]v[0xffffffcb]a[0xfffffffd]d[0xffffffe1][0xfffffff8][\n]"
13:03:17.546 [main] DEBUG org.apache.hc.client5.http.wire -- http-outgoing-0 << "[0xffffffd8]_[0xffffff88][0xffffffd0][0xffffffab][0xffffffc5]+[\r][0xfffffff5]'[0x9]vKQ[0x1f][0xffffffdf][0xfffffffe][0xfffffffe][0xfffffff6][0xf][0xffffffa3][0xffffff82][0xffffffa5][0xffffffad][0xffffff8f][0x5][0x0][0x0][\r][\n]"
13:03:17.546 [main] INFO control.AuthController -- Firebase request successful: https://identitytoolkit.googleapis.com/v1/accounts:signInWithPassword?key=AIzaSyBCEOyK7Nd9zdBGPB0uSZEklKAAiWOrJfs
13:03:17.547 [main] DEBUG org.apache.hc.client5.http.wire -- http-outgoing-0 << "0[\r][\n]"
13:03:17.547 [main] DEBUG org.apache.hc.client5.http.wire -- http-outgoing-0 << "[\r][\n]"
13:03:17.548 [main] DEBUG org.apache.hc.client5.http.impl.classic.InternalHttpClient -- ep-0000000001 releasing valid endpoint
13:03:17.548 [main] DEBUG org.apache.hc.client5.http.impl.io.PoolingHttpClientConnectionManager -- ep-0000000001 releasing endpoint
13:03:17.548 [main] DEBUG org.apache.hc.client5.http.impl.io.PoolingHttpClientConnectionManager -- ep-0000000001 connection http-outgoing-0 can be kept alive for 3 MINUTES
13:03:17.549 [main] DEBUG org.apache.hc.client5.http.impl.io.PoolingHttpClientConnectionManager -- ep-0000000001 connection released [route: {s}->https://identitytoolkit.googleapis.com:443][total available: 1; route allocated: 1 of 5; total allocated: 1 of 25]
13:03:17.550 [main] DEBUG org.apache.hc.client5.http.impl.io.PoolingHttpClientConnectionManager -- Shutdown connection pool GRACEFUL
13:03:17.550 [main] DEBUG org.apache.hc.client5.http.impl.io.DefaultManagedHttpClientConnection -- http-outgoing-0 close connection GRACEFUL
13:03:17.551 [main] DEBUG org.apache.hc.client5.http.impl.io.PoolingHttpClientConnectionManager -- Connection pool shut down
13:03:17.551 [main] INFO control.AuthController -- User logged in successfully: test@example.com
13:03:17.557 [main] INFO persistence.FileSystemNotesDAO -- Nota salvata in formato crittografato: /home/maverick/Scrivania/Uni/ISPW/audio-transcriptor/notes/97a9f4b0-9322-4c35-ad9f-cdc72579cf59_wtxpGJbkABaF8FI0COyARwFXWTv1_Nota_Test.txt
13:03:17.558 [main] INFO persistence.FileSystemNotesDAO -- Nota caricata: Nota Test
13:03:17.558 [main] INFO persistence.FileSystemNotesDAO -- Nota caricata: Nota Test
13:03:17.558 [main] INFO persistence.FileSystemNotesDAO -- Nota caricata: Nota Test
13:03:17.558 [main] INFO persistence.FileSystemNotesDAO -- Nota caricata: Nota Test
13:03:17.559 [main] INFO persistence.FileSystemNotesDAO -- Nota caricata: Nota Test
13:03:17.559 [main] INFO persistence.FileSystemNotesDAO -- Nota caricata: Nota Test
13:03:17.559 [main] INFO persistence.FileSystemNotesDAO -- Nota caricata: Nota Test
13:03:17.559 [main] INFO persistence.FileSystemNotesDAO -- Nota caricata: Nota Test
13:03:17.560 [main] INFO persistence.FileSystemNotesDAO -- Nota caricata: Nota Test
13:03:17.560 [main] INFO persistence.FileSystemNotesDAO -- Nota caricata: Nota Test
13:03:17.560 [main] INFO persistence.FileSystemNotesDAO -- Nota caricata: Nota Test
13:03:17.560 [main] INFO persistence.FileSystemNotesDAO -- Nota caricata: Nota Test
13:03:17.561 [main] INFO persistence.FileSystemNotesDAO -- Nota caricata: Nota Test
13:03:17.561 [main] INFO persistence.FileSystemNotesDAO -- Nota caricata: Nota Test
13:03:17.561 [main] INFO persistence.FileSystemNotesDAO -- Nota caricata: Nota Test
13:03:17.561 [main] INFO persistence.FileSystemNotesDAO -- Nota caricata: Nota Test
13:03:17.562 [main] INFO persistence.FileSystemNotesDAO -- Nota caricata: Nota Test
13:03:17.562 [main] INFO persistence.FileSystemNotesDAO -- Nota caricata: Nota Test
13:03:17.562 [main] INFO persistence.FileSystemNotesDAO -- Nota caricata: Nota Test
13:03:17.562 [main] INFO persistence.FileSystemNotesDAO -- Nota caricata: Nota Test
13:03:17.563 [main] INFO persistence.FileSystemNotesDAO -- Nota caricata: Nota Test
13:03:17.563 [main] INFO persistence.FileSystemNotesDAO -- Nota caricata: Nota Test
13:03:17.563 [main] INFO persistence.FileSystemNotesDAO -- Nota caricata: Nota Test
13:03:17.564 [main] INFO persistence.FileSystemNotesDAO -- Nota caricata: Nota Test
13:03:17.564 [main] INFO persistence.FileSystemNotesDAO -- Nota caricata: Nota Test
13:03:17.564 [main] INFO persistence.FileSystemNotesDAO -- Nota caricata: Nota Test
13:03:17.564 [main] INFO persistence.FileSystemNotesDAO -- Nota caricata: Nota Test
13:03:17.564 [main] INFO persistence.FileSystemNotesDAO -- Nota caricata: Nota Test
13:03:17.565 [main] INFO persistence.FileSystemNotesDAO -- Nota caricata: Nota Test
13:03:17.565 [main] INFO persistence.FileSystemNotesDAO -- Nota caricata: Nota Test
13:03:17.565 [main] INFO persistence.FileSystemNotesDAO -- Nota caricata: Nota Test
13:03:17.565 [main] INFO persistence.FileSystemNotesDAO -- Nota caricata: Nota Test
13:03:17.566 [main] INFO persistence.FileSystemNotesDAO -- Nota caricata: Nota Test
13:03:17.566 [main] INFO persistence.FileSystemNotesDAO -- Nota caricata: Nota Test
13:03:17.566 [main] INFO persistence.FileSystemNotesDAO -- Nota caricata: Nota Test
13:03:17.566 [main] INFO persistence.FileSystemNotesDAO -- Nota caricata: Nota Test
13:03:17.567 [main] INFO persistence.FileSystemNotesDAO -- Nota caricata: Nota Test
13:03:17.567 [main] INFO persistence.FileSystemNotesDAO -- Nota caricata: Nota Test
13:03:17.567 [main] INFO persistence.FileSystemNotesDAO -- Nota caricata: Nota Test
13:03:17.567 [main] INFO persistence.FileSystemNotesDAO -- Caricate 39 note per l'utente: wtxpGJbkABaF8FI0COyARwFXWTv1
]]></system-out>
  </testcase>
  <testcase name="testDeleteNote" classname="persistence.FileSystemNotesDAOTest" time="0.004">
    <system-out><![CDATA[Verificando esistenza file prima della cancellazione: false
Tentativo di eliminazione: false
Verificando esistenza file dopo la cancellazione: false
]]></system-out>
  </testcase>
</testsuite>