<?xml version="1.0" encoding="UTF-8"?>
<testsuite xmlns:xsi="http://www.w3.org/2001/XMLSchema-instance" xsi:noNamespaceSchemaLocation="https://maven.apache.org/surefire/maven-surefire-plugin/xsd/surefire-test-report-3.0.xsd" version="3.0" name="control.TranscriptionControllerTest" time="4.84" tests="2" errors="0" skipped="0" failures="0">
  <properties>
    <property name="java.specification.version" value="17"/>
    <property name="sun.jnu.encoding" value="UTF-8"/>
    <property name="java.class.path" value="/home/maverick/Scrivania/Uni/Esami da fare/ISPW/audio-transcriptor/target/test-classes:/home/maverick/Scrivania/Uni/Esami da fare/ISPW/audio-transcriptor/target/classes:/home/maverick/.m2/repository/org/openjfx/javafx-controls/20/javafx-controls-20.jar:/home/maverick/.m2/repository/org/openjfx/javafx-controls/20/javafx-controls-20-linux.jar:/home/maverick/.m2/repository/org/openjfx/javafx-graphics/20/javafx-graphics-20.jar:/home/maverick/.m2/repository/org/openjfx/javafx-graphics/20/javafx-graphics-20-linux.jar:/home/maverick/.m2/repository/org/openjfx/javafx-base/20/javafx-base-20.jar:/home/maverick/.m2/repository/org/openjfx/javafx-base/20/javafx-base-20-linux.jar:/home/maverick/.m2/repository/org/openjfx/javafx-fxml/20/javafx-fxml-20.jar:/home/maverick/.m2/repository/org/openjfx/javafx-fxml/20/javafx-fxml-20-linux.jar:/home/maverick/.m2/repository/com/alphacephei/vosk/0.3.45/vosk-0.3.45.jar:/home/maverick/.m2/repository/net/java/dev/jna/jna/5.7.0/jna-5.7.0.jar:/home/maverick/.m2/repository/javazoom/jlayer/1.0.1/jlayer-1.0.1.jar:/home/maverick/.m2/repository/com/google/code/gson/gson/2.10.1/gson-2.10.1.jar:/home/maverick/.m2/repository/org/json/json/20210307/json-20210307.jar:/home/maverick/.m2/repository/com/google/firebase/firebase-admin/9.2.0/firebase-admin-9.2.0.jar:/home/maverick/.m2/repository/com/google/api-client/google-api-client-gson/2.2.0/google-api-client-gson-2.2.0.jar:/home/maverick/.m2/repository/com/google/http-client/google-http-client/1.43.1/google-http-client-1.43.1.jar:/home/maverick/.m2/repository/com/google/j2objc/j2objc-annotations/1.3/j2objc-annotations-1.3.jar:/home/maverick/.m2/repository/io/opencensus/opencensus-api/0.31.1/opencensus-api-0.31.1.jar:/home/maverick/.m2/repository/io/opencensus/opencensus-contrib-http-util/0.31.1/opencensus-contrib-http-util-0.31.1.jar:/home/maverick/.m2/repository/com/google/api/api-common/2.12.0/api-common-2.12.0.jar:/home/maverick/.m2/repository/javax/annotation/javax.annotation-api/1.3.2/javax.annotation-api-1.3.2.jar:/home/maverick/.m2/repository/com/google/cloud/google-cloud-storage/2.22.4/google-cloud-storage-2.22.4.jar:/home/maverick/.m2/repository/com/google/guava/failureaccess/1.0.1/failureaccess-1.0.1.jar:/home/maverick/.m2/repository/com/google/guava/listenablefuture/9999.0-empty-to-avoid-conflict-with-guava/listenablefuture-9999.0-empty-to-avoid-conflict-with-guava.jar:/home/maverick/.m2/repository/com/google/http-client/google-http-client-jackson2/1.43.1/google-http-client-jackson2-1.43.1.jar:/home/maverick/.m2/repository/com/google/apis/google-api-services-storage/v1-rev20230301-2.0.0/google-api-services-storage-v1-rev20230301-2.0.0.jar:/home/maverick/.m2/repository/com/google/cloud/google-cloud-core/2.19.0/google-cloud-core-2.19.0.jar:/home/maverick/.m2/repository/com/google/cloud/google-cloud-core-http/2.19.0/google-cloud-core-http-2.19.0.jar:/home/maverick/.m2/repository/com/google/http-client/google-http-client-appengine/1.43.1/google-http-client-appengine-1.43.1.jar:/home/maverick/.m2/repository/com/google/api/gax-httpjson/0.114.0/gax-httpjson-0.114.0.jar:/home/maverick/.m2/repository/com/google/cloud/google-cloud-core-grpc/2.19.0/google-cloud-core-grpc-2.19.0.jar:/home/maverick/.m2/repository/com/google/api/gax/2.29.0/gax-2.29.0.jar:/home/maverick/.m2/repository/com/google/api/gax-grpc/2.29.0/gax-grpc-2.29.0.jar:/home/maverick/.m2/repository/io/grpc/grpc-alts/1.55.1/grpc-alts-1.55.1.jar:/home/maverick/.m2/repository/io/grpc/grpc-grpclb/1.55.1/grpc-grpclb-1.55.1.jar:/home/maverick/.m2/repository/org/conscrypt/conscrypt-openjdk-uber/2.5.2/conscrypt-openjdk-uber-2.5.2.jar:/home/maverick/.m2/repository/io/grpc/grpc-auth/1.55.1/grpc-auth-1.55.1.jar:/home/maverick/.m2/repository/io/grpc/grpc-protobuf/1.55.1/grpc-protobuf-1.55.1.jar:/home/maverick/.m2/repository/io/grpc/grpc-protobuf-lite/1.55.1/grpc-protobuf-lite-1.55.1.jar:/home/maverick/.m2/repository/io/grpc/grpc-context/1.55.1/grpc-context-1.55.1.jar:/home/maverick/.m2/repository/com/google/api/grpc/proto-google-iam-v1/1.15.0/proto-google-iam-v1-1.15.0.jar:/home/maverick/.m2/repository/com/google/protobuf/protobuf-java/3.23.2/protobuf-java-3.23.2.jar:/home/maverick/.m2/repository/com/google/protobuf/protobuf-java-util/3.23.2/protobuf-java-util-3.23.2.jar:/home/maverick/.m2/repository/com/google/api/grpc/proto-google-common-protos/2.20.0/proto-google-common-protos-2.20.0.jar:/home/maverick/.m2/repository/org/threeten/threetenbp/1.6.8/threetenbp-1.6.8.jar:/home/maverick/.m2/repository/com/google/api/grpc/proto-google-cloud-storage-v2/2.22.4-alpha/proto-google-cloud-storage-v2-2.22.4-alpha.jar:/home/maverick/.m2/repository/com/google/api/grpc/grpc-google-cloud-storage-v2/2.22.4-alpha/grpc-google-cloud-storage-v2-2.22.4-alpha.jar:/home/maverick/.m2/repository/com/google/api/grpc/gapic-google-cloud-storage-v2/2.22.4-alpha/gapic-google-cloud-storage-v2-2.22.4-alpha.jar:/home/maverick/.m2/repository/com/fasterxml/jackson/core/jackson-core/2.14.2/jackson-core-2.14.2.jar:/home/maverick/.m2/repository/io/grpc/grpc-api/1.55.1/grpc-api-1.55.1.jar:/home/maverick/.m2/repository/io/grpc/grpc-netty-shaded/1.55.1/grpc-netty-shaded-1.55.1.jar:/home/maverick/.m2/repository/io/perfmark/perfmark-api/0.26.0/perfmark-api-0.26.0.jar:/home/maverick/.m2/repository/io/grpc/grpc-core/1.55.1/grpc-core-1.55.1.jar:/home/maverick/.m2/repository/com/google/android/annotations/4.1.1.4/annotations-4.1.1.4.jar:/home/maverick/.m2/repository/org/codehaus/mojo/animal-sniffer-annotations/1.23/animal-sniffer-annotations-1.23.jar:/home/maverick/.m2/repository/io/grpc/grpc-stub/1.55.1/grpc-stub-1.55.1.jar:/home/maverick/.m2/repository/io/grpc/grpc-googleapis/1.55.1/grpc-googleapis-1.55.1.jar:/home/maverick/.m2/repository/org/checkerframework/checker-qual/3.32.0/checker-qual-3.32.0.jar:/home/maverick/.m2/repository/io/grpc/grpc-xds/1.55.1/grpc-xds-1.55.1.jar:/home/maverick/.m2/repository/io/opencensus/opencensus-proto/0.2.0/opencensus-proto-0.2.0.jar:/home/maverick/.m2/repository/io/grpc/grpc-services/1.55.1/grpc-services-1.55.1.jar:/home/maverick/.m2/repository/com/google/re2j/re2j/1.6/re2j-1.6.jar:/home/maverick/.m2/repository/io/grpc/grpc-rls/1.55.1/grpc-rls-1.55.1.jar:/home/maverick/.m2/repository/com/google/cloud/google-cloud-firestore/3.13.0/google-cloud-firestore-3.13.0.jar:/home/maverick/.m2/repository/commons-logging/commons-logging/1.2/commons-logging-1.2.jar:/home/maverick/.m2/repository/com/google/api/grpc/proto-google-cloud-firestore-v1/3.13.0/proto-google-cloud-firestore-v1-3.13.0.jar:/home/maverick/.m2/repository/com/google/cloud/proto-google-cloud-firestore-bundle-v1/3.13.0/proto-google-cloud-firestore-bundle-v1-3.13.0.jar:/home/maverick/.m2/repository/io/opencensus/opencensus-contrib-grpc-util/0.31.1/opencensus-contrib-grpc-util-0.31.1.jar:/home/maverick/.m2/repository/com/google/guava/guava/31.1-jre/guava-31.1-jre.jar:/home/maverick/.m2/repository/io/netty/netty-codec-http/4.1.94.Final/netty-codec-http-4.1.94.Final.jar:/home/maverick/.m2/repository/io/netty/netty-common/4.1.94.Final/netty-common-4.1.94.Final.jar:/home/maverick/.m2/repository/io/netty/netty-buffer/4.1.94.Final/netty-buffer-4.1.94.Final.jar:/home/maverick/.m2/repository/io/netty/netty-codec/4.1.94.Final/netty-codec-4.1.94.Final.jar:/home/maverick/.m2/repository/io/netty/netty-handler/4.1.94.Final/netty-handler-4.1.94.Final.jar:/home/maverick/.m2/repository/io/netty/netty-resolver/4.1.94.Final/netty-resolver-4.1.94.Final.jar:/home/maverick/.m2/repository/io/netty/netty-transport-native-unix-common/4.1.94.Final/netty-transport-native-unix-common-4.1.94.Final.jar:/home/maverick/.m2/repository/io/netty/netty-transport/4.1.94.Final/netty-transport-4.1.94.Final.jar:/home/maverick/.m2/repository/com/google/auth/google-auth-library-oauth2-http/1.21.0/google-auth-library-oauth2-http-1.21.0.jar:/home/maverick/.m2/repository/com/google/auto/value/auto-value-annotations/1.10.4/auto-value-annotations-1.10.4.jar:/home/maverick/.m2/repository/com/google/code/findbugs/jsr305/3.0.2/jsr305-3.0.2.jar:/home/maverick/.m2/repository/com/google/auth/google-auth-library-credentials/1.21.0/google-auth-library-credentials-1.21.0.jar:/home/maverick/.m2/repository/com/google/http-client/google-http-client-gson/1.43.3/google-http-client-gson-1.43.3.jar:/home/maverick/.m2/repository/com/google/errorprone/error_prone_annotations/2.18.0/error_prone_annotations-2.18.0.jar:/home/maverick/.m2/repository/com/google/api-client/google-api-client/2.2.0/google-api-client-2.2.0.jar:/home/maverick/.m2/repository/commons-codec/commons-codec/1.15/commons-codec-1.15.jar:/home/maverick/.m2/repository/com/google/oauth-client/google-oauth-client/1.34.1/google-oauth-client-1.34.1.jar:/home/maverick/.m2/repository/com/google/http-client/google-http-client-apache-v2/1.42.3/google-http-client-apache-v2-1.42.3.jar:/home/maverick/.m2/repository/org/apache/httpcomponents/httpcore/4.4.16/httpcore-4.4.16.jar:/home/maverick/.m2/repository/org/apache/httpcomponents/httpclient/4.5.14/httpclient-4.5.14.jar:/home/maverick/.m2/repository/org/apache/httpcomponents/client5/httpclient5/5.2.1/httpclient5-5.2.1.jar:/home/maverick/.m2/repository/org/apache/httpcomponents/core5/httpcore5-h2/5.2/httpcore5-h2-5.2.jar:/home/maverick/.m2/repository/org/apache/httpcomponents/core5/httpcore5/5.2/httpcore5-5.2.jar:/home/maverick/.m2/repository/io/github/cdimascio/dotenv-java/3.1.0/dotenv-java-3.1.0.jar:/home/maverick/.m2/repository/com/sparkjava/spark-core/2.9.3/spark-core-2.9.3.jar:/home/maverick/.m2/repository/org/eclipse/jetty/jetty-server/9.4.31.v20200723/jetty-server-9.4.31.v20200723.jar:/home/maverick/.m2/repository/javax/servlet/javax.servlet-api/3.1.0/javax.servlet-api-3.1.0.jar:/home/maverick/.m2/repository/org/eclipse/jetty/jetty-http/9.4.31.v20200723/jetty-http-9.4.31.v20200723.jar:/home/maverick/.m2/repository/org/eclipse/jetty/jetty-util/9.4.31.v20200723/jetty-util-9.4.31.v20200723.jar:/home/maverick/.m2/repository/org/eclipse/jetty/jetty-io/9.4.31.v20200723/jetty-io-9.4.31.v20200723.jar:/home/maverick/.m2/repository/org/eclipse/jetty/jetty-webapp/9.4.31.v20200723/jetty-webapp-9.4.31.v20200723.jar:/home/maverick/.m2/repository/org/eclipse/jetty/jetty-xml/9.4.31.v20200723/jetty-xml-9.4.31.v20200723.jar:/home/maverick/.m2/repository/org/eclipse/jetty/jetty-servlet/9.4.31.v20200723/jetty-servlet-9.4.31.v20200723.jar:/home/maverick/.m2/repository/org/eclipse/jetty/jetty-security/9.4.31.v20200723/jetty-security-9.4.31.v20200723.jar:/home/maverick/.m2/repository/org/eclipse/jetty/websocket/websocket-server/9.4.31.v20200723/websocket-server-9.4.31.v20200723.jar:/home/maverick/.m2/repository/org/eclipse/jetty/websocket/websocket-common/9.4.31.v20200723/websocket-common-9.4.31.v20200723.jar:/home/maverick/.m2/repository/org/eclipse/jetty/websocket/websocket-client/9.4.31.v20200723/websocket-client-9.4.31.v20200723.jar:/home/maverick/.m2/repository/org/eclipse/jetty/jetty-client/9.4.31.v20200723/jetty-client-9.4.31.v20200723.jar:/home/maverick/.m2/repository/org/eclipse/jetty/websocket/websocket-servlet/9.4.31.v20200723/websocket-servlet-9.4.31.v20200723.jar:/home/maverick/.m2/repository/org/eclipse/jetty/websocket/websocket-api/9.4.31.v20200723/websocket-api-9.4.31.v20200723.jar:/home/maverick/.m2/repository/org/slf4j/slf4j-api/2.0.9/slf4j-api-2.0.9.jar:/home/maverick/.m2/repository/ch/qos/logback/logback-classic/1.4.14/logback-classic-1.4.14.jar:/home/maverick/.m2/repository/ch/qos/logback/logback-core/1.4.14/logback-core-1.4.14.jar:/home/maverick/.m2/repository/org/kordamp/ikonli/ikonli-javafx/12.3.1/ikonli-javafx-12.3.1.jar:/home/maverick/.m2/repository/org/kordamp/ikonli/ikonli-core/12.3.1/ikonli-core-12.3.1.jar:/home/maverick/.m2/repository/org/apache/xmlgraphics/batik-all/1.14/batik-all-1.14.jar:/home/maverick/.m2/repository/org/apache/xmlgraphics/batik-anim/1.14/batik-anim-1.14.jar:/home/maverick/.m2/repository/org/apache/xmlgraphics/batik-shared-resources/1.14/batik-shared-resources-1.14.jar:/home/maverick/.m2/repository/xml-apis/xml-apis-ext/1.3.04/xml-apis-ext-1.3.04.jar:/home/maverick/.m2/repository/org/apache/xmlgraphics/batik-awt-util/1.14/batik-awt-util-1.14.jar:/home/maverick/.m2/repository/org/apache/xmlgraphics/xmlgraphics-commons/2.6/xmlgraphics-commons-2.6.jar:/home/maverick/.m2/repository/commons-io/commons-io/1.3.1/commons-io-1.3.1.jar:/home/maverick/.m2/repository/org/apache/xmlgraphics/batik-bridge/1.14/batik-bridge-1.14.jar:/home/maverick/.m2/repository/org/apache/xmlgraphics/batik-codec/1.14/batik-codec-1.14.jar:/home/maverick/.m2/repository/org/apache/xmlgraphics/batik-constants/1.14/batik-constants-1.14.jar:/home/maverick/.m2/repository/org/apache/xmlgraphics/batik-css/1.14/batik-css-1.14.jar:/home/maverick/.m2/repository/org/apache/xmlgraphics/batik-dom/1.14/batik-dom-1.14.jar:/home/maverick/.m2/repository/xalan/xalan/2.7.2/xalan-2.7.2.jar:/home/maverick/.m2/repository/xalan/serializer/2.7.2/serializer-2.7.2.jar:/home/maverick/.m2/repository/xml-apis/xml-apis/1.4.01/xml-apis-1.4.01.jar:/home/maverick/.m2/repository/org/apache/xmlgraphics/batik-ext/1.14/batik-ext-1.14.jar:/home/maverick/.m2/repository/org/apache/xmlgraphics/batik-extension/1.14/batik-extension-1.14.jar:/home/maverick/.m2/repository/org/apache/xmlgraphics/batik-gui-util/1.14/batik-gui-util-1.14.jar:/home/maverick/.m2/repository/org/apache/xmlgraphics/batik-gvt/1.14/batik-gvt-1.14.jar:/home/maverick/.m2/repository/org/apache/xmlgraphics/batik-i18n/1.14/batik-i18n-1.14.jar:/home/maverick/.m2/repository/org/apache/xmlgraphics/batik-parser/1.14/batik-parser-1.14.jar:/home/maverick/.m2/repository/org/apache/xmlgraphics/batik-rasterizer-ext/1.14/batik-rasterizer-ext-1.14.jar:/home/maverick/.m2/repository/org/apache/xmlgraphics/batik-rasterizer/1.14/batik-rasterizer-1.14.jar:/home/maverick/.m2/repository/org/apache/xmlgraphics/batik-script/1.14/batik-script-1.14.jar:/home/maverick/.m2/repository/org/apache/xmlgraphics/batik-slideshow/1.14/batik-slideshow-1.14.jar:/home/maverick/.m2/repository/org/apache/xmlgraphics/batik-squiggle-ext/1.14/batik-squiggle-ext-1.14.jar:/home/maverick/.m2/repository/org/apache/xmlgraphics/batik-squiggle/1.14/batik-squiggle-1.14.jar:/home/maverick/.m2/repository/org/apache/xmlgraphics/batik-svg-dom/1.14/batik-svg-dom-1.14.jar:/home/maverick/.m2/repository/org/apache/xmlgraphics/batik-svgbrowser/1.14/batik-svgbrowser-1.14.jar:/home/maverick/.m2/repository/org/apache/xmlgraphics/batik-svggen/1.14/batik-svggen-1.14.jar:/home/maverick/.m2/repository/org/apache/xmlgraphics/batik-svgpp/1.14/batik-svgpp-1.14.jar:/home/maverick/.m2/repository/org/apache/xmlgraphics/batik-svgrasterizer/1.14/batik-svgrasterizer-1.14.jar:/home/maverick/.m2/repository/org/apache/xmlgraphics/batik-swing/1.14/batik-swing-1.14.jar:/home/maverick/.m2/repository/org/apache/xmlgraphics/batik-transcoder/1.14/batik-transcoder-1.14.jar:/home/maverick/.m2/repository/org/apache/xmlgraphics/batik-util/1.14/batik-util-1.14.jar:/home/maverick/.m2/repository/org/apache/xmlgraphics/batik-ttf2svg/1.14/batik-ttf2svg-1.14.jar:/home/maverick/.m2/repository/org/apache/xmlgraphics/batik-xml/1.14/batik-xml-1.14.jar:/home/maverick/.m2/repository/org/openjfx/javafx-swing/20/javafx-swing-20.jar:/home/maverick/.m2/repository/org/openjfx/javafx-swing/20/javafx-swing-20-linux.jar:/home/maverick/.m2/repository/org/junit/jupiter/junit-jupiter-api/5.9.2/junit-jupiter-api-5.9.2.jar:/home/maverick/.m2/repository/org/opentest4j/opentest4j/1.2.0/opentest4j-1.2.0.jar:/home/maverick/.m2/repository/org/junit/platform/junit-platform-commons/1.9.2/junit-platform-commons-1.9.2.jar:/home/maverick/.m2/repository/org/apiguardian/apiguardian-api/1.1.2/apiguardian-api-1.1.2.jar:/home/maverick/.m2/repository/org/junit/jupiter/junit-jupiter-engine/5.9.2/junit-jupiter-engine-5.9.2.jar:/home/maverick/.m2/repository/org/junit/platform/junit-platform-engine/1.9.2/junit-platform-engine-1.9.2.jar:/home/maverick/.m2/repository/org/junit/jupiter/junit-jupiter-params/5.9.2/junit-jupiter-params-5.9.2.jar:/home/maverick/.m2/repository/org/junit/vintage/junit-vintage-engine/5.9.2/junit-vintage-engine-5.9.2.jar:/home/maverick/.m2/repository/junit/junit/4.13.2/junit-4.13.2.jar:/home/maverick/.m2/repository/org/hamcrest/hamcrest-core/1.3/hamcrest-core-1.3.jar:"/>
    <property name="java.vm.vendor" value="Arch Linux"/>
    <property name="sun.arch.data.model" value="64"/>
    <property name="java.vendor.url" value="https://openjdk.java.net/"/>
    <property name="user.timezone" value="Europe/Rome"/>
    <property name="os.name" value="Linux"/>
    <property name="java.vm.specification.version" value="17"/>
    <property name="sun.java.launcher" value="SUN_STANDARD"/>
    <property name="user.country" value="IT"/>
    <property name="sun.boot.library.path" value="/usr/lib/jvm/java-17-openjdk/lib"/>
    <property name="sun.java.command" value="/home/maverick/Scrivania/Uni/Esami da fare/ISPW/audio-transcriptor/target/surefire/surefirebooter-20250219191219358_3.jar /home/maverick/Scrivania/Uni/Esami da fare/ISPW/audio-transcriptor/target/surefire 2025-02-19T19-12-19_279-jvmRun1 surefire-20250219191219358_1tmp surefire_0-20250219191219358_2tmp"/>
    <property name="jdk.debug" value="release"/>
    <property name="surefire.test.class.path" value="/home/maverick/Scrivania/Uni/Esami da fare/ISPW/audio-transcriptor/target/test-classes:/home/maverick/Scrivania/Uni/Esami da fare/ISPW/audio-transcriptor/target/classes:/home/maverick/.m2/repository/org/openjfx/javafx-controls/20/javafx-controls-20.jar:/home/maverick/.m2/repository/org/openjfx/javafx-controls/20/javafx-controls-20-linux.jar:/home/maverick/.m2/repository/org/openjfx/javafx-graphics/20/javafx-graphics-20.jar:/home/maverick/.m2/repository/org/openjfx/javafx-graphics/20/javafx-graphics-20-linux.jar:/home/maverick/.m2/repository/org/openjfx/javafx-base/20/javafx-base-20.jar:/home/maverick/.m2/repository/org/openjfx/javafx-base/20/javafx-base-20-linux.jar:/home/maverick/.m2/repository/org/openjfx/javafx-fxml/20/javafx-fxml-20.jar:/home/maverick/.m2/repository/org/openjfx/javafx-fxml/20/javafx-fxml-20-linux.jar:/home/maverick/.m2/repository/com/alphacephei/vosk/0.3.45/vosk-0.3.45.jar:/home/maverick/.m2/repository/net/java/dev/jna/jna/5.7.0/jna-5.7.0.jar:/home/maverick/.m2/repository/javazoom/jlayer/1.0.1/jlayer-1.0.1.jar:/home/maverick/.m2/repository/com/google/code/gson/gson/2.10.1/gson-2.10.1.jar:/home/maverick/.m2/repository/org/json/json/20210307/json-20210307.jar:/home/maverick/.m2/repository/com/google/firebase/firebase-admin/9.2.0/firebase-admin-9.2.0.jar:/home/maverick/.m2/repository/com/google/api-client/google-api-client-gson/2.2.0/google-api-client-gson-2.2.0.jar:/home/maverick/.m2/repository/com/google/http-client/google-http-client/1.43.1/google-http-client-1.43.1.jar:/home/maverick/.m2/repository/com/google/j2objc/j2objc-annotations/1.3/j2objc-annotations-1.3.jar:/home/maverick/.m2/repository/io/opencensus/opencensus-api/0.31.1/opencensus-api-0.31.1.jar:/home/maverick/.m2/repository/io/opencensus/opencensus-contrib-http-util/0.31.1/opencensus-contrib-http-util-0.31.1.jar:/home/maverick/.m2/repository/com/google/api/api-common/2.12.0/api-common-2.12.0.jar:/home/maverick/.m2/repository/javax/annotation/javax.annotation-api/1.3.2/javax.annotation-api-1.3.2.jar:/home/maverick/.m2/repository/com/google/cloud/google-cloud-storage/2.22.4/google-cloud-storage-2.22.4.jar:/home/maverick/.m2/repository/com/google/guava/failureaccess/1.0.1/failureaccess-1.0.1.jar:/home/maverick/.m2/repository/com/google/guava/listenablefuture/9999.0-empty-to-avoid-conflict-with-guava/listenablefuture-9999.0-empty-to-avoid-conflict-with-guava.jar:/home/maverick/.m2/repository/com/google/http-client/google-http-client-jackson2/1.43.1/google-http-client-jackson2-1.43.1.jar:/home/maverick/.m2/repository/com/google/apis/google-api-services-storage/v1-rev20230301-2.0.0/google-api-services-storage-v1-rev20230301-2.0.0.jar:/home/maverick/.m2/repository/com/google/cloud/google-cloud-core/2.19.0/google-cloud-core-2.19.0.jar:/home/maverick/.m2/repository/com/google/cloud/google-cloud-core-http/2.19.0/google-cloud-core-http-2.19.0.jar:/home/maverick/.m2/repository/com/google/http-client/google-http-client-appengine/1.43.1/google-http-client-appengine-1.43.1.jar:/home/maverick/.m2/repository/com/google/api/gax-httpjson/0.114.0/gax-httpjson-0.114.0.jar:/home/maverick/.m2/repository/com/google/cloud/google-cloud-core-grpc/2.19.0/google-cloud-core-grpc-2.19.0.jar:/home/maverick/.m2/repository/com/google/api/gax/2.29.0/gax-2.29.0.jar:/home/maverick/.m2/repository/com/google/api/gax-grpc/2.29.0/gax-grpc-2.29.0.jar:/home/maverick/.m2/repository/io/grpc/grpc-alts/1.55.1/grpc-alts-1.55.1.jar:/home/maverick/.m2/repository/io/grpc/grpc-grpclb/1.55.1/grpc-grpclb-1.55.1.jar:/home/maverick/.m2/repository/org/conscrypt/conscrypt-openjdk-uber/2.5.2/conscrypt-openjdk-uber-2.5.2.jar:/home/maverick/.m2/repository/io/grpc/grpc-auth/1.55.1/grpc-auth-1.55.1.jar:/home/maverick/.m2/repository/io/grpc/grpc-protobuf/1.55.1/grpc-protobuf-1.55.1.jar:/home/maverick/.m2/repository/io/grpc/grpc-protobuf-lite/1.55.1/grpc-protobuf-lite-1.55.1.jar:/home/maverick/.m2/repository/io/grpc/grpc-context/1.55.1/grpc-context-1.55.1.jar:/home/maverick/.m2/repository/com/google/api/grpc/proto-google-iam-v1/1.15.0/proto-google-iam-v1-1.15.0.jar:/home/maverick/.m2/repository/com/google/protobuf/protobuf-java/3.23.2/protobuf-java-3.23.2.jar:/home/maverick/.m2/repository/com/google/protobuf/protobuf-java-util/3.23.2/protobuf-java-util-3.23.2.jar:/home/maverick/.m2/repository/com/google/api/grpc/proto-google-common-protos/2.20.0/proto-google-common-protos-2.20.0.jar:/home/maverick/.m2/repository/org/threeten/threetenbp/1.6.8/threetenbp-1.6.8.jar:/home/maverick/.m2/repository/com/google/api/grpc/proto-google-cloud-storage-v2/2.22.4-alpha/proto-google-cloud-storage-v2-2.22.4-alpha.jar:/home/maverick/.m2/repository/com/google/api/grpc/grpc-google-cloud-storage-v2/2.22.4-alpha/grpc-google-cloud-storage-v2-2.22.4-alpha.jar:/home/maverick/.m2/repository/com/google/api/grpc/gapic-google-cloud-storage-v2/2.22.4-alpha/gapic-google-cloud-storage-v2-2.22.4-alpha.jar:/home/maverick/.m2/repository/com/fasterxml/jackson/core/jackson-core/2.14.2/jackson-core-2.14.2.jar:/home/maverick/.m2/repository/io/grpc/grpc-api/1.55.1/grpc-api-1.55.1.jar:/home/maverick/.m2/repository/io/grpc/grpc-netty-shaded/1.55.1/grpc-netty-shaded-1.55.1.jar:/home/maverick/.m2/repository/io/perfmark/perfmark-api/0.26.0/perfmark-api-0.26.0.jar:/home/maverick/.m2/repository/io/grpc/grpc-core/1.55.1/grpc-core-1.55.1.jar:/home/maverick/.m2/repository/com/google/android/annotations/4.1.1.4/annotations-4.1.1.4.jar:/home/maverick/.m2/repository/org/codehaus/mojo/animal-sniffer-annotations/1.23/animal-sniffer-annotations-1.23.jar:/home/maverick/.m2/repository/io/grpc/grpc-stub/1.55.1/grpc-stub-1.55.1.jar:/home/maverick/.m2/repository/io/grpc/grpc-googleapis/1.55.1/grpc-googleapis-1.55.1.jar:/home/maverick/.m2/repository/org/checkerframework/checker-qual/3.32.0/checker-qual-3.32.0.jar:/home/maverick/.m2/repository/io/grpc/grpc-xds/1.55.1/grpc-xds-1.55.1.jar:/home/maverick/.m2/repository/io/opencensus/opencensus-proto/0.2.0/opencensus-proto-0.2.0.jar:/home/maverick/.m2/repository/io/grpc/grpc-services/1.55.1/grpc-services-1.55.1.jar:/home/maverick/.m2/repository/com/google/re2j/re2j/1.6/re2j-1.6.jar:/home/maverick/.m2/repository/io/grpc/grpc-rls/1.55.1/grpc-rls-1.55.1.jar:/home/maverick/.m2/repository/com/google/cloud/google-cloud-firestore/3.13.0/google-cloud-firestore-3.13.0.jar:/home/maverick/.m2/repository/commons-logging/commons-logging/1.2/commons-logging-1.2.jar:/home/maverick/.m2/repository/com/google/api/grpc/proto-google-cloud-firestore-v1/3.13.0/proto-google-cloud-firestore-v1-3.13.0.jar:/home/maverick/.m2/repository/com/google/cloud/proto-google-cloud-firestore-bundle-v1/3.13.0/proto-google-cloud-firestore-bundle-v1-3.13.0.jar:/home/maverick/.m2/repository/io/opencensus/opencensus-contrib-grpc-util/0.31.1/opencensus-contrib-grpc-util-0.31.1.jar:/home/maverick/.m2/repository/com/google/guava/guava/31.1-jre/guava-31.1-jre.jar:/home/maverick/.m2/repository/io/netty/netty-codec-http/4.1.94.Final/netty-codec-http-4.1.94.Final.jar:/home/maverick/.m2/repository/io/netty/netty-common/4.1.94.Final/netty-common-4.1.94.Final.jar:/home/maverick/.m2/repository/io/netty/netty-buffer/4.1.94.Final/netty-buffer-4.1.94.Final.jar:/home/maverick/.m2/repository/io/netty/netty-codec/4.1.94.Final/netty-codec-4.1.94.Final.jar:/home/maverick/.m2/repository/io/netty/netty-handler/4.1.94.Final/netty-handler-4.1.94.Final.jar:/home/maverick/.m2/repository/io/netty/netty-resolver/4.1.94.Final/netty-resolver-4.1.94.Final.jar:/home/maverick/.m2/repository/io/netty/netty-transport-native-unix-common/4.1.94.Final/netty-transport-native-unix-common-4.1.94.Final.jar:/home/maverick/.m2/repository/io/netty/netty-transport/4.1.94.Final/netty-transport-4.1.94.Final.jar:/home/maverick/.m2/repository/com/google/auth/google-auth-library-oauth2-http/1.21.0/google-auth-library-oauth2-http-1.21.0.jar:/home/maverick/.m2/repository/com/google/auto/value/auto-value-annotations/1.10.4/auto-value-annotations-1.10.4.jar:/home/maverick/.m2/repository/com/google/code/findbugs/jsr305/3.0.2/jsr305-3.0.2.jar:/home/maverick/.m2/repository/com/google/auth/google-auth-library-credentials/1.21.0/google-auth-library-credentials-1.21.0.jar:/home/maverick/.m2/repository/com/google/http-client/google-http-client-gson/1.43.3/google-http-client-gson-1.43.3.jar:/home/maverick/.m2/repository/com/google/errorprone/error_prone_annotations/2.18.0/error_prone_annotations-2.18.0.jar:/home/maverick/.m2/repository/com/google/api-client/google-api-client/2.2.0/google-api-client-2.2.0.jar:/home/maverick/.m2/repository/commons-codec/commons-codec/1.15/commons-codec-1.15.jar:/home/maverick/.m2/repository/com/google/oauth-client/google-oauth-client/1.34.1/google-oauth-client-1.34.1.jar:/home/maverick/.m2/repository/com/google/http-client/google-http-client-apache-v2/1.42.3/google-http-client-apache-v2-1.42.3.jar:/home/maverick/.m2/repository/org/apache/httpcomponents/httpcore/4.4.16/httpcore-4.4.16.jar:/home/maverick/.m2/repository/org/apache/httpcomponents/httpclient/4.5.14/httpclient-4.5.14.jar:/home/maverick/.m2/repository/org/apache/httpcomponents/client5/httpclient5/5.2.1/httpclient5-5.2.1.jar:/home/maverick/.m2/repository/org/apache/httpcomponents/core5/httpcore5-h2/5.2/httpcore5-h2-5.2.jar:/home/maverick/.m2/repository/org/apache/httpcomponents/core5/httpcore5/5.2/httpcore5-5.2.jar:/home/maverick/.m2/repository/io/github/cdimascio/dotenv-java/3.1.0/dotenv-java-3.1.0.jar:/home/maverick/.m2/repository/com/sparkjava/spark-core/2.9.3/spark-core-2.9.3.jar:/home/maverick/.m2/repository/org/eclipse/jetty/jetty-server/9.4.31.v20200723/jetty-server-9.4.31.v20200723.jar:/home/maverick/.m2/repository/javax/servlet/javax.servlet-api/3.1.0/javax.servlet-api-3.1.0.jar:/home/maverick/.m2/repository/org/eclipse/jetty/jetty-http/9.4.31.v20200723/jetty-http-9.4.31.v20200723.jar:/home/maverick/.m2/repository/org/eclipse/jetty/jetty-util/9.4.31.v20200723/jetty-util-9.4.31.v20200723.jar:/home/maverick/.m2/repository/org/eclipse/jetty/jetty-io/9.4.31.v20200723/jetty-io-9.4.31.v20200723.jar:/home/maverick/.m2/repository/org/eclipse/jetty/jetty-webapp/9.4.31.v20200723/jetty-webapp-9.4.31.v20200723.jar:/home/maverick/.m2/repository/org/eclipse/jetty/jetty-xml/9.4.31.v20200723/jetty-xml-9.4.31.v20200723.jar:/home/maverick/.m2/repository/org/eclipse/jetty/jetty-servlet/9.4.31.v20200723/jetty-servlet-9.4.31.v20200723.jar:/home/maverick/.m2/repository/org/eclipse/jetty/jetty-security/9.4.31.v20200723/jetty-security-9.4.31.v20200723.jar:/home/maverick/.m2/repository/org/eclipse/jetty/websocket/websocket-server/9.4.31.v20200723/websocket-server-9.4.31.v20200723.jar:/home/maverick/.m2/repository/org/eclipse/jetty/websocket/websocket-common/9.4.31.v20200723/websocket-common-9.4.31.v20200723.jar:/home/maverick/.m2/repository/org/eclipse/jetty/websocket/websocket-client/9.4.31.v20200723/websocket-client-9.4.31.v20200723.jar:/home/maverick/.m2/repository/org/eclipse/jetty/jetty-client/9.4.31.v20200723/jetty-client-9.4.31.v20200723.jar:/home/maverick/.m2/repository/org/eclipse/jetty/websocket/websocket-servlet/9.4.31.v20200723/websocket-servlet-9.4.31.v20200723.jar:/home/maverick/.m2/repository/org/eclipse/jetty/websocket/websocket-api/9.4.31.v20200723/websocket-api-9.4.31.v20200723.jar:/home/maverick/.m2/repository/org/slf4j/slf4j-api/2.0.9/slf4j-api-2.0.9.jar:/home/maverick/.m2/repository/ch/qos/logback/logback-classic/1.4.14/logback-classic-1.4.14.jar:/home/maverick/.m2/repository/ch/qos/logback/logback-core/1.4.14/logback-core-1.4.14.jar:/home/maverick/.m2/repository/org/kordamp/ikonli/ikonli-javafx/12.3.1/ikonli-javafx-12.3.1.jar:/home/maverick/.m2/repository/org/kordamp/ikonli/ikonli-core/12.3.1/ikonli-core-12.3.1.jar:/home/maverick/.m2/repository/org/apache/xmlgraphics/batik-all/1.14/batik-all-1.14.jar:/home/maverick/.m2/repository/org/apache/xmlgraphics/batik-anim/1.14/batik-anim-1.14.jar:/home/maverick/.m2/repository/org/apache/xmlgraphics/batik-shared-resources/1.14/batik-shared-resources-1.14.jar:/home/maverick/.m2/repository/xml-apis/xml-apis-ext/1.3.04/xml-apis-ext-1.3.04.jar:/home/maverick/.m2/repository/org/apache/xmlgraphics/batik-awt-util/1.14/batik-awt-util-1.14.jar:/home/maverick/.m2/repository/org/apache/xmlgraphics/xmlgraphics-commons/2.6/xmlgraphics-commons-2.6.jar:/home/maverick/.m2/repository/commons-io/commons-io/1.3.1/commons-io-1.3.1.jar:/home/maverick/.m2/repository/org/apache/xmlgraphics/batik-bridge/1.14/batik-bridge-1.14.jar:/home/maverick/.m2/repository/org/apache/xmlgraphics/batik-codec/1.14/batik-codec-1.14.jar:/home/maverick/.m2/repository/org/apache/xmlgraphics/batik-constants/1.14/batik-constants-1.14.jar:/home/maverick/.m2/repository/org/apache/xmlgraphics/batik-css/1.14/batik-css-1.14.jar:/home/maverick/.m2/repository/org/apache/xmlgraphics/batik-dom/1.14/batik-dom-1.14.jar:/home/maverick/.m2/repository/xalan/xalan/2.7.2/xalan-2.7.2.jar:/home/maverick/.m2/repository/xalan/serializer/2.7.2/serializer-2.7.2.jar:/home/maverick/.m2/repository/xml-apis/xml-apis/1.4.01/xml-apis-1.4.01.jar:/home/maverick/.m2/repository/org/apache/xmlgraphics/batik-ext/1.14/batik-ext-1.14.jar:/home/maverick/.m2/repository/org/apache/xmlgraphics/batik-extension/1.14/batik-extension-1.14.jar:/home/maverick/.m2/repository/org/apache/xmlgraphics/batik-gui-util/1.14/batik-gui-util-1.14.jar:/home/maverick/.m2/repository/org/apache/xmlgraphics/batik-gvt/1.14/batik-gvt-1.14.jar:/home/maverick/.m2/repository/org/apache/xmlgraphics/batik-i18n/1.14/batik-i18n-1.14.jar:/home/maverick/.m2/repository/org/apache/xmlgraphics/batik-parser/1.14/batik-parser-1.14.jar:/home/maverick/.m2/repository/org/apache/xmlgraphics/batik-rasterizer-ext/1.14/batik-rasterizer-ext-1.14.jar:/home/maverick/.m2/repository/org/apache/xmlgraphics/batik-rasterizer/1.14/batik-rasterizer-1.14.jar:/home/maverick/.m2/repository/org/apache/xmlgraphics/batik-script/1.14/batik-script-1.14.jar:/home/maverick/.m2/repository/org/apache/xmlgraphics/batik-slideshow/1.14/batik-slideshow-1.14.jar:/home/maverick/.m2/repository/org/apache/xmlgraphics/batik-squiggle-ext/1.14/batik-squiggle-ext-1.14.jar:/home/maverick/.m2/repository/org/apache/xmlgraphics/batik-squiggle/1.14/batik-squiggle-1.14.jar:/home/maverick/.m2/repository/org/apache/xmlgraphics/batik-svg-dom/1.14/batik-svg-dom-1.14.jar:/home/maverick/.m2/repository/org/apache/xmlgraphics/batik-svgbrowser/1.14/batik-svgbrowser-1.14.jar:/home/maverick/.m2/repository/org/apache/xmlgraphics/batik-svggen/1.14/batik-svggen-1.14.jar:/home/maverick/.m2/repository/org/apache/xmlgraphics/batik-svgpp/1.14/batik-svgpp-1.14.jar:/home/maverick/.m2/repository/org/apache/xmlgraphics/batik-svgrasterizer/1.14/batik-svgrasterizer-1.14.jar:/home/maverick/.m2/repository/org/apache/xmlgraphics/batik-swing/1.14/batik-swing-1.14.jar:/home/maverick/.m2/repository/org/apache/xmlgraphics/batik-transcoder/1.14/batik-transcoder-1.14.jar:/home/maverick/.m2/repository/org/apache/xmlgraphics/batik-util/1.14/batik-util-1.14.jar:/home/maverick/.m2/repository/org/apache/xmlgraphics/batik-ttf2svg/1.14/batik-ttf2svg-1.14.jar:/home/maverick/.m2/repository/org/apache/xmlgraphics/batik-xml/1.14/batik-xml-1.14.jar:/home/maverick/.m2/repository/org/openjfx/javafx-swing/20/javafx-swing-20.jar:/home/maverick/.m2/repository/org/openjfx/javafx-swing/20/javafx-swing-20-linux.jar:/home/maverick/.m2/repository/org/junit/jupiter/junit-jupiter-api/5.9.2/junit-jupiter-api-5.9.2.jar:/home/maverick/.m2/repository/org/opentest4j/opentest4j/1.2.0/opentest4j-1.2.0.jar:/home/maverick/.m2/repository/org/junit/platform/junit-platform-commons/1.9.2/junit-platform-commons-1.9.2.jar:/home/maverick/.m2/repository/org/apiguardian/apiguardian-api/1.1.2/apiguardian-api-1.1.2.jar:/home/maverick/.m2/repository/org/junit/jupiter/junit-jupiter-engine/5.9.2/junit-jupiter-engine-5.9.2.jar:/home/maverick/.m2/repository/org/junit/platform/junit-platform-engine/1.9.2/junit-platform-engine-1.9.2.jar:/home/maverick/.m2/repository/org/junit/jupiter/junit-jupiter-params/5.9.2/junit-jupiter-params-5.9.2.jar:/home/maverick/.m2/repository/org/junit/vintage/junit-vintage-engine/5.9.2/junit-vintage-engine-5.9.2.jar:/home/maverick/.m2/repository/junit/junit/4.13.2/junit-4.13.2.jar:/home/maverick/.m2/repository/org/hamcrest/hamcrest-core/1.3/hamcrest-core-1.3.jar:"/>
    <property name="sun.cpu.endian" value="little"/>
    <property name="user.home" value="/home/maverick"/>
    <property name="user.language" value="it"/>
    <property name="java.specification.vendor" value="Oracle Corporation"/>
    <property name="java.version.date" value="2025-01-21"/>
    <property name="java.home" value="/usr/lib/jvm/java-17-openjdk"/>
    <property name="file.separator" value="/"/>
    <property name="basedir" value="/home/maverick/Scrivania/Uni/Esami da fare/ISPW/audio-transcriptor"/>
    <property name="java.vm.compressedOopsMode" value="Zero based"/>
    <property name="line.separator" value="&#10;"/>
    <property name="java.vm.specification.vendor" value="Oracle Corporation"/>
    <property name="java.specification.name" value="Java Platform API Specification"/>
    <property name="surefire.real.class.path" value="/home/maverick/Scrivania/Uni/Esami da fare/ISPW/audio-transcriptor/target/surefire/surefirebooter-20250219191219358_3.jar"/>
    <property name="sun.management.compiler" value="HotSpot 64-Bit Tiered Compilers"/>
    <property name="java.runtime.version" value="17.0.14+7"/>
    <property name="user.name" value="maverick"/>
    <property name="path.separator" value=":"/>
    <property name="os.version" value="6.13.3-arch1-1"/>
    <property name="java.runtime.name" value="OpenJDK Runtime Environment"/>
    <property name="file.encoding" value="UTF-8"/>
    <property name="jnidispatch.path" value="/home/maverick/.cache/JNA/temp/jna16585508816796574141.tmp"/>
    <property name="java.vm.name" value="OpenJDK 64-Bit Server VM"/>
    <property name="jna.platform.library.path" value="/usr/lib64:/lib64:/usr/lib:/lib:/usr/lib/opencollada:/opt/intel/oneapi/compiler/latest/lib:/usr/lib/libfakeroot"/>
    <property name="localRepository" value="/home/maverick/.m2/repository"/>
    <property name="jna.loaded" value="true"/>
    <property name="java.vendor.url.bug" value="https://bugreport.java.com/bugreport/"/>
    <property name="java.io.tmpdir" value="/tmp"/>
    <property name="java.version" value="17.0.14"/>
    <property name="user.dir" value="/home/maverick/Scrivania/Uni/Esami da fare/ISPW/audio-transcriptor"/>
    <property name="os.arch" value="amd64"/>
    <property name="java.vm.specification.name" value="Java Virtual Machine Specification"/>
    <property name="native.encoding" value="UTF-8"/>
    <property name="java.library.path" value="/usr/java/packages/lib:/usr/lib64:/lib64:/lib:/usr/lib"/>
    <property name="java.vm.info" value="mixed mode, sharing"/>
    <property name="java.vendor" value="Arch Linux"/>
    <property name="java.vm.version" value="17.0.14+7"/>
    <property name="java.specification.maintenance.version" value="1"/>
    <property name="sun.io.unicode.encoding" value="UnicodeLittle"/>
    <property name="java.class.version" value="61.0"/>
  </properties>
  <testcase name="testProcessAudio_InvalidFile" classname="control.TranscriptionControllerTest" time="0.002">
    <system-out><![CDATA[19:12:22.525 [main] ERROR control.TranscriptionController -- Error: The audio file does not exist or cannot be read.
]]></system-out>
  </testcase>
  <testcase name="testProcessAudio_ValidFile" classname="control.TranscriptionControllerTest" time="4.837">
    <system-out><![CDATA[19:12:27.277 [main] INFO control.TranscriptionController -- Transcription completed successfully in 4750 ms.
Risultato del test: true
]]></system-out>
  </testcase>
</testsuite>