<?xml version="1.0" encoding="UTF-8"?>
<testsuite xmlns:xsi="http://www.w3.org/2001/XMLSchema-instance" xsi:noNamespaceSchemaLocation="https://maven.apache.org/surefire/maven-surefire-plugin/xsd/surefire-test-report-3.0.xsd" version="3.0" name="persistence.FirebaseNotesDAOTest" time="1.981" tests="2" errors="0" skipped="0" failures="0">
  <properties>
    <property name="java.specification.version" value="17"/>
    <property name="sun.jnu.encoding" value="UTF-8"/>
    <property name="java.class.path" value="/home/maverick/Scrivania/Uni/Esami da fare/ISPW/audio-transcriptor/target/test-classes:/home/maverick/Scrivania/Uni/Esami da fare/ISPW/audio-transcriptor/target/classes:/home/maverick/.m2/repository/org/openjfx/javafx-controls/20/javafx-controls-20.jar:/home/maverick/.m2/repository/org/openjfx/javafx-controls/20/javafx-controls-20-linux.jar:/home/maverick/.m2/repository/org/openjfx/javafx-graphics/20/javafx-graphics-20.jar:/home/maverick/.m2/repository/org/openjfx/javafx-graphics/20/javafx-graphics-20-linux.jar:/home/maverick/.m2/repository/org/openjfx/javafx-base/20/javafx-base-20.jar:/home/maverick/.m2/repository/org/openjfx/javafx-base/20/javafx-base-20-linux.jar:/home/maverick/.m2/repository/org/openjfx/javafx-fxml/20/javafx-fxml-20.jar:/home/maverick/.m2/repository/org/openjfx/javafx-fxml/20/javafx-fxml-20-linux.jar:/home/maverick/.m2/repository/com/alphacephei/vosk/0.3.45/vosk-0.3.45.jar:/home/maverick/.m2/repository/net/java/dev/jna/jna/5.7.0/jna-5.7.0.jar:/home/maverick/.m2/repository/javazoom/jlayer/1.0.1/jlayer-1.0.1.jar:/home/maverick/.m2/repository/com/google/code/gson/gson/2.10.1/gson-2.10.1.jar:/home/maverick/.m2/repository/org/json/json/20210307/json-20210307.jar:/home/maverick/.m2/repository/com/google/firebase/firebase-admin/9.2.0/firebase-admin-9.2.0.jar:/home/maverick/.m2/repository/com/google/api-client/google-api-client-gson/2.2.0/google-api-client-gson-2.2.0.jar:/home/maverick/.m2/repository/com/google/http-client/google-http-client/1.43.1/google-http-client-1.43.1.jar:/home/maverick/.m2/repository/com/google/j2objc/j2objc-annotations/1.3/j2objc-annotations-1.3.jar:/home/maverick/.m2/repository/io/opencensus/opencensus-api/0.31.1/opencensus-api-0.31.1.jar:/home/maverick/.m2/repository/io/opencensus/opencensus-contrib-http-util/0.31.1/opencensus-contrib-http-util-0.31.1.jar:/home/maverick/.m2/repository/com/google/api/api-common/2.12.0/api-common-2.12.0.jar:/home/maverick/.m2/repository/javax/annotation/javax.annotation-api/1.3.2/javax.annotation-api-1.3.2.jar:/home/maverick/.m2/repository/com/google/cloud/google-cloud-storage/2.22.4/google-cloud-storage-2.22.4.jar:/home/maverick/.m2/repository/com/google/guava/failureaccess/1.0.1/failureaccess-1.0.1.jar:/home/maverick/.m2/repository/com/google/guava/listenablefuture/9999.0-empty-to-avoid-conflict-with-guava/listenablefuture-9999.0-empty-to-avoid-conflict-with-guava.jar:/home/maverick/.m2/repository/com/google/http-client/google-http-client-jackson2/1.43.1/google-http-client-jackson2-1.43.1.jar:/home/maverick/.m2/repository/com/google/apis/google-api-services-storage/v1-rev20230301-2.0.0/google-api-services-storage-v1-rev20230301-2.0.0.jar:/home/maverick/.m2/repository/com/google/cloud/google-cloud-core/2.19.0/google-cloud-core-2.19.0.jar:/home/maverick/.m2/repository/com/google/cloud/google-cloud-core-http/2.19.0/google-cloud-core-http-2.19.0.jar:/home/maverick/.m2/repository/com/google/http-client/google-http-client-appengine/1.43.1/google-http-client-appengine-1.43.1.jar:/home/maverick/.m2/repository/com/google/api/gax-httpjson/0.114.0/gax-httpjson-0.114.0.jar:/home/maverick/.m2/repository/com/google/cloud/google-cloud-core-grpc/2.19.0/google-cloud-core-grpc-2.19.0.jar:/home/maverick/.m2/repository/com/google/api/gax/2.29.0/gax-2.29.0.jar:/home/maverick/.m2/repository/com/google/api/gax-grpc/2.29.0/gax-grpc-2.29.0.jar:/home/maverick/.m2/repository/io/grpc/grpc-alts/1.55.1/grpc-alts-1.55.1.jar:/home/maverick/.m2/repository/io/grpc/grpc-grpclb/1.55.1/grpc-grpclb-1.55.1.jar:/home/maverick/.m2/repository/org/conscrypt/conscrypt-openjdk-uber/2.5.2/conscrypt-openjdk-uber-2.5.2.jar:/home/maverick/.m2/repository/io/grpc/grpc-auth/1.55.1/grpc-auth-1.55.1.jar:/home/maverick/.m2/repository/io/grpc/grpc-protobuf/1.55.1/grpc-protobuf-1.55.1.jar:/home/maverick/.m2/repository/io/grpc/grpc-protobuf-lite/1.55.1/grpc-protobuf-lite-1.55.1.jar:/home/maverick/.m2/repository/io/grpc/grpc-context/1.55.1/grpc-context-1.55.1.jar:/home/maverick/.m2/repository/com/google/api/grpc/proto-google-iam-v1/1.15.0/proto-google-iam-v1-1.15.0.jar:/home/maverick/.m2/repository/com/google/protobuf/protobuf-java/3.23.2/protobuf-java-3.23.2.jar:/home/maverick/.m2/repository/com/google/protobuf/protobuf-java-util/3.23.2/protobuf-java-util-3.23.2.jar:/home/maverick/.m2/repository/com/google/api/grpc/proto-google-common-protos/2.20.0/proto-google-common-protos-2.20.0.jar:/home/maverick/.m2/repository/org/threeten/threetenbp/1.6.8/threetenbp-1.6.8.jar:/home/maverick/.m2/repository/com/google/api/grpc/proto-google-cloud-storage-v2/2.22.4-alpha/proto-google-cloud-storage-v2-2.22.4-alpha.jar:/home/maverick/.m2/repository/com/google/api/grpc/grpc-google-cloud-storage-v2/2.22.4-alpha/grpc-google-cloud-storage-v2-2.22.4-alpha.jar:/home/maverick/.m2/repository/com/google/api/grpc/gapic-google-cloud-storage-v2/2.22.4-alpha/gapic-google-cloud-storage-v2-2.22.4-alpha.jar:/home/maverick/.m2/repository/com/fasterxml/jackson/core/jackson-core/2.14.2/jackson-core-2.14.2.jar:/home/maverick/.m2/repository/io/grpc/grpc-api/1.55.1/grpc-api-1.55.1.jar:/home/maverick/.m2/repository/io/grpc/grpc-netty-shaded/1.55.1/grpc-netty-shaded-1.55.1.jar:/home/maverick/.m2/repository/io/perfmark/perfmark-api/0.26.0/perfmark-api-0.26.0.jar:/home/maverick/.m2/repository/io/grpc/grpc-core/1.55.1/grpc-core-1.55.1.jar:/home/maverick/.m2/repository/com/google/android/annotations/4.1.1.4/annotations-4.1.1.4.jar:/home/maverick/.m2/repository/org/codehaus/mojo/animal-sniffer-annotations/1.23/animal-sniffer-annotations-1.23.jar:/home/maverick/.m2/repository/io/grpc/grpc-stub/1.55.1/grpc-stub-1.55.1.jar:/home/maverick/.m2/repository/io/grpc/grpc-googleapis/1.55.1/grpc-googleapis-1.55.1.jar:/home/maverick/.m2/repository/org/checkerframework/checker-qual/3.32.0/checker-qual-3.32.0.jar:/home/maverick/.m2/repository/io/grpc/grpc-xds/1.55.1/grpc-xds-1.55.1.jar:/home/maverick/.m2/repository/io/opencensus/opencensus-proto/0.2.0/opencensus-proto-0.2.0.jar:/home/maverick/.m2/repository/io/grpc/grpc-services/1.55.1/grpc-services-1.55.1.jar:/home/maverick/.m2/repository/com/google/re2j/re2j/1.6/re2j-1.6.jar:/home/maverick/.m2/repository/io/grpc/grpc-rls/1.55.1/grpc-rls-1.55.1.jar:/home/maverick/.m2/repository/com/google/cloud/google-cloud-firestore/3.13.0/google-cloud-firestore-3.13.0.jar:/home/maverick/.m2/repository/commons-logging/commons-logging/1.2/commons-logging-1.2.jar:/home/maverick/.m2/repository/com/google/api/grpc/proto-google-cloud-firestore-v1/3.13.0/proto-google-cloud-firestore-v1-3.13.0.jar:/home/maverick/.m2/repository/com/google/cloud/proto-google-cloud-firestore-bundle-v1/3.13.0/proto-google-cloud-firestore-bundle-v1-3.13.0.jar:/home/maverick/.m2/repository/io/opencensus/opencensus-contrib-grpc-util/0.31.1/opencensus-contrib-grpc-util-0.31.1.jar:/home/maverick/.m2/repository/com/google/guava/guava/31.1-jre/guava-31.1-jre.jar:/home/maverick/.m2/repository/io/netty/netty-codec-http/4.1.94.Final/netty-codec-http-4.1.94.Final.jar:/home/maverick/.m2/repository/io/netty/netty-common/4.1.94.Final/netty-common-4.1.94.Final.jar:/home/maverick/.m2/repository/io/netty/netty-buffer/4.1.94.Final/netty-buffer-4.1.94.Final.jar:/home/maverick/.m2/repository/io/netty/netty-codec/4.1.94.Final/netty-codec-4.1.94.Final.jar:/home/maverick/.m2/repository/io/netty/netty-handler/4.1.94.Final/netty-handler-4.1.94.Final.jar:/home/maverick/.m2/repository/io/netty/netty-resolver/4.1.94.Final/netty-resolver-4.1.94.Final.jar:/home/maverick/.m2/repository/io/netty/netty-transport-native-unix-common/4.1.94.Final/netty-transport-native-unix-common-4.1.94.Final.jar:/home/maverick/.m2/repository/io/netty/netty-transport/4.1.94.Final/netty-transport-4.1.94.Final.jar:/home/maverick/.m2/repository/com/google/auth/google-auth-library-oauth2-http/1.21.0/google-auth-library-oauth2-http-1.21.0.jar:/home/maverick/.m2/repository/com/google/auto/value/auto-value-annotations/1.10.4/auto-value-annotations-1.10.4.jar:/home/maverick/.m2/repository/com/google/code/findbugs/jsr305/3.0.2/jsr305-3.0.2.jar:/home/maverick/.m2/repository/com/google/auth/google-auth-library-credentials/1.21.0/google-auth-library-credentials-1.21.0.jar:/home/maverick/.m2/repository/com/google/http-client/google-http-client-gson/1.43.3/google-http-client-gson-1.43.3.jar:/home/maverick/.m2/repository/com/google/errorprone/error_prone_annotations/2.18.0/error_prone_annotations-2.18.0.jar:/home/maverick/.m2/repository/com/google/api-client/google-api-client/2.2.0/google-api-client-2.2.0.jar:/home/maverick/.m2/repository/commons-codec/commons-codec/1.15/commons-codec-1.15.jar:/home/maverick/.m2/repository/com/google/oauth-client/google-oauth-client/1.34.1/google-oauth-client-1.34.1.jar:/home/maverick/.m2/repository/com/google/http-client/google-http-client-apache-v2/1.42.3/google-http-client-apache-v2-1.42.3.jar:/home/maverick/.m2/repository/org/apache/httpcomponents/httpcore/4.4.16/httpcore-4.4.16.jar:/home/maverick/.m2/repository/org/apache/httpcomponents/httpclient/4.5.14/httpclient-4.5.14.jar:/home/maverick/.m2/repository/org/apache/httpcomponents/client5/httpclient5/5.2.1/httpclient5-5.2.1.jar:/home/maverick/.m2/repository/org/apache/httpcomponents/core5/httpcore5-h2/5.2/httpcore5-h2-5.2.jar:/home/maverick/.m2/repository/org/apache/httpcomponents/core5/httpcore5/5.2/httpcore5-5.2.jar:/home/maverick/.m2/repository/io/github/cdimascio/dotenv-java/3.1.0/dotenv-java-3.1.0.jar:/home/maverick/.m2/repository/com/sparkjava/spark-core/2.9.3/spark-core-2.9.3.jar:/home/maverick/.m2/repository/org/eclipse/jetty/jetty-server/9.4.31.v20200723/jetty-server-9.4.31.v20200723.jar:/home/maverick/.m2/repository/javax/servlet/javax.servlet-api/3.1.0/javax.servlet-api-3.1.0.jar:/home/maverick/.m2/repository/org/eclipse/jetty/jetty-http/9.4.31.v20200723/jetty-http-9.4.31.v20200723.jar:/home/maverick/.m2/repository/org/eclipse/jetty/jetty-util/9.4.31.v20200723/jetty-util-9.4.31.v20200723.jar:/home/maverick/.m2/repository/org/eclipse/jetty/jetty-io/9.4.31.v20200723/jetty-io-9.4.31.v20200723.jar:/home/maverick/.m2/repository/org/eclipse/jetty/jetty-webapp/9.4.31.v20200723/jetty-webapp-9.4.31.v20200723.jar:/home/maverick/.m2/repository/org/eclipse/jetty/jetty-xml/9.4.31.v20200723/jetty-xml-9.4.31.v20200723.jar:/home/maverick/.m2/repository/org/eclipse/jetty/jetty-servlet/9.4.31.v20200723/jetty-servlet-9.4.31.v20200723.jar:/home/maverick/.m2/repository/org/eclipse/jetty/jetty-security/9.4.31.v20200723/jetty-security-9.4.31.v20200723.jar:/home/maverick/.m2/repository/org/eclipse/jetty/websocket/websocket-server/9.4.31.v20200723/websocket-server-9.4.31.v20200723.jar:/home/maverick/.m2/repository/org/eclipse/jetty/websocket/websocket-common/9.4.31.v20200723/websocket-common-9.4.31.v20200723.jar:/home/maverick/.m2/repository/org/eclipse/jetty/websocket/websocket-client/9.4.31.v20200723/websocket-client-9.4.31.v20200723.jar:/home/maverick/.m2/repository/org/eclipse/jetty/jetty-client/9.4.31.v20200723/jetty-client-9.4.31.v20200723.jar:/home/maverick/.m2/repository/org/eclipse/jetty/websocket/websocket-servlet/9.4.31.v20200723/websocket-servlet-9.4.31.v20200723.jar:/home/maverick/.m2/repository/org/eclipse/jetty/websocket/websocket-api/9.4.31.v20200723/websocket-api-9.4.31.v20200723.jar:/home/maverick/.m2/repository/org/slf4j/slf4j-api/2.0.9/slf4j-api-2.0.9.jar:/home/maverick/.m2/repository/ch/qos/logback/logback-classic/1.4.14/logback-classic-1.4.14.jar:/home/maverick/.m2/repository/ch/qos/logback/logback-core/1.4.14/logback-core-1.4.14.jar:/home/maverick/.m2/repository/org/kordamp/ikonli/ikonli-javafx/12.3.1/ikonli-javafx-12.3.1.jar:/home/maverick/.m2/repository/org/kordamp/ikonli/ikonli-core/12.3.1/ikonli-core-12.3.1.jar:/home/maverick/.m2/repository/org/apache/xmlgraphics/batik-all/1.14/batik-all-1.14.jar:/home/maverick/.m2/repository/org/apache/xmlgraphics/batik-anim/1.14/batik-anim-1.14.jar:/home/maverick/.m2/repository/org/apache/xmlgraphics/batik-shared-resources/1.14/batik-shared-resources-1.14.jar:/home/maverick/.m2/repository/xml-apis/xml-apis-ext/1.3.04/xml-apis-ext-1.3.04.jar:/home/maverick/.m2/repository/org/apache/xmlgraphics/batik-awt-util/1.14/batik-awt-util-1.14.jar:/home/maverick/.m2/repository/org/apache/xmlgraphics/xmlgraphics-commons/2.6/xmlgraphics-commons-2.6.jar:/home/maverick/.m2/repository/commons-io/commons-io/1.3.1/commons-io-1.3.1.jar:/home/maverick/.m2/repository/org/apache/xmlgraphics/batik-bridge/1.14/batik-bridge-1.14.jar:/home/maverick/.m2/repository/org/apache/xmlgraphics/batik-codec/1.14/batik-codec-1.14.jar:/home/maverick/.m2/repository/org/apache/xmlgraphics/batik-constants/1.14/batik-constants-1.14.jar:/home/maverick/.m2/repository/org/apache/xmlgraphics/batik-css/1.14/batik-css-1.14.jar:/home/maverick/.m2/repository/org/apache/xmlgraphics/batik-dom/1.14/batik-dom-1.14.jar:/home/maverick/.m2/repository/xalan/xalan/2.7.2/xalan-2.7.2.jar:/home/maverick/.m2/repository/xalan/serializer/2.7.2/serializer-2.7.2.jar:/home/maverick/.m2/repository/xml-apis/xml-apis/1.4.01/xml-apis-1.4.01.jar:/home/maverick/.m2/repository/org/apache/xmlgraphics/batik-ext/1.14/batik-ext-1.14.jar:/home/maverick/.m2/repository/org/apache/xmlgraphics/batik-extension/1.14/batik-extension-1.14.jar:/home/maverick/.m2/repository/org/apache/xmlgraphics/batik-gui-util/1.14/batik-gui-util-1.14.jar:/home/maverick/.m2/repository/org/apache/xmlgraphics/batik-gvt/1.14/batik-gvt-1.14.jar:/home/maverick/.m2/repository/org/apache/xmlgraphics/batik-i18n/1.14/batik-i18n-1.14.jar:/home/maverick/.m2/repository/org/apache/xmlgraphics/batik-parser/1.14/batik-parser-1.14.jar:/home/maverick/.m2/repository/org/apache/xmlgraphics/batik-rasterizer-ext/1.14/batik-rasterizer-ext-1.14.jar:/home/maverick/.m2/repository/org/apache/xmlgraphics/batik-rasterizer/1.14/batik-rasterizer-1.14.jar:/home/maverick/.m2/repository/org/apache/xmlgraphics/batik-script/1.14/batik-script-1.14.jar:/home/maverick/.m2/repository/org/apache/xmlgraphics/batik-slideshow/1.14/batik-slideshow-1.14.jar:/home/maverick/.m2/repository/org/apache/xmlgraphics/batik-squiggle-ext/1.14/batik-squiggle-ext-1.14.jar:/home/maverick/.m2/repository/org/apache/xmlgraphics/batik-squiggle/1.14/batik-squiggle-1.14.jar:/home/maverick/.m2/repository/org/apache/xmlgraphics/batik-svg-dom/1.14/batik-svg-dom-1.14.jar:/home/maverick/.m2/repository/org/apache/xmlgraphics/batik-svgbrowser/1.14/batik-svgbrowser-1.14.jar:/home/maverick/.m2/repository/org/apache/xmlgraphics/batik-svggen/1.14/batik-svggen-1.14.jar:/home/maverick/.m2/repository/org/apache/xmlgraphics/batik-svgpp/1.14/batik-svgpp-1.14.jar:/home/maverick/.m2/repository/org/apache/xmlgraphics/batik-svgrasterizer/1.14/batik-svgrasterizer-1.14.jar:/home/maverick/.m2/repository/org/apache/xmlgraphics/batik-swing/1.14/batik-swing-1.14.jar:/home/maverick/.m2/repository/org/apache/xmlgraphics/batik-transcoder/1.14/batik-transcoder-1.14.jar:/home/maverick/.m2/repository/org/apache/xmlgraphics/batik-util/1.14/batik-util-1.14.jar:/home/maverick/.m2/repository/org/apache/xmlgraphics/batik-ttf2svg/1.14/batik-ttf2svg-1.14.jar:/home/maverick/.m2/repository/org/apache/xmlgraphics/batik-xml/1.14/batik-xml-1.14.jar:/home/maverick/.m2/repository/org/openjfx/javafx-swing/20/javafx-swing-20.jar:/home/maverick/.m2/repository/org/openjfx/javafx-swing/20/javafx-swing-20-linux.jar:/home/maverick/.m2/repository/org/junit/jupiter/junit-jupiter-api/5.9.2/junit-jupiter-api-5.9.2.jar:/home/maverick/.m2/repository/org/opentest4j/opentest4j/1.2.0/opentest4j-1.2.0.jar:/home/maverick/.m2/repository/org/junit/platform/junit-platform-commons/1.9.2/junit-platform-commons-1.9.2.jar:/home/maverick/.m2/repository/org/apiguardian/apiguardian-api/1.1.2/apiguardian-api-1.1.2.jar:/home/maverick/.m2/repository/org/junit/jupiter/junit-jupiter-engine/5.9.2/junit-jupiter-engine-5.9.2.jar:/home/maverick/.m2/repository/org/junit/platform/junit-platform-engine/1.9.2/junit-platform-engine-1.9.2.jar:/home/maverick/.m2/repository/org/junit/jupiter/junit-jupiter-params/5.9.2/junit-jupiter-params-5.9.2.jar:/home/maverick/.m2/repository/org/junit/vintage/junit-vintage-engine/5.9.2/junit-vintage-engine-5.9.2.jar:/home/maverick/.m2/repository/junit/junit/4.13.2/junit-4.13.2.jar:/home/maverick/.m2/repository/org/hamcrest/hamcrest-core/1.3/hamcrest-core-1.3.jar:"/>
    <property name="java.vm.vendor" value="Arch Linux"/>
    <property name="sun.arch.data.model" value="64"/>
    <property name="java.vendor.url" value="https://openjdk.java.net/"/>
    <property name="user.timezone" value="Europe/Rome"/>
    <property name="os.name" value="Linux"/>
    <property name="java.vm.specification.version" value="17"/>
    <property name="sun.java.launcher" value="SUN_STANDARD"/>
    <property name="user.country" value="IT"/>
    <property name="sun.boot.library.path" value="/usr/lib/jvm/java-17-openjdk/lib"/>
    <property name="sun.java.command" value="/home/maverick/Scrivania/Uni/Esami da fare/ISPW/audio-transcriptor/target/surefire/surefirebooter-20250219191219358_3.jar /home/maverick/Scrivania/Uni/Esami da fare/ISPW/audio-transcriptor/target/surefire 2025-02-19T19-12-19_279-jvmRun1 surefire-20250219191219358_1tmp surefire_0-20250219191219358_2tmp"/>
    <property name="jdk.debug" value="release"/>
    <property name="surefire.test.class.path" value="/home/maverick/Scrivania/Uni/Esami da fare/ISPW/audio-transcriptor/target/test-classes:/home/maverick/Scrivania/Uni/Esami da fare/ISPW/audio-transcriptor/target/classes:/home/maverick/.m2/repository/org/openjfx/javafx-controls/20/javafx-controls-20.jar:/home/maverick/.m2/repository/org/openjfx/javafx-controls/20/javafx-controls-20-linux.jar:/home/maverick/.m2/repository/org/openjfx/javafx-graphics/20/javafx-graphics-20.jar:/home/maverick/.m2/repository/org/openjfx/javafx-graphics/20/javafx-graphics-20-linux.jar:/home/maverick/.m2/repository/org/openjfx/javafx-base/20/javafx-base-20.jar:/home/maverick/.m2/repository/org/openjfx/javafx-base/20/javafx-base-20-linux.jar:/home/maverick/.m2/repository/org/openjfx/javafx-fxml/20/javafx-fxml-20.jar:/home/maverick/.m2/repository/org/openjfx/javafx-fxml/20/javafx-fxml-20-linux.jar:/home/maverick/.m2/repository/com/alphacephei/vosk/0.3.45/vosk-0.3.45.jar:/home/maverick/.m2/repository/net/java/dev/jna/jna/5.7.0/jna-5.7.0.jar:/home/maverick/.m2/repository/javazoom/jlayer/1.0.1/jlayer-1.0.1.jar:/home/maverick/.m2/repository/com/google/code/gson/gson/2.10.1/gson-2.10.1.jar:/home/maverick/.m2/repository/org/json/json/20210307/json-20210307.jar:/home/maverick/.m2/repository/com/google/firebase/firebase-admin/9.2.0/firebase-admin-9.2.0.jar:/home/maverick/.m2/repository/com/google/api-client/google-api-client-gson/2.2.0/google-api-client-gson-2.2.0.jar:/home/maverick/.m2/repository/com/google/http-client/google-http-client/1.43.1/google-http-client-1.43.1.jar:/home/maverick/.m2/repository/com/google/j2objc/j2objc-annotations/1.3/j2objc-annotations-1.3.jar:/home/maverick/.m2/repository/io/opencensus/opencensus-api/0.31.1/opencensus-api-0.31.1.jar:/home/maverick/.m2/repository/io/opencensus/opencensus-contrib-http-util/0.31.1/opencensus-contrib-http-util-0.31.1.jar:/home/maverick/.m2/repository/com/google/api/api-common/2.12.0/api-common-2.12.0.jar:/home/maverick/.m2/repository/javax/annotation/javax.annotation-api/1.3.2/javax.annotation-api-1.3.2.jar:/home/maverick/.m2/repository/com/google/cloud/google-cloud-storage/2.22.4/google-cloud-storage-2.22.4.jar:/home/maverick/.m2/repository/com/google/guava/failureaccess/1.0.1/failureaccess-1.0.1.jar:/home/maverick/.m2/repository/com/google/guava/listenablefuture/9999.0-empty-to-avoid-conflict-with-guava/listenablefuture-9999.0-empty-to-avoid-conflict-with-guava.jar:/home/maverick/.m2/repository/com/google/http-client/google-http-client-jackson2/1.43.1/google-http-client-jackson2-1.43.1.jar:/home/maverick/.m2/repository/com/google/apis/google-api-services-storage/v1-rev20230301-2.0.0/google-api-services-storage-v1-rev20230301-2.0.0.jar:/home/maverick/.m2/repository/com/google/cloud/google-cloud-core/2.19.0/google-cloud-core-2.19.0.jar:/home/maverick/.m2/repository/com/google/cloud/google-cloud-core-http/2.19.0/google-cloud-core-http-2.19.0.jar:/home/maverick/.m2/repository/com/google/http-client/google-http-client-appengine/1.43.1/google-http-client-appengine-1.43.1.jar:/home/maverick/.m2/repository/com/google/api/gax-httpjson/0.114.0/gax-httpjson-0.114.0.jar:/home/maverick/.m2/repository/com/google/cloud/google-cloud-core-grpc/2.19.0/google-cloud-core-grpc-2.19.0.jar:/home/maverick/.m2/repository/com/google/api/gax/2.29.0/gax-2.29.0.jar:/home/maverick/.m2/repository/com/google/api/gax-grpc/2.29.0/gax-grpc-2.29.0.jar:/home/maverick/.m2/repository/io/grpc/grpc-alts/1.55.1/grpc-alts-1.55.1.jar:/home/maverick/.m2/repository/io/grpc/grpc-grpclb/1.55.1/grpc-grpclb-1.55.1.jar:/home/maverick/.m2/repository/org/conscrypt/conscrypt-openjdk-uber/2.5.2/conscrypt-openjdk-uber-2.5.2.jar:/home/maverick/.m2/repository/io/grpc/grpc-auth/1.55.1/grpc-auth-1.55.1.jar:/home/maverick/.m2/repository/io/grpc/grpc-protobuf/1.55.1/grpc-protobuf-1.55.1.jar:/home/maverick/.m2/repository/io/grpc/grpc-protobuf-lite/1.55.1/grpc-protobuf-lite-1.55.1.jar:/home/maverick/.m2/repository/io/grpc/grpc-context/1.55.1/grpc-context-1.55.1.jar:/home/maverick/.m2/repository/com/google/api/grpc/proto-google-iam-v1/1.15.0/proto-google-iam-v1-1.15.0.jar:/home/maverick/.m2/repository/com/google/protobuf/protobuf-java/3.23.2/protobuf-java-3.23.2.jar:/home/maverick/.m2/repository/com/google/protobuf/protobuf-java-util/3.23.2/protobuf-java-util-3.23.2.jar:/home/maverick/.m2/repository/com/google/api/grpc/proto-google-common-protos/2.20.0/proto-google-common-protos-2.20.0.jar:/home/maverick/.m2/repository/org/threeten/threetenbp/1.6.8/threetenbp-1.6.8.jar:/home/maverick/.m2/repository/com/google/api/grpc/proto-google-cloud-storage-v2/2.22.4-alpha/proto-google-cloud-storage-v2-2.22.4-alpha.jar:/home/maverick/.m2/repository/com/google/api/grpc/grpc-google-cloud-storage-v2/2.22.4-alpha/grpc-google-cloud-storage-v2-2.22.4-alpha.jar:/home/maverick/.m2/repository/com/google/api/grpc/gapic-google-cloud-storage-v2/2.22.4-alpha/gapic-google-cloud-storage-v2-2.22.4-alpha.jar:/home/maverick/.m2/repository/com/fasterxml/jackson/core/jackson-core/2.14.2/jackson-core-2.14.2.jar:/home/maverick/.m2/repository/io/grpc/grpc-api/1.55.1/grpc-api-1.55.1.jar:/home/maverick/.m2/repository/io/grpc/grpc-netty-shaded/1.55.1/grpc-netty-shaded-1.55.1.jar:/home/maverick/.m2/repository/io/perfmark/perfmark-api/0.26.0/perfmark-api-0.26.0.jar:/home/maverick/.m2/repository/io/grpc/grpc-core/1.55.1/grpc-core-1.55.1.jar:/home/maverick/.m2/repository/com/google/android/annotations/4.1.1.4/annotations-4.1.1.4.jar:/home/maverick/.m2/repository/org/codehaus/mojo/animal-sniffer-annotations/1.23/animal-sniffer-annotations-1.23.jar:/home/maverick/.m2/repository/io/grpc/grpc-stub/1.55.1/grpc-stub-1.55.1.jar:/home/maverick/.m2/repository/io/grpc/grpc-googleapis/1.55.1/grpc-googleapis-1.55.1.jar:/home/maverick/.m2/repository/org/checkerframework/checker-qual/3.32.0/checker-qual-3.32.0.jar:/home/maverick/.m2/repository/io/grpc/grpc-xds/1.55.1/grpc-xds-1.55.1.jar:/home/maverick/.m2/repository/io/opencensus/opencensus-proto/0.2.0/opencensus-proto-0.2.0.jar:/home/maverick/.m2/repository/io/grpc/grpc-services/1.55.1/grpc-services-1.55.1.jar:/home/maverick/.m2/repository/com/google/re2j/re2j/1.6/re2j-1.6.jar:/home/maverick/.m2/repository/io/grpc/grpc-rls/1.55.1/grpc-rls-1.55.1.jar:/home/maverick/.m2/repository/com/google/cloud/google-cloud-firestore/3.13.0/google-cloud-firestore-3.13.0.jar:/home/maverick/.m2/repository/commons-logging/commons-logging/1.2/commons-logging-1.2.jar:/home/maverick/.m2/repository/com/google/api/grpc/proto-google-cloud-firestore-v1/3.13.0/proto-google-cloud-firestore-v1-3.13.0.jar:/home/maverick/.m2/repository/com/google/cloud/proto-google-cloud-firestore-bundle-v1/3.13.0/proto-google-cloud-firestore-bundle-v1-3.13.0.jar:/home/maverick/.m2/repository/io/opencensus/opencensus-contrib-grpc-util/0.31.1/opencensus-contrib-grpc-util-0.31.1.jar:/home/maverick/.m2/repository/com/google/guava/guava/31.1-jre/guava-31.1-jre.jar:/home/maverick/.m2/repository/io/netty/netty-codec-http/4.1.94.Final/netty-codec-http-4.1.94.Final.jar:/home/maverick/.m2/repository/io/netty/netty-common/4.1.94.Final/netty-common-4.1.94.Final.jar:/home/maverick/.m2/repository/io/netty/netty-buffer/4.1.94.Final/netty-buffer-4.1.94.Final.jar:/home/maverick/.m2/repository/io/netty/netty-codec/4.1.94.Final/netty-codec-4.1.94.Final.jar:/home/maverick/.m2/repository/io/netty/netty-handler/4.1.94.Final/netty-handler-4.1.94.Final.jar:/home/maverick/.m2/repository/io/netty/netty-resolver/4.1.94.Final/netty-resolver-4.1.94.Final.jar:/home/maverick/.m2/repository/io/netty/netty-transport-native-unix-common/4.1.94.Final/netty-transport-native-unix-common-4.1.94.Final.jar:/home/maverick/.m2/repository/io/netty/netty-transport/4.1.94.Final/netty-transport-4.1.94.Final.jar:/home/maverick/.m2/repository/com/google/auth/google-auth-library-oauth2-http/1.21.0/google-auth-library-oauth2-http-1.21.0.jar:/home/maverick/.m2/repository/com/google/auto/value/auto-value-annotations/1.10.4/auto-value-annotations-1.10.4.jar:/home/maverick/.m2/repository/com/google/code/findbugs/jsr305/3.0.2/jsr305-3.0.2.jar:/home/maverick/.m2/repository/com/google/auth/google-auth-library-credentials/1.21.0/google-auth-library-credentials-1.21.0.jar:/home/maverick/.m2/repository/com/google/http-client/google-http-client-gson/1.43.3/google-http-client-gson-1.43.3.jar:/home/maverick/.m2/repository/com/google/errorprone/error_prone_annotations/2.18.0/error_prone_annotations-2.18.0.jar:/home/maverick/.m2/repository/com/google/api-client/google-api-client/2.2.0/google-api-client-2.2.0.jar:/home/maverick/.m2/repository/commons-codec/commons-codec/1.15/commons-codec-1.15.jar:/home/maverick/.m2/repository/com/google/oauth-client/google-oauth-client/1.34.1/google-oauth-client-1.34.1.jar:/home/maverick/.m2/repository/com/google/http-client/google-http-client-apache-v2/1.42.3/google-http-client-apache-v2-1.42.3.jar:/home/maverick/.m2/repository/org/apache/httpcomponents/httpcore/4.4.16/httpcore-4.4.16.jar:/home/maverick/.m2/repository/org/apache/httpcomponents/httpclient/4.5.14/httpclient-4.5.14.jar:/home/maverick/.m2/repository/org/apache/httpcomponents/client5/httpclient5/5.2.1/httpclient5-5.2.1.jar:/home/maverick/.m2/repository/org/apache/httpcomponents/core5/httpcore5-h2/5.2/httpcore5-h2-5.2.jar:/home/maverick/.m2/repository/org/apache/httpcomponents/core5/httpcore5/5.2/httpcore5-5.2.jar:/home/maverick/.m2/repository/io/github/cdimascio/dotenv-java/3.1.0/dotenv-java-3.1.0.jar:/home/maverick/.m2/repository/com/sparkjava/spark-core/2.9.3/spark-core-2.9.3.jar:/home/maverick/.m2/repository/org/eclipse/jetty/jetty-server/9.4.31.v20200723/jetty-server-9.4.31.v20200723.jar:/home/maverick/.m2/repository/javax/servlet/javax.servlet-api/3.1.0/javax.servlet-api-3.1.0.jar:/home/maverick/.m2/repository/org/eclipse/jetty/jetty-http/9.4.31.v20200723/jetty-http-9.4.31.v20200723.jar:/home/maverick/.m2/repository/org/eclipse/jetty/jetty-util/9.4.31.v20200723/jetty-util-9.4.31.v20200723.jar:/home/maverick/.m2/repository/org/eclipse/jetty/jetty-io/9.4.31.v20200723/jetty-io-9.4.31.v20200723.jar:/home/maverick/.m2/repository/org/eclipse/jetty/jetty-webapp/9.4.31.v20200723/jetty-webapp-9.4.31.v20200723.jar:/home/maverick/.m2/repository/org/eclipse/jetty/jetty-xml/9.4.31.v20200723/jetty-xml-9.4.31.v20200723.jar:/home/maverick/.m2/repository/org/eclipse/jetty/jetty-servlet/9.4.31.v20200723/jetty-servlet-9.4.31.v20200723.jar:/home/maverick/.m2/repository/org/eclipse/jetty/jetty-security/9.4.31.v20200723/jetty-security-9.4.31.v20200723.jar:/home/maverick/.m2/repository/org/eclipse/jetty/websocket/websocket-server/9.4.31.v20200723/websocket-server-9.4.31.v20200723.jar:/home/maverick/.m2/repository/org/eclipse/jetty/websocket/websocket-common/9.4.31.v20200723/websocket-common-9.4.31.v20200723.jar:/home/maverick/.m2/repository/org/eclipse/jetty/websocket/websocket-client/9.4.31.v20200723/websocket-client-9.4.31.v20200723.jar:/home/maverick/.m2/repository/org/eclipse/jetty/jetty-client/9.4.31.v20200723/jetty-client-9.4.31.v20200723.jar:/home/maverick/.m2/repository/org/eclipse/jetty/websocket/websocket-servlet/9.4.31.v20200723/websocket-servlet-9.4.31.v20200723.jar:/home/maverick/.m2/repository/org/eclipse/jetty/websocket/websocket-api/9.4.31.v20200723/websocket-api-9.4.31.v20200723.jar:/home/maverick/.m2/repository/org/slf4j/slf4j-api/2.0.9/slf4j-api-2.0.9.jar:/home/maverick/.m2/repository/ch/qos/logback/logback-classic/1.4.14/logback-classic-1.4.14.jar:/home/maverick/.m2/repository/ch/qos/logback/logback-core/1.4.14/logback-core-1.4.14.jar:/home/maverick/.m2/repository/org/kordamp/ikonli/ikonli-javafx/12.3.1/ikonli-javafx-12.3.1.jar:/home/maverick/.m2/repository/org/kordamp/ikonli/ikonli-core/12.3.1/ikonli-core-12.3.1.jar:/home/maverick/.m2/repository/org/apache/xmlgraphics/batik-all/1.14/batik-all-1.14.jar:/home/maverick/.m2/repository/org/apache/xmlgraphics/batik-anim/1.14/batik-anim-1.14.jar:/home/maverick/.m2/repository/org/apache/xmlgraphics/batik-shared-resources/1.14/batik-shared-resources-1.14.jar:/home/maverick/.m2/repository/xml-apis/xml-apis-ext/1.3.04/xml-apis-ext-1.3.04.jar:/home/maverick/.m2/repository/org/apache/xmlgraphics/batik-awt-util/1.14/batik-awt-util-1.14.jar:/home/maverick/.m2/repository/org/apache/xmlgraphics/xmlgraphics-commons/2.6/xmlgraphics-commons-2.6.jar:/home/maverick/.m2/repository/commons-io/commons-io/1.3.1/commons-io-1.3.1.jar:/home/maverick/.m2/repository/org/apache/xmlgraphics/batik-bridge/1.14/batik-bridge-1.14.jar:/home/maverick/.m2/repository/org/apache/xmlgraphics/batik-codec/1.14/batik-codec-1.14.jar:/home/maverick/.m2/repository/org/apache/xmlgraphics/batik-constants/1.14/batik-constants-1.14.jar:/home/maverick/.m2/repository/org/apache/xmlgraphics/batik-css/1.14/batik-css-1.14.jar:/home/maverick/.m2/repository/org/apache/xmlgraphics/batik-dom/1.14/batik-dom-1.14.jar:/home/maverick/.m2/repository/xalan/xalan/2.7.2/xalan-2.7.2.jar:/home/maverick/.m2/repository/xalan/serializer/2.7.2/serializer-2.7.2.jar:/home/maverick/.m2/repository/xml-apis/xml-apis/1.4.01/xml-apis-1.4.01.jar:/home/maverick/.m2/repository/org/apache/xmlgraphics/batik-ext/1.14/batik-ext-1.14.jar:/home/maverick/.m2/repository/org/apache/xmlgraphics/batik-extension/1.14/batik-extension-1.14.jar:/home/maverick/.m2/repository/org/apache/xmlgraphics/batik-gui-util/1.14/batik-gui-util-1.14.jar:/home/maverick/.m2/repository/org/apache/xmlgraphics/batik-gvt/1.14/batik-gvt-1.14.jar:/home/maverick/.m2/repository/org/apache/xmlgraphics/batik-i18n/1.14/batik-i18n-1.14.jar:/home/maverick/.m2/repository/org/apache/xmlgraphics/batik-parser/1.14/batik-parser-1.14.jar:/home/maverick/.m2/repository/org/apache/xmlgraphics/batik-rasterizer-ext/1.14/batik-rasterizer-ext-1.14.jar:/home/maverick/.m2/repository/org/apache/xmlgraphics/batik-rasterizer/1.14/batik-rasterizer-1.14.jar:/home/maverick/.m2/repository/org/apache/xmlgraphics/batik-script/1.14/batik-script-1.14.jar:/home/maverick/.m2/repository/org/apache/xmlgraphics/batik-slideshow/1.14/batik-slideshow-1.14.jar:/home/maverick/.m2/repository/org/apache/xmlgraphics/batik-squiggle-ext/1.14/batik-squiggle-ext-1.14.jar:/home/maverick/.m2/repository/org/apache/xmlgraphics/batik-squiggle/1.14/batik-squiggle-1.14.jar:/home/maverick/.m2/repository/org/apache/xmlgraphics/batik-svg-dom/1.14/batik-svg-dom-1.14.jar:/home/maverick/.m2/repository/org/apache/xmlgraphics/batik-svgbrowser/1.14/batik-svgbrowser-1.14.jar:/home/maverick/.m2/repository/org/apache/xmlgraphics/batik-svggen/1.14/batik-svggen-1.14.jar:/home/maverick/.m2/repository/org/apache/xmlgraphics/batik-svgpp/1.14/batik-svgpp-1.14.jar:/home/maverick/.m2/repository/org/apache/xmlgraphics/batik-svgrasterizer/1.14/batik-svgrasterizer-1.14.jar:/home/maverick/.m2/repository/org/apache/xmlgraphics/batik-swing/1.14/batik-swing-1.14.jar:/home/maverick/.m2/repository/org/apache/xmlgraphics/batik-transcoder/1.14/batik-transcoder-1.14.jar:/home/maverick/.m2/repository/org/apache/xmlgraphics/batik-util/1.14/batik-util-1.14.jar:/home/maverick/.m2/repository/org/apache/xmlgraphics/batik-ttf2svg/1.14/batik-ttf2svg-1.14.jar:/home/maverick/.m2/repository/org/apache/xmlgraphics/batik-xml/1.14/batik-xml-1.14.jar:/home/maverick/.m2/repository/org/openjfx/javafx-swing/20/javafx-swing-20.jar:/home/maverick/.m2/repository/org/openjfx/javafx-swing/20/javafx-swing-20-linux.jar:/home/maverick/.m2/repository/org/junit/jupiter/junit-jupiter-api/5.9.2/junit-jupiter-api-5.9.2.jar:/home/maverick/.m2/repository/org/opentest4j/opentest4j/1.2.0/opentest4j-1.2.0.jar:/home/maverick/.m2/repository/org/junit/platform/junit-platform-commons/1.9.2/junit-platform-commons-1.9.2.jar:/home/maverick/.m2/repository/org/apiguardian/apiguardian-api/1.1.2/apiguardian-api-1.1.2.jar:/home/maverick/.m2/repository/org/junit/jupiter/junit-jupiter-engine/5.9.2/junit-jupiter-engine-5.9.2.jar:/home/maverick/.m2/repository/org/junit/platform/junit-platform-engine/1.9.2/junit-platform-engine-1.9.2.jar:/home/maverick/.m2/repository/org/junit/jupiter/junit-jupiter-params/5.9.2/junit-jupiter-params-5.9.2.jar:/home/maverick/.m2/repository/org/junit/vintage/junit-vintage-engine/5.9.2/junit-vintage-engine-5.9.2.jar:/home/maverick/.m2/repository/junit/junit/4.13.2/junit-4.13.2.jar:/home/maverick/.m2/repository/org/hamcrest/hamcrest-core/1.3/hamcrest-core-1.3.jar:"/>
    <property name="sun.cpu.endian" value="little"/>
    <property name="user.home" value="/home/maverick"/>
    <property name="user.language" value="it"/>
    <property name="java.specification.vendor" value="Oracle Corporation"/>
    <property name="java.version.date" value="2025-01-21"/>
    <property name="java.home" value="/usr/lib/jvm/java-17-openjdk"/>
    <property name="file.separator" value="/"/>
    <property name="basedir" value="/home/maverick/Scrivania/Uni/Esami da fare/ISPW/audio-transcriptor"/>
    <property name="java.vm.compressedOopsMode" value="Zero based"/>
    <property name="line.separator" value="&#10;"/>
    <property name="java.vm.specification.vendor" value="Oracle Corporation"/>
    <property name="java.specification.name" value="Java Platform API Specification"/>
    <property name="surefire.real.class.path" value="/home/maverick/Scrivania/Uni/Esami da fare/ISPW/audio-transcriptor/target/surefire/surefirebooter-20250219191219358_3.jar"/>
    <property name="sun.management.compiler" value="HotSpot 64-Bit Tiered Compilers"/>
    <property name="java.runtime.version" value="17.0.14+7"/>
    <property name="user.name" value="maverick"/>
    <property name="path.separator" value=":"/>
    <property name="os.version" value="6.13.3-arch1-1"/>
    <property name="java.runtime.name" value="OpenJDK Runtime Environment"/>
    <property name="file.encoding" value="UTF-8"/>
    <property name="java.vm.name" value="OpenJDK 64-Bit Server VM"/>
    <property name="localRepository" value="/home/maverick/.m2/repository"/>
    <property name="java.vendor.url.bug" value="https://bugreport.java.com/bugreport/"/>
    <property name="java.io.tmpdir" value="/tmp"/>
    <property name="java.version" value="17.0.14"/>
    <property name="user.dir" value="/home/maverick/Scrivania/Uni/Esami da fare/ISPW/audio-transcriptor"/>
    <property name="os.arch" value="amd64"/>
    <property name="java.vm.specification.name" value="Java Virtual Machine Specification"/>
    <property name="native.encoding" value="UTF-8"/>
    <property name="java.library.path" value="/usr/java/packages/lib:/usr/lib64:/lib64:/lib:/usr/lib"/>
    <property name="java.vm.info" value="mixed mode, sharing"/>
    <property name="java.vendor" value="Arch Linux"/>
    <property name="java.vm.version" value="17.0.14+7"/>
    <property name="java.specification.maintenance.version" value="1"/>
    <property name="sun.io.unicode.encoding" value="UnicodeLittle"/>
    <property name="java.class.version" value="61.0"/>
  </properties>
  <testcase name="testSaveNote" classname="persistence.FirebaseNotesDAOTest" time="1.703">
    <system-out><![CDATA[19:12:20.608 [main] DEBUG io.grpc.netty.shaded.io.netty.util.internal.logging.InternalLoggerFactory -- Using SLF4J as the default logging framework
19:12:20.610 [main] DEBUG io.grpc.netty.shaded.io.netty.util.internal.PlatformDependent0 -- -Dio.netty.noUnsafe: false
19:12:20.610 [main] DEBUG io.grpc.netty.shaded.io.netty.util.internal.PlatformDependent0 -- Java version: 17
19:12:20.611 [main] DEBUG io.grpc.netty.shaded.io.netty.util.internal.PlatformDependent0 -- sun.misc.Unsafe.theUnsafe: available
19:12:20.611 [main] DEBUG io.grpc.netty.shaded.io.netty.util.internal.PlatformDependent0 -- sun.misc.Unsafe.copyMemory: available
19:12:20.611 [main] DEBUG io.grpc.netty.shaded.io.netty.util.internal.PlatformDependent0 -- sun.misc.Unsafe.storeFence: available
19:12:20.612 [main] DEBUG io.grpc.netty.shaded.io.netty.util.internal.PlatformDependent0 -- java.nio.Buffer.address: available
19:12:20.612 [main] DEBUG io.grpc.netty.shaded.io.netty.util.internal.PlatformDependent0 -- direct buffer constructor: unavailable: Reflective setAccessible(true) disabled
19:12:20.612 [main] DEBUG io.grpc.netty.shaded.io.netty.util.internal.PlatformDependent0 -- java.nio.Bits.unaligned: available, true
19:12:20.613 [main] DEBUG io.grpc.netty.shaded.io.netty.util.internal.PlatformDependent0 -- jdk.internal.misc.Unsafe.allocateUninitializedArray(int): unavailable: class io.grpc.netty.shaded.io.netty.util.internal.PlatformDependent0$7 cannot access class jdk.internal.misc.Unsafe (in module java.base) because module java.base does not export jdk.internal.misc to unnamed module @1f57885c
19:12:20.613 [main] DEBUG io.grpc.netty.shaded.io.netty.util.internal.PlatformDependent0 -- java.nio.DirectByteBuffer.<init>(long, int): unavailable
19:12:20.613 [main] DEBUG io.grpc.netty.shaded.io.netty.util.internal.PlatformDependent -- sun.misc.Unsafe: available
19:12:20.614 [main] DEBUG io.grpc.netty.shaded.io.netty.util.internal.PlatformDependent -- maxDirectMemory: 4032823296 bytes (maybe)
19:12:20.614 [main] DEBUG io.grpc.netty.shaded.io.netty.util.internal.PlatformDependent -- -Dio.netty.tmpdir: /tmp (java.io.tmpdir)
19:12:20.614 [main] DEBUG io.grpc.netty.shaded.io.netty.util.internal.PlatformDependent -- -Dio.netty.bitMode: 64 (sun.arch.data.model)
19:12:20.615 [main] DEBUG io.grpc.netty.shaded.io.netty.util.internal.PlatformDependent -- -Dio.netty.maxDirectMemory: -1 bytes
19:12:20.615 [main] DEBUG io.grpc.netty.shaded.io.netty.util.internal.PlatformDependent -- -Dio.netty.uninitializedArrayAllocationThreshold: -1
19:12:20.615 [main] DEBUG io.grpc.netty.shaded.io.netty.util.internal.CleanerJava9 -- java.nio.ByteBuffer.cleaner(): available
19:12:20.615 [main] DEBUG io.grpc.netty.shaded.io.netty.util.internal.PlatformDependent -- -Dio.netty.noPreferDirect: false
19:12:20.626 [main] DEBUG io.grpc.netty.shaded.io.netty.util.internal.NativeLibraryLoader -- -Dio.netty.native.workdir: /tmp (io.netty.tmpdir)
19:12:20.626 [main] DEBUG io.grpc.netty.shaded.io.netty.util.internal.NativeLibraryLoader -- -Dio.netty.native.deleteLibAfterLoading: true
19:12:20.626 [main] DEBUG io.grpc.netty.shaded.io.netty.util.internal.NativeLibraryLoader -- -Dio.netty.native.tryPatchShadedId: true
19:12:20.626 [main] DEBUG io.grpc.netty.shaded.io.netty.util.internal.NativeLibraryLoader -- -Dio.netty.native.detectNativeLibraryDuplicates: true
19:12:20.630 [main] DEBUG io.grpc.netty.shaded.io.netty.util.internal.NativeLibraryLoader -- Successfully loaded the library /tmp/libio_grpc_netty_shaded_netty_transport_native_epoll_x86_64278487607078530001.so
19:12:20.632 [main] DEBUG io.grpc.netty.shaded.io.netty.util.NetUtil -- -Djava.net.preferIPv4Stack: false
19:12:20.632 [main] DEBUG io.grpc.netty.shaded.io.netty.util.NetUtil -- -Djava.net.preferIPv6Addresses: false
19:12:20.633 [main] DEBUG io.grpc.netty.shaded.io.netty.util.NetUtilInitializations -- Loopback interface: lo (lo, 0:0:0:0:0:0:0:1%lo)
19:12:20.634 [main] DEBUG io.grpc.netty.shaded.io.netty.util.NetUtil -- /proc/sys/net/core/somaxconn: 4096
19:12:20.645 [main] DEBUG io.grpc.netty.shaded.io.netty.channel.MultithreadEventLoopGroup -- -Dio.netty.eventLoopThreads: 32
19:12:20.674 [main] DEBUG io.grpc.netty.shaded.io.netty.util.internal.NativeLibraryLoader -- Successfully loaded the library /tmp/libio_grpc_netty_shaded_netty_tcnative_linux_x86_644322117849796929573.so
19:12:20.674 [main] DEBUG io.grpc.netty.shaded.io.netty.util.internal.NativeLibraryLoader -- Loaded library with name 'netty_tcnative_linux_x86_64'
19:12:20.674 [main] DEBUG io.grpc.netty.shaded.io.netty.handler.ssl.OpenSsl -- Initialize netty-tcnative using engine: 'default'
19:12:20.674 [main] DEBUG io.grpc.netty.shaded.io.netty.handler.ssl.OpenSsl -- netty-tcnative using native library: BoringSSL
19:12:20.689 [main] DEBUG io.grpc.netty.shaded.io.netty.util.ResourceLeakDetector -- -Dio.grpc.netty.shaded.io.netty.leakDetection.level: simple
19:12:20.690 [main] DEBUG io.grpc.netty.shaded.io.netty.util.ResourceLeakDetector -- -Dio.grpc.netty.shaded.io.netty.leakDetection.targetRecords: 4
19:12:20.692 [main] DEBUG io.grpc.netty.shaded.io.netty.buffer.AbstractByteBuf -- -Dio.grpc.netty.shaded.io.netty.buffer.checkAccessible: true
19:12:20.692 [main] DEBUG io.grpc.netty.shaded.io.netty.buffer.AbstractByteBuf -- -Dio.grpc.netty.shaded.io.netty.buffer.checkBounds: true
19:12:20.692 [main] DEBUG io.grpc.netty.shaded.io.netty.util.ResourceLeakDetectorFactory -- Loaded default ResourceLeakDetector: io.grpc.netty.shaded.io.netty.util.ResourceLeakDetector@6bd16207
19:12:20.698 [main] DEBUG io.grpc.netty.shaded.io.netty.util.internal.InternalThreadLocalMap -- -Dio.netty.threadLocalMap.stringBuilder.initialSize: 1024
19:12:20.698 [main] DEBUG io.grpc.netty.shaded.io.netty.util.internal.InternalThreadLocalMap -- -Dio.netty.threadLocalMap.stringBuilder.maxSize: 4096
19:12:20.699 [main] DEBUG io.grpc.netty.shaded.io.netty.buffer.PooledByteBufAllocator -- -Dio.netty.allocator.numHeapArenas: 32
19:12:20.699 [main] DEBUG io.grpc.netty.shaded.io.netty.buffer.PooledByteBufAllocator -- -Dio.netty.allocator.numDirectArenas: 32
19:12:20.699 [main] DEBUG io.grpc.netty.shaded.io.netty.buffer.PooledByteBufAllocator -- -Dio.netty.allocator.pageSize: 8192
19:12:20.699 [main] DEBUG io.grpc.netty.shaded.io.netty.buffer.PooledByteBufAllocator -- -Dio.netty.allocator.maxOrder: 9
19:12:20.699 [main] DEBUG io.grpc.netty.shaded.io.netty.buffer.PooledByteBufAllocator -- -Dio.netty.allocator.chunkSize: 4194304
19:12:20.699 [main] DEBUG io.grpc.netty.shaded.io.netty.buffer.PooledByteBufAllocator -- -Dio.netty.allocator.smallCacheSize: 256
19:12:20.699 [main] DEBUG io.grpc.netty.shaded.io.netty.buffer.PooledByteBufAllocator -- -Dio.netty.allocator.normalCacheSize: 64
19:12:20.699 [main] DEBUG io.grpc.netty.shaded.io.netty.buffer.PooledByteBufAllocator -- -Dio.netty.allocator.maxCachedBufferCapacity: 32768
19:12:20.699 [main] DEBUG io.grpc.netty.shaded.io.netty.buffer.PooledByteBufAllocator -- -Dio.netty.allocator.cacheTrimInterval: 8192
19:12:20.699 [main] DEBUG io.grpc.netty.shaded.io.netty.buffer.PooledByteBufAllocator -- -Dio.netty.allocator.cacheTrimIntervalMillis: 0
19:12:20.699 [main] DEBUG io.grpc.netty.shaded.io.netty.buffer.PooledByteBufAllocator -- -Dio.netty.allocator.useCacheForAllThreads: false
19:12:20.699 [main] DEBUG io.grpc.netty.shaded.io.netty.buffer.PooledByteBufAllocator -- -Dio.netty.allocator.maxCachedByteBuffersPerChunk: 1023
19:12:20.705 [main] DEBUG io.grpc.netty.shaded.io.netty.buffer.ByteBufUtil -- -Dio.netty.allocator.type: pooled
19:12:20.705 [main] DEBUG io.grpc.netty.shaded.io.netty.buffer.ByteBufUtil -- -Dio.netty.threadLocalDirectBufferSize: 0
19:12:20.705 [main] DEBUG io.grpc.netty.shaded.io.netty.buffer.ByteBufUtil -- -Dio.netty.maxThreadLocalCharBufferSize: 16384
19:12:20.707 [main] DEBUG io.grpc.netty.shaded.io.netty.util.ResourceLeakDetectorFactory -- Loaded default ResourceLeakDetector: io.grpc.netty.shaded.io.netty.util.ResourceLeakDetector@796065aa
19:12:20.710 [main] DEBUG io.grpc.netty.shaded.io.netty.util.Recycler -- -Dio.netty.recycler.maxCapacityPerThread: 4096
19:12:20.710 [main] DEBUG io.grpc.netty.shaded.io.netty.util.Recycler -- -Dio.netty.recycler.ratio: 8
19:12:20.710 [main] DEBUG io.grpc.netty.shaded.io.netty.util.Recycler -- -Dio.netty.recycler.chunkSize: 32
19:12:20.710 [main] DEBUG io.grpc.netty.shaded.io.netty.util.Recycler -- -Dio.netty.recycler.blocking: false
19:12:20.714 [main] DEBUG io.grpc.netty.shaded.io.netty.util.internal.PlatformDependent -- org.jctools-core.MpscChunkedArrayQueue: available
19:12:20.720 [main] DEBUG io.grpc.netty.shaded.io.netty.handler.ssl.CipherSuiteConverter -- Cipher suite mapping: TLS_ECDHE_ECDSA_WITH_AES_128_GCM_SHA256 => ECDHE-ECDSA-AES128-GCM-SHA256
19:12:20.720 [main] DEBUG io.grpc.netty.shaded.io.netty.handler.ssl.CipherSuiteConverter -- Cipher suite mapping: SSL_ECDHE_ECDSA_WITH_AES_128_GCM_SHA256 => ECDHE-ECDSA-AES128-GCM-SHA256
19:12:20.720 [main] DEBUG io.grpc.netty.shaded.io.netty.handler.ssl.CipherSuiteConverter -- Cipher suite mapping: TLS_ECDHE_RSA_WITH_AES_128_GCM_SHA256 => ECDHE-RSA-AES128-GCM-SHA256
19:12:20.720 [main] DEBUG io.grpc.netty.shaded.io.netty.handler.ssl.CipherSuiteConverter -- Cipher suite mapping: SSL_ECDHE_RSA_WITH_AES_128_GCM_SHA256 => ECDHE-RSA-AES128-GCM-SHA256
19:12:20.720 [main] DEBUG io.grpc.netty.shaded.io.netty.handler.ssl.CipherSuiteConverter -- Cipher suite mapping: TLS_ECDHE_ECDSA_WITH_AES_256_GCM_SHA384 => ECDHE-ECDSA-AES256-GCM-SHA384
19:12:20.720 [main] DEBUG io.grpc.netty.shaded.io.netty.handler.ssl.CipherSuiteConverter -- Cipher suite mapping: SSL_ECDHE_ECDSA_WITH_AES_256_GCM_SHA384 => ECDHE-ECDSA-AES256-GCM-SHA384
19:12:20.720 [main] DEBUG io.grpc.netty.shaded.io.netty.handler.ssl.CipherSuiteConverter -- Cipher suite mapping: TLS_ECDHE_RSA_WITH_AES_256_GCM_SHA384 => ECDHE-RSA-AES256-GCM-SHA384
19:12:20.720 [main] DEBUG io.grpc.netty.shaded.io.netty.handler.ssl.CipherSuiteConverter -- Cipher suite mapping: SSL_ECDHE_RSA_WITH_AES_256_GCM_SHA384 => ECDHE-RSA-AES256-GCM-SHA384
19:12:20.720 [main] DEBUG io.grpc.netty.shaded.io.netty.handler.ssl.CipherSuiteConverter -- Cipher suite mapping: TLS_ECDHE_ECDSA_WITH_CHACHA20_POLY1305_SHA256 => ECDHE-ECDSA-CHACHA20-POLY1305
19:12:20.720 [main] DEBUG io.grpc.netty.shaded.io.netty.handler.ssl.CipherSuiteConverter -- Cipher suite mapping: SSL_ECDHE_ECDSA_WITH_CHACHA20_POLY1305_SHA256 => ECDHE-ECDSA-CHACHA20-POLY1305
19:12:20.720 [main] DEBUG io.grpc.netty.shaded.io.netty.handler.ssl.CipherSuiteConverter -- Cipher suite mapping: TLS_ECDHE_RSA_WITH_CHACHA20_POLY1305_SHA256 => ECDHE-RSA-CHACHA20-POLY1305
19:12:20.720 [main] DEBUG io.grpc.netty.shaded.io.netty.handler.ssl.CipherSuiteConverter -- Cipher suite mapping: SSL_ECDHE_RSA_WITH_CHACHA20_POLY1305_SHA256 => ECDHE-RSA-CHACHA20-POLY1305
19:12:20.720 [main] DEBUG io.grpc.netty.shaded.io.netty.handler.ssl.CipherSuiteConverter -- Cipher suite mapping: TLS_ECDHE_PSK_WITH_CHACHA20_POLY1305_SHA256 => ECDHE-PSK-CHACHA20-POLY1305
19:12:20.720 [main] DEBUG io.grpc.netty.shaded.io.netty.handler.ssl.CipherSuiteConverter -- Cipher suite mapping: SSL_ECDHE_PSK_WITH_CHACHA20_POLY1305_SHA256 => ECDHE-PSK-CHACHA20-POLY1305
19:12:20.720 [main] DEBUG io.grpc.netty.shaded.io.netty.handler.ssl.CipherSuiteConverter -- Cipher suite mapping: TLS_ECDHE_ECDSA_WITH_AES_128_CBC_SHA => ECDHE-ECDSA-AES128-SHA
19:12:20.720 [main] DEBUG io.grpc.netty.shaded.io.netty.handler.ssl.CipherSuiteConverter -- Cipher suite mapping: SSL_ECDHE_ECDSA_WITH_AES_128_CBC_SHA => ECDHE-ECDSA-AES128-SHA
19:12:20.721 [main] DEBUG io.grpc.netty.shaded.io.netty.handler.ssl.CipherSuiteConverter -- Cipher suite mapping: TLS_ECDHE_RSA_WITH_AES_128_CBC_SHA => ECDHE-RSA-AES128-SHA
19:12:20.721 [main] DEBUG io.grpc.netty.shaded.io.netty.handler.ssl.CipherSuiteConverter -- Cipher suite mapping: SSL_ECDHE_RSA_WITH_AES_128_CBC_SHA => ECDHE-RSA-AES128-SHA
19:12:20.721 [main] DEBUG io.grpc.netty.shaded.io.netty.handler.ssl.CipherSuiteConverter -- Cipher suite mapping: TLS_ECDHE_PSK_WITH_AES_128_CBC_SHA => ECDHE-PSK-AES128-CBC-SHA
19:12:20.721 [main] DEBUG io.grpc.netty.shaded.io.netty.handler.ssl.CipherSuiteConverter -- Cipher suite mapping: SSL_ECDHE_PSK_WITH_AES_128_CBC_SHA => ECDHE-PSK-AES128-CBC-SHA
19:12:20.721 [main] DEBUG io.grpc.netty.shaded.io.netty.handler.ssl.CipherSuiteConverter -- Cipher suite mapping: TLS_ECDHE_ECDSA_WITH_AES_256_CBC_SHA => ECDHE-ECDSA-AES256-SHA
19:12:20.721 [main] DEBUG io.grpc.netty.shaded.io.netty.handler.ssl.CipherSuiteConverter -- Cipher suite mapping: SSL_ECDHE_ECDSA_WITH_AES_256_CBC_SHA => ECDHE-ECDSA-AES256-SHA
19:12:20.721 [main] DEBUG io.grpc.netty.shaded.io.netty.handler.ssl.CipherSuiteConverter -- Cipher suite mapping: TLS_ECDHE_RSA_WITH_AES_256_CBC_SHA => ECDHE-RSA-AES256-SHA
19:12:20.721 [main] DEBUG io.grpc.netty.shaded.io.netty.handler.ssl.CipherSuiteConverter -- Cipher suite mapping: SSL_ECDHE_RSA_WITH_AES_256_CBC_SHA => ECDHE-RSA-AES256-SHA
19:12:20.721 [main] DEBUG io.grpc.netty.shaded.io.netty.handler.ssl.CipherSuiteConverter -- Cipher suite mapping: TLS_ECDHE_PSK_WITH_AES_256_CBC_SHA => ECDHE-PSK-AES256-CBC-SHA
19:12:20.721 [main] DEBUG io.grpc.netty.shaded.io.netty.handler.ssl.CipherSuiteConverter -- Cipher suite mapping: SSL_ECDHE_PSK_WITH_AES_256_CBC_SHA => ECDHE-PSK-AES256-CBC-SHA
19:12:20.721 [main] DEBUG io.grpc.netty.shaded.io.netty.handler.ssl.CipherSuiteConverter -- Cipher suite mapping: TLS_RSA_WITH_AES_128_GCM_SHA256 => AES128-GCM-SHA256
19:12:20.721 [main] DEBUG io.grpc.netty.shaded.io.netty.handler.ssl.CipherSuiteConverter -- Cipher suite mapping: SSL_RSA_WITH_AES_128_GCM_SHA256 => AES128-GCM-SHA256
19:12:20.721 [main] DEBUG io.grpc.netty.shaded.io.netty.handler.ssl.CipherSuiteConverter -- Cipher suite mapping: TLS_RSA_WITH_AES_256_GCM_SHA384 => AES256-GCM-SHA384
19:12:20.721 [main] DEBUG io.grpc.netty.shaded.io.netty.handler.ssl.CipherSuiteConverter -- Cipher suite mapping: SSL_RSA_WITH_AES_256_GCM_SHA384 => AES256-GCM-SHA384
19:12:20.721 [main] DEBUG io.grpc.netty.shaded.io.netty.handler.ssl.CipherSuiteConverter -- Cipher suite mapping: TLS_RSA_WITH_AES_128_CBC_SHA => AES128-SHA
19:12:20.721 [main] DEBUG io.grpc.netty.shaded.io.netty.handler.ssl.CipherSuiteConverter -- Cipher suite mapping: SSL_RSA_WITH_AES_128_CBC_SHA => AES128-SHA
19:12:20.721 [main] DEBUG io.grpc.netty.shaded.io.netty.handler.ssl.CipherSuiteConverter -- Cipher suite mapping: TLS_PSK_WITH_AES_128_CBC_SHA => PSK-AES128-CBC-SHA
19:12:20.721 [main] DEBUG io.grpc.netty.shaded.io.netty.handler.ssl.CipherSuiteConverter -- Cipher suite mapping: SSL_PSK_WITH_AES_128_CBC_SHA => PSK-AES128-CBC-SHA
19:12:20.721 [main] DEBUG io.grpc.netty.shaded.io.netty.handler.ssl.CipherSuiteConverter -- Cipher suite mapping: TLS_RSA_WITH_AES_256_CBC_SHA => AES256-SHA
19:12:20.721 [main] DEBUG io.grpc.netty.shaded.io.netty.handler.ssl.CipherSuiteConverter -- Cipher suite mapping: SSL_RSA_WITH_AES_256_CBC_SHA => AES256-SHA
19:12:20.721 [main] DEBUG io.grpc.netty.shaded.io.netty.handler.ssl.CipherSuiteConverter -- Cipher suite mapping: TLS_PSK_WITH_AES_256_CBC_SHA => PSK-AES256-CBC-SHA
19:12:20.721 [main] DEBUG io.grpc.netty.shaded.io.netty.handler.ssl.CipherSuiteConverter -- Cipher suite mapping: SSL_PSK_WITH_AES_256_CBC_SHA => PSK-AES256-CBC-SHA
19:12:20.721 [main] DEBUG io.grpc.netty.shaded.io.netty.handler.ssl.CipherSuiteConverter -- Cipher suite mapping: TLS_RSA_WITH_3DES_EDE_CBC_SHA => DES-CBC3-SHA
19:12:20.721 [main] DEBUG io.grpc.netty.shaded.io.netty.handler.ssl.CipherSuiteConverter -- Cipher suite mapping: SSL_RSA_WITH_3DES_EDE_CBC_SHA => DES-CBC3-SHA
19:12:20.721 [main] DEBUG io.grpc.netty.shaded.io.netty.handler.ssl.OpenSsl -- Supported protocols (OpenSSL): [SSLv2Hello, TLSv1, TLSv1.1, TLSv1.2, TLSv1.3] 
19:12:20.722 [main] DEBUG io.grpc.netty.shaded.io.netty.handler.ssl.OpenSsl -- Default cipher suites (OpenSSL): [TLS_ECDHE_ECDSA_WITH_AES_256_GCM_SHA384, TLS_ECDHE_ECDSA_WITH_AES_128_GCM_SHA256, TLS_ECDHE_RSA_WITH_AES_128_GCM_SHA256, TLS_ECDHE_RSA_WITH_AES_256_GCM_SHA384, TLS_ECDHE_RSA_WITH_AES_128_CBC_SHA, TLS_ECDHE_RSA_WITH_AES_256_CBC_SHA, TLS_RSA_WITH_AES_128_GCM_SHA256, TLS_RSA_WITH_AES_128_CBC_SHA, TLS_RSA_WITH_AES_256_CBC_SHA, TLS_AES_128_GCM_SHA256, TLS_AES_256_GCM_SHA384, TLS_AES_128_GCM_SHA256, TLS_AES_256_GCM_SHA384, TLS_AES_128_GCM_SHA256, TLS_AES_256_GCM_SHA384, TLS_CHACHA20_POLY1305_SHA256]
19:12:21.037 [grpc-default-executor-0] DEBUG io.grpc.netty.shaded.io.netty.channel.DefaultChannelId -- -Dio.netty.processId: 48071 (auto-detected)
19:12:21.038 [grpc-default-executor-0] DEBUG io.grpc.netty.shaded.io.netty.channel.DefaultChannelId -- -Dio.netty.machineId: 50:a1:32:ff:fe:24:38:93 (auto-detected)
19:12:21.073 [grpc-default-worker-ELG-1-4] DEBUG io.grpc.netty.shaded.io.netty.util.ResourceLeakDetectorFactory -- Loaded default ResourceLeakDetector: io.grpc.netty.shaded.io.netty.util.ResourceLeakDetector@7aeb1c7e
19:12:21.139 [grpc-default-worker-ELG-1-4] DEBUG io.grpc.netty.shaded.io.netty.handler.ssl.SslHandler -- [id: 0xe6aba7f0, L:/192.168.178.125:59686 - R:firestore.googleapis.com/142.250.180.170:443] HANDSHAKEN: protocol:TLSv1.3 cipher suite:TLS_AES_128_GCM_SHA256
19:12:21.142 [grpc-default-worker-ELG-1-4] DEBUG io.grpc.netty.shaded.io.grpc.netty.NettyClientHandler -- [id: 0xe6aba7f0, L:/192.168.178.125:59686 - R:firestore.googleapis.com/142.250.180.170:443] OUTBOUND SETTINGS: ack=false settings={ENABLE_PUSH=0, MAX_CONCURRENT_STREAMS=0, INITIAL_WINDOW_SIZE=1048576, MAX_HEADER_LIST_SIZE=8192}
19:12:21.143 [grpc-default-worker-ELG-1-4] DEBUG io.grpc.netty.shaded.io.grpc.netty.NettyClientHandler -- [id: 0xe6aba7f0, L:/192.168.178.125:59686 - R:firestore.googleapis.com/142.250.180.170:443] OUTBOUND WINDOW_UPDATE: streamId=0 windowSizeIncrement=983041
19:12:21.167 [grpc-default-worker-ELG-1-4] DEBUG io.grpc.netty.shaded.io.grpc.netty.NettyClientHandler -- [id: 0xe6aba7f0, L:/192.168.178.125:59686 - R:firestore.googleapis.com/142.250.180.170:443] INBOUND SETTINGS: ack=false settings={MAX_CONCURRENT_STREAMS=100, INITIAL_WINDOW_SIZE=1048576, MAX_HEADER_LIST_SIZE=65536}
19:12:21.168 [grpc-default-worker-ELG-1-4] DEBUG io.grpc.netty.shaded.io.grpc.netty.NettyClientHandler -- [id: 0xe6aba7f0, L:/192.168.178.125:59686 - R:firestore.googleapis.com/142.250.180.170:443] OUTBOUND SETTINGS: ack=true
19:12:21.173 [grpc-default-worker-ELG-1-4] DEBUG io.grpc.netty.shaded.io.grpc.netty.NettyClientHandler -- [id: 0xe6aba7f0, L:/192.168.178.125:59686 - R:firestore.googleapis.com/142.250.180.170:443] INBOUND WINDOW_UPDATE: streamId=0 windowSizeIncrement=983041
19:12:21.174 [grpc-default-worker-ELG-1-4] DEBUG io.grpc.netty.shaded.io.grpc.netty.NettyClientHandler -- [id: 0xe6aba7f0, L:/192.168.178.125:59686 - R:firestore.googleapis.com/142.250.180.170:443] INBOUND SETTINGS: ack=true
19:12:21.385 [grpc-default-worker-ELG-1-4] DEBUG io.grpc.netty.shaded.io.grpc.netty.NettyClientHandler -- [id: 0xe6aba7f0, L:/192.168.178.125:59686 - R:firestore.googleapis.com/142.250.180.170:443] OUTBOUND HEADERS: streamId=3 headers=GrpcHttp2OutboundHeaders[:authority: firestore.googleapis.com:443, :path: /google.firestore.v1.Firestore/Commit, :method: POST, :scheme: https, content-type: application/grpc, te: trailers, user-agent: grpc-java-netty/1.55.1, x-goog-api-client: gl-java/17.0.14 gccl/3.13.0 gapic/3.13.0 gax/2.29.0 grpc/1.55.1, google-cloud-resource-prefix: projects/audio-transcriptor-24e9e/databases/(default), x-goog-request-params: database=projects%2Faudio-transcriptor-24e9e%2Fdatabases%2F%28default%29, grpc-accept-encoding: gzip, authorization: Bearer ya29.c.c0ASRK0Gae1tzBj9VavraiuccAtU_PyD7AnTiNwAVYQfNCJbHOm-_dMfQoudC5FNVO1GH_ZfSaS8spH2KriQYqPW8kpSo_RJ-CRxWLW_QMRhEQuZgHXdxHYWCYSZxFSFESUAflWkv61C2Pn_aGjaM8oiQn5ZEprmI8qBapU0-XQyaxse-VJSkBvnWTrkN5fQbMUau1lx42jmaCTK4EU28p6olZGgnSJO_NYNs68iRupr8MfBn2LBrdoPZELZotDsJmcoKnXk_b-98pxpxF0yQ9wFJkMVyw9FkssBwPaXs25fhem_5l-0yhspaR2cGKL6Fwjf7gqHqo2TrNA0YH2oh-dM_s4ti307ljOIf6Y1P9TuDoJStUMjG00FHxACKftkVEgx8g8wN399D0IxwiS049RsqByvJd-8jZphdO0v5ZO4lYoqr0Mq7cl5RyaUcU8awwI8kSwW0f8ivsiyB7Sy3Qplvwzw4VVzp2zrcmIJaI9XIs3JgS_S1_U8sQ3i_W4Q967-JhBo9yasW64O_2z05zdY8BfSrhwOx_c-pMMbhdntlcq_RJ4ujWaYYsoMM3rru6kiajWyb7V7roihQhidRI05IswkMXW91qp9cURsvs5Q77bJhevelRkXn4ifrqx6XUluXis4YqJcIba7RvZr7MJkc77Ojfq5axdqgfxU_3_3qy9yi0eik9bbbWt7l2jJrb-838Vu4s8ia6QapOXZXwRc1UIzRhVjaJ3uw0SO7JUirI34Ovne7S3rt-1i5oRUtBsFpBvXugu2pVOuMvFJ2o8_7s27Ii3qgdfQp2JIeWWQF51Fsx0508-Z1sdOXWcBQwFmxzmoFfqRb5lBJ8B2nsm55ta05la6f0s1tJxQFsB0SfmSkq9v5gvOfc2v5xUi6etpk2rvjOubzOcxrMUgV5MShUcVdgejy7UVw3l_I7zlq8Xx0-j01Qh1ykc2V6XaU_BoF7opYjix5qdq4kov0p8y-3p0jfb3-0eWgspFwMFn0n8kiszOxF0Yx, grpc-timeout: 49499198u] streamDependency=0 weight=16 exclusive=false padding=0 endStream=false
19:12:21.389 [grpc-default-worker-ELG-1-4] DEBUG io.grpc.netty.shaded.io.grpc.netty.NettyClientHandler -- [id: 0xe6aba7f0, L:/192.168.178.125:59686 - R:firestore.googleapis.com/142.250.180.170:443] OUTBOUND DATA: streamId=3 padding=0 endStream=true length=316 bytes=00000001370a3570726f6a656374732f617564696f2d7472616e7363726970746f722d32346539652f6461746162617365732f2864656661756c742912fd010a...
19:12:22.222 [grpc-default-worker-ELG-1-4] DEBUG io.grpc.netty.shaded.io.grpc.netty.NettyClientHandler -- [id: 0xe6aba7f0, L:/192.168.178.125:59686 - R:firestore.googleapis.com/142.250.180.170:443] INBOUND HEADERS: streamId=3 headers=GrpcHttp2ResponseHeaders[:status: 200, content-disposition: attachment, content-type: application/grpc, x-debug-tracking-id: 14249923475413565551;o=1, date: Wed, 19 Feb 2025 18:12:22 GMT, alt-svc: h3=":443"; ma=2592000,h3-29=":443"; ma=2592000] padding=0 endStream=false
19:12:22.223 [grpc-default-worker-ELG-1-4] DEBUG io.grpc.netty.shaded.io.grpc.netty.NettyClientHandler -- [id: 0xe6aba7f0, L:/192.168.178.125:59686 - R:firestore.googleapis.com/142.250.180.170:443] INBOUND DATA: streamId=3 padding=0 endStream=false length=33 bytes=000000001c0a0d0a0b0886bed8bd061080b2dc3d120b0886bed8bd061080b2dc3d
19:12:22.223 [grpc-default-worker-ELG-1-4] DEBUG io.grpc.netty.shaded.io.grpc.netty.NettyClientHandler -- [id: 0xe6aba7f0, L:/192.168.178.125:59686 - R:firestore.googleapis.com/142.250.180.170:443] OUTBOUND PING: ack=false bytes=1234
19:12:22.225 [grpc-default-worker-ELG-1-4] DEBUG io.grpc.netty.shaded.io.grpc.netty.NettyClientHandler -- [id: 0xe6aba7f0, L:/192.168.178.125:59686 - R:firestore.googleapis.com/142.250.180.170:443] INBOUND HEADERS: streamId=3 headers=GrpcHttp2ResponseHeaders[grpc-status: 0, content-disposition: attachment, x-debug-tracking-id: 14249923475413565551;o=1] padding=0 endStream=true
19:12:22.226 [grpc-default-worker-ELG-1-4] DEBUG io.grpc.netty.shaded.io.grpc.netty.NettyClientHandler -- [id: 0xe6aba7f0, L:/192.168.178.125:59686 - R:firestore.googleapis.com/142.250.180.170:443] INBOUND PING: ack=false bytes=853
19:12:22.226 [grpc-default-worker-ELG-1-4] DEBUG io.grpc.netty.shaded.io.grpc.netty.NettyClientHandler -- [id: 0xe6aba7f0, L:/192.168.178.125:59686 - R:firestore.googleapis.com/142.250.180.170:443] OUTBOUND PING: ack=true bytes=853
]]></system-out>
  </testcase>
  <testcase name="testRetrieveNotes" classname="persistence.FirebaseNotesDAOTest" time="0.276">
    <system-out><![CDATA[19:12:22.252 [grpc-default-worker-ELG-1-4] DEBUG io.grpc.netty.shaded.io.grpc.netty.NettyClientHandler -- [id: 0xe6aba7f0, L:/192.168.178.125:59686 - R:firestore.googleapis.com/142.250.180.170:443] OUTBOUND HEADERS: streamId=5 headers=GrpcHttp2OutboundHeaders[:authority: firestore.googleapis.com:443, :path: /google.firestore.v1.Firestore/RunQuery, :method: POST, :scheme: https, content-type: application/grpc, te: trailers, user-agent: grpc-java-netty/1.55.1, x-goog-api-client: gl-java/17.0.14 gccl/3.13.0 gapic/3.13.0 gax/2.29.0 grpc/1.55.1, google-cloud-resource-prefix: projects/audio-transcriptor-24e9e/databases/(default), x-goog-request-params: parent=projects%2Faudio-transcriptor-24e9e%2Fdatabases%2F%28default%29%2Fdocuments, grpc-accept-encoding: gzip, authorization: Bearer ya29.c.c0ASRK0Gae1tzBj9VavraiuccAtU_PyD7AnTiNwAVYQfNCJbHOm-_dMfQoudC5FNVO1GH_ZfSaS8spH2KriQYqPW8kpSo_RJ-CRxWLW_QMRhEQuZgHXdxHYWCYSZxFSFESUAflWkv61C2Pn_aGjaM8oiQn5ZEprmI8qBapU0-XQyaxse-VJSkBvnWTrkN5fQbMUau1lx42jmaCTK4EU28p6olZGgnSJO_NYNs68iRupr8MfBn2LBrdoPZELZotDsJmcoKnXk_b-98pxpxF0yQ9wFJkMVyw9FkssBwPaXs25fhem_5l-0yhspaR2cGKL6Fwjf7gqHqo2TrNA0YH2oh-dM_s4ti307ljOIf6Y1P9TuDoJStUMjG00FHxACKftkVEgx8g8wN399D0IxwiS049RsqByvJd-8jZphdO0v5ZO4lYoqr0Mq7cl5RyaUcU8awwI8kSwW0f8ivsiyB7Sy3Qplvwzw4VVzp2zrcmIJaI9XIs3JgS_S1_U8sQ3i_W4Q967-JhBo9yasW64O_2z05zdY8BfSrhwOx_c-pMMbhdntlcq_RJ4ujWaYYsoMM3rru6kiajWyb7V7roihQhidRI05IswkMXW91qp9cURsvs5Q77bJhevelRkXn4ifrqx6XUluXis4YqJcIba7RvZr7MJkc77Ojfq5axdqgfxU_3_3qy9yi0eik9bbbWt7l2jJrb-838Vu4s8ia6QapOXZXwRc1UIzRhVjaJ3uw0SO7JUirI34Ovne7S3rt-1i5oRUtBsFpBvXugu2pVOuMvFJ2o8_7s27Ii3qgdfQp2JIeWWQF51Fsx0508-Z1sdOXWcBQwFmxzmoFfqRb5lBJ8B2nsm55ta05la6f0s1tJxQFsB0SfmSkq9v5gvOfc2v5xUi6etpk2rvjOubzOcxrMUgV5MShUcVdgejy7UVw3l_I7zlq8Xx0-j01Qh1ykc2V6XaU_BoF7opYjix5qdq4kov0p8y-3p0jfb3-0eWgspFwMFn0n8kiszOxF0Yx, grpc-timeout: 49999099u] streamDependency=0 weight=16 exclusive=false padding=0 endStream=false
19:12:22.253 [grpc-default-worker-ELG-1-4] DEBUG io.grpc.netty.shaded.io.grpc.netty.NettyClientHandler -- [id: 0xe6aba7f0, L:/192.168.178.125:59686 - R:firestore.googleapis.com/142.250.180.170:443] OUTBOUND DATA: streamId=5 padding=0 endStream=true length=81 bytes=000000004c0a3f70726f6a656374732f617564696f2d7472616e7363726970746f722d32346539652f6461746162617365732f2864656661756c74292f646f63...
19:12:22.254 [grpc-default-worker-ELG-1-4] DEBUG io.grpc.netty.shaded.io.grpc.netty.NettyClientHandler -- [id: 0xe6aba7f0, L:/192.168.178.125:59686 - R:firestore.googleapis.com/142.250.180.170:443] INBOUND PING: ack=true bytes=1234
19:12:22.468 [grpc-default-worker-ELG-1-4] DEBUG io.grpc.netty.shaded.io.grpc.netty.NettyClientHandler -- [id: 0xe6aba7f0, L:/192.168.178.125:59686 - R:firestore.googleapis.com/142.250.180.170:443] INBOUND HEADERS: streamId=5 headers=GrpcHttp2ResponseHeaders[:status: 200, content-disposition: attachment, content-type: application/grpc, x-debug-tracking-id: 3165046340965766516;o=1, date: Wed, 19 Feb 2025 18:12:22 GMT, alt-svc: h3=":443"; ma=2592000,h3-29=":443"; ma=2592000] padding=0 endStream=false
19:12:22.468 [grpc-default-worker-ELG-1-4] DEBUG io.grpc.netty.shaded.io.grpc.netty.NettyClientHandler -- [id: 0xe6aba7f0, L:/192.168.178.125:59686 - R:firestore.googleapis.com/142.250.180.170:443] INBOUND DATA: streamId=5 padding=0 endStream=false length=555 bytes=00000002260a95040a6a70726f6a656374732f617564696f2d7472616e7363726970746f722d32346539652f6461746162617365732f2864656661756c74292f...
19:12:22.470 [grpc-default-worker-ELG-1-4] DEBUG io.grpc.netty.shaded.io.grpc.netty.NettyClientHandler -- [id: 0xe6aba7f0, L:/192.168.178.125:59686 - R:firestore.googleapis.com/142.250.180.170:443] INBOUND DATA: streamId=5 padding=0 endStream=false length=300 bytes=00000001270a96020a6a70726f6a656374732f617564696f2d7472616e7363726970746f722d32346539652f6461746162617365732f2864656661756c74292f...
19:12:22.470 [grpc-default-worker-ELG-1-4] DEBUG io.grpc.netty.shaded.io.grpc.netty.NettyClientHandler -- [id: 0xe6aba7f0, L:/192.168.178.125:59686 - R:firestore.googleapis.com/142.250.180.170:443] INBOUND DATA: streamId=5 padding=0 endStream=false length=1089 bytes=00000001270a96020a6a70726f6a656374732f617564696f2d7472616e7363726970746f722d32346539652f6461746162617365732f2864656661756c74292f...
19:12:22.471 [grpc-default-worker-ELG-1-4] DEBUG io.grpc.netty.shaded.io.grpc.netty.NettyClientHandler -- [id: 0xe6aba7f0, L:/192.168.178.125:59686 - R:firestore.googleapis.com/142.250.180.170:443] INBOUND DATA: streamId=5 padding=0 endStream=false length=300 bytes=00000001270a96020a6a70726f6a656374732f617564696f2d7472616e7363726970746f722d32346539652f6461746162617365732f2864656661756c74292f...
19:12:22.473 [grpc-default-worker-ELG-1-4] DEBUG io.grpc.netty.shaded.io.grpc.netty.NettyClientHandler -- [id: 0xe6aba7f0, L:/192.168.178.125:59686 - R:firestore.googleapis.com/142.250.180.170:443] INBOUND DATA: streamId=5 padding=0 endStream=false length=497 bytes=00000001ec0adb030a5470726f6a656374732f617564696f2d7472616e7363726970746f722d32346539652f6461746162617365732f2864656661756c74292f...
19:12:22.473 [grpc-default-worker-ELG-1-4] DEBUG io.grpc.netty.shaded.io.grpc.netty.NettyClientHandler -- [id: 0xe6aba7f0, L:/192.168.178.125:59686 - R:firestore.googleapis.com/142.250.180.170:443] INBOUND DATA: streamId=5 padding=0 endStream=false length=513 bytes=00000001fc0aeb030a5470726f6a656374732f617564696f2d7472616e7363726970746f722d32346539652f6461746162617365732f2864656661756c74292f...
19:12:22.473 [grpc-default-worker-ELG-1-4] DEBUG io.grpc.netty.shaded.io.grpc.netty.NettyClientHandler -- [id: 0xe6aba7f0, L:/192.168.178.125:59686 - R:firestore.googleapis.com/142.250.180.170:443] INBOUND DATA: streamId=5 padding=0 endStream=false length=501 bytes=00000001f00adf030a5470726f6a656374732f617564696f2d7472616e7363726970746f722d32346539652f6461746162617365732f2864656661756c74292f...
19:12:22.480 [grpc-default-worker-ELG-1-4] DEBUG io.grpc.netty.shaded.io.grpc.netty.NettyClientHandler -- [id: 0xe6aba7f0, L:/192.168.178.125:59686 - R:firestore.googleapis.com/142.250.180.170:443] INBOUND DATA: streamId=5 padding=0 endStream=false length=298 bytes=00000001250a94020a6a70726f6a656374732f617564696f2d7472616e7363726970746f722d32346539652f6461746162617365732f2864656661756c74292f...
19:12:22.481 [grpc-default-worker-ELG-1-4] DEBUG io.grpc.netty.shaded.io.grpc.netty.NettyClientHandler -- [id: 0xe6aba7f0, L:/192.168.178.125:59686 - R:firestore.googleapis.com/142.250.180.170:443] INBOUND DATA: streamId=5 padding=0 endStream=false length=1519 bytes=00000002790ae8040a5370726f6a656374732f617564696f2d7472616e7363726970746f722d32346539652f6461746162617365732f2864656661756c74292f...
19:12:22.486 [grpc-default-worker-ELG-1-4] DEBUG io.grpc.netty.shaded.io.grpc.netty.NettyClientHandler -- [id: 0xe6aba7f0, L:/192.168.178.125:59686 - R:firestore.googleapis.com/142.250.180.170:443] INBOUND DATA: streamId=5 padding=0 endStream=false length=300 bytes=00000001270a96020a6a70726f6a656374732f617564696f2d7472616e7363726970746f722d32346539652f6461746162617365732f2864656661756c74292f...
19:12:22.487 [grpc-default-worker-ELG-1-4] DEBUG io.grpc.netty.shaded.io.grpc.netty.NettyClientHandler -- [id: 0xe6aba7f0, L:/192.168.178.125:59686 - R:firestore.googleapis.com/142.250.180.170:443] INBOUND DATA: streamId=5 padding=0 endStream=false length=1479 bytes=00000001250a94020a6a70726f6a656374732f617564696f2d7472616e7363726970746f722d32346539652f6461746162617365732f2864656661756c74292f...
19:12:22.501 [grpc-default-worker-ELG-1-4] DEBUG io.grpc.netty.shaded.io.grpc.netty.NettyClientHandler -- [id: 0xe6aba7f0, L:/192.168.178.125:59686 - R:firestore.googleapis.com/142.250.180.170:443] INBOUND DATA: streamId=5 padding=0 endStream=false length=557 bytes=00000002280a97040a6a70726f6a656374732f617564696f2d7472616e7363726970746f722d32346539652f6461746162617365732f2864656661756c74292f...
19:12:22.505 [grpc-default-worker-ELG-1-4] DEBUG io.grpc.netty.shaded.io.grpc.netty.NettyClientHandler -- [id: 0xe6aba7f0, L:/192.168.178.125:59686 - R:firestore.googleapis.com/142.250.180.170:443] INBOUND DATA: streamId=5 padding=0 endStream=false length=1972 bytes=00000001250a94020a6a70726f6a656374732f617564696f2d7472616e7363726970746f722d32346539652f6461746162617365732f2864656661756c74292f...
19:12:22.506 [grpc-default-worker-ELG-1-4] DEBUG io.grpc.netty.shaded.io.grpc.netty.NettyClientHandler -- [id: 0xe6aba7f0, L:/192.168.178.125:59686 - R:firestore.googleapis.com/142.250.180.170:443] INBOUND DATA: streamId=5 padding=0 endStream=false length=300 bytes=00000001270a96020a6a70726f6a656374732f617564696f2d7472616e7363726970746f722d32346539652f6461746162617365732f2864656661756c74292f...
19:12:22.507 [grpc-default-worker-ELG-1-4] DEBUG io.grpc.netty.shaded.io.grpc.netty.NettyClientHandler -- [id: 0xe6aba7f0, L:/192.168.178.125:59686 - R:firestore.googleapis.com/142.250.180.170:443] INBOUND DATA: streamId=5 padding=0 endStream=false length=1752 bytes=00000001250a94020a6a70726f6a656374732f617564696f2d7472616e7363726970746f722d32346539652f6461746162617365732f2864656661756c74292f...
19:12:22.507 [grpc-default-worker-ELG-1-4] DEBUG io.grpc.netty.shaded.io.grpc.netty.NettyClientHandler -- [id: 0xe6aba7f0, L:/192.168.178.125:59686 - R:firestore.googleapis.com/142.250.180.170:443] INBOUND DATA: streamId=5 padding=0 endStream=false length=298 bytes=00000001250a94020a6a70726f6a656374732f617564696f2d7472616e7363726970746f722d32346539652f6461746162617365732f2864656661756c74292f...
19:12:22.513 [grpc-default-worker-ELG-1-4] DEBUG io.grpc.netty.shaded.io.grpc.netty.NettyClientHandler -- [id: 0xe6aba7f0, L:/192.168.178.125:59686 - R:firestore.googleapis.com/142.250.180.170:443] INBOUND HEADERS: streamId=5 headers=GrpcHttp2ResponseHeaders[grpc-status: 0, content-disposition: attachment, x-debug-tracking-id: 3165046340965766516;o=1] padding=0 endStream=true
19:12:22.514 [grpc-default-worker-ELG-1-4] DEBUG io.grpc.netty.shaded.io.grpc.netty.NettyClientHandler -- [id: 0xe6aba7f0, L:/192.168.178.125:59686 - R:firestore.googleapis.com/142.250.180.170:443] INBOUND PING: ack=false bytes=855
19:12:22.514 [grpc-default-worker-ELG-1-4] DEBUG io.grpc.netty.shaded.io.grpc.netty.NettyClientHandler -- [id: 0xe6aba7f0, L:/192.168.178.125:59686 - R:firestore.googleapis.com/142.250.180.170:443] OUTBOUND PING: ack=true bytes=855
]]></system-out>
  </testcase>
</testsuite>